-- Found ament_cmake: 1.3.12 (/opt/ros/humble/share/ament_cmake/cmake)
-- Override CMake install command with custom implementation using symlinks instead of copying resources
-- Found rclcpp: 16.0.15 (/opt/ros/humble/share/rclcpp/cmake)
-- Found rosidl_generator_c: 3.1.7 (/opt/ros/humble/share/rosidl_generator_c/cmake)
-- Found rosidl_adapter: 3.1.7 (/opt/ros/humble/share/rosidl_adapter/cmake)
-- Found rosidl_generator_cpp: 3.1.7 (/opt/ros/humble/share/rosidl_generator_cpp/cmake)
-- Using all available rosidl_typesupport_c: rosidl_typesupport_fastrtps_c;rosidl_typesupport_introspection_c
-- Using all available rosidl_typesupport_cpp: rosidl_typesupport_fastrtps_cpp;rosidl_typesupport_introspection_cpp
-- Found rmw_implementation_cmake: 6.1.2 (/opt/ros/humble/share/rmw_implementation_cmake/cmake)
-- Found rmw_fastrtps_cpp: 6.2.9 (/opt/ros/humble/share/rmw_fastrtps_cpp/cmake)
-- Using RMW implementation 'rmw_fastrtps_cpp' as default
-- Found as2_core: 1.1.3 (/root/aerostack2_ws/install/as2_core/share/as2_core/cmake)
-- Created yaml-cpp::yaml-cpp alias from yaml-cpp target
-- Created GeographicLib::GeographicLib target from legacy variables
-- Found eigen3_cmake_module: 0.1.1 (/opt/ros/humble/share/eigen3_cmake_module/cmake)
-- Ensuring Eigen3 include directory is part of orocos-kdl CMake target
-- Found depthimage_to_laserscan: 2.5.1 (/opt/ros/humble/share/depthimage_to_laserscan/cmake)
-- Found pointcloud_to_laserscan: 2.0.1 (/opt/ros/humble/share/pointcloud_to_laserscan/cmake)
-- Found ament_lint_auto: 0.12.14 (/opt/ros/humble/share/ament_lint_auto/cmake)
-- Found gtest sources under '/opt/ros/humble/src/gtest_vendor': C++ tests using 'Google Test' will be built
-- Added test 'copyright' to check source files copyright and LICENSE
-- Added test 'cppcheck' to perform static code analysis on C / C++ code
-- Configured cppcheck include dirs: /root/aerostack2_ws/src/aerostack2/as2_map_server/include;/root/aerostack2_ws/src/aerostack2/as2_map_server/include/as2_map_server;$<BUILD_INTERFACE:/root/aerostack2_ws/src/aerostack2/as2_map_server/include>
-- Configured cppcheck exclude dirs and/or files: 
-- Added test 'cpplint' to check C / C++ code against the Google style
-- Configured cpplint exclude dirs and/or files: 
-- Added test 'flake8' to check Python code syntax and style conventions
-- Added test 'lint_cmake' to check CMake code style
-- Added test 'pep257' to check Python code against some of the docstring style conventions in PEP 257
-- Added test 'uncrustify' to check C / C++ code style
-- Configured uncrustify additional arguments: 
-- Added test 'xmllint' to check XML markup files
-- Configuring done
-- Generating done
-- Build files have been written to: /root/aerostack2_ws/build/as2_map_server
[35m[1mConsolidate compiler generated dependencies of target as2_map_server[0m
[35m[1mConsolidate compiler generated dependencies of target gtest_main[0m
[35m[1mConsolidate compiler generated dependencies of target gtest[0m
[ 21%] Built target as2_map_server
[ 35%] Built target gtest_main
[ 50%] Built target gtest
[ 57%] Built target as2_map_server_base
[35m[1mConsolidate compiler generated dependencies of target as2_map_server_node[0m
[35m[1mConsolidate compiler generated dependencies of target scan2occ_grid[0m
[35m[1mConsolidate compiler generated dependencies of target as2_map_server_map_server_gtest[0m
[ 64%] [32m[1mLinking CXX executable as2_map_server_node[0m
[ 71%] [32m[1mLinking CXX shared library libscan2occ_grid.so[0m
[ 78%] [32m[1mLinking CXX executable as2_map_server_map_server_gtest[0m
[ 85%] Built target as2_map_server_node
[ 92%] Built target as2_map_server_map_server_gtest
[100%] Built target scan2occ_grid
-- Install configuration: "Release"
-- Execute custom install script
-- Up-to-date symlink: /root/aerostack2_ws/install/as2_map_server/include/as2_map_server/map_server.hpp
-- Up-to-date symlink: /root/aerostack2_ws/install/as2_map_server/include/as2_map_server/plugin_base.hpp
-- Up-to-date symlink: /root/aerostack2_ws/install/as2_map_server/share/as2_map_server/environment/library_path.sh
-- Up-to-date symlink: /root/aerostack2_ws/install/as2_map_server/share/as2_map_server/environment/library_path.dsv
-- Up-to-date symlink: /root/aerostack2_ws/install/as2_map_server/include/as2_map_server/map_server.hpp
-- Up-to-date symlink: /root/aerostack2_ws/install/as2_map_server/include/as2_map_server/plugin_base.hpp
-- Up-to-date symlink: /root/aerostack2_ws/install/as2_map_server/lib/as2_map_server/as2_map_server_node
-- Up-to-date symlink: /root/aerostack2_ws/install/as2_map_server/include/scan2occ_grid.hpp
-- Up-to-date symlink: /root/aerostack2_ws/install/as2_map_server/share/as2_map_server//plugins.xml
-- Up-to-date symlink: /root/aerostack2_ws/install/as2_map_server/share/as2_map_server/launch/map_server.launch.py
-- Up-to-date symlink: /root/aerostack2_ws/install/as2_map_server/share/as2_map_server/launch/scan2occ_grid-map_server.launch.py
-- Up-to-date symlink: /root/aerostack2_ws/install/as2_map_server/share/as2_map_server/plugins/scan2occ_grid/config/plugin_default.yaml
-- Up-to-date symlink: /root/aerostack2_ws/install/as2_map_server/share/as2_map_server/launch/depth2occ_grid-map_server.launch.py
-- Up-to-date symlink: /root/aerostack2_ws/install/as2_map_server/share/as2_map_server/plugins/depth2occ_grid/config/plugin_default.yaml
-- Up-to-date symlink: /root/aerostack2_ws/install/as2_map_server/share/as2_map_server/launch/point_cloud2occ_grid-map_server.launch.py
-- Up-to-date symlink: /root/aerostack2_ws/install/as2_map_server/share/as2_map_server/plugins/point_cloud2occ_grid/config/plugin_default.yaml
-- Up-to-date symlink: /root/aerostack2_ws/install/as2_map_server/share/ament_index/resource_index/package_run_dependencies/as2_map_server
-- Up-to-date symlink: /root/aerostack2_ws/install/as2_map_server/share/ament_index/resource_index/parent_prefix_path/as2_map_server
-- Up-to-date symlink: /root/aerostack2_ws/install/as2_map_server/share/as2_map_server/environment/ament_prefix_path.sh
-- Up-to-date symlink: /root/aerostack2_ws/install/as2_map_server/share/as2_map_server/environment/ament_prefix_path.dsv
-- Up-to-date symlink: /root/aerostack2_ws/install/as2_map_server/share/as2_map_server/environment/path.sh
-- Up-to-date symlink: /root/aerostack2_ws/install/as2_map_server/share/as2_map_server/environment/path.dsv
-- Up-to-date symlink: /root/aerostack2_ws/install/as2_map_server/share/as2_map_server/local_setup.bash
-- Up-to-date symlink: /root/aerostack2_ws/install/as2_map_server/share/as2_map_server/local_setup.sh
-- Up-to-date symlink: /root/aerostack2_ws/install/as2_map_server/share/as2_map_server/local_setup.zsh
-- Up-to-date symlink: /root/aerostack2_ws/install/as2_map_server/share/as2_map_server/local_setup.dsv
-- Symlinking: /root/aerostack2_ws/install/as2_map_server/share/as2_map_server/package.dsv
-- Up-to-date symlink: /root/aerostack2_ws/install/as2_map_server/share/ament_index/resource_index/packages/as2_map_server
-- Up-to-date symlink: /root/aerostack2_ws/install/as2_map_server/share/ament_index/resource_index/as2_map_server__pluginlib__plugin/as2_map_server
-- Up-to-date symlink: /root/aerostack2_ws/install/as2_map_server/share/as2_map_server/cmake/ament_cmake_export_libraries-extras.cmake
-- Up-to-date symlink: /root/aerostack2_ws/install/as2_map_server/share/as2_map_server/cmake/ament_cmake_export_targets-extras.cmake
-- Up-to-date symlink: /root/aerostack2_ws/install/as2_map_server/share/as2_map_server/cmake/ament_cmake_export_include_directories-extras.cmake
-- Up-to-date symlink: /root/aerostack2_ws/install/as2_map_server/share/as2_map_server/cmake/as2_map_serverConfig.cmake
-- Up-to-date symlink: /root/aerostack2_ws/install/as2_map_server/share/as2_map_server/cmake/as2_map_serverConfig-version.cmake
-- Up-to-date symlink: /root/aerostack2_ws/install/as2_map_server/share/as2_map_server/package.xml
-- Up-to-date: /root/aerostack2_ws/install/as2_map_server/lib/libas2_map_server_base.so
-- Up-to-date: /root/aerostack2_ws/install/as2_map_server/lib/libas2_map_server.so
-- Up-to-date: /root/aerostack2_ws/install/as2_map_server/share/as2_map_server/cmake/export_as2_map_server_baseExport.cmake
-- Up-to-date: /root/aerostack2_ws/install/as2_map_server/share/as2_map_server/cmake/export_as2_map_server_baseExport-release.cmake
-- Up-to-date: /root/aerostack2_ws/install/as2_map_server/share/as2_map_server/cmake/export_as2_map_serverExport.cmake
-- Up-to-date: /root/aerostack2_ws/install/as2_map_server/share/as2_map_server/cmake/export_as2_map_serverExport-release.cmake
-- Installing: /root/aerostack2_ws/install/as2_map_server/lib/libscan2occ_grid.so
-- Set runtime path of "/root/aerostack2_ws/install/as2_map_server/lib/libscan2occ_grid.so" to ""
