[0.128s] Invoking command in '/root/aerostack2_ws/build/as2_behaviors_swarm_flocking': CMAKE_PREFIX_PATH=/root/aerostack2_ws/install/as2_motion_reference_handlers:/root/aerostack2_ws/install/as2_behavior:/root/aerostack2_ws/install/as2_core:/root/aerostack2_ws/install/as2_msgs:/root/aerostack2_ws/install/aerostack2:/root/aerostack2_ws/install/as2_usb_camera_interface:/root/aerostack2_ws/install/as2_state_estimator:/root/aerostack2_ws/install/as2_rviz_plugins:/root/aerostack2_ws/install/as2_realsense_interface:/root/aerostack2_ws/install/as2_platform_multirotor_simulator:/root/aerostack2_ws/install/as2_platform_gazebo:/root/aerostack2_ws/install/as2_motion_controller:/root/aerostack2_ws/install/as2_behaviors_trajectory_generation:/root/aerostack2_ws/install/as2_behaviors_swarm_flocking:/root/aerostack2_ws/install/as2_behaviors_motion:/root/aerostack2_ws/install/as2_map_server:/root/aerostack2_ws/install/as2_geozones:/root/aerostack2_ws/install/as2_gazebo_assets:/root/aerostack2_ws/install/as2_external_object_to_tf:/root/aerostack2_ws/install/as2_behaviors_platform:/root/aerostack2_ws/install/as2_behaviors_perception:/root/aerostack2_ws/install/as2_behaviors_path_planning:/root/aerostack2_ws/install/as2_behavior_tree:/root/aerostack2_ws/install/as2_alphanumeric_viewer:/root/aerostack2_ws/install/as2_cli:/root/aerostack2_ws/install/as2_visualization:/root/aerostack2_ws/install/as2_keyboard_teleoperation:/root/aerostack2_ws/install/as2_python_api:/opt/ros/humble LD_LIBRARY_PATH=/root/aerostack2_ws/install/as2_behavior/lib:/root/aerostack2_ws/install/as2_core/lib:/root/aerostack2_ws/install/as2_msgs/lib:/root/aerostack2_ws/install/as2_state_estimator/lib:/root/aerostack2_ws/install/as2_python_api/lib:/root/aerostack2_ws/install/as2_motion_controller/lib:/root/aerostack2_ws/install/as2_behaviors_trajectory_generation/lib:/root/aerostack2_ws/install/as2_behaviors_swarm_flocking/lib:/root/aerostack2_ws/install/as2_behaviors_motion/lib:/root/aerostack2_ws/install/as2_motion_reference_handlers/lib:/root/aerostack2_ws/install/as2_map_server/lib:/root/aerostack2_ws/install/as2_gazebo_assets/lib:/root/aerostack2_ws/install/as2_behaviors_perception/lib:/root/aerostack2_ws/install/as2_behaviors_path_planning/lib:/root/aerostack2_ws/install/as2_behavior_tree/lib:/opt/ros/humble/opt/rviz_ogre_vendor/lib:/opt/ros/humble/lib/x86_64-linux-gnu:/opt/ros/humble/lib /usr/bin/cmake /root/aerostack2_ws/src/aerostack2/as2_behaviors/as2_behaviors_swarm_flocking -DCMAKE_BUILD_TYPE=Release -DAMENT_CMAKE_SYMLINK_INSTALL=1 -DCMAKE_INSTALL_PREFIX=/root/aerostack2_ws/install/as2_behaviors_swarm_flocking
[0.352s] -- dynamic_trajectory_generator not found
[2.749s] -- Found glog.
[2.750s] -- GLOG Used config file: /root/aerostack2_ws/install/as2_behaviors_trajectory_generation/lib/cmake/glog/glog-config.cmake
[2.812s] -- Could not locate NLopt.
[3.125s] -- NLopt version 2.7.1
[3.769s] -- Could NOT find Guile (missing: GUILE_EXECUTABLE GUILE_ROOT_DIR GUILE_INCLUDE_DIRS GUILE_LIBRARIES) 
[3.777s] -- Could NOT find SWIG (missing: SWIG_EXECUTABLE SWIG_DIR) 
[3.806s] -- Could NOT find Octave (missing: OCTAVE_EXECUTABLE OCTAVE_ROOT_DIR OCTAVE_INCLUDE_DIRS OCTAVE_LIBRARIES) 
[3.826s] -- Could NOT find Matlab (missing: Matlab_INCLUDE_DIRS Matlab_MEX_LIBRARY Matlab_MEX_EXTENSION Matlab_ROOT_DIR Matlab_MX_LIBRARY MX_LIBRARY MAIN_PROGRAM) (found version "NOTFOUND")
[3.861s] -- Used config file: /usr/lib/x86_64-linux-gnu/cmake/yaml-cpp/yaml-cpp-config.cmake
[3.862s] -- No yaml_cpp_catkin, using yaml-cpp system library instead.
[3.863s] -- Found ament_cmake: 1.3.12 (/opt/ros/humble/share/ament_cmake/cmake)
[4.194s] -- Override CMake install command with custom implementation using symlinks instead of copying resources
[4.248s] -- Found ament_cmake_ros: 0.10.0 (/opt/ros/humble/share/ament_cmake_ros/cmake)
[4.252s] -- Found rclcpp: 16.0.15 (/opt/ros/humble/share/rclcpp/cmake)
[4.375s] -- Found rosidl_generator_c: 3.1.7 (/opt/ros/humble/share/rosidl_generator_c/cmake)
[4.390s] -- Found rosidl_adapter: 3.1.7 (/opt/ros/humble/share/rosidl_adapter/cmake)
[4.423s] -- Found rosidl_generator_cpp: 3.1.7 (/opt/ros/humble/share/rosidl_generator_cpp/cmake)
[4.456s] -- Using all available rosidl_typesupport_c: rosidl_typesupport_fastrtps_c;rosidl_typesupport_introspection_c
[4.518s] -- Using all available rosidl_typesupport_cpp: rosidl_typesupport_fastrtps_cpp;rosidl_typesupport_introspection_cpp
[4.645s] -- Found rmw_implementation_cmake: 6.1.2 (/opt/ros/humble/share/rmw_implementation_cmake/cmake)
[4.655s] -- Found rmw_fastrtps_cpp: 6.2.9 (/opt/ros/humble/share/rmw_fastrtps_cpp/cmake)
[5.129s] -- Using RMW implementation 'rmw_fastrtps_cpp' as default
[5.318s] -- Found rclcpp_action: 16.0.15 (/opt/ros/humble/share/rclcpp_action/cmake)
[5.436s] -- Found as2_core: 1.1.3 (/root/aerostack2_ws/install/as2_core/share/as2_core/cmake)
[5.437s] -- Created yaml-cpp::yaml-cpp alias from yaml-cpp target
[5.438s] -- Created GeographicLib::GeographicLib target from legacy variables
[5.687s] -- Found eigen3_cmake_module: 0.1.1 (/opt/ros/humble/share/eigen3_cmake_module/cmake)
[5.689s] -- Ensuring Eigen3 include directory is part of orocos-kdl CMake target
[5.900s] -- Found as2_behavior: 1.1.3 (/root/aerostack2_ws/install/as2_behavior/share/as2_behavior/cmake)
[5.904s] -- Found as2_motion_reference_handlers: 1.1.3 (/root/aerostack2_ws/install/as2_motion_reference_handlers/share/as2_motion_reference_handlers/cmake)
[5.979s] -- Found visualization_msgs: 4.9.0 (/opt/ros/humble/share/visualization_msgs/cmake)
[6.059s] -- Found ament_lint_auto: 0.12.14 (/opt/ros/humble/share/ament_lint_auto/cmake)
[6.208s] -- Added test 'copyright' to check source files copyright and LICENSE
[6.208s] -- Added test 'cppcheck' to perform static code analysis on C / C++ code
[6.208s] -- Configured cppcheck include dirs: /root/aerostack2_ws/src/aerostack2/as2_behaviors/as2_behaviors_swarm_flocking/include;/root/aerostack2_ws/src/aerostack2/as2_behaviors/as2_behaviors_swarm_flocking/include/as2_behaviors_swarm_flocking;$<BUILD_INTERFACE:/root/aerostack2_ws/src/aerostack2/as2_behaviors/as2_behaviors_swarm_flocking/include>
[6.208s] -- Configured cppcheck exclude dirs and/or files: 
[6.208s] -- Added test 'cpplint' to check C / C++ code against the Google style
[6.208s] -- Configured cpplint exclude dirs and/or files: 
[6.209s] -- Added test 'flake8' to check Python code syntax and style conventions
[6.209s] -- Added test 'lint_cmake' to check CMake code style
[6.211s] -- Added test 'pep257' to check Python code against some of the docstring style conventions in PEP 257
[6.211s] -- Added test 'uncrustify' to check C / C++ code style
[6.211s] -- Configured uncrustify additional arguments: 
[6.211s] -- Added test 'xmllint' to check XML markup files
[6.220s] -- Configuring done
[6.307s] -- Generating done
[6.332s] -- Build files have been written to: /root/aerostack2_ws/build/as2_behaviors_swarm_flocking
[6.360s] Invoked command in '/root/aerostack2_ws/build/as2_behaviors_swarm_flocking' returned '0': CMAKE_PREFIX_PATH=/root/aerostack2_ws/install/as2_motion_reference_handlers:/root/aerostack2_ws/install/as2_behavior:/root/aerostack2_ws/install/as2_core:/root/aerostack2_ws/install/as2_msgs:/root/aerostack2_ws/install/aerostack2:/root/aerostack2_ws/install/as2_usb_camera_interface:/root/aerostack2_ws/install/as2_state_estimator:/root/aerostack2_ws/install/as2_rviz_plugins:/root/aerostack2_ws/install/as2_realsense_interface:/root/aerostack2_ws/install/as2_platform_multirotor_simulator:/root/aerostack2_ws/install/as2_platform_gazebo:/root/aerostack2_ws/install/as2_motion_controller:/root/aerostack2_ws/install/as2_behaviors_trajectory_generation:/root/aerostack2_ws/install/as2_behaviors_swarm_flocking:/root/aerostack2_ws/install/as2_behaviors_motion:/root/aerostack2_ws/install/as2_map_server:/root/aerostack2_ws/install/as2_geozones:/root/aerostack2_ws/install/as2_gazebo_assets:/root/aerostack2_ws/install/as2_external_object_to_tf:/root/aerostack2_ws/install/as2_behaviors_platform:/root/aerostack2_ws/install/as2_behaviors_perception:/root/aerostack2_ws/install/as2_behaviors_path_planning:/root/aerostack2_ws/install/as2_behavior_tree:/root/aerostack2_ws/install/as2_alphanumeric_viewer:/root/aerostack2_ws/install/as2_cli:/root/aerostack2_ws/install/as2_visualization:/root/aerostack2_ws/install/as2_keyboard_teleoperation:/root/aerostack2_ws/install/as2_python_api:/opt/ros/humble LD_LIBRARY_PATH=/root/aerostack2_ws/install/as2_behavior/lib:/root/aerostack2_ws/install/as2_core/lib:/root/aerostack2_ws/install/as2_msgs/lib:/root/aerostack2_ws/install/as2_state_estimator/lib:/root/aerostack2_ws/install/as2_python_api/lib:/root/aerostack2_ws/install/as2_motion_controller/lib:/root/aerostack2_ws/install/as2_behaviors_trajectory_generation/lib:/root/aerostack2_ws/install/as2_behaviors_swarm_flocking/lib:/root/aerostack2_ws/install/as2_behaviors_motion/lib:/root/aerostack2_ws/install/as2_motion_reference_handlers/lib:/root/aerostack2_ws/install/as2_map_server/lib:/root/aerostack2_ws/install/as2_gazebo_assets/lib:/root/aerostack2_ws/install/as2_behaviors_perception/lib:/root/aerostack2_ws/install/as2_behaviors_path_planning/lib:/root/aerostack2_ws/install/as2_behavior_tree/lib:/opt/ros/humble/opt/rviz_ogre_vendor/lib:/opt/ros/humble/lib/x86_64-linux-gnu:/opt/ros/humble/lib /usr/bin/cmake /root/aerostack2_ws/src/aerostack2/as2_behaviors/as2_behaviors_swarm_flocking -DCMAKE_BUILD_TYPE=Release -DAMENT_CMAKE_SYMLINK_INSTALL=1 -DCMAKE_INSTALL_PREFIX=/root/aerostack2_ws/install/as2_behaviors_swarm_flocking
[6.361s] Invoking command in '/root/aerostack2_ws/build/as2_behaviors_swarm_flocking': CMAKE_PREFIX_PATH=/root/aerostack2_ws/install/as2_motion_reference_handlers:/root/aerostack2_ws/install/as2_behavior:/root/aerostack2_ws/install/as2_core:/root/aerostack2_ws/install/as2_msgs:/root/aerostack2_ws/install/aerostack2:/root/aerostack2_ws/install/as2_usb_camera_interface:/root/aerostack2_ws/install/as2_state_estimator:/root/aerostack2_ws/install/as2_rviz_plugins:/root/aerostack2_ws/install/as2_realsense_interface:/root/aerostack2_ws/install/as2_platform_multirotor_simulator:/root/aerostack2_ws/install/as2_platform_gazebo:/root/aerostack2_ws/install/as2_motion_controller:/root/aerostack2_ws/install/as2_behaviors_trajectory_generation:/root/aerostack2_ws/install/as2_behaviors_swarm_flocking:/root/aerostack2_ws/install/as2_behaviors_motion:/root/aerostack2_ws/install/as2_map_server:/root/aerostack2_ws/install/as2_geozones:/root/aerostack2_ws/install/as2_gazebo_assets:/root/aerostack2_ws/install/as2_external_object_to_tf:/root/aerostack2_ws/install/as2_behaviors_platform:/root/aerostack2_ws/install/as2_behaviors_perception:/root/aerostack2_ws/install/as2_behaviors_path_planning:/root/aerostack2_ws/install/as2_behavior_tree:/root/aerostack2_ws/install/as2_alphanumeric_viewer:/root/aerostack2_ws/install/as2_cli:/root/aerostack2_ws/install/as2_visualization:/root/aerostack2_ws/install/as2_keyboard_teleoperation:/root/aerostack2_ws/install/as2_python_api:/opt/ros/humble LD_LIBRARY_PATH=/root/aerostack2_ws/install/as2_behavior/lib:/root/aerostack2_ws/install/as2_core/lib:/root/aerostack2_ws/install/as2_msgs/lib:/root/aerostack2_ws/install/as2_state_estimator/lib:/root/aerostack2_ws/install/as2_python_api/lib:/root/aerostack2_ws/install/as2_motion_controller/lib:/root/aerostack2_ws/install/as2_behaviors_trajectory_generation/lib:/root/aerostack2_ws/install/as2_behaviors_swarm_flocking/lib:/root/aerostack2_ws/install/as2_behaviors_motion/lib:/root/aerostack2_ws/install/as2_motion_reference_handlers/lib:/root/aerostack2_ws/install/as2_map_server/lib:/root/aerostack2_ws/install/as2_gazebo_assets/lib:/root/aerostack2_ws/install/as2_behaviors_perception/lib:/root/aerostack2_ws/install/as2_behaviors_path_planning/lib:/root/aerostack2_ws/install/as2_behavior_tree/lib:/opt/ros/humble/opt/rviz_ogre_vendor/lib:/opt/ros/humble/lib/x86_64-linux-gnu:/opt/ros/humble/lib /usr/bin/cmake --build /root/aerostack2_ws/build/as2_behaviors_swarm_flocking -- -j8 -l8
[6.606s] [  1%] Built target generate-cpp
[6.635s] [  2%] Built target generate-fortran
[6.667s] [35m[1mConsolidate compiler generated dependencies of target nlopt[0m
[6.815s] [ 70%] Built target nlopt
[6.876s] [35m[1mConsolidate compiler generated dependencies of target mav_trajectory_generation[0m
[6.971s] [ 72%] [32mBuilding CXX object _deps/dynamic_trajectory_generator-build/subpackages/mav_trajectory_generation/CMakeFiles/mav_trajectory_generation.dir/src/motion_defines.cpp.o[0m
[6.999s] [ 73%] [32mBuilding CXX object _deps/dynamic_trajectory_generator-build/subpackages/mav_trajectory_generation/CMakeFiles/mav_trajectory_generation.dir/src/polynomial.cpp.o[0m
[7.013s] [ 75%] [32mBuilding CXX object _deps/dynamic_trajectory_generator-build/subpackages/mav_trajectory_generation/CMakeFiles/mav_trajectory_generation.dir/src/segment.cpp.o[0m
[7.015s] [ 76%] [32mBuilding CXX object _deps/dynamic_trajectory_generator-build/subpackages/mav_trajectory_generation/CMakeFiles/mav_trajectory_generation.dir/src/trajectory.cpp.o[0m
[7.017s] [ 77%] [32mBuilding CXX object _deps/dynamic_trajectory_generator-build/subpackages/mav_trajectory_generation/CMakeFiles/mav_trajectory_generation.dir/src/timing.cpp.o[0m
[7.044s] [ 79%] [32mBuilding CXX object _deps/dynamic_trajectory_generator-build/subpackages/mav_trajectory_generation/CMakeFiles/mav_trajectory_generation.dir/src/io.cpp.o[0m
[7.053s] [ 80%] [32mBuilding CXX object _deps/dynamic_trajectory_generator-build/subpackages/mav_trajectory_generation/CMakeFiles/mav_trajectory_generation.dir/src/vertex.cpp.o[0m
[7.058s] [ 81%] [32mBuilding CXX object _deps/dynamic_trajectory_generator-build/subpackages/mav_trajectory_generation/CMakeFiles/mav_trajectory_generation.dir/src/trajectory_sampling.cpp.o[0m
[8.596s] [ 83%] [32mBuilding CXX object _deps/dynamic_trajectory_generator-build/subpackages/mav_trajectory_generation/CMakeFiles/mav_trajectory_generation.dir/src/rpoly/rpoly_ak1.cpp.o[0m
[35.240s] [ 84%] [32mBuilding CXX object _deps/dynamic_trajectory_generator-build/subpackages/mav_trajectory_generation/CMakeFiles/mav_trajectory_generation.dir/src/polynomial_timing_evaluation.cpp.o[0m
[60.155s] [ 86%] [32m[1mLinking CXX shared library libmav_trajectory_generation.so[0m
[60.437s] [ 86%] Built target mav_trajectory_generation
[60.477s] [35m[1mConsolidate compiler generated dependencies of target dynamic_trajectory_generator[0m
[60.565s] [ 87%] [32mBuilding CXX object _deps/dynamic_trajectory_generator-build/CMakeFiles/dynamic_trajectory_generator.dir/src/dynamic_trajectory.cpp.o[0m
[77.821s] [ 88%] [32mBuilding CXX object _deps/dynamic_trajectory_generator-build/CMakeFiles/dynamic_trajectory_generator.dir/src/dynamic_waypoint.cpp.o[0m
[79.538s] [ 90%] [32m[1mLinking CXX shared library libdynamic_trajectory_generator.so[0m
[79.619s] [ 90%] Built target dynamic_trajectory_generator
[79.632s] [35m[1mConsolidate compiler generated dependencies of target test_polynomial[0m
[79.650s] [ 91%] [32mBuilding CXX object _deps/dynamic_trajectory_generator-build/subpackages/mav_trajectory_generation/CMakeFiles/test_polynomial.dir/test/test_polynomial.cpp.o[0m
[81.442s] [ 93%] [32m[1mLinking CXX executable test_polynomial[0m
[81.519s] [ 93%] Built target test_polynomial
[81.535s] [35m[1mConsolidate compiler generated dependencies of target as2_behaviors_swarm_flocking[0m
[81.566s] [ 94%] [32mBuilding CXX object CMakeFiles/as2_behaviors_swarm_flocking.dir/src/swarm_flocking_behavior.cpp.o[0m
[95.054s] [ 95%] [32mBuilding CXX object CMakeFiles/as2_behaviors_swarm_flocking.dir/src/drone_swarm.cpp.o[0m
[105.767s] [ 97%] [32m[1mLinking CXX shared library libas2_behaviors_swarm_flocking.so[0m
[106.075s] [ 97%] Built target as2_behaviors_swarm_flocking
[106.091s] [35m[1mConsolidate compiler generated dependencies of target swarm_flocking_behavior_node[0m
[106.115s] [ 98%] [32mBuilding CXX object CMakeFiles/swarm_flocking_behavior_node.dir/src/swarm_flocking_behavior_node.cpp.o[0m
[110.632s] [100%] [32m[1mLinking CXX executable swarm_flocking_behavior_node[0m
[110.819s] [100%] Built target swarm_flocking_behavior_node
[110.832s] Invoked command in '/root/aerostack2_ws/build/as2_behaviors_swarm_flocking' returned '0': CMAKE_PREFIX_PATH=/root/aerostack2_ws/install/as2_motion_reference_handlers:/root/aerostack2_ws/install/as2_behavior:/root/aerostack2_ws/install/as2_core:/root/aerostack2_ws/install/as2_msgs:/root/aerostack2_ws/install/aerostack2:/root/aerostack2_ws/install/as2_usb_camera_interface:/root/aerostack2_ws/install/as2_state_estimator:/root/aerostack2_ws/install/as2_rviz_plugins:/root/aerostack2_ws/install/as2_realsense_interface:/root/aerostack2_ws/install/as2_platform_multirotor_simulator:/root/aerostack2_ws/install/as2_platform_gazebo:/root/aerostack2_ws/install/as2_motion_controller:/root/aerostack2_ws/install/as2_behaviors_trajectory_generation:/root/aerostack2_ws/install/as2_behaviors_swarm_flocking:/root/aerostack2_ws/install/as2_behaviors_motion:/root/aerostack2_ws/install/as2_map_server:/root/aerostack2_ws/install/as2_geozones:/root/aerostack2_ws/install/as2_gazebo_assets:/root/aerostack2_ws/install/as2_external_object_to_tf:/root/aerostack2_ws/install/as2_behaviors_platform:/root/aerostack2_ws/install/as2_behaviors_perception:/root/aerostack2_ws/install/as2_behaviors_path_planning:/root/aerostack2_ws/install/as2_behavior_tree:/root/aerostack2_ws/install/as2_alphanumeric_viewer:/root/aerostack2_ws/install/as2_cli:/root/aerostack2_ws/install/as2_visualization:/root/aerostack2_ws/install/as2_keyboard_teleoperation:/root/aerostack2_ws/install/as2_python_api:/opt/ros/humble LD_LIBRARY_PATH=/root/aerostack2_ws/install/as2_behavior/lib:/root/aerostack2_ws/install/as2_core/lib:/root/aerostack2_ws/install/as2_msgs/lib:/root/aerostack2_ws/install/as2_state_estimator/lib:/root/aerostack2_ws/install/as2_python_api/lib:/root/aerostack2_ws/install/as2_motion_controller/lib:/root/aerostack2_ws/install/as2_behaviors_trajectory_generation/lib:/root/aerostack2_ws/install/as2_behaviors_swarm_flocking/lib:/root/aerostack2_ws/install/as2_behaviors_motion/lib:/root/aerostack2_ws/install/as2_motion_reference_handlers/lib:/root/aerostack2_ws/install/as2_map_server/lib:/root/aerostack2_ws/install/as2_gazebo_assets/lib:/root/aerostack2_ws/install/as2_behaviors_perception/lib:/root/aerostack2_ws/install/as2_behaviors_path_planning/lib:/root/aerostack2_ws/install/as2_behavior_tree/lib:/opt/ros/humble/opt/rviz_ogre_vendor/lib:/opt/ros/humble/lib/x86_64-linux-gnu:/opt/ros/humble/lib /usr/bin/cmake --build /root/aerostack2_ws/build/as2_behaviors_swarm_flocking -- -j8 -l8
[110.835s] Invoking command in '/root/aerostack2_ws/build/as2_behaviors_swarm_flocking': CMAKE_PREFIX_PATH=/root/aerostack2_ws/install/as2_motion_reference_handlers:/root/aerostack2_ws/install/as2_behavior:/root/aerostack2_ws/install/as2_core:/root/aerostack2_ws/install/as2_msgs:/root/aerostack2_ws/install/aerostack2:/root/aerostack2_ws/install/as2_usb_camera_interface:/root/aerostack2_ws/install/as2_state_estimator:/root/aerostack2_ws/install/as2_rviz_plugins:/root/aerostack2_ws/install/as2_realsense_interface:/root/aerostack2_ws/install/as2_platform_multirotor_simulator:/root/aerostack2_ws/install/as2_platform_gazebo:/root/aerostack2_ws/install/as2_motion_controller:/root/aerostack2_ws/install/as2_behaviors_trajectory_generation:/root/aerostack2_ws/install/as2_behaviors_swarm_flocking:/root/aerostack2_ws/install/as2_behaviors_motion:/root/aerostack2_ws/install/as2_map_server:/root/aerostack2_ws/install/as2_geozones:/root/aerostack2_ws/install/as2_gazebo_assets:/root/aerostack2_ws/install/as2_external_object_to_tf:/root/aerostack2_ws/install/as2_behaviors_platform:/root/aerostack2_ws/install/as2_behaviors_perception:/root/aerostack2_ws/install/as2_behaviors_path_planning:/root/aerostack2_ws/install/as2_behavior_tree:/root/aerostack2_ws/install/as2_alphanumeric_viewer:/root/aerostack2_ws/install/as2_cli:/root/aerostack2_ws/install/as2_visualization:/root/aerostack2_ws/install/as2_keyboard_teleoperation:/root/aerostack2_ws/install/as2_python_api:/opt/ros/humble LD_LIBRARY_PATH=/root/aerostack2_ws/install/as2_behavior/lib:/root/aerostack2_ws/install/as2_core/lib:/root/aerostack2_ws/install/as2_msgs/lib:/root/aerostack2_ws/install/as2_state_estimator/lib:/root/aerostack2_ws/install/as2_python_api/lib:/root/aerostack2_ws/install/as2_motion_controller/lib:/root/aerostack2_ws/install/as2_behaviors_trajectory_generation/lib:/root/aerostack2_ws/install/as2_behaviors_swarm_flocking/lib:/root/aerostack2_ws/install/as2_behaviors_motion/lib:/root/aerostack2_ws/install/as2_motion_reference_handlers/lib:/root/aerostack2_ws/install/as2_map_server/lib:/root/aerostack2_ws/install/as2_gazebo_assets/lib:/root/aerostack2_ws/install/as2_behaviors_perception/lib:/root/aerostack2_ws/install/as2_behaviors_path_planning/lib:/root/aerostack2_ws/install/as2_behavior_tree/lib:/opt/ros/humble/opt/rviz_ogre_vendor/lib:/opt/ros/humble/lib/x86_64-linux-gnu:/opt/ros/humble/lib /usr/bin/cmake --install /root/aerostack2_ws/build/as2_behaviors_swarm_flocking
[110.842s] -- Install configuration: "Release"
[110.843s] -- Execute custom install script
[110.843s] -- Up-to-date symlink: /root/aerostack2_ws/install/as2_behaviors_swarm_flocking/include/as2_behaviors_swarm_flocking/drone_swarm.hpp
[110.843s] -- Up-to-date symlink: /root/aerostack2_ws/install/as2_behaviors_swarm_flocking/include/as2_behaviors_swarm_flocking/swarm_flocking_behavior.hpp
[110.844s] -- Up-to-date symlink: /root/aerostack2_ws/install/as2_behaviors_swarm_flocking/share/as2_behaviors_swarm_flocking/config/config_default.yaml
[110.845s] -- Up-to-date symlink: /root/aerostack2_ws/install/as2_behaviors_swarm_flocking/share/as2_behaviors_swarm_flocking/launch/swarm_flocking_behavior.launch.py
[110.845s] -- Up-to-date symlink: /root/aerostack2_ws/install/as2_behaviors_swarm_flocking/lib/as2_behaviors_swarm_flocking/swarm_flocking_behavior_node
[110.846s] -- Up-to-date symlink: /root/aerostack2_ws/install/as2_behaviors_swarm_flocking/share/ament_index/resource_index/package_run_dependencies/as2_behaviors_swarm_flocking
[110.847s] -- Up-to-date symlink: /root/aerostack2_ws/install/as2_behaviors_swarm_flocking/share/ament_index/resource_index/parent_prefix_path/as2_behaviors_swarm_flocking
[110.847s] -- Up-to-date symlink: /root/aerostack2_ws/install/as2_behaviors_swarm_flocking/share/as2_behaviors_swarm_flocking/environment/ament_prefix_path.sh
[110.848s] -- Up-to-date symlink: /root/aerostack2_ws/install/as2_behaviors_swarm_flocking/share/as2_behaviors_swarm_flocking/environment/ament_prefix_path.dsv
[110.848s] -- Up-to-date symlink: /root/aerostack2_ws/install/as2_behaviors_swarm_flocking/share/as2_behaviors_swarm_flocking/environment/path.sh
[110.848s] -- Up-to-date symlink: /root/aerostack2_ws/install/as2_behaviors_swarm_flocking/share/as2_behaviors_swarm_flocking/environment/path.dsv
[110.849s] -- Up-to-date symlink: /root/aerostack2_ws/install/as2_behaviors_swarm_flocking/share/as2_behaviors_swarm_flocking/local_setup.bash
[110.849s] -- Up-to-date symlink: /root/aerostack2_ws/install/as2_behaviors_swarm_flocking/share/as2_behaviors_swarm_flocking/local_setup.sh
[110.849s] -- Up-to-date symlink: /root/aerostack2_ws/install/as2_behaviors_swarm_flocking/share/as2_behaviors_swarm_flocking/local_setup.zsh
[110.850s] -- Up-to-date symlink: /root/aerostack2_ws/install/as2_behaviors_swarm_flocking/share/as2_behaviors_swarm_flocking/local_setup.dsv
[110.850s] -- Symlinking: /root/aerostack2_ws/install/as2_behaviors_swarm_flocking/share/as2_behaviors_swarm_flocking/package.dsv
[110.859s] -- Up-to-date symlink: /root/aerostack2_ws/install/as2_behaviors_swarm_flocking/share/ament_index/resource_index/packages/as2_behaviors_swarm_flocking
[110.860s] -- Up-to-date symlink: /root/aerostack2_ws/install/as2_behaviors_swarm_flocking/share/as2_behaviors_swarm_flocking/cmake/ament_cmake_export_dependencies-extras.cmake
[110.860s] -- Up-to-date symlink: /root/aerostack2_ws/install/as2_behaviors_swarm_flocking/share/as2_behaviors_swarm_flocking/cmake/ament_cmake_export_include_directories-extras.cmake
[110.860s] -- Up-to-date symlink: /root/aerostack2_ws/install/as2_behaviors_swarm_flocking/share/as2_behaviors_swarm_flocking/cmake/as2_behaviors_swarm_flockingConfig.cmake
[110.861s] -- Up-to-date symlink: /root/aerostack2_ws/install/as2_behaviors_swarm_flocking/share/as2_behaviors_swarm_flocking/cmake/as2_behaviors_swarm_flockingConfig-version.cmake
[110.861s] -- Up-to-date symlink: /root/aerostack2_ws/install/as2_behaviors_swarm_flocking/share/as2_behaviors_swarm_flocking/package.xml
[110.861s] -- Installing: /root/aerostack2_ws/install/as2_behaviors_swarm_flocking/lib/libdynamic_trajectory_generator.so
[110.862s] -- Set runtime path of "/root/aerostack2_ws/install/as2_behaviors_swarm_flocking/lib/libdynamic_trajectory_generator.so" to ""
[110.863s] -- Installing: /root/aerostack2_ws/install/as2_behaviors_swarm_flocking/lib/libas2_behaviors_swarm_flocking.so
[110.867s] -- Set runtime path of "/root/aerostack2_ws/install/as2_behaviors_swarm_flocking/lib/libas2_behaviors_swarm_flocking.so" to ""
[110.868s] -- Up-to-date: /root/aerostack2_ws/install/as2_behaviors_swarm_flocking/lib/pkgconfig/nlopt.pc
[110.868s] -- Up-to-date: /root/aerostack2_ws/install/as2_behaviors_swarm_flocking/include/nlopt.h
[110.868s] -- Up-to-date: /root/aerostack2_ws/install/as2_behaviors_swarm_flocking/include/nlopt.hpp
[110.868s] -- Up-to-date: /root/aerostack2_ws/install/as2_behaviors_swarm_flocking/include/nlopt.f
[110.869s] -- Up-to-date: /root/aerostack2_ws/install/as2_behaviors_swarm_flocking/lib/libnlopt.so.0.11.1
[110.869s] -- Up-to-date: /root/aerostack2_ws/install/as2_behaviors_swarm_flocking/lib/libnlopt.so.0
[110.869s] -- Up-to-date: /root/aerostack2_ws/install/as2_behaviors_swarm_flocking/lib/libnlopt.so
[110.870s] -- Up-to-date: /root/aerostack2_ws/install/as2_behaviors_swarm_flocking/lib/cmake/nlopt/NLoptLibraryDepends.cmake
[110.870s] -- Up-to-date: /root/aerostack2_ws/install/as2_behaviors_swarm_flocking/lib/cmake/nlopt/NLoptLibraryDepends-release.cmake
[110.870s] -- Up-to-date: /root/aerostack2_ws/install/as2_behaviors_swarm_flocking/lib/cmake/nlopt/NLoptConfig.cmake
[110.870s] -- Up-to-date: /root/aerostack2_ws/install/as2_behaviors_swarm_flocking/lib/cmake/nlopt/NLoptConfigVersion.cmake
[110.871s] -- Up-to-date: /root/aerostack2_ws/install/as2_behaviors_swarm_flocking/share/man/man3/nlopt.3
[110.871s] -- Up-to-date: /root/aerostack2_ws/install/as2_behaviors_swarm_flocking/share/man/man3/nlopt_minimize.3
[110.871s] -- Up-to-date: /root/aerostack2_ws/install/as2_behaviors_swarm_flocking/share/man/man3/nlopt_minimize_constrained.3
[110.874s] Invoked command in '/root/aerostack2_ws/build/as2_behaviors_swarm_flocking' returned '0': CMAKE_PREFIX_PATH=/root/aerostack2_ws/install/as2_motion_reference_handlers:/root/aerostack2_ws/install/as2_behavior:/root/aerostack2_ws/install/as2_core:/root/aerostack2_ws/install/as2_msgs:/root/aerostack2_ws/install/aerostack2:/root/aerostack2_ws/install/as2_usb_camera_interface:/root/aerostack2_ws/install/as2_state_estimator:/root/aerostack2_ws/install/as2_rviz_plugins:/root/aerostack2_ws/install/as2_realsense_interface:/root/aerostack2_ws/install/as2_platform_multirotor_simulator:/root/aerostack2_ws/install/as2_platform_gazebo:/root/aerostack2_ws/install/as2_motion_controller:/root/aerostack2_ws/install/as2_behaviors_trajectory_generation:/root/aerostack2_ws/install/as2_behaviors_swarm_flocking:/root/aerostack2_ws/install/as2_behaviors_motion:/root/aerostack2_ws/install/as2_map_server:/root/aerostack2_ws/install/as2_geozones:/root/aerostack2_ws/install/as2_gazebo_assets:/root/aerostack2_ws/install/as2_external_object_to_tf:/root/aerostack2_ws/install/as2_behaviors_platform:/root/aerostack2_ws/install/as2_behaviors_perception:/root/aerostack2_ws/install/as2_behaviors_path_planning:/root/aerostack2_ws/install/as2_behavior_tree:/root/aerostack2_ws/install/as2_alphanumeric_viewer:/root/aerostack2_ws/install/as2_cli:/root/aerostack2_ws/install/as2_visualization:/root/aerostack2_ws/install/as2_keyboard_teleoperation:/root/aerostack2_ws/install/as2_python_api:/opt/ros/humble LD_LIBRARY_PATH=/root/aerostack2_ws/install/as2_behavior/lib:/root/aerostack2_ws/install/as2_core/lib:/root/aerostack2_ws/install/as2_msgs/lib:/root/aerostack2_ws/install/as2_state_estimator/lib:/root/aerostack2_ws/install/as2_python_api/lib:/root/aerostack2_ws/install/as2_motion_controller/lib:/root/aerostack2_ws/install/as2_behaviors_trajectory_generation/lib:/root/aerostack2_ws/install/as2_behaviors_swarm_flocking/lib:/root/aerostack2_ws/install/as2_behaviors_motion/lib:/root/aerostack2_ws/install/as2_motion_reference_handlers/lib:/root/aerostack2_ws/install/as2_map_server/lib:/root/aerostack2_ws/install/as2_gazebo_assets/lib:/root/aerostack2_ws/install/as2_behaviors_perception/lib:/root/aerostack2_ws/install/as2_behaviors_path_planning/lib:/root/aerostack2_ws/install/as2_behavior_tree/lib:/opt/ros/humble/opt/rviz_ogre_vendor/lib:/opt/ros/humble/lib/x86_64-linux-gnu:/opt/ros/humble/lib /usr/bin/cmake --install /root/aerostack2_ws/build/as2_behaviors_swarm_flocking
