[0.024s] Invoking command in '/root/aerostack2_ws/build/as2_platform_gazebo': AMENT_PREFIX_PATH=/root/aerostack2_ws/install/as2_gazebo_assets:/root/aerostack2_ws/install/as2_core:/root/aerostack2_ws/install/as2_msgs:${AMENT_PREFIX_PATH} CMAKE_PREFIX_PATH=/root/aerostack2_ws/install/as2_gazebo_assets:/root/aerostack2_ws/install/as2_core:/root/aerostack2_ws/install/as2_msgs:/opt/ros/humble GZ_SIM_RESOURCE_PATH=/root/aerostack2_ws/install/as2_gazebo_assets/share/as2_ign_gazebo_assets/worlds:/root/aerostack2_ws/install/as2_gazebo_assets/share/as2_ign_gazebo_assets/models GZ_SIM_SYSTEM_PLUGIN_PATH=/root/aerostack2_ws/install/as2_gazebo_assets/lib GZ_VERSION=@GZ_VERSION@ LD_LIBRARY_PATH=/root/aerostack2_ws/install/as2_gazebo_assets/lib:/root/aerostack2_ws/install/as2_core/lib:/root/aerostack2_ws/install/as2_msgs/lib:${LD_LIBRARY_PATH} PYTHONPATH=/root/aerostack2_ws/install/as2_gazebo_assets/local/lib/python3.10/dist-packages:/root/aerostack2_ws/install/as2_core/local/lib/python3.10/dist-packages:/root/aerostack2_ws/install/as2_msgs/local/lib/python3.10/dist-packages:${PYTHONPATH} /usr/bin/cmake /root/aerostack2_ws/src/aerostack2/as2_aerial_platforms/as2_platform_gazebo -DAMENT_CMAKE_SYMLINK_INSTALL=1 -DCMAKE_INSTALL_PREFIX=/root/aerostack2_ws/install/as2_platform_gazebo
[13.015s] -- The C compiler identification is GNU 11.4.0
[13.015s] -- The CXX compiler identification is GNU 11.4.0
[13.015s] -- Detecting C compiler ABI info
[13.015s] -- Detecting C compiler ABI info - done
[13.015s] -- Check for working C compiler: /usr/bin/cc - skipped
[13.015s] -- Detecting C compile features
[13.016s] -- Detecting C compile features - done
[13.016s] -- Detecting CXX compiler ABI info
[13.016s] -- Detecting CXX compiler ABI info - done
[13.016s] -- Check for working CXX compiler: /usr/bin/c++ - skipped
[13.016s] -- Detecting CXX compile features
[13.016s] -- Detecting CXX compile features - done
[13.016s] -- Found ament_cmake: 1.3.12 (/opt/ros/humble/share/ament_cmake/cmake)
[13.016s] -- Found Python3: /usr/bin/python3 (found version "3.10.12") found components: Interpreter 
[13.016s] -- Override CMake install command with custom implementation using symlinks instead of copying resources
[13.016s] -- Found ament_cmake_ros: 0.10.0 (/opt/ros/humble/share/ament_cmake_ros/cmake)
[13.016s] -- Found rclcpp: 16.0.15 (/opt/ros/humble/share/rclcpp/cmake)
[13.019s] -- Found rosidl_generator_c: 3.1.7 (/opt/ros/humble/share/rosidl_generator_c/cmake)
[13.023s] -- Found rosidl_adapter: 3.1.7 (/opt/ros/humble/share/rosidl_adapter/cmake)
[13.023s] -- Found rosidl_generator_cpp: 3.1.7 (/opt/ros/humble/share/rosidl_generator_cpp/cmake)
[13.023s] -- Using all available rosidl_typesupport_c: rosidl_typesupport_fastrtps_c;rosidl_typesupport_introspection_c
[13.023s] -- Using all available rosidl_typesupport_cpp: rosidl_typesupport_fastrtps_cpp;rosidl_typesupport_introspection_cpp
[13.023s] -- Found rmw_implementation_cmake: 6.1.2 (/opt/ros/humble/share/rmw_implementation_cmake/cmake)
[13.023s] -- Found rmw_fastrtps_cpp: 6.2.9 (/opt/ros/humble/share/rmw_fastrtps_cpp/cmake)
[13.023s] -- Found OpenSSL: /usr/lib/x86_64-linux-gnu/libcrypto.so (found version "3.0.2")  
[13.023s] -- Found FastRTPS: /opt/ros/humble/include  
[13.023s] -- Using RMW implementation 'rmw_fastrtps_cpp' as default
[13.024s] -- Looking for pthread.h
[13.024s] -- Looking for pthread.h - found
[13.024s] -- Performing Test CMAKE_HAVE_LIBC_PTHREAD
[13.024s] -- Performing Test CMAKE_HAVE_LIBC_PTHREAD - Success
[13.024s] -- Found Threads: TRUE  
[13.024s] -- Found as2_core: 1.1.3 (/root/aerostack2_ws/install/as2_core/share/as2_core/cmake)
[13.024s] -- Created yaml-cpp::yaml-cpp alias from yaml-cpp target
[13.024s] -- Created GeographicLib::GeographicLib target from legacy variables
[13.024s] -- Found eigen3_cmake_module: 0.1.1 (/opt/ros/humble/share/eigen3_cmake_module/cmake)
[13.024s] -- Found Eigen3: TRUE (found version "3.4.0") 
[13.024s] -- Ensuring Eigen3 include directory is part of orocos-kdl CMake target
[13.024s] -- Found as2_gazebo_assets: 1.1.3 (/root/aerostack2_ws/install/as2_gazebo_assets/share/as2_gazebo_assets/cmake)
[13.024s] -- Found ament_lint_auto: 0.12.14 (/opt/ros/humble/share/ament_lint_auto/cmake)
[13.025s] -- Found gtest sources under '/opt/ros/humble/src/gtest_vendor': C++ tests using 'Google Test' will be built
[13.025s] -- Added test 'copyright' to check source files copyright and LICENSE
[13.025s] -- Added test 'cppcheck' to perform static code analysis on C / C++ code
[13.025s] -- Configured cppcheck include dirs: /root/aerostack2_ws/src/aerostack2/as2_aerial_platforms/as2_platform_gazebo/include;/root/aerostack2_ws/src/aerostack2/as2_aerial_platforms/as2_platform_gazebo/include/as2_platform_gazebo
[13.025s] -- Configured cppcheck exclude dirs and/or files: 
[13.025s] -- Added test 'cpplint' to check C / C++ code against the Google style
[13.025s] -- Configured cpplint exclude dirs and/or files: 
[13.025s] -- Added test 'flake8' to check Python code syntax and style conventions
[13.025s] -- Added test 'lint_cmake' to check CMake code style
[13.025s] -- Added test 'pep257' to check Python code against some of the docstring style conventions in PEP 257
[13.025s] -- Added test 'uncrustify' to check C / C++ code style
[13.025s] -- Configured uncrustify additional arguments: 
[13.026s] -- Added test 'xmllint' to check XML markup files
[13.026s] -- Configuring done
[13.026s] -- Generating done
[13.026s] -- Build files have been written to: /root/aerostack2_ws/build/as2_platform_gazebo
[13.030s] Invoked command in '/root/aerostack2_ws/build/as2_platform_gazebo' returned '0': AMENT_PREFIX_PATH=/root/aerostack2_ws/install/as2_gazebo_assets:/root/aerostack2_ws/install/as2_core:/root/aerostack2_ws/install/as2_msgs:${AMENT_PREFIX_PATH} CMAKE_PREFIX_PATH=/root/aerostack2_ws/install/as2_gazebo_assets:/root/aerostack2_ws/install/as2_core:/root/aerostack2_ws/install/as2_msgs:/opt/ros/humble GZ_SIM_RESOURCE_PATH=/root/aerostack2_ws/install/as2_gazebo_assets/share/as2_ign_gazebo_assets/worlds:/root/aerostack2_ws/install/as2_gazebo_assets/share/as2_ign_gazebo_assets/models GZ_SIM_SYSTEM_PLUGIN_PATH=/root/aerostack2_ws/install/as2_gazebo_assets/lib GZ_VERSION=@GZ_VERSION@ LD_LIBRARY_PATH=/root/aerostack2_ws/install/as2_gazebo_assets/lib:/root/aerostack2_ws/install/as2_core/lib:/root/aerostack2_ws/install/as2_msgs/lib:${LD_LIBRARY_PATH} PYTHONPATH=/root/aerostack2_ws/install/as2_gazebo_assets/local/lib/python3.10/dist-packages:/root/aerostack2_ws/install/as2_core/local/lib/python3.10/dist-packages:/root/aerostack2_ws/install/as2_msgs/local/lib/python3.10/dist-packages:${PYTHONPATH} /usr/bin/cmake /root/aerostack2_ws/src/aerostack2/as2_aerial_platforms/as2_platform_gazebo -DAMENT_CMAKE_SYMLINK_INSTALL=1 -DCMAKE_INSTALL_PREFIX=/root/aerostack2_ws/install/as2_platform_gazebo
[13.031s] Invoking command in '/root/aerostack2_ws/build/as2_platform_gazebo': AMENT_PREFIX_PATH=/root/aerostack2_ws/install/as2_gazebo_assets:/root/aerostack2_ws/install/as2_core:/root/aerostack2_ws/install/as2_msgs:${AMENT_PREFIX_PATH} CMAKE_PREFIX_PATH=/root/aerostack2_ws/install/as2_gazebo_assets:/root/aerostack2_ws/install/as2_core:/root/aerostack2_ws/install/as2_msgs:/opt/ros/humble GZ_SIM_RESOURCE_PATH=/root/aerostack2_ws/install/as2_gazebo_assets/share/as2_ign_gazebo_assets/worlds:/root/aerostack2_ws/install/as2_gazebo_assets/share/as2_ign_gazebo_assets/models GZ_SIM_SYSTEM_PLUGIN_PATH=/root/aerostack2_ws/install/as2_gazebo_assets/lib GZ_VERSION=@GZ_VERSION@ LD_LIBRARY_PATH=/root/aerostack2_ws/install/as2_gazebo_assets/lib:/root/aerostack2_ws/install/as2_core/lib:/root/aerostack2_ws/install/as2_msgs/lib:${LD_LIBRARY_PATH} PYTHONPATH=/root/aerostack2_ws/install/as2_gazebo_assets/local/lib/python3.10/dist-packages:/root/aerostack2_ws/install/as2_core/local/lib/python3.10/dist-packages:/root/aerostack2_ws/install/as2_msgs/local/lib/python3.10/dist-packages:${PYTHONPATH} /usr/bin/cmake --build /root/aerostack2_ws/build/as2_platform_gazebo -- -j8 -l8
[16.148s] [  9%] [32mBuilding CXX object CMakeFiles/as2_platform_gazebo_node.dir/src/as2_platform_gazebo_node.cpp.o[0m
[19.564s] [ 18%] [32mBuilding CXX object CMakeFiles/as2_platform_gazebo_node.dir/src/as2_platform_gazebo.cpp.o[0m
[37.792s] [ 27%] [32m[1mLinking CXX executable as2_platform_gazebo_node[0m
[38.539s] [ 27%] Built target as2_platform_gazebo_node
[38.578s] [ 36%] [32mBuilding CXX object gtest/CMakeFiles/gtest.dir/src/gtest-all.cc.o[0m
[38.594s] [ 45%] [32mBuilding CXX object gtest/CMakeFiles/gtest_main.dir/src/gtest_main.cc.o[0m
[40.348s] [ 54%] [32m[1mLinking CXX static library libgtest_main.a[0m
[40.432s] [ 54%] Built target gtest_main
[40.486s] [ 63%] [32mBuilding CXX object CMakeFiles/as2_platform_gazebo.dir/src/as2_platform_gazebo.cpp.o[0m
[49.628s] [ 72%] [32m[1mLinking CXX static library libgtest.a[0m
[49.665s] [ 72%] Built target gtest
[64.479s] [ 81%] [32m[1mLinking CXX static library libas2_platform_gazebo.a[0m
[64.548s] [ 81%] Built target as2_platform_gazebo
[64.577s] [ 90%] [32mBuilding CXX object tests/CMakeFiles/as2_platform_gazebo_as2_platform_gazebo_gtest.dir/as2_platform_gazebo_gtest.cpp.o[0m
[73.042s] [100%] [32m[1mLinking CXX executable as2_platform_gazebo_as2_platform_gazebo_gtest[0m
[73.640s] [100%] Built target as2_platform_gazebo_as2_platform_gazebo_gtest
[73.657s] Invoked command in '/root/aerostack2_ws/build/as2_platform_gazebo' returned '0': AMENT_PREFIX_PATH=/root/aerostack2_ws/install/as2_gazebo_assets:/root/aerostack2_ws/install/as2_core:/root/aerostack2_ws/install/as2_msgs:${AMENT_PREFIX_PATH} CMAKE_PREFIX_PATH=/root/aerostack2_ws/install/as2_gazebo_assets:/root/aerostack2_ws/install/as2_core:/root/aerostack2_ws/install/as2_msgs:/opt/ros/humble GZ_SIM_RESOURCE_PATH=/root/aerostack2_ws/install/as2_gazebo_assets/share/as2_ign_gazebo_assets/worlds:/root/aerostack2_ws/install/as2_gazebo_assets/share/as2_ign_gazebo_assets/models GZ_SIM_SYSTEM_PLUGIN_PATH=/root/aerostack2_ws/install/as2_gazebo_assets/lib GZ_VERSION=@GZ_VERSION@ LD_LIBRARY_PATH=/root/aerostack2_ws/install/as2_gazebo_assets/lib:/root/aerostack2_ws/install/as2_core/lib:/root/aerostack2_ws/install/as2_msgs/lib:${LD_LIBRARY_PATH} PYTHONPATH=/root/aerostack2_ws/install/as2_gazebo_assets/local/lib/python3.10/dist-packages:/root/aerostack2_ws/install/as2_core/local/lib/python3.10/dist-packages:/root/aerostack2_ws/install/as2_msgs/local/lib/python3.10/dist-packages:${PYTHONPATH} /usr/bin/cmake --build /root/aerostack2_ws/build/as2_platform_gazebo -- -j8 -l8
[73.658s] Invoking command in '/root/aerostack2_ws/build/as2_platform_gazebo': AMENT_PREFIX_PATH=/root/aerostack2_ws/install/as2_gazebo_assets:/root/aerostack2_ws/install/as2_core:/root/aerostack2_ws/install/as2_msgs:${AMENT_PREFIX_PATH} CMAKE_PREFIX_PATH=/root/aerostack2_ws/install/as2_gazebo_assets:/root/aerostack2_ws/install/as2_core:/root/aerostack2_ws/install/as2_msgs:/opt/ros/humble GZ_SIM_RESOURCE_PATH=/root/aerostack2_ws/install/as2_gazebo_assets/share/as2_ign_gazebo_assets/worlds:/root/aerostack2_ws/install/as2_gazebo_assets/share/as2_ign_gazebo_assets/models GZ_SIM_SYSTEM_PLUGIN_PATH=/root/aerostack2_ws/install/as2_gazebo_assets/lib GZ_VERSION=@GZ_VERSION@ LD_LIBRARY_PATH=/root/aerostack2_ws/install/as2_gazebo_assets/lib:/root/aerostack2_ws/install/as2_core/lib:/root/aerostack2_ws/install/as2_msgs/lib:${LD_LIBRARY_PATH} PYTHONPATH=/root/aerostack2_ws/install/as2_gazebo_assets/local/lib/python3.10/dist-packages:/root/aerostack2_ws/install/as2_core/local/lib/python3.10/dist-packages:/root/aerostack2_ws/install/as2_msgs/local/lib/python3.10/dist-packages:${PYTHONPATH} /usr/bin/cmake --install /root/aerostack2_ws/build/as2_platform_gazebo
[73.669s] -- Install configuration: "Release"
[73.670s] -- Execute custom install script
[73.671s] -- Symlinking: /root/aerostack2_ws/install/as2_platform_gazebo/include/as2_platform_gazebo/as2_platform_gazebo.hpp
[73.684s] -- Symlinking: /root/aerostack2_ws/install/as2_platform_gazebo/lib/as2_platform_gazebo/as2_platform_gazebo_node
[73.698s] -- Symlinking: /root/aerostack2_ws/install/as2_platform_gazebo/share/as2_platform_gazebo/launch/platform_gazebo_launch.py
[73.712s] -- Symlinking: /root/aerostack2_ws/install/as2_platform_gazebo/share/as2_platform_gazebo/config/control_modes.yaml
[73.724s] -- Symlinking: /root/aerostack2_ws/install/as2_platform_gazebo/share/as2_platform_gazebo/config/control_modes_acro.yaml
[73.737s] -- Symlinking: /root/aerostack2_ws/install/as2_platform_gazebo/share/as2_platform_gazebo/config/platform_config_file.yaml
[73.748s] -- Symlinking: /root/aerostack2_ws/install/as2_platform_gazebo/share/ament_index/resource_index/package_run_dependencies/as2_platform_gazebo
[73.762s] -- Symlinking: /root/aerostack2_ws/install/as2_platform_gazebo/share/ament_index/resource_index/parent_prefix_path/as2_platform_gazebo
[73.773s] -- Symlinking: /root/aerostack2_ws/install/as2_platform_gazebo/share/as2_platform_gazebo/environment/ament_prefix_path.sh
[73.782s] -- Symlinking: /root/aerostack2_ws/install/as2_platform_gazebo/share/as2_platform_gazebo/environment/ament_prefix_path.dsv
[73.795s] -- Symlinking: /root/aerostack2_ws/install/as2_platform_gazebo/share/as2_platform_gazebo/environment/path.sh
[73.807s] -- Symlinking: /root/aerostack2_ws/install/as2_platform_gazebo/share/as2_platform_gazebo/environment/path.dsv
[73.819s] -- Symlinking: /root/aerostack2_ws/install/as2_platform_gazebo/share/as2_platform_gazebo/local_setup.bash
[73.831s] -- Symlinking: /root/aerostack2_ws/install/as2_platform_gazebo/share/as2_platform_gazebo/local_setup.sh
[73.843s] -- Symlinking: /root/aerostack2_ws/install/as2_platform_gazebo/share/as2_platform_gazebo/local_setup.zsh
[73.855s] -- Symlinking: /root/aerostack2_ws/install/as2_platform_gazebo/share/as2_platform_gazebo/local_setup.dsv
[73.866s] -- Symlinking: /root/aerostack2_ws/install/as2_platform_gazebo/share/as2_platform_gazebo/package.dsv
[73.880s] -- Symlinking: /root/aerostack2_ws/install/as2_platform_gazebo/share/ament_index/resource_index/packages/as2_platform_gazebo
[73.892s] -- Symlinking: /root/aerostack2_ws/install/as2_platform_gazebo/share/as2_platform_gazebo/cmake/as2_platform_gazeboConfig.cmake
[73.904s] -- Symlinking: /root/aerostack2_ws/install/as2_platform_gazebo/share/as2_platform_gazebo/cmake/as2_platform_gazeboConfig-version.cmake
[73.917s] -- Symlinking: /root/aerostack2_ws/install/as2_platform_gazebo/share/as2_platform_gazebo/package.xml
[73.930s] -- Installing: /root/aerostack2_ws/install/as2_platform_gazebo/lib/libas2_platform_gazebo.a
[73.936s] Invoked command in '/root/aerostack2_ws/build/as2_platform_gazebo' returned '0': AMENT_PREFIX_PATH=/root/aerostack2_ws/install/as2_gazebo_assets:/root/aerostack2_ws/install/as2_core:/root/aerostack2_ws/install/as2_msgs:${AMENT_PREFIX_PATH} CMAKE_PREFIX_PATH=/root/aerostack2_ws/install/as2_gazebo_assets:/root/aerostack2_ws/install/as2_core:/root/aerostack2_ws/install/as2_msgs:/opt/ros/humble GZ_SIM_RESOURCE_PATH=/root/aerostack2_ws/install/as2_gazebo_assets/share/as2_ign_gazebo_assets/worlds:/root/aerostack2_ws/install/as2_gazebo_assets/share/as2_ign_gazebo_assets/models GZ_SIM_SYSTEM_PLUGIN_PATH=/root/aerostack2_ws/install/as2_gazebo_assets/lib GZ_VERSION=@GZ_VERSION@ LD_LIBRARY_PATH=/root/aerostack2_ws/install/as2_gazebo_assets/lib:/root/aerostack2_ws/install/as2_core/lib:/root/aerostack2_ws/install/as2_msgs/lib:${LD_LIBRARY_PATH} PYTHONPATH=/root/aerostack2_ws/install/as2_gazebo_assets/local/lib/python3.10/dist-packages:/root/aerostack2_ws/install/as2_core/local/lib/python3.10/dist-packages:/root/aerostack2_ws/install/as2_msgs/local/lib/python3.10/dist-packages:${PYTHONPATH} /usr/bin/cmake --install /root/aerostack2_ws/build/as2_platform_gazebo
