[0.050s] Invoking command in '/root/aerostack2_ws/build/as2_behaviors_platform': AMENT_PREFIX_PATH=/root/aerostack2_ws/install/as2_behavior:/root/aerostack2_ws/install/as2_core:/root/aerostack2_ws/install/as2_msgs:${AMENT_PREFIX_PATH} CMAKE_PREFIX_PATH=/root/aerostack2_ws/install/as2_behavior:/root/aerostack2_ws/install/as2_core:/root/aerostack2_ws/install/as2_msgs:/opt/ros/humble LD_LIBRARY_PATH=/root/aerostack2_ws/install/as2_behavior/lib:/root/aerostack2_ws/install/as2_core/lib:/root/aerostack2_ws/install/as2_msgs/lib:${LD_LIBRARY_PATH} PYTHONPATH=/root/aerostack2_ws/install/as2_core/local/lib/python3.10/dist-packages:/root/aerostack2_ws/install/as2_msgs/local/lib/python3.10/dist-packages:${PYTHONPATH} /usr/bin/cmake /root/aerostack2_ws/src/aerostack2/as2_behaviors/as2_behaviors_platform -DAMENT_CMAKE_SYMLINK_INSTALL=1 -DCMAKE_INSTALL_PREFIX=/root/aerostack2_ws/install/as2_behaviors_platform
[0.393s] -- The C compiler identification is GNU 11.4.0
[0.393s] -- The CXX compiler identification is GNU 11.4.0
[0.393s] -- Detecting C compiler ABI info
[0.393s] -- Detecting C compiler ABI info - done
[0.393s] -- Check for working C compiler: /usr/bin/cc - skipped
[0.393s] -- Detecting C compile features
[0.394s] -- Detecting C compile features - done
[0.394s] -- Detecting CXX compiler ABI info
[0.520s] -- Detecting CXX compiler ABI info - done
[0.537s] -- Check for working CXX compiler: /usr/bin/c++ - skipped
[0.537s] -- Detecting CXX compile features
[0.537s] -- Detecting CXX compile features - done
[0.542s] -- Found ament_cmake: 1.3.12 (/opt/ros/humble/share/ament_cmake/cmake)
[0.788s] -- Found Python3: /usr/bin/python3 (found version "3.10.12") found components: Interpreter 
[0.891s] -- Override CMake install command with custom implementation using symlinks instead of copying resources
[0.943s] -- Found rclcpp: 16.0.15 (/opt/ros/humble/share/rclcpp/cmake)
[1.037s] -- Found rosidl_generator_c: 3.1.7 (/opt/ros/humble/share/rosidl_generator_c/cmake)
[1.046s] -- Found rosidl_adapter: 3.1.7 (/opt/ros/humble/share/rosidl_adapter/cmake)
[1.061s] -- Found rosidl_generator_cpp: 3.1.7 (/opt/ros/humble/share/rosidl_generator_cpp/cmake)
[1.085s] -- Using all available rosidl_typesupport_c: rosidl_typesupport_fastrtps_c;rosidl_typesupport_introspection_c
[1.115s] -- Using all available rosidl_typesupport_cpp: rosidl_typesupport_fastrtps_cpp;rosidl_typesupport_introspection_cpp
[1.199s] -- Found rmw_implementation_cmake: 6.1.2 (/opt/ros/humble/share/rmw_implementation_cmake/cmake)
[1.208s] -- Found rmw_fastrtps_cpp: 6.2.9 (/opt/ros/humble/share/rmw_fastrtps_cpp/cmake)
[1.362s] -- Found OpenSSL: /usr/lib/x86_64-linux-gnu/libcrypto.so (found version "3.0.2")  
[1.409s] -- Found FastRTPS: /opt/ros/humble/include  
[1.482s] -- Using RMW implementation 'rmw_fastrtps_cpp' as default
[1.496s] -- Looking for pthread.h
[1.609s] -- Looking for pthread.h - found
[1.613s] -- Performing Test CMAKE_HAVE_LIBC_PTHREAD
[1.733s] -- Performing Test CMAKE_HAVE_LIBC_PTHREAD - Success
[1.737s] -- Found Threads: TRUE  
[1.835s] -- Found rclcpp_action: 16.0.15 (/opt/ros/humble/share/rclcpp_action/cmake)
[1.898s] -- Found as2_behavior: 1.1.3 (/root/aerostack2_ws/install/as2_behavior/share/as2_behavior/cmake)
[1.904s] -- Found std_srvs: 4.9.0 (/opt/ros/humble/share/std_srvs/cmake)
[1.920s] -- Found as2_core: 1.1.3 (/root/aerostack2_ws/install/as2_core/share/as2_core/cmake)
[1.924s] -- Created yaml-cpp::yaml-cpp alias from yaml-cpp target
[1.929s] -- Created GeographicLib::GeographicLib target from legacy variables
[2.166s] -- Found eigen3_cmake_module: 0.1.1 (/opt/ros/humble/share/eigen3_cmake_module/cmake)
[2.167s] -- Found Eigen3: TRUE (found version "3.4.0") 
[2.168s] -- Ensuring Eigen3 include directory is part of orocos-kdl CMake target
[2.408s] -- Found ament_lint_auto: 0.12.14 (/opt/ros/humble/share/ament_lint_auto/cmake)
[2.551s] -- Found gtest sources under '/opt/ros/humble/src/gtest_vendor': C++ tests using 'Google Test' will be built
[2.572s] -- Added test 'copyright' to check source files copyright and LICENSE
[2.572s] -- Added test 'cppcheck' to perform static code analysis on C / C++ code
[2.580s] -- Configured cppcheck include dirs: /root/aerostack2_ws/src/aerostack2/as2_behaviors/as2_behaviors_platform/include;/root/aerostack2_ws/src/aerostack2/as2_behaviors/as2_behaviors_platform/include/as2_behaviors_platform
[2.580s] -- Configured cppcheck exclude dirs and/or files: 
[2.580s] -- Added test 'cpplint' to check C / C++ code against the Google style
[2.580s] -- Configured cpplint exclude dirs and/or files: 
[2.581s] -- Added test 'flake8' to check Python code syntax and style conventions
[2.581s] -- Added test 'lint_cmake' to check CMake code style
[2.581s] -- Added test 'pep257' to check Python code against some of the docstring style conventions in PEP 257
[2.581s] -- Added test 'uncrustify' to check C / C++ code style
[2.581s] -- Configured uncrustify additional arguments: 
[2.584s] -- Added test 'xmllint' to check XML markup files
[2.584s] -- Configuring done
[2.643s] -- Generating done
[2.665s] -- Build files have been written to: /root/aerostack2_ws/build/as2_behaviors_platform
[2.683s] Invoked command in '/root/aerostack2_ws/build/as2_behaviors_platform' returned '0': AMENT_PREFIX_PATH=/root/aerostack2_ws/install/as2_behavior:/root/aerostack2_ws/install/as2_core:/root/aerostack2_ws/install/as2_msgs:${AMENT_PREFIX_PATH} CMAKE_PREFIX_PATH=/root/aerostack2_ws/install/as2_behavior:/root/aerostack2_ws/install/as2_core:/root/aerostack2_ws/install/as2_msgs:/opt/ros/humble LD_LIBRARY_PATH=/root/aerostack2_ws/install/as2_behavior/lib:/root/aerostack2_ws/install/as2_core/lib:/root/aerostack2_ws/install/as2_msgs/lib:${LD_LIBRARY_PATH} PYTHONPATH=/root/aerostack2_ws/install/as2_core/local/lib/python3.10/dist-packages:/root/aerostack2_ws/install/as2_msgs/local/lib/python3.10/dist-packages:${PYTHONPATH} /usr/bin/cmake /root/aerostack2_ws/src/aerostack2/as2_behaviors/as2_behaviors_platform -DAMENT_CMAKE_SYMLINK_INSTALL=1 -DCMAKE_INSTALL_PREFIX=/root/aerostack2_ws/install/as2_behaviors_platform
[2.693s] Invoking command in '/root/aerostack2_ws/build/as2_behaviors_platform': AMENT_PREFIX_PATH=/root/aerostack2_ws/install/as2_behavior:/root/aerostack2_ws/install/as2_core:/root/aerostack2_ws/install/as2_msgs:${AMENT_PREFIX_PATH} CMAKE_PREFIX_PATH=/root/aerostack2_ws/install/as2_behavior:/root/aerostack2_ws/install/as2_core:/root/aerostack2_ws/install/as2_msgs:/opt/ros/humble LD_LIBRARY_PATH=/root/aerostack2_ws/install/as2_behavior/lib:/root/aerostack2_ws/install/as2_core/lib:/root/aerostack2_ws/install/as2_msgs/lib:${LD_LIBRARY_PATH} PYTHONPATH=/root/aerostack2_ws/install/as2_core/local/lib/python3.10/dist-packages:/root/aerostack2_ws/install/as2_msgs/local/lib/python3.10/dist-packages:${PYTHONPATH} /usr/bin/cmake --build /root/aerostack2_ws/build/as2_behaviors_platform -- -j8 -l8
[8.972s] [  7%] [32mBuilding CXX object CMakeFiles/arm_behavior.dir/src/set_arming_state_behavior_main.cpp.o[0m
[13.278s] [ 15%] [32m[1mLinking CXX executable arm_behavior[0m
[13.945s] [ 15%] Built target arm_behavior
[13.979s] [ 23%] [32mBuilding CXX object gtest/CMakeFiles/gtest.dir/src/gtest-all.cc.o[0m
[18.371s] [ 30%] [32m[1mLinking CXX static library libgtest.a[0m
[18.432s] [ 30%] Built target gtest
[18.457s] [ 38%] [32mBuilding CXX object gtest/CMakeFiles/gtest_main.dir/src/gtest_main.cc.o[0m
[19.519s] [ 46%] [32m[1mLinking CXX static library libgtest_main.a[0m
[19.565s] [ 46%] Built target gtest_main
[19.593s] [ 53%] [32mBuilding CXX object CMakeFiles/as2_behaviors_platform.dir/src/set_arming_state_behavior_main.cpp.o[0m
[29.965s] [ 61%] [32mBuilding CXX object CMakeFiles/as2_behaviors_platform.dir/src/set_offboard_mode_behavior_main.cpp.o[0m
[39.325s] [ 69%] [32m[1mLinking CXX static library libas2_behaviors_platform.a[0m
[39.566s] [ 69%] Built target as2_behaviors_platform
[39.594s] [ 76%] [32mBuilding CXX object CMakeFiles/offboard_behavior.dir/src/set_offboard_mode_behavior_main.cpp.o[0m
[49.668s] [ 84%] [32m[1mLinking CXX executable offboard_behavior[0m
[50.279s] [ 84%] Built target offboard_behavior
[50.309s] [ 92%] [32mBuilding CXX object tests/CMakeFiles/as2_behaviors_platform_as2_behaviors_platform_gtest.dir/as2_behaviors_platform_gtest.cpp.o[0m
[64.836s] [100%] [32m[1mLinking CXX executable as2_behaviors_platform_as2_behaviors_platform_gtest[0m
[66.238s] [100%] Built target as2_behaviors_platform_as2_behaviors_platform_gtest
[66.293s] Invoked command in '/root/aerostack2_ws/build/as2_behaviors_platform' returned '0': AMENT_PREFIX_PATH=/root/aerostack2_ws/install/as2_behavior:/root/aerostack2_ws/install/as2_core:/root/aerostack2_ws/install/as2_msgs:${AMENT_PREFIX_PATH} CMAKE_PREFIX_PATH=/root/aerostack2_ws/install/as2_behavior:/root/aerostack2_ws/install/as2_core:/root/aerostack2_ws/install/as2_msgs:/opt/ros/humble LD_LIBRARY_PATH=/root/aerostack2_ws/install/as2_behavior/lib:/root/aerostack2_ws/install/as2_core/lib:/root/aerostack2_ws/install/as2_msgs/lib:${LD_LIBRARY_PATH} PYTHONPATH=/root/aerostack2_ws/install/as2_core/local/lib/python3.10/dist-packages:/root/aerostack2_ws/install/as2_msgs/local/lib/python3.10/dist-packages:${PYTHONPATH} /usr/bin/cmake --build /root/aerostack2_ws/build/as2_behaviors_platform -- -j8 -l8
[66.293s] Invoking command in '/root/aerostack2_ws/build/as2_behaviors_platform': AMENT_PREFIX_PATH=/root/aerostack2_ws/install/as2_behavior:/root/aerostack2_ws/install/as2_core:/root/aerostack2_ws/install/as2_msgs:${AMENT_PREFIX_PATH} CMAKE_PREFIX_PATH=/root/aerostack2_ws/install/as2_behavior:/root/aerostack2_ws/install/as2_core:/root/aerostack2_ws/install/as2_msgs:/opt/ros/humble LD_LIBRARY_PATH=/root/aerostack2_ws/install/as2_behavior/lib:/root/aerostack2_ws/install/as2_core/lib:/root/aerostack2_ws/install/as2_msgs/lib:${LD_LIBRARY_PATH} PYTHONPATH=/root/aerostack2_ws/install/as2_core/local/lib/python3.10/dist-packages:/root/aerostack2_ws/install/as2_msgs/local/lib/python3.10/dist-packages:${PYTHONPATH} /usr/bin/cmake --install /root/aerostack2_ws/build/as2_behaviors_platform
[66.383s] -- Install configuration: ""
[66.383s] -- Execute custom install script
[66.384s] -- Symlinking: /root/aerostack2_ws/install/as2_behaviors_platform/lib/as2_behaviors_platform/arm_behavior
[66.385s] -- Symlinking: /root/aerostack2_ws/install/as2_behaviors_platform/lib/as2_behaviors_platform/offboard_behavior
[66.386s] -- Symlinking: /root/aerostack2_ws/install/as2_behaviors_platform/share/as2_behaviors_platform/launch/as2_platform_behaviors_launch.py
[66.390s] -- Symlinking: /root/aerostack2_ws/install/as2_behaviors_platform/share/as2_behaviors_platform/launch/test.launch.py
[66.421s] -- Symlinking: /root/aerostack2_ws/install/as2_behaviors_platform/share/ament_index/resource_index/package_run_dependencies/as2_behaviors_platform
[66.444s] -- Symlinking: /root/aerostack2_ws/install/as2_behaviors_platform/share/ament_index/resource_index/parent_prefix_path/as2_behaviors_platform
[66.477s] -- Symlinking: /root/aerostack2_ws/install/as2_behaviors_platform/share/as2_behaviors_platform/environment/ament_prefix_path.sh
[66.505s] -- Symlinking: /root/aerostack2_ws/install/as2_behaviors_platform/share/as2_behaviors_platform/environment/ament_prefix_path.dsv
[66.521s] -- Symlinking: /root/aerostack2_ws/install/as2_behaviors_platform/share/as2_behaviors_platform/environment/path.sh
[66.548s] -- Symlinking: /root/aerostack2_ws/install/as2_behaviors_platform/share/as2_behaviors_platform/environment/path.dsv
[66.574s] -- Symlinking: /root/aerostack2_ws/install/as2_behaviors_platform/share/as2_behaviors_platform/local_setup.bash
[66.593s] -- Symlinking: /root/aerostack2_ws/install/as2_behaviors_platform/share/as2_behaviors_platform/local_setup.sh
[66.609s] -- Symlinking: /root/aerostack2_ws/install/as2_behaviors_platform/share/as2_behaviors_platform/local_setup.zsh
[66.628s] -- Symlinking: /root/aerostack2_ws/install/as2_behaviors_platform/share/as2_behaviors_platform/local_setup.dsv
[66.642s] -- Symlinking: /root/aerostack2_ws/install/as2_behaviors_platform/share/as2_behaviors_platform/package.dsv
[66.655s] -- Symlinking: /root/aerostack2_ws/install/as2_behaviors_platform/share/ament_index/resource_index/packages/as2_behaviors_platform
[66.668s] -- Symlinking: /root/aerostack2_ws/install/as2_behaviors_platform/share/as2_behaviors_platform/cmake/as2_behaviors_platformConfig.cmake
[66.682s] -- Symlinking: /root/aerostack2_ws/install/as2_behaviors_platform/share/as2_behaviors_platform/cmake/as2_behaviors_platformConfig-version.cmake
[66.698s] -- Symlinking: /root/aerostack2_ws/install/as2_behaviors_platform/share/as2_behaviors_platform/package.xml
[66.710s] -- Installing: /root/aerostack2_ws/install/as2_behaviors_platform/lib/libas2_behaviors_platform.a
[66.734s] Invoked command in '/root/aerostack2_ws/build/as2_behaviors_platform' returned '0': AMENT_PREFIX_PATH=/root/aerostack2_ws/install/as2_behavior:/root/aerostack2_ws/install/as2_core:/root/aerostack2_ws/install/as2_msgs:${AMENT_PREFIX_PATH} CMAKE_PREFIX_PATH=/root/aerostack2_ws/install/as2_behavior:/root/aerostack2_ws/install/as2_core:/root/aerostack2_ws/install/as2_msgs:/opt/ros/humble LD_LIBRARY_PATH=/root/aerostack2_ws/install/as2_behavior/lib:/root/aerostack2_ws/install/as2_core/lib:/root/aerostack2_ws/install/as2_msgs/lib:${LD_LIBRARY_PATH} PYTHONPATH=/root/aerostack2_ws/install/as2_core/local/lib/python3.10/dist-packages:/root/aerostack2_ws/install/as2_msgs/local/lib/python3.10/dist-packages:${PYTHONPATH} /usr/bin/cmake --install /root/aerostack2_ws/build/as2_behaviors_platform
