[  4%] Built target as2_state_estimator_plugin_base
[ 13%] Built target gtest
[ 21%] Built target gtest_main
[ 30%] Built target as2_state_estimator
[ 39%] Built target raw_odometry
[ 47%] Built target ground_truth
[ 56%] Built target mocap_pose
[ 65%] Built target as2_state_estimator_as2_state_estimator_gtest
[ 82%] Built target ground_truth_odometry_fuse
[ 82%] Built target as2_state_estimator_node
[ 91%] Built target as2_state_estimator_ground_truth_odometry_fuse_gtest
[100%] Built target as2_state_estimator_mocap_gtest
-- Install configuration: "Release"
-- Execute custom install script
-- Up-to-date symlink: /root/aerostack2_ws/install/as2_state_estimator/lib/as2_state_estimator/as2_state_estimator_node
-- Up-to-date symlink: /root/aerostack2_ws/install/as2_state_estimator/include/as2_state_estimator/as2_state_estimator.hpp
-- Up-to-date symlink: /root/aerostack2_ws/install/as2_state_estimator/include/as2_state_estimator/plugin_base.hpp
-- Up-to-date symlink: /root/aerostack2_ws/install/as2_state_estimator/include/raw_odometry.hpp
-- Up-to-date symlink: /root/aerostack2_ws/install/as2_state_estimator/share/as2_state_estimator/environment/library_path.sh
-- Up-to-date symlink: /root/aerostack2_ws/install/as2_state_estimator/share/as2_state_estimator/environment/library_path.dsv
-- Up-to-date symlink: /root/aerostack2_ws/install/as2_state_estimator/include/ground_truth.hpp
-- Up-to-date symlink: /root/aerostack2_ws/install/as2_state_estimator/share/as2_state_estimator/environment/library_path.sh
-- Up-to-date symlink: /root/aerostack2_ws/install/as2_state_estimator/share/as2_state_estimator/environment/library_path.dsv
-- Up-to-date symlink: /root/aerostack2_ws/install/as2_state_estimator/include/mocap_pose.hpp
-- Up-to-date symlink: /root/aerostack2_ws/install/as2_state_estimator/share/as2_state_estimator/environment/library_path.sh
-- Up-to-date symlink: /root/aerostack2_ws/install/as2_state_estimator/share/as2_state_estimator/environment/library_path.dsv
-- Up-to-date symlink: /root/aerostack2_ws/install/as2_state_estimator/include/ground_truth_odometry_fuse.hpp
-- Up-to-date symlink: /root/aerostack2_ws/install/as2_state_estimator/share/as2_state_estimator/environment/library_path.sh
-- Up-to-date symlink: /root/aerostack2_ws/install/as2_state_estimator/share/as2_state_estimator/environment/library_path.dsv
-- Up-to-date symlink: /root/aerostack2_ws/install/as2_state_estimator/share/as2_state_estimator//plugins.xml
-- Up-to-date symlink: /root/aerostack2_ws/install/as2_state_estimator/share/as2_state_estimator/plugins/raw_odometry/config/plugin_default.yaml
-- Up-to-date symlink: /root/aerostack2_ws/install/as2_state_estimator/share/as2_state_estimator/plugins/ground_truth/config/plugin_default.yaml
-- Up-to-date symlink: /root/aerostack2_ws/install/as2_state_estimator/share/as2_state_estimator/plugins/mocap_pose/config/plugin_default.yaml
-- Up-to-date symlink: /root/aerostack2_ws/install/as2_state_estimator/share/as2_state_estimator/plugins/ground_truth_odometry_fuse/config/plugin_default.yaml
-- Up-to-date symlink: /root/aerostack2_ws/install/as2_state_estimator/share/as2_state_estimator/launch/ground_truth_odometry_fuse_state_estimator.launch.py
-- Up-to-date symlink: /root/aerostack2_ws/install/as2_state_estimator/share/as2_state_estimator/launch/ground_truth_state_estimator.launch.py
-- Up-to-date symlink: /root/aerostack2_ws/install/as2_state_estimator/share/as2_state_estimator/launch/mocap_pose_state_estimator.launch.py
-- Up-to-date symlink: /root/aerostack2_ws/install/as2_state_estimator/share/as2_state_estimator/launch/raw_odometry_state_estimator.launch.py
-- Up-to-date symlink: /root/aerostack2_ws/install/as2_state_estimator/share/as2_state_estimator/launch/state_estimator_launch.py
-- Up-to-date symlink: /root/aerostack2_ws/install/as2_state_estimator/share/as2_state_estimator/config/state_estimator_default.yaml
-- Up-to-date symlink: /root/aerostack2_ws/install/as2_state_estimator/share/ament_index/resource_index/package_run_dependencies/as2_state_estimator
-- Up-to-date symlink: /root/aerostack2_ws/install/as2_state_estimator/share/ament_index/resource_index/parent_prefix_path/as2_state_estimator
-- Up-to-date symlink: /root/aerostack2_ws/install/as2_state_estimator/share/as2_state_estimator/environment/ament_prefix_path.sh
-- Up-to-date symlink: /root/aerostack2_ws/install/as2_state_estimator/share/as2_state_estimator/environment/ament_prefix_path.dsv
-- Up-to-date symlink: /root/aerostack2_ws/install/as2_state_estimator/share/as2_state_estimator/environment/path.sh
-- Up-to-date symlink: /root/aerostack2_ws/install/as2_state_estimator/share/as2_state_estimator/environment/path.dsv
-- Up-to-date symlink: /root/aerostack2_ws/install/as2_state_estimator/share/as2_state_estimator/local_setup.bash
-- Up-to-date symlink: /root/aerostack2_ws/install/as2_state_estimator/share/as2_state_estimator/local_setup.sh
-- Up-to-date symlink: /root/aerostack2_ws/install/as2_state_estimator/share/as2_state_estimator/local_setup.zsh
-- Up-to-date symlink: /root/aerostack2_ws/install/as2_state_estimator/share/as2_state_estimator/local_setup.dsv
-- Symlinking: /root/aerostack2_ws/install/as2_state_estimator/share/as2_state_estimator/package.dsv
-- Up-to-date symlink: /root/aerostack2_ws/install/as2_state_estimator/share/ament_index/resource_index/packages/as2_state_estimator
-- Up-to-date symlink: /root/aerostack2_ws/install/as2_state_estimator/share/ament_index/resource_index/as2_state_estimator__pluginlib__plugin/as2_state_estimator
-- Up-to-date symlink: /root/aerostack2_ws/install/as2_state_estimator/share/as2_state_estimator/cmake/as2_state_estimatorConfig.cmake
-- Up-to-date symlink: /root/aerostack2_ws/install/as2_state_estimator/share/as2_state_estimator/cmake/as2_state_estimatorConfig-version.cmake
-- Up-to-date symlink: /root/aerostack2_ws/install/as2_state_estimator/share/as2_state_estimator/package.xml
-- Up-to-date: /root/aerostack2_ws/install/as2_state_estimator/lib/libas2_state_estimator.so
-- Up-to-date: /root/aerostack2_ws/install/as2_state_estimator/lib/libas2_state_estimator_plugin_base.so
-- Up-to-date: /root/aerostack2_ws/install/as2_state_estimator/lib/libraw_odometry.so
-- Up-to-date: /root/aerostack2_ws/install/as2_state_estimator/lib/libground_truth.so
-- Up-to-date: /root/aerostack2_ws/install/as2_state_estimator/lib/libmocap_pose.so
-- Up-to-date: /root/aerostack2_ws/install/as2_state_estimator/lib/libground_truth_odometry_fuse.so
