[35m[1mConsolidate compiler generated dependencies of target offboard_behavior[0m
[35m[1mConsolidate compiler generated dependencies of target arm_behavior[0m
[35m[1mConsolidate compiler generated dependencies of target as2_behaviors_platform[0m
[35m[1mConsolidate compiler generated dependencies of target gtest[0m
[35m[1mConsolidate compiler generated dependencies of target gtest_main[0m
[ 15%] Built target offboard_behavior
[ 30%] Built target gtest
[ 46%] Built target arm_behavior
[ 61%] Built target gtest_main
[ 84%] Built target as2_behaviors_platform
[35m[1mConsolidate compiler generated dependencies of target as2_behaviors_platform_as2_behaviors_platform_gtest[0m
[100%] Built target as2_behaviors_platform_as2_behaviors_platform_gtest
-- Install configuration: "Release"
-- Execute custom install script
-- Up-to-date symlink: /root/aerostack2_ws/install/as2_behaviors_platform/lib/as2_behaviors_platform/arm_behavior
-- Up-to-date symlink: /root/aerostack2_ws/install/as2_behaviors_platform/lib/as2_behaviors_platform/offboard_behavior
-- Up-to-date symlink: /root/aerostack2_ws/install/as2_behaviors_platform/share/as2_behaviors_platform/launch/as2_platform_behaviors_launch.py
-- Up-to-date symlink: /root/aerostack2_ws/install/as2_behaviors_platform/share/as2_behaviors_platform/launch/test.launch.py
-- Up-to-date symlink: /root/aerostack2_ws/install/as2_behaviors_platform/share/ament_index/resource_index/package_run_dependencies/as2_behaviors_platform
-- Up-to-date symlink: /root/aerostack2_ws/install/as2_behaviors_platform/share/ament_index/resource_index/parent_prefix_path/as2_behaviors_platform
-- Up-to-date symlink: /root/aerostack2_ws/install/as2_behaviors_platform/share/as2_behaviors_platform/environment/ament_prefix_path.sh
-- Up-to-date symlink: /root/aerostack2_ws/install/as2_behaviors_platform/share/as2_behaviors_platform/environment/ament_prefix_path.dsv
-- Up-to-date symlink: /root/aerostack2_ws/install/as2_behaviors_platform/share/as2_behaviors_platform/environment/path.sh
-- Up-to-date symlink: /root/aerostack2_ws/install/as2_behaviors_platform/share/as2_behaviors_platform/environment/path.dsv
-- Up-to-date symlink: /root/aerostack2_ws/install/as2_behaviors_platform/share/as2_behaviors_platform/local_setup.bash
-- Up-to-date symlink: /root/aerostack2_ws/install/as2_behaviors_platform/share/as2_behaviors_platform/local_setup.sh
-- Up-to-date symlink: /root/aerostack2_ws/install/as2_behaviors_platform/share/as2_behaviors_platform/local_setup.zsh
-- Up-to-date symlink: /root/aerostack2_ws/install/as2_behaviors_platform/share/as2_behaviors_platform/local_setup.dsv
-- Symlinking: /root/aerostack2_ws/install/as2_behaviors_platform/share/as2_behaviors_platform/package.dsv
-- Up-to-date symlink: /root/aerostack2_ws/install/as2_behaviors_platform/share/ament_index/resource_index/packages/as2_behaviors_platform
-- Up-to-date symlink: /root/aerostack2_ws/install/as2_behaviors_platform/share/as2_behaviors_platform/cmake/as2_behaviors_platformConfig.cmake
-- Up-to-date symlink: /root/aerostack2_ws/install/as2_behaviors_platform/share/as2_behaviors_platform/cmake/as2_behaviors_platformConfig-version.cmake
-- Up-to-date symlink: /root/aerostack2_ws/install/as2_behaviors_platform/share/as2_behaviors_platform/package.xml
-- Up-to-date: /root/aerostack2_ws/install/as2_behaviors_platform/lib/libas2_behaviors_platform.a
