[0.056s] Invoking command in '/root/aerostack2_ws/build/as2_behaviors_motion': CMAKE_PREFIX_PATH=/root/aerostack2_ws/install/as2_motion_reference_handlers:/root/aerostack2_ws/install/as2_behavior:/root/aerostack2_ws/install/as2_core:/root/aerostack2_ws/install/as2_msgs:/root/aerostack2_ws/src/aerostack2/install/as2_motion_reference_handlers:/root/aerostack2_ws/src/aerostack2/install/as2_map_server:/root/aerostack2_ws/src/aerostack2/install/as2_geozones:/root/aerostack2_ws/src/aerostack2/install/as2_behavior:/root/aerostack2_ws/src/aerostack2/install/as2_core:/root/aerostack2_ws/src/aerostack2/install/as2_msgs:/root/aerostack2_ws/src/aerostack2/install/as2_cli:/root/aerostack2_ws/install/aerostack2:/root/aerostack2_ws/install/as2_usb_camera_interface:/root/aerostack2_ws/install/as2_state_estimator:/root/aerostack2_ws/install/as2_rviz_plugins:/root/aerostack2_ws/install/as2_realsense_interface:/root/aerostack2_ws/install/as2_platform_multirotor_simulator:/root/aerostack2_ws/install/as2_platform_gazebo:/root/aerostack2_ws/install/as2_motion_controller:/root/aerostack2_ws/install/as2_behaviors_trajectory_generation:/root/aerostack2_ws/install/as2_behaviors_swarm_flocking:/root/aerostack2_ws/install/as2_behaviors_motion:/root/aerostack2_ws/install/as2_map_server:/root/aerostack2_ws/install/as2_geozones:/root/aerostack2_ws/install/as2_gazebo_assets:/root/aerostack2_ws/install/as2_external_object_to_tf:/root/aerostack2_ws/install/as2_behaviors_platform:/root/aerostack2_ws/install/as2_behaviors_perception:/root/aerostack2_ws/install/as2_behaviors_path_planning:/root/aerostack2_ws/install/as2_behavior_tree:/root/aerostack2_ws/install/as2_alphanumeric_viewer:/root/aerostack2_ws/install/as2_cli:/root/aerostack2_ws/src/aerostack2/install/as2_python_api:/root/aerostack2_ws/install/as2_visualization:/root/aerostack2_ws/install/as2_keyboard_teleoperation:/root/aerostack2_ws/install/as2_python_api:/opt/ros/humble LD_LIBRARY_PATH=/root/aerostack2_ws/install/as2_behavior/lib:/root/aerostack2_ws/install/as2_core/lib:/root/aerostack2_ws/install/as2_msgs/lib:/root/aerostack2_ws/src/aerostack2/install/as2_python_api/lib:/root/aerostack2_ws/src/aerostack2/install/as2_motion_reference_handlers/lib:/root/aerostack2_ws/src/aerostack2/install/as2_map_server/lib:/root/aerostack2_ws/src/aerostack2/install/as2_behavior/lib:/root/aerostack2_ws/src/aerostack2/install/as2_core/lib:/root/aerostack2_ws/src/aerostack2/install/as2_msgs/lib:/root/aerostack2_ws/install/as2_state_estimator/lib:/root/aerostack2_ws/install/as2_python_api/lib:/root/aerostack2_ws/install/as2_motion_controller/lib:/root/aerostack2_ws/install/as2_behaviors_trajectory_generation/lib:/root/aerostack2_ws/install/as2_behaviors_swarm_flocking/lib:/root/aerostack2_ws/install/as2_behaviors_motion/lib:/root/aerostack2_ws/install/as2_motion_reference_handlers/lib:/root/aerostack2_ws/install/as2_map_server/lib:/root/aerostack2_ws/install/as2_gazebo_assets/lib:/root/aerostack2_ws/install/as2_behaviors_perception/lib:/root/aerostack2_ws/install/as2_behaviors_path_planning/lib:/root/aerostack2_ws/install/as2_behavior_tree/lib:/opt/ros/humble/opt/rviz_ogre_vendor/lib:/opt/ros/humble/lib/x86_64-linux-gnu:/opt/ros/humble/lib /usr/bin/cmake /root/aerostack2_ws/src/aerostack2/as2_behaviors/as2_behaviors_motion -DAMENT_CMAKE_SYMLINK_INSTALL=1 -DCMAKE_INSTALL_PREFIX=/root/aerostack2_ws/install/as2_behaviors_motion
[0.088s] -- Found ament_cmake: 1.3.12 (/opt/ros/humble/share/ament_cmake/cmake)
[0.311s] -- Override CMake install command with custom implementation using symlinks instead of copying resources
[0.327s] -- Found ament_cmake_ros: 0.10.0 (/opt/ros/humble/share/ament_cmake_ros/cmake)
[0.327s] -- Found pluginlib: 5.1.2 (/opt/ros/humble/share/pluginlib/cmake)
[0.379s] -- Found rclcpp: 16.0.15 (/opt/ros/humble/share/rclcpp/cmake)
[0.403s] -- Found rosidl_generator_c: 3.1.7 (/opt/ros/humble/share/rosidl_generator_c/cmake)
[0.407s] -- Found rosidl_adapter: 3.1.7 (/opt/ros/humble/share/rosidl_adapter/cmake)
[0.416s] -- Found rosidl_generator_cpp: 3.1.7 (/opt/ros/humble/share/rosidl_generator_cpp/cmake)
[0.433s] -- Using all available rosidl_typesupport_c: rosidl_typesupport_fastrtps_c;rosidl_typesupport_introspection_c
[0.450s] -- Using all available rosidl_typesupport_cpp: rosidl_typesupport_fastrtps_cpp;rosidl_typesupport_introspection_cpp
[0.499s] -- Found rmw_implementation_cmake: 6.1.2 (/opt/ros/humble/share/rmw_implementation_cmake/cmake)
[0.503s] -- Found rmw_fastrtps_cpp: 6.2.9 (/opt/ros/humble/share/rmw_fastrtps_cpp/cmake)
[0.530s] -- Found TinyXML2 via Config file: TinyXML2_DIR-NOTFOUND
[0.541s] -- Found TinyXML2 via Config file: TinyXML2_DIR-NOTFOUND
[0.563s] -- Found TinyXML2 via Config file: TinyXML2_DIR-NOTFOUND
[0.574s] -- Found TinyXML2 via Config file: TinyXML2_DIR-NOTFOUND
[0.591s] -- Using RMW implementation 'rmw_fastrtps_cpp' as default
[0.664s] -- Found rclcpp_action: 16.0.15 (/opt/ros/humble/share/rclcpp_action/cmake)
[0.709s] -- Found as2_core: 1.1.3 (/root/aerostack2_ws/install/as2_core/share/as2_core/cmake)
[0.710s] -- Created yaml-cpp::yaml-cpp alias from yaml-cpp target
[0.711s] -- Created GeographicLib::GeographicLib target from legacy variables
[0.934s] -- Found eigen3_cmake_module: 0.1.1 (/opt/ros/humble/share/eigen3_cmake_module/cmake)
[0.950s] -- Ensuring Eigen3 include directory is part of orocos-kdl CMake target
[1.314s] -- Found as2_behavior: 1.1.3 (/root/aerostack2_ws/install/as2_behavior/share/as2_behavior/cmake)
[1.322s] -- Found as2_motion_reference_handlers: 1.1.3 (/root/aerostack2_ws/install/as2_motion_reference_handlers/share/as2_motion_reference_handlers/cmake)
[1.685s] -- Found ament_lint_auto: 0.12.14 (/opt/ros/humble/share/ament_lint_auto/cmake)
[1.834s] -- Added test 'copyright' to check source files copyright and LICENSE
[1.847s] -- Added test 'cppcheck' to perform static code analysis on C / C++ code
[1.864s] -- Configured cppcheck include dirs: /root/aerostack2_ws/src/aerostack2/as2_behaviors/as2_behaviors_motion/follow_path_behavior/include;/root/aerostack2_ws/src/aerostack2/as2_behaviors/as2_behaviors_motion/follow_path_behavior/include/as2_behaviors_motion;/root/aerostack2_ws/src/aerostack2/as2_behaviors/as2_behaviors_motion/go_to_behavior/include;/root/aerostack2_ws/src/aerostack2/as2_behaviors/as2_behaviors_motion/go_to_behavior/include/as2_behaviors_motion;/root/aerostack2_ws/src/aerostack2/as2_behaviors/as2_behaviors_motion/land_behavior/include;/root/aerostack2_ws/src/aerostack2/as2_behaviors/as2_behaviors_motion/land_behavior/include/as2_behaviors_motion;/root/aerostack2_ws/src/aerostack2/as2_behaviors/as2_behaviors_motion/takeoff_behavior/include;/root/aerostack2_ws/src/aerostack2/as2_behaviors/as2_behaviors_motion/takeoff_behavior/include/as2_behaviors_motion;/root/aerostack2_ws/src/aerostack2/as2_behaviors/as2_behaviors_motion/follow_reference_behavior/include;/root/aerostack2_ws/src/aerostack2/as2_behaviors/as2_behaviors_motion/follow_reference_behavior/include/as2_behaviors_motion;$<BUILD_INTERFACE:/root/aerostack2_ws/src/aerostack2/as2_behaviors/as2_behaviors_motion/include>
[1.864s] -- Configured cppcheck exclude dirs and/or files: 
[1.882s] -- Added test 'cpplint' to check C / C++ code against the Google style
[1.882s] -- Configured cpplint exclude dirs and/or files: 
[1.885s] -- Added test 'flake8' to check Python code syntax and style conventions
[1.891s] -- Added test 'lint_cmake' to check CMake code style
[1.892s] -- Added test 'pep257' to check Python code against some of the docstring style conventions in PEP 257
[1.905s] -- Added test 'uncrustify' to check C / C++ code style
[1.906s] -- Configured uncrustify additional arguments: 
[1.906s] -- Added test 'xmllint' to check XML markup files
[1.909s] -- Configuring done
[2.255s] -- Generating done
[2.389s] -- Build files have been written to: /root/aerostack2_ws/build/as2_behaviors_motion
[2.410s] Invoked command in '/root/aerostack2_ws/build/as2_behaviors_motion' returned '0': CMAKE_PREFIX_PATH=/root/aerostack2_ws/install/as2_motion_reference_handlers:/root/aerostack2_ws/install/as2_behavior:/root/aerostack2_ws/install/as2_core:/root/aerostack2_ws/install/as2_msgs:/root/aerostack2_ws/src/aerostack2/install/as2_motion_reference_handlers:/root/aerostack2_ws/src/aerostack2/install/as2_map_server:/root/aerostack2_ws/src/aerostack2/install/as2_geozones:/root/aerostack2_ws/src/aerostack2/install/as2_behavior:/root/aerostack2_ws/src/aerostack2/install/as2_core:/root/aerostack2_ws/src/aerostack2/install/as2_msgs:/root/aerostack2_ws/src/aerostack2/install/as2_cli:/root/aerostack2_ws/install/aerostack2:/root/aerostack2_ws/install/as2_usb_camera_interface:/root/aerostack2_ws/install/as2_state_estimator:/root/aerostack2_ws/install/as2_rviz_plugins:/root/aerostack2_ws/install/as2_realsense_interface:/root/aerostack2_ws/install/as2_platform_multirotor_simulator:/root/aerostack2_ws/install/as2_platform_gazebo:/root/aerostack2_ws/install/as2_motion_controller:/root/aerostack2_ws/install/as2_behaviors_trajectory_generation:/root/aerostack2_ws/install/as2_behaviors_swarm_flocking:/root/aerostack2_ws/install/as2_behaviors_motion:/root/aerostack2_ws/install/as2_map_server:/root/aerostack2_ws/install/as2_geozones:/root/aerostack2_ws/install/as2_gazebo_assets:/root/aerostack2_ws/install/as2_external_object_to_tf:/root/aerostack2_ws/install/as2_behaviors_platform:/root/aerostack2_ws/install/as2_behaviors_perception:/root/aerostack2_ws/install/as2_behaviors_path_planning:/root/aerostack2_ws/install/as2_behavior_tree:/root/aerostack2_ws/install/as2_alphanumeric_viewer:/root/aerostack2_ws/install/as2_cli:/root/aerostack2_ws/src/aerostack2/install/as2_python_api:/root/aerostack2_ws/install/as2_visualization:/root/aerostack2_ws/install/as2_keyboard_teleoperation:/root/aerostack2_ws/install/as2_python_api:/opt/ros/humble LD_LIBRARY_PATH=/root/aerostack2_ws/install/as2_behavior/lib:/root/aerostack2_ws/install/as2_core/lib:/root/aerostack2_ws/install/as2_msgs/lib:/root/aerostack2_ws/src/aerostack2/install/as2_python_api/lib:/root/aerostack2_ws/src/aerostack2/install/as2_motion_reference_handlers/lib:/root/aerostack2_ws/src/aerostack2/install/as2_map_server/lib:/root/aerostack2_ws/src/aerostack2/install/as2_behavior/lib:/root/aerostack2_ws/src/aerostack2/install/as2_core/lib:/root/aerostack2_ws/src/aerostack2/install/as2_msgs/lib:/root/aerostack2_ws/install/as2_state_estimator/lib:/root/aerostack2_ws/install/as2_python_api/lib:/root/aerostack2_ws/install/as2_motion_controller/lib:/root/aerostack2_ws/install/as2_behaviors_trajectory_generation/lib:/root/aerostack2_ws/install/as2_behaviors_swarm_flocking/lib:/root/aerostack2_ws/install/as2_behaviors_motion/lib:/root/aerostack2_ws/install/as2_motion_reference_handlers/lib:/root/aerostack2_ws/install/as2_map_server/lib:/root/aerostack2_ws/install/as2_gazebo_assets/lib:/root/aerostack2_ws/install/as2_behaviors_perception/lib:/root/aerostack2_ws/install/as2_behaviors_path_planning/lib:/root/aerostack2_ws/install/as2_behavior_tree/lib:/opt/ros/humble/opt/rviz_ogre_vendor/lib:/opt/ros/humble/lib/x86_64-linux-gnu:/opt/ros/humble/lib /usr/bin/cmake /root/aerostack2_ws/src/aerostack2/as2_behaviors/as2_behaviors_motion -DAMENT_CMAKE_SYMLINK_INSTALL=1 -DCMAKE_INSTALL_PREFIX=/root/aerostack2_ws/install/as2_behaviors_motion
[2.410s] Invoking command in '/root/aerostack2_ws/build/as2_behaviors_motion': CMAKE_PREFIX_PATH=/root/aerostack2_ws/install/as2_motion_reference_handlers:/root/aerostack2_ws/install/as2_behavior:/root/aerostack2_ws/install/as2_core:/root/aerostack2_ws/install/as2_msgs:/root/aerostack2_ws/src/aerostack2/install/as2_motion_reference_handlers:/root/aerostack2_ws/src/aerostack2/install/as2_map_server:/root/aerostack2_ws/src/aerostack2/install/as2_geozones:/root/aerostack2_ws/src/aerostack2/install/as2_behavior:/root/aerostack2_ws/src/aerostack2/install/as2_core:/root/aerostack2_ws/src/aerostack2/install/as2_msgs:/root/aerostack2_ws/src/aerostack2/install/as2_cli:/root/aerostack2_ws/install/aerostack2:/root/aerostack2_ws/install/as2_usb_camera_interface:/root/aerostack2_ws/install/as2_state_estimator:/root/aerostack2_ws/install/as2_rviz_plugins:/root/aerostack2_ws/install/as2_realsense_interface:/root/aerostack2_ws/install/as2_platform_multirotor_simulator:/root/aerostack2_ws/install/as2_platform_gazebo:/root/aerostack2_ws/install/as2_motion_controller:/root/aerostack2_ws/install/as2_behaviors_trajectory_generation:/root/aerostack2_ws/install/as2_behaviors_swarm_flocking:/root/aerostack2_ws/install/as2_behaviors_motion:/root/aerostack2_ws/install/as2_map_server:/root/aerostack2_ws/install/as2_geozones:/root/aerostack2_ws/install/as2_gazebo_assets:/root/aerostack2_ws/install/as2_external_object_to_tf:/root/aerostack2_ws/install/as2_behaviors_platform:/root/aerostack2_ws/install/as2_behaviors_perception:/root/aerostack2_ws/install/as2_behaviors_path_planning:/root/aerostack2_ws/install/as2_behavior_tree:/root/aerostack2_ws/install/as2_alphanumeric_viewer:/root/aerostack2_ws/install/as2_cli:/root/aerostack2_ws/src/aerostack2/install/as2_python_api:/root/aerostack2_ws/install/as2_visualization:/root/aerostack2_ws/install/as2_keyboard_teleoperation:/root/aerostack2_ws/install/as2_python_api:/opt/ros/humble LD_LIBRARY_PATH=/root/aerostack2_ws/install/as2_behavior/lib:/root/aerostack2_ws/install/as2_core/lib:/root/aerostack2_ws/install/as2_msgs/lib:/root/aerostack2_ws/src/aerostack2/install/as2_python_api/lib:/root/aerostack2_ws/src/aerostack2/install/as2_motion_reference_handlers/lib:/root/aerostack2_ws/src/aerostack2/install/as2_map_server/lib:/root/aerostack2_ws/src/aerostack2/install/as2_behavior/lib:/root/aerostack2_ws/src/aerostack2/install/as2_core/lib:/root/aerostack2_ws/src/aerostack2/install/as2_msgs/lib:/root/aerostack2_ws/install/as2_state_estimator/lib:/root/aerostack2_ws/install/as2_python_api/lib:/root/aerostack2_ws/install/as2_motion_controller/lib:/root/aerostack2_ws/install/as2_behaviors_trajectory_generation/lib:/root/aerostack2_ws/install/as2_behaviors_swarm_flocking/lib:/root/aerostack2_ws/install/as2_behaviors_motion/lib:/root/aerostack2_ws/install/as2_motion_reference_handlers/lib:/root/aerostack2_ws/install/as2_map_server/lib:/root/aerostack2_ws/install/as2_gazebo_assets/lib:/root/aerostack2_ws/install/as2_behaviors_perception/lib:/root/aerostack2_ws/install/as2_behaviors_path_planning/lib:/root/aerostack2_ws/install/as2_behavior_tree/lib:/opt/ros/humble/opt/rviz_ogre_vendor/lib:/opt/ros/humble/lib/x86_64-linux-gnu:/opt/ros/humble/lib /usr/bin/cmake --build /root/aerostack2_ws/build/as2_behaviors_motion -- -j8 -l8
[2.536s] [35m[1mConsolidate compiler generated dependencies of target go_to_behavior_node[0m
[2.546s] [35m[1mConsolidate compiler generated dependencies of target takeoff_component[0m
[2.558s] [35m[1mConsolidate compiler generated dependencies of target land_component[0m
[2.561s] [35m[1mConsolidate compiler generated dependencies of target follow_path_behavior_node[0m
[2.573s] [35m[1mConsolidate compiler generated dependencies of target land_behavior_node[0m
[2.576s] [35m[1mConsolidate compiler generated dependencies of target follow_reference_behavior_node[0m
[2.582s] [35m[1mConsolidate compiler generated dependencies of target takeoff_behavior_node[0m
[2.614s] [35m[1mConsolidate compiler generated dependencies of target as2_behaviors_motion[0m
[2.626s] [  2%] [32m[1mLinking CXX executable go_to_behavior_node[0m
[2.643s] [  5%] [32m[1mLinking CXX shared library libtakeoff_component.so[0m
[2.711s] [  8%] [32m[1mLinking CXX executable land_behavior_node[0m
[2.732s] [ 10%] [32m[1mLinking CXX executable takeoff_behavior_node[0m
[2.732s] [ 13%] [32m[1mLinking CXX shared library libland_component.so[0m
[2.742s] [ 16%] [32m[1mLinking CXX executable follow_reference_behavior_node[0m
[2.751s] [ 18%] [32m[1mLinking CXX executable follow_path_behavior_node[0m
[2.892s] [ 21%] [32m[1mLinking CXX shared library libas2_behaviors_motion.so[0m
[4.253s] [ 24%] Built target takeoff_component
[4.445s] [35m[1mConsolidate compiler generated dependencies of target go_to_component[0m
[4.676s] [ 27%] [32m[1mLinking CXX shared library libgo_to_component.so[0m
[5.189s] [ 29%] Built target land_component
[5.233s] [35m[1mConsolidate compiler generated dependencies of target follow_path_component[0m
[5.328s] [ 35%] Built target follow_reference_behavior_node
[5.354s] [ 37%] [32m[1mLinking CXX shared library libfollow_path_component.so[0m
[5.375s] [ 43%] Built target go_to_behavior_node
[5.399s] [35m[1mConsolidate compiler generated dependencies of target follow_reference_component[0m
[5.517s] [ 45%] [32m[1mLinking CXX shared library libfollow_reference_component.so[0m
[5.613s] [ 75%] Built target as2_behaviors_motion
[5.690s] [ 81%] Built target land_behavior_node
[5.795s] [ 86%] Built target follow_path_behavior_node
[5.801s] [ 91%] Built target takeoff_behavior_node
[5.866s] [ 94%] Built target go_to_component
[6.855s] [ 97%] Built target follow_reference_component
[6.875s] [100%] Built target follow_path_component
[6.912s] Invoked command in '/root/aerostack2_ws/build/as2_behaviors_motion' returned '0': CMAKE_PREFIX_PATH=/root/aerostack2_ws/install/as2_motion_reference_handlers:/root/aerostack2_ws/install/as2_behavior:/root/aerostack2_ws/install/as2_core:/root/aerostack2_ws/install/as2_msgs:/root/aerostack2_ws/src/aerostack2/install/as2_motion_reference_handlers:/root/aerostack2_ws/src/aerostack2/install/as2_map_server:/root/aerostack2_ws/src/aerostack2/install/as2_geozones:/root/aerostack2_ws/src/aerostack2/install/as2_behavior:/root/aerostack2_ws/src/aerostack2/install/as2_core:/root/aerostack2_ws/src/aerostack2/install/as2_msgs:/root/aerostack2_ws/src/aerostack2/install/as2_cli:/root/aerostack2_ws/install/aerostack2:/root/aerostack2_ws/install/as2_usb_camera_interface:/root/aerostack2_ws/install/as2_state_estimator:/root/aerostack2_ws/install/as2_rviz_plugins:/root/aerostack2_ws/install/as2_realsense_interface:/root/aerostack2_ws/install/as2_platform_multirotor_simulator:/root/aerostack2_ws/install/as2_platform_gazebo:/root/aerostack2_ws/install/as2_motion_controller:/root/aerostack2_ws/install/as2_behaviors_trajectory_generation:/root/aerostack2_ws/install/as2_behaviors_swarm_flocking:/root/aerostack2_ws/install/as2_behaviors_motion:/root/aerostack2_ws/install/as2_map_server:/root/aerostack2_ws/install/as2_geozones:/root/aerostack2_ws/install/as2_gazebo_assets:/root/aerostack2_ws/install/as2_external_object_to_tf:/root/aerostack2_ws/install/as2_behaviors_platform:/root/aerostack2_ws/install/as2_behaviors_perception:/root/aerostack2_ws/install/as2_behaviors_path_planning:/root/aerostack2_ws/install/as2_behavior_tree:/root/aerostack2_ws/install/as2_alphanumeric_viewer:/root/aerostack2_ws/install/as2_cli:/root/aerostack2_ws/src/aerostack2/install/as2_python_api:/root/aerostack2_ws/install/as2_visualization:/root/aerostack2_ws/install/as2_keyboard_teleoperation:/root/aerostack2_ws/install/as2_python_api:/opt/ros/humble LD_LIBRARY_PATH=/root/aerostack2_ws/install/as2_behavior/lib:/root/aerostack2_ws/install/as2_core/lib:/root/aerostack2_ws/install/as2_msgs/lib:/root/aerostack2_ws/src/aerostack2/install/as2_python_api/lib:/root/aerostack2_ws/src/aerostack2/install/as2_motion_reference_handlers/lib:/root/aerostack2_ws/src/aerostack2/install/as2_map_server/lib:/root/aerostack2_ws/src/aerostack2/install/as2_behavior/lib:/root/aerostack2_ws/src/aerostack2/install/as2_core/lib:/root/aerostack2_ws/src/aerostack2/install/as2_msgs/lib:/root/aerostack2_ws/install/as2_state_estimator/lib:/root/aerostack2_ws/install/as2_python_api/lib:/root/aerostack2_ws/install/as2_motion_controller/lib:/root/aerostack2_ws/install/as2_behaviors_trajectory_generation/lib:/root/aerostack2_ws/install/as2_behaviors_swarm_flocking/lib:/root/aerostack2_ws/install/as2_behaviors_motion/lib:/root/aerostack2_ws/install/as2_motion_reference_handlers/lib:/root/aerostack2_ws/install/as2_map_server/lib:/root/aerostack2_ws/install/as2_gazebo_assets/lib:/root/aerostack2_ws/install/as2_behaviors_perception/lib:/root/aerostack2_ws/install/as2_behaviors_path_planning/lib:/root/aerostack2_ws/install/as2_behavior_tree/lib:/opt/ros/humble/opt/rviz_ogre_vendor/lib:/opt/ros/humble/lib/x86_64-linux-gnu:/opt/ros/humble/lib /usr/bin/cmake --build /root/aerostack2_ws/build/as2_behaviors_motion -- -j8 -l8
[6.916s] Invoking command in '/root/aerostack2_ws/build/as2_behaviors_motion': CMAKE_PREFIX_PATH=/root/aerostack2_ws/install/as2_motion_reference_handlers:/root/aerostack2_ws/install/as2_behavior:/root/aerostack2_ws/install/as2_core:/root/aerostack2_ws/install/as2_msgs:/root/aerostack2_ws/src/aerostack2/install/as2_motion_reference_handlers:/root/aerostack2_ws/src/aerostack2/install/as2_map_server:/root/aerostack2_ws/src/aerostack2/install/as2_geozones:/root/aerostack2_ws/src/aerostack2/install/as2_behavior:/root/aerostack2_ws/src/aerostack2/install/as2_core:/root/aerostack2_ws/src/aerostack2/install/as2_msgs:/root/aerostack2_ws/src/aerostack2/install/as2_cli:/root/aerostack2_ws/install/aerostack2:/root/aerostack2_ws/install/as2_usb_camera_interface:/root/aerostack2_ws/install/as2_state_estimator:/root/aerostack2_ws/install/as2_rviz_plugins:/root/aerostack2_ws/install/as2_realsense_interface:/root/aerostack2_ws/install/as2_platform_multirotor_simulator:/root/aerostack2_ws/install/as2_platform_gazebo:/root/aerostack2_ws/install/as2_motion_controller:/root/aerostack2_ws/install/as2_behaviors_trajectory_generation:/root/aerostack2_ws/install/as2_behaviors_swarm_flocking:/root/aerostack2_ws/install/as2_behaviors_motion:/root/aerostack2_ws/install/as2_map_server:/root/aerostack2_ws/install/as2_geozones:/root/aerostack2_ws/install/as2_gazebo_assets:/root/aerostack2_ws/install/as2_external_object_to_tf:/root/aerostack2_ws/install/as2_behaviors_platform:/root/aerostack2_ws/install/as2_behaviors_perception:/root/aerostack2_ws/install/as2_behaviors_path_planning:/root/aerostack2_ws/install/as2_behavior_tree:/root/aerostack2_ws/install/as2_alphanumeric_viewer:/root/aerostack2_ws/install/as2_cli:/root/aerostack2_ws/src/aerostack2/install/as2_python_api:/root/aerostack2_ws/install/as2_visualization:/root/aerostack2_ws/install/as2_keyboard_teleoperation:/root/aerostack2_ws/install/as2_python_api:/opt/ros/humble LD_LIBRARY_PATH=/root/aerostack2_ws/install/as2_behavior/lib:/root/aerostack2_ws/install/as2_core/lib:/root/aerostack2_ws/install/as2_msgs/lib:/root/aerostack2_ws/src/aerostack2/install/as2_python_api/lib:/root/aerostack2_ws/src/aerostack2/install/as2_motion_reference_handlers/lib:/root/aerostack2_ws/src/aerostack2/install/as2_map_server/lib:/root/aerostack2_ws/src/aerostack2/install/as2_behavior/lib:/root/aerostack2_ws/src/aerostack2/install/as2_core/lib:/root/aerostack2_ws/src/aerostack2/install/as2_msgs/lib:/root/aerostack2_ws/install/as2_state_estimator/lib:/root/aerostack2_ws/install/as2_python_api/lib:/root/aerostack2_ws/install/as2_motion_controller/lib:/root/aerostack2_ws/install/as2_behaviors_trajectory_generation/lib:/root/aerostack2_ws/install/as2_behaviors_swarm_flocking/lib:/root/aerostack2_ws/install/as2_behaviors_motion/lib:/root/aerostack2_ws/install/as2_motion_reference_handlers/lib:/root/aerostack2_ws/install/as2_map_server/lib:/root/aerostack2_ws/install/as2_gazebo_assets/lib:/root/aerostack2_ws/install/as2_behaviors_perception/lib:/root/aerostack2_ws/install/as2_behaviors_path_planning/lib:/root/aerostack2_ws/install/as2_behavior_tree/lib:/opt/ros/humble/opt/rviz_ogre_vendor/lib:/opt/ros/humble/lib/x86_64-linux-gnu:/opt/ros/humble/lib /usr/bin/cmake --install /root/aerostack2_ws/build/as2_behaviors_motion
[6.964s] -- Install configuration: "Release"
[6.964s] -- Execute custom install script
[6.964s] -- Up-to-date symlink: /root/aerostack2_ws/install/as2_behaviors_motion/share/as2_behaviors_motion//plugins.xml
[6.964s] -- Up-to-date symlink: /root/aerostack2_ws/install/as2_behaviors_motion/share/as2_behaviors_motion/environment/library_path.sh
[6.964s] -- Up-to-date symlink: /root/aerostack2_ws/install/as2_behaviors_motion/share/as2_behaviors_motion/environment/library_path.dsv
[6.965s] -- Up-to-date symlink: /root/aerostack2_ws/install/as2_behaviors_motion/lib/as2_behaviors_motion/follow_path_behavior_node
[6.965s] -- Up-to-date symlink: /root/aerostack2_ws/install/as2_behaviors_motion/include/follow_path_behavior/follow_path_base.hpp
[6.965s] -- Up-to-date symlink: /root/aerostack2_ws/install/as2_behaviors_motion/include/follow_path_behavior/follow_path_behavior.hpp
[6.965s] -- Up-to-date symlink: /root/aerostack2_ws/install/as2_behaviors_motion/share/as2_behaviors_motion/follow_path_behavior/config//config_default.yaml
[6.965s] -- Up-to-date symlink: /root/aerostack2_ws/install/as2_behaviors_motion/lib/as2_behaviors_motion/go_to_behavior_node
[6.965s] -- Up-to-date symlink: /root/aerostack2_ws/install/as2_behaviors_motion/include/go_to_behavior/go_to_base.hpp
[6.965s] -- Up-to-date symlink: /root/aerostack2_ws/install/as2_behaviors_motion/include/go_to_behavior/go_to_behavior.hpp
[6.965s] -- Up-to-date symlink: /root/aerostack2_ws/install/as2_behaviors_motion/share/as2_behaviors_motion/go_to_behavior/config//config_default.yaml
[6.965s] -- Up-to-date symlink: /root/aerostack2_ws/install/as2_behaviors_motion/lib/as2_behaviors_motion/land_behavior_node
[6.965s] -- Up-to-date symlink: /root/aerostack2_ws/install/as2_behaviors_motion/include/land_behavior/land_base.hpp
[6.965s] -- Up-to-date symlink: /root/aerostack2_ws/install/as2_behaviors_motion/include/land_behavior/land_behavior.hpp
[6.965s] -- Up-to-date symlink: /root/aerostack2_ws/install/as2_behaviors_motion/share/as2_behaviors_motion/land_behavior/config//config_default.yaml
[6.966s] -- Up-to-date symlink: /root/aerostack2_ws/install/as2_behaviors_motion/lib/as2_behaviors_motion/takeoff_behavior_node
[6.966s] -- Up-to-date symlink: /root/aerostack2_ws/install/as2_behaviors_motion/include/takeoff_behavior/takeoff_base.hpp
[6.966s] -- Up-to-date symlink: /root/aerostack2_ws/install/as2_behaviors_motion/include/takeoff_behavior/takeoff_behavior.hpp
[6.966s] -- Up-to-date symlink: /root/aerostack2_ws/install/as2_behaviors_motion/share/as2_behaviors_motion/takeoff_behavior/config//config_default.yaml
[6.966s] -- Up-to-date symlink: /root/aerostack2_ws/install/as2_behaviors_motion/lib/as2_behaviors_motion/follow_reference_behavior_node
[6.966s] -- Up-to-date symlink: /root/aerostack2_ws/install/as2_behaviors_motion/include/follow_reference_behavior/follow_reference_behavior.hpp
[6.966s] -- Up-to-date symlink: /root/aerostack2_ws/install/as2_behaviors_motion/share/as2_behaviors_motion/follow_reference_behavior/config//config_default.yaml
[6.966s] -- Up-to-date symlink: /root/aerostack2_ws/install/as2_behaviors_motion/lib/libtakeoff_component.so
[6.966s] -- Up-to-date symlink: /root/aerostack2_ws/install/as2_behaviors_motion/lib/libland_component.so
[6.966s] -- Up-to-date symlink: /root/aerostack2_ws/install/as2_behaviors_motion/lib/libgo_to_component.so
[6.966s] -- Up-to-date symlink: /root/aerostack2_ws/install/as2_behaviors_motion/lib/libfollow_path_component.so
[6.966s] -- Up-to-date symlink: /root/aerostack2_ws/install/as2_behaviors_motion/lib/libfollow_reference_component.so
[6.966s] -- Up-to-date symlink: /root/aerostack2_ws/install/as2_behaviors_motion/share/as2_behaviors_motion/launch/composable_follow_reference.launch.py
[6.967s] -- Up-to-date symlink: /root/aerostack2_ws/install/as2_behaviors_motion/share/as2_behaviors_motion/launch/composable_motion_behaviors.launch.py
[6.967s] -- Up-to-date symlink: /root/aerostack2_ws/install/as2_behaviors_motion/share/as2_behaviors_motion/launch/follow_path_behavior_launch.py
[6.967s] -- Up-to-date symlink: /root/aerostack2_ws/install/as2_behaviors_motion/share/as2_behaviors_motion/launch/follow_reference_behavior_launch.py
[6.967s] -- Up-to-date symlink: /root/aerostack2_ws/install/as2_behaviors_motion/share/as2_behaviors_motion/launch/go_to_behavior_launch.py
[6.967s] -- Up-to-date symlink: /root/aerostack2_ws/install/as2_behaviors_motion/share/as2_behaviors_motion/launch/land_behavior_launch.py
[6.967s] -- Up-to-date symlink: /root/aerostack2_ws/install/as2_behaviors_motion/share/as2_behaviors_motion/launch/motion_behaviors_launch.py
[6.967s] -- Up-to-date symlink: /root/aerostack2_ws/install/as2_behaviors_motion/share/as2_behaviors_motion/launch/takeoff_behavior_launch.py
[6.967s] -- Up-to-date symlink: /root/aerostack2_ws/install/as2_behaviors_motion/share/ament_index/resource_index/package_run_dependencies/as2_behaviors_motion
[6.967s] -- Up-to-date symlink: /root/aerostack2_ws/install/as2_behaviors_motion/share/ament_index/resource_index/parent_prefix_path/as2_behaviors_motion
[6.967s] -- Up-to-date symlink: /root/aerostack2_ws/install/as2_behaviors_motion/share/as2_behaviors_motion/environment/ament_prefix_path.sh
[6.967s] -- Up-to-date symlink: /root/aerostack2_ws/install/as2_behaviors_motion/share/as2_behaviors_motion/environment/ament_prefix_path.dsv
[6.967s] -- Up-to-date symlink: /root/aerostack2_ws/install/as2_behaviors_motion/share/as2_behaviors_motion/environment/path.sh
[6.967s] -- Up-to-date symlink: /root/aerostack2_ws/install/as2_behaviors_motion/share/as2_behaviors_motion/environment/path.dsv
[6.968s] -- Up-to-date symlink: /root/aerostack2_ws/install/as2_behaviors_motion/share/as2_behaviors_motion/local_setup.bash
[6.968s] -- Up-to-date symlink: /root/aerostack2_ws/install/as2_behaviors_motion/share/as2_behaviors_motion/local_setup.sh
[6.968s] -- Up-to-date symlink: /root/aerostack2_ws/install/as2_behaviors_motion/share/as2_behaviors_motion/local_setup.zsh
[6.968s] -- Up-to-date symlink: /root/aerostack2_ws/install/as2_behaviors_motion/share/as2_behaviors_motion/local_setup.dsv
[6.968s] -- Symlinking: /root/aerostack2_ws/install/as2_behaviors_motion/share/as2_behaviors_motion/package.dsv
[6.968s] -- Up-to-date symlink: /root/aerostack2_ws/install/as2_behaviors_motion/share/ament_index/resource_index/packages/as2_behaviors_motion
[6.968s] -- Up-to-date symlink: /root/aerostack2_ws/install/as2_behaviors_motion/share/ament_index/resource_index/as2_behaviors_motion__pluginlib__plugin/as2_behaviors_motion
[6.969s] -- Up-to-date symlink: /root/aerostack2_ws/install/as2_behaviors_motion/share/ament_index/resource_index/rclcpp_components/as2_behaviors_motion
[6.969s] -- Up-to-date symlink: /root/aerostack2_ws/install/as2_behaviors_motion/share/as2_behaviors_motion/cmake/ament_cmake_export_libraries-extras.cmake
[6.969s] -- Up-to-date symlink: /root/aerostack2_ws/install/as2_behaviors_motion/share/as2_behaviors_motion/cmake/ament_cmake_export_targets-extras.cmake
[6.970s] -- Up-to-date symlink: /root/aerostack2_ws/install/as2_behaviors_motion/share/as2_behaviors_motion/cmake/ament_cmake_export_include_directories-extras.cmake
[6.970s] -- Up-to-date symlink: /root/aerostack2_ws/install/as2_behaviors_motion/share/as2_behaviors_motion/cmake/as2_behaviors_motionConfig.cmake
[6.970s] -- Up-to-date symlink: /root/aerostack2_ws/install/as2_behaviors_motion/share/as2_behaviors_motion/cmake/as2_behaviors_motionConfig-version.cmake
[6.970s] -- Up-to-date symlink: /root/aerostack2_ws/install/as2_behaviors_motion/share/as2_behaviors_motion/package.xml
[6.970s] -- Installing: /root/aerostack2_ws/install/as2_behaviors_motion/lib/libas2_behaviors_motion.so
[6.972s] -- Set runtime path of "/root/aerostack2_ws/install/as2_behaviors_motion/lib/libas2_behaviors_motion.so" to ""
[6.972s] -- Up-to-date: /root/aerostack2_ws/install/as2_behaviors_motion/share/as2_behaviors_motion/cmake/export_as2_behaviors_motionExport.cmake
[6.972s] -- Up-to-date: /root/aerostack2_ws/install/as2_behaviors_motion/share/as2_behaviors_motion/cmake/export_as2_behaviors_motionExport-release.cmake
[6.989s] Invoked command in '/root/aerostack2_ws/build/as2_behaviors_motion' returned '0': CMAKE_PREFIX_PATH=/root/aerostack2_ws/install/as2_motion_reference_handlers:/root/aerostack2_ws/install/as2_behavior:/root/aerostack2_ws/install/as2_core:/root/aerostack2_ws/install/as2_msgs:/root/aerostack2_ws/src/aerostack2/install/as2_motion_reference_handlers:/root/aerostack2_ws/src/aerostack2/install/as2_map_server:/root/aerostack2_ws/src/aerostack2/install/as2_geozones:/root/aerostack2_ws/src/aerostack2/install/as2_behavior:/root/aerostack2_ws/src/aerostack2/install/as2_core:/root/aerostack2_ws/src/aerostack2/install/as2_msgs:/root/aerostack2_ws/src/aerostack2/install/as2_cli:/root/aerostack2_ws/install/aerostack2:/root/aerostack2_ws/install/as2_usb_camera_interface:/root/aerostack2_ws/install/as2_state_estimator:/root/aerostack2_ws/install/as2_rviz_plugins:/root/aerostack2_ws/install/as2_realsense_interface:/root/aerostack2_ws/install/as2_platform_multirotor_simulator:/root/aerostack2_ws/install/as2_platform_gazebo:/root/aerostack2_ws/install/as2_motion_controller:/root/aerostack2_ws/install/as2_behaviors_trajectory_generation:/root/aerostack2_ws/install/as2_behaviors_swarm_flocking:/root/aerostack2_ws/install/as2_behaviors_motion:/root/aerostack2_ws/install/as2_map_server:/root/aerostack2_ws/install/as2_geozones:/root/aerostack2_ws/install/as2_gazebo_assets:/root/aerostack2_ws/install/as2_external_object_to_tf:/root/aerostack2_ws/install/as2_behaviors_platform:/root/aerostack2_ws/install/as2_behaviors_perception:/root/aerostack2_ws/install/as2_behaviors_path_planning:/root/aerostack2_ws/install/as2_behavior_tree:/root/aerostack2_ws/install/as2_alphanumeric_viewer:/root/aerostack2_ws/install/as2_cli:/root/aerostack2_ws/src/aerostack2/install/as2_python_api:/root/aerostack2_ws/install/as2_visualization:/root/aerostack2_ws/install/as2_keyboard_teleoperation:/root/aerostack2_ws/install/as2_python_api:/opt/ros/humble LD_LIBRARY_PATH=/root/aerostack2_ws/install/as2_behavior/lib:/root/aerostack2_ws/install/as2_core/lib:/root/aerostack2_ws/install/as2_msgs/lib:/root/aerostack2_ws/src/aerostack2/install/as2_python_api/lib:/root/aerostack2_ws/src/aerostack2/install/as2_motion_reference_handlers/lib:/root/aerostack2_ws/src/aerostack2/install/as2_map_server/lib:/root/aerostack2_ws/src/aerostack2/install/as2_behavior/lib:/root/aerostack2_ws/src/aerostack2/install/as2_core/lib:/root/aerostack2_ws/src/aerostack2/install/as2_msgs/lib:/root/aerostack2_ws/install/as2_state_estimator/lib:/root/aerostack2_ws/install/as2_python_api/lib:/root/aerostack2_ws/install/as2_motion_controller/lib:/root/aerostack2_ws/install/as2_behaviors_trajectory_generation/lib:/root/aerostack2_ws/install/as2_behaviors_swarm_flocking/lib:/root/aerostack2_ws/install/as2_behaviors_motion/lib:/root/aerostack2_ws/install/as2_motion_reference_handlers/lib:/root/aerostack2_ws/install/as2_map_server/lib:/root/aerostack2_ws/install/as2_gazebo_assets/lib:/root/aerostack2_ws/install/as2_behaviors_perception/lib:/root/aerostack2_ws/install/as2_behaviors_path_planning/lib:/root/aerostack2_ws/install/as2_behavior_tree/lib:/opt/ros/humble/opt/rviz_ogre_vendor/lib:/opt/ros/humble/lib/x86_64-linux-gnu:/opt/ros/humble/lib /usr/bin/cmake --install /root/aerostack2_ws/build/as2_behaviors_motion
