running develop
Removing /root/aerostack2_ws/install/as2_keyboard_teleoperation/lib/python3.10/site-packages/as2-keyboard-teleoperation.egg-link (link to .)
running egg_info
writing ../../../../build/as2_keyboard_teleoperation/as2_keyboard_teleoperation.egg-info/PKG-INFO
writing dependency_links to ../../../../build/as2_keyboard_teleoperation/as2_keyboard_teleoperation.egg-info/dependency_links.txt
writing requirements to ../../../../build/as2_keyboard_teleoperation/as2_keyboard_teleoperation.egg-info/requires.txt
writing top-level names to ../../../../build/as2_keyboard_teleoperation/as2_keyboard_teleoperation.egg-info/top_level.txt
reading manifest file '../../../../build/as2_keyboard_teleoperation/as2_keyboard_teleoperation.egg-info/SOURCES.txt'
writing manifest file '../../../../build/as2_keyboard_teleoperation/as2_keyboard_teleoperation.egg-info/SOURCES.txt'
running build
running build_py
running install
running install_lib
creating /root/aerostack2_ws/install/as2_keyboard_teleoperation/lib/python3.10/site-packages/as2_keyboard_teleoperation
copying /root/aerostack2_ws/build/as2_keyboard_teleoperation/build/lib/as2_keyboard_teleoperation/drone_manager.py -> /root/aerostack2_ws/install/as2_keyboard_teleoperation/lib/python3.10/site-packages/as2_keyboard_teleoperation
copying /root/aerostack2_ws/build/as2_keyboard_teleoperation/build/lib/as2_keyboard_teleoperation/main_window.py -> /root/aerostack2_ws/install/as2_keyboard_teleoperation/lib/python3.10/site-packages/as2_keyboard_teleoperation
copying /root/aerostack2_ws/build/as2_keyboard_teleoperation/build/lib/as2_keyboard_teleoperation/config_values.py -> /root/aerostack2_ws/install/as2_keyboard_teleoperation/lib/python3.10/site-packages/as2_keyboard_teleoperation
copying /root/aerostack2_ws/build/as2_keyboard_teleoperation/build/lib/as2_keyboard_teleoperation/settings_window.py -> /root/aerostack2_ws/install/as2_keyboard_teleoperation/lib/python3.10/site-packages/as2_keyboard_teleoperation
copying /root/aerostack2_ws/build/as2_keyboard_teleoperation/build/lib/as2_keyboard_teleoperation/__init__.py -> /root/aerostack2_ws/install/as2_keyboard_teleoperation/lib/python3.10/site-packages/as2_keyboard_teleoperation
copying /root/aerostack2_ws/build/as2_keyboard_teleoperation/build/lib/as2_keyboard_teleoperation/keyboard_teleoperation.py -> /root/aerostack2_ws/install/as2_keyboard_teleoperation/lib/python3.10/site-packages/as2_keyboard_teleoperation
copying /root/aerostack2_ws/build/as2_keyboard_teleoperation/build/lib/as2_keyboard_teleoperation/localization_window.py -> /root/aerostack2_ws/install/as2_keyboard_teleoperation/lib/python3.10/site-packages/as2_keyboard_teleoperation
byte-compiling /root/aerostack2_ws/install/as2_keyboard_teleoperation/lib/python3.10/site-packages/as2_keyboard_teleoperation/drone_manager.py to drone_manager.cpython-310.pyc
byte-compiling /root/aerostack2_ws/install/as2_keyboard_teleoperation/lib/python3.10/site-packages/as2_keyboard_teleoperation/main_window.py to main_window.cpython-310.pyc
byte-compiling /root/aerostack2_ws/install/as2_keyboard_teleoperation/lib/python3.10/site-packages/as2_keyboard_teleoperation/config_values.py to config_values.cpython-310.pyc
byte-compiling /root/aerostack2_ws/install/as2_keyboard_teleoperation/lib/python3.10/site-packages/as2_keyboard_teleoperation/settings_window.py to settings_window.cpython-310.pyc
byte-compiling /root/aerostack2_ws/install/as2_keyboard_teleoperation/lib/python3.10/site-packages/as2_keyboard_teleoperation/__init__.py to __init__.cpython-310.pyc
byte-compiling /root/aerostack2_ws/install/as2_keyboard_teleoperation/lib/python3.10/site-packages/as2_keyboard_teleoperation/keyboard_teleoperation.py to keyboard_teleoperation.cpython-310.pyc
byte-compiling /root/aerostack2_ws/install/as2_keyboard_teleoperation/lib/python3.10/site-packages/as2_keyboard_teleoperation/localization_window.py to localization_window.cpython-310.pyc
running install_data
copying resource/as2_keyboard_teleoperation -> /root/aerostack2_ws/install/as2_keyboard_teleoperation/share/ament_index/resource_index/packages
copying package.xml -> /root/aerostack2_ws/install/as2_keyboard_teleoperation/share/as2_keyboard_teleoperation
copying launch/as2_keyboard_teleoperation_launch.py -> /root/aerostack2_ws/install/as2_keyboard_teleoperation/share/as2_keyboard_teleoperation/launch
copying as2_keyboard_teleoperation/keyboard_teleoperation.py -> /root/aerostack2_ws/install/as2_keyboard_teleoperation/share/as2_keyboard_teleoperation
copying as2_keyboard_teleoperation/drone_manager.py -> /root/aerostack2_ws/install/as2_keyboard_teleoperation/share/as2_keyboard_teleoperation
copying as2_keyboard_teleoperation/main_window.py -> /root/aerostack2_ws/install/as2_keyboard_teleoperation/share/as2_keyboard_teleoperation
copying as2_keyboard_teleoperation/settings_window.py -> /root/aerostack2_ws/install/as2_keyboard_teleoperation/share/as2_keyboard_teleoperation
copying as2_keyboard_teleoperation/localization_window.py -> /root/aerostack2_ws/install/as2_keyboard_teleoperation/share/as2_keyboard_teleoperation
copying as2_keyboard_teleoperation/config_values.py -> /root/aerostack2_ws/install/as2_keyboard_teleoperation/share/as2_keyboard_teleoperation
copying config/teleop_values_config.yaml -> /root/aerostack2_ws/install/as2_keyboard_teleoperation/share/as2_keyboard_teleoperation/config
running install_egg_info
Copying ../../../../build/as2_keyboard_teleoperation/as2_keyboard_teleoperation.egg-info to /root/aerostack2_ws/install/as2_keyboard_teleoperation/lib/python3.10/site-packages/as2_keyboard_teleoperation-1.1.3-py3.10.egg-info
running install_scripts
writing list of installed files to '/root/aerostack2_ws/build/as2_keyboard_teleoperation/install.log'
