[0.036s] Invoking command in '/root/aerostack2_ws/build/as2_gazebo_assets': CMAKE_PREFIX_PATH=/root/aerostack2_ws/install/as2_core:/root/aerostack2_ws/install/as2_msgs:/root/aerostack2_ws/src/aerostack2/install/as2_motion_reference_handlers:/root/aerostack2_ws/src/aerostack2/install/as2_map_server:/root/aerostack2_ws/src/aerostack2/install/as2_geozones:/root/aerostack2_ws/src/aerostack2/install/as2_behavior:/root/aerostack2_ws/src/aerostack2/install/as2_core:/root/aerostack2_ws/src/aerostack2/install/as2_msgs:/root/aerostack2_ws/src/aerostack2/install/as2_cli:/root/aerostack2_ws/install/aerostack2:/root/aerostack2_ws/install/as2_usb_camera_interface:/root/aerostack2_ws/install/as2_state_estimator:/root/aerostack2_ws/install/as2_rviz_plugins:/root/aerostack2_ws/install/as2_realsense_interface:/root/aerostack2_ws/install/as2_platform_multirotor_simulator:/root/aerostack2_ws/install/as2_platform_gazebo:/root/aerostack2_ws/install/as2_motion_controller:/root/aerostack2_ws/install/as2_behaviors_trajectory_generation:/root/aerostack2_ws/install/as2_behaviors_swarm_flocking:/root/aerostack2_ws/install/as2_behaviors_motion:/root/aerostack2_ws/install/as2_motion_reference_handlers:/root/aerostack2_ws/install/as2_map_server:/root/aerostack2_ws/install/as2_geozones:/root/aerostack2_ws/install/as2_gazebo_assets:/root/aerostack2_ws/install/as2_external_object_to_tf:/root/aerostack2_ws/install/as2_behaviors_platform:/root/aerostack2_ws/install/as2_behaviors_perception:/root/aerostack2_ws/install/as2_behaviors_path_planning:/root/aerostack2_ws/install/as2_behavior_tree:/root/aerostack2_ws/install/as2_behavior:/root/aerostack2_ws/install/as2_alphanumeric_viewer:/root/aerostack2_ws/install/as2_cli:/root/aerostack2_ws/src/aerostack2/install/as2_python_api:/root/aerostack2_ws/install/as2_visualization:/root/aerostack2_ws/install/as2_keyboard_teleoperation:/root/aerostack2_ws/install/as2_python_api:/opt/ros/humble LD_LIBRARY_PATH=/root/aerostack2_ws/install/as2_core/lib:/root/aerostack2_ws/install/as2_msgs/lib:/root/aerostack2_ws/src/aerostack2/install/as2_python_api/lib:/root/aerostack2_ws/src/aerostack2/install/as2_motion_reference_handlers/lib:/root/aerostack2_ws/src/aerostack2/install/as2_map_server/lib:/root/aerostack2_ws/src/aerostack2/install/as2_behavior/lib:/root/aerostack2_ws/src/aerostack2/install/as2_core/lib:/root/aerostack2_ws/src/aerostack2/install/as2_msgs/lib:/root/aerostack2_ws/install/as2_state_estimator/lib:/root/aerostack2_ws/install/as2_python_api/lib:/root/aerostack2_ws/install/as2_motion_controller/lib:/root/aerostack2_ws/install/as2_behaviors_trajectory_generation/lib:/root/aerostack2_ws/install/as2_behaviors_swarm_flocking/lib:/root/aerostack2_ws/install/as2_behaviors_motion/lib:/root/aerostack2_ws/install/as2_motion_reference_handlers/lib:/root/aerostack2_ws/install/as2_map_server/lib:/root/aerostack2_ws/install/as2_gazebo_assets/lib:/root/aerostack2_ws/install/as2_behaviors_perception/lib:/root/aerostack2_ws/install/as2_behaviors_path_planning/lib:/root/aerostack2_ws/install/as2_behavior_tree/lib:/root/aerostack2_ws/install/as2_behavior/lib:/opt/ros/humble/opt/rviz_ogre_vendor/lib:/opt/ros/humble/lib/x86_64-linux-gnu:/opt/ros/humble/lib /usr/bin/cmake /root/aerostack2_ws/src/aerostack2/as2_simulation_assets/as2_gazebo_assets -DAMENT_CMAKE_SYMLINK_INSTALL=1 -DCMAKE_INSTALL_PREFIX=/root/aerostack2_ws/install/as2_gazebo_assets
[0.074s] [0mUsing GAZEBO version: fortress[0m
[0.075s] -- Looking for ignition-gazebo6 -- found version 6.17.0
[0.080s] -- Searching for dependencies of ignition-gazebo6
[0.080s] -- Looking for sdformat12 -- found version 12.9.0
[0.081s] -- Searching for dependencies of sdformat12
[0.088s] -- Checking for module 'tinyxml2'
[0.114s] --   Found tinyxml2, version 9.0.0
[0.196s] -- Looking for ignition-math6 -- found version 6.15.1
[0.198s] -- Searching for dependencies of ignition-math6
[0.198s] -- Looking for ignition-utils1 -- found version 1.5.1
[0.199s] -- Searching for dependencies of ignition-utils1
[0.201s] -- Looking for ignition-plugin1 -- found version 1.4.0
[0.202s] -- Searching for dependencies of ignition-plugin1
[0.202s] -- Searching for <ignition-plugin1> component [loader]
[0.203s] -- Looking for ignition-plugin1-loader -- found version 1.4.0
[0.204s] -- Searching for dependencies of ignition-plugin1-loader
[0.204s] -- Searching for <ignition-plugin1> component [register]
[0.205s] -- Looking for ignition-plugin1-register -- found version 1.4.0
[0.206s] -- Searching for dependencies of ignition-plugin1-register
[0.208s] -- Looking for ignition-transport11 -- found version 11.4.1
[0.208s] -- Searching for dependencies of ignition-transport11
[0.269s] -- Config-file not installed for ZeroMQ -- checking for pkg-config
[0.276s] -- Checking for module 'libzmq >= 4'
[0.298s] --   Found libzmq , version 4.3.4
[0.366s] -- Checking for module 'uuid'
[0.382s] --   Found uuid, version 2.37.2
[0.431s] -- Looking for ignition-utils1 -- found version 1.5.1
[0.432s] -- Searching for dependencies of ignition-utils1
[0.432s] -- Searching for <ignition-utils1> component [cli]
[0.432s] -- Looking for ignition-utils1-cli -- found version 1.5.1
[0.433s] -- Searching for dependencies of ignition-utils1-cli
[0.434s] -- Looking for ignition-msgs8 -- found version 8.7.0
[0.434s] -- Searching for dependencies of ignition-msgs8
[0.467s] -- Found Protobuf: /usr/lib/x86_64-linux-gnu/libprotobuf.so (found suitable version "3.12.4", minimum required is "3") 
[0.468s] -- Looking for ignition-math6 -- found version 6.15.1
[0.488s] -- Searching for <ignition-transport11> component [log]
[0.489s] -- Looking for ignition-transport11-log -- found version 11.4.1
[0.489s] -- Searching for dependencies of ignition-transport11-log
[0.490s] -- Searching for <ignition-transport11> component [parameters]
[0.491s] -- Looking for ignition-transport11-parameters -- found version 11.4.1
[0.491s] -- Searching for dependencies of ignition-transport11-parameters
[0.492s] -- Looking for ignition-msgs8 -- found version 8.7.0
[0.492s] -- Looking for ignition-common4 -- found version 4.7.0
[0.493s] -- Searching for dependencies of ignition-common4
[0.493s] -- Looking for dlfcn.h - found
[0.493s] -- Looking for libdl - found
[0.504s] -- Searching for <ignition-common4> component [profiler]
[0.505s] -- Looking for ignition-common4-profiler -- found version 4.7.0
[0.505s] -- Searching for dependencies of ignition-common4-profiler
[0.505s] -- Searching for <ignition-common4> component [events]
[0.506s] -- Looking for ignition-common4-events -- found version 4.7.0
[0.506s] -- Searching for dependencies of ignition-common4-events
[0.506s] -- Looking for ignition-math6 -- found version 6.15.1
[0.507s] -- Searching for <ignition-common4> component [av]
[0.507s] -- Looking for ignition-common4-av -- found version 4.7.0
[0.508s] -- Searching for dependencies of ignition-common4-av
[0.516s] -- Checking for module 'libswscale'
[0.535s] --   Found libswscale, version 5.9.100
[0.592s] -- Checking for module 'libavdevice >= 56.4.100'
[0.622s] --   Found libavdevice , version 58.13.100
[0.693s] -- Checking for module 'libavformat'
[0.716s] --   Found libavformat, version 58.76.100
[0.813s] -- Checking for module 'libavcodec'
[0.835s] --   Found libavcodec, version 58.134.100
[0.892s] -- Checking for module 'libavutil'
[0.915s] --   Found libavutil, version 56.70.100
[0.966s] -- Looking for ignition-fuel_tools7 -- found version 7.3.1
[0.969s] -- Searching for dependencies of ignition-fuel_tools7
[1.034s] -- Checking for module 'jsoncpp'
[1.057s] --   Found jsoncpp, version 1.9.5
[1.125s] -- Checking for module 'libzip'
[1.151s] --   Found libzip, version 1.7.3
[1.251s] -- Looking for ignition-common4 -- found version 4.7.0
[1.263s] -- Looking for ignition-math6 -- found version 6.15.1
[1.267s] -- Looking for ignition-msgs8 -- found version 8.7.0
[1.268s] -- Looking for ignition-gui6 -- found version 6.8.0
[1.268s] -- Searching for dependencies of ignition-gui6
[1.328s] -- Looking for ignition-math6 -- found version 6.15.1
[1.328s] -- Looking for ignition-common4 -- found version 4.7.0
[1.329s] -- Looking for ignition-plugin1 -- found version 1.4.0
[1.329s] -- Looking for ignition-transport11 -- found version 11.4.1
[1.330s] -- Looking for ignition-rendering6 -- found version 6.6.3
[1.330s] -- Searching for dependencies of ignition-rendering6
[1.331s] -- Looking for ignition-math6 -- found version 6.15.1
[1.333s] -- Searching for dependencies of ignition-math6
[1.336s] -- Searching for <ignition-math6> component [eigen3]
[1.337s] -- Looking for ignition-math6-eigen3 -- found version 6.15.1
[1.338s] -- Searching for dependencies of ignition-math6-eigen3
[1.341s] -- Looking for ignition-common4 -- found version 4.7.0
[1.342s] -- Searching for dependencies of ignition-common4
[1.342s] -- Looking for dlfcn.h - found
[1.342s] -- Looking for libdl - found
[1.354s] -- Searching for <ignition-common4> component [graphics]
[1.354s] -- Looking for ignition-common4-graphics -- found version 4.7.0
[1.355s] -- Searching for dependencies of ignition-common4-graphics
[1.355s] -- Looking for ignition-math6 -- found version 6.15.1
[1.356s] -- Looking for ignition-utils1 -- found version 1.5.1
[1.356s] -- Searching for <ignition-common4> component [events]
[1.357s] -- Looking for ignition-plugin1 -- found version 1.4.0
[1.358s] -- Searching for dependencies of ignition-plugin1
[1.358s] -- Searching for <ignition-plugin1> component [all]
[1.358s] -- Looking for all libraries of ignition-plugin1 -- found version 1.4.0
[1.359s] -- Looking for ignition-plugin1 -- found version 1.4.0
[1.361s] -- Looking for ignition-msgs8 -- found version 8.7.0
[1.379s] -- Looking for ignition-physics5 -- found version 5.3.2
[1.380s] -- Searching for dependencies of ignition-physics5
[1.380s] -- Looking for ignition-math6 -- found version 6.15.1
[1.380s] -- Looking for ignition-plugin1 -- found version 1.4.0
[1.381s] -- Looking for ignition-utils1 -- found version 1.5.1
[1.382s] -- Searching for <ignition-physics5> component [heightmap]
[1.382s] -- Looking for ignition-physics5-heightmap -- found version 5.3.2
[1.383s] -- Searching for dependencies of ignition-physics5-heightmap
[1.383s] -- Looking for ignition-common4 -- found version 4.7.0
[1.388s] -- Searching for <ignition-physics5> component [mesh]
[1.388s] -- Looking for ignition-physics5-mesh -- found version 5.3.2
[1.388s] -- Searching for dependencies of ignition-physics5-mesh
[1.388s] -- Looking for ignition-common4 -- found version 4.7.0
[1.388s] -- Searching for <ignition-physics5> component [sdf]
[1.388s] -- Looking for ignition-physics5-sdf -- found version 5.3.2
[1.388s] -- Searching for dependencies of ignition-physics5-sdf
[1.388s] -- Looking for sdformat12 -- found version 12.9.0
[1.388s] -- Looking for ignition-sensors6 -- found version 6.9.0
[1.389s] -- Searching for dependencies of ignition-sensors6
[1.427s] -- Found Protobuf: /usr/lib/x86_64-linux-gnu/libprotobuf.so (found version "3.12.4") 
[1.427s] -- Looking for ignition-math6 -- found version 6.15.1
[1.428s] -- Looking for ignition-common4 -- found version 4.7.0
[1.428s] -- Looking for ignition-transport11 -- found version 11.4.1
[1.429s] -- Looking for ignition-rendering6 -- found version 6.6.3
[1.429s] -- Looking for ignition-msgs8 -- found version 8.7.0
[1.431s] -- Looking for sdformat12 -- found version 12.9.0
[1.431s] -- Searching for <ignition-sensors6> component [air_pressure]
[1.431s] -- Looking for ignition-sensors6-air_pressure -- found version 6.9.0
[1.432s] -- Searching for dependencies of ignition-sensors6-air_pressure
[1.432s] -- Searching for <ignition-sensors6> component [altimeter]
[1.437s] -- Looking for ignition-sensors6-altimeter -- found version 6.9.0
[1.438s] -- Searching for dependencies of ignition-sensors6-altimeter
[1.438s] -- Searching for <ignition-sensors6> component [imu]
[1.438s] -- Looking for ignition-sensors6-imu -- found version 6.9.0
[1.438s] -- Searching for dependencies of ignition-sensors6-imu
[1.438s] -- Searching for <ignition-sensors6> component [force_torque]
[1.438s] -- Looking for ignition-sensors6-force_torque -- found version 6.9.0
[1.438s] -- Searching for dependencies of ignition-sensors6-force_torque
[1.438s] -- Searching for <ignition-sensors6> component [logical_camera]
[1.439s] -- Looking for ignition-sensors6-logical_camera -- found version 6.9.0
[1.439s] -- Searching for dependencies of ignition-sensors6-logical_camera
[1.440s] -- Searching for <ignition-sensors6> component [magnetometer]
[1.440s] -- Looking for ignition-sensors6-magnetometer -- found version 6.9.0
[1.441s] -- Searching for dependencies of ignition-sensors6-magnetometer
[1.443s] -- Searching for <ignition-sensors6> component [navsat]
[1.443s] -- Looking for ignition-sensors6-navsat -- found version 6.9.0
[1.443s] -- Searching for dependencies of ignition-sensors6-navsat
[1.443s] -- Searching for <ignition-sensors6> component [rendering]
[1.444s] -- Looking for ignition-sensors6-rendering -- found version 6.9.0
[1.444s] -- Searching for dependencies of ignition-sensors6-rendering
[1.445s] -- Searching for <ignition-sensors6> component [lidar]
[1.445s] -- Looking for ignition-sensors6-lidar -- found version 6.9.0
[1.446s] -- Searching for dependencies of ignition-sensors6-lidar
[1.447s] -- Looking for ignition-sensors6 -- found version 6.9.0
[1.459s] -- Searching for <ignition-sensors6> component [gpu_lidar]
[1.459s] -- Looking for ignition-sensors6-gpu_lidar -- found version 6.9.0
[1.459s] -- Searching for dependencies of ignition-sensors6-gpu_lidar
[1.459s] -- Looking for ignition-sensors6 -- found version 6.9.0
[1.459s] -- Searching for <ignition-sensors6> component [camera]
[1.460s] -- Looking for ignition-sensors6-camera -- found version 6.9.0
[1.460s] -- Searching for dependencies of ignition-sensors6-camera
[1.460s] -- Looking for ignition-sensors6 -- found version 6.9.0
[1.460s] -- Searching for <ignition-sensors6> component [boundingbox_camera]
[1.460s] -- Looking for ignition-sensors6-boundingbox_camera -- found version 6.9.0
[1.460s] -- Searching for dependencies of ignition-sensors6-boundingbox_camera
[1.460s] -- Searching for <ignition-sensors6> component [segmentation_camera]
[1.460s] -- Looking for ignition-sensors6-segmentation_camera -- found version 6.9.0
[1.460s] -- Searching for dependencies of ignition-sensors6-segmentation_camera
[1.460s] -- Searching for <ignition-sensors6> component [depth_camera]
[1.460s] -- Looking for ignition-sensors6-depth_camera -- found version 6.9.0
[1.460s] -- Searching for dependencies of ignition-sensors6-depth_camera
[1.460s] -- Looking for ignition-sensors6 -- found version 6.9.0
[1.460s] -- Searching for <ignition-sensors6> component [rgbd_camera]
[1.460s] -- Looking for ignition-sensors6-rgbd_camera -- found version 6.9.0
[1.460s] -- Searching for dependencies of ignition-sensors6-rgbd_camera
[1.460s] -- Looking for ignition-sensors6 -- found version 6.9.0
[1.461s] -- Searching for <ignition-sensors6> component [thermal_camera]
[1.461s] -- Looking for ignition-sensors6-thermal_camera -- found version 6.9.0
[1.465s] -- Searching for dependencies of ignition-sensors6-thermal_camera
[1.465s] -- Looking for ignition-sensors6 -- found version 6.9.0
[1.466s] -- Looking for ignition-rendering6 -- found version 6.6.3
[1.467s] -- Looking for ignition-math6 -- found version 6.15.1
[1.467s] -- Looking for ignition-utils1 -- found version 1.5.1
[1.516s] -- Looking for ignition-common4 -- found version 4.7.0
[1.517s] -- Looking for ignition-math6 -- found version 6.15.1
[1.517s] -- Looking for ignition-transport11 -- found version 11.4.1
[1.517s] -- Looking for ignition-plugin1 -- found version 1.4.0
[1.517s] -- Looking for ignition-rendering6 -- found version 6.6.3
[1.520s] -- Looking for ignition-msgs8 -- found version 8.7.0
[1.520s] -- Found ament_cmake: 1.3.12 (/opt/ros/humble/share/ament_cmake/cmake)
[1.782s] -- Override CMake install command with custom implementation using symlinks instead of copying resources
[1.799s] -- Found ros_gz_sim: 0.244.20 (/opt/ros/humble/share/ros_gz_sim/cmake)
[1.846s] -- Found rosidl_generator_c: 3.1.7 (/opt/ros/humble/share/rosidl_generator_c/cmake)
[1.858s] -- Found rosidl_adapter: 3.1.7 (/opt/ros/humble/share/rosidl_adapter/cmake)
[1.877s] -- Found rosidl_generator_cpp: 3.1.7 (/opt/ros/humble/share/rosidl_generator_cpp/cmake)
[1.919s] -- Using all available rosidl_typesupport_c: rosidl_typesupport_fastrtps_c;rosidl_typesupport_introspection_c
[1.955s] -- Using all available rosidl_typesupport_cpp: rosidl_typesupport_fastrtps_cpp;rosidl_typesupport_introspection_cpp
[2.005s] -- Found rmw_implementation_cmake: 6.1.2 (/opt/ros/humble/share/rmw_implementation_cmake/cmake)
[2.007s] -- Found rmw_fastrtps_cpp: 6.2.9 (/opt/ros/humble/share/rmw_fastrtps_cpp/cmake)
[2.324s] -- Using RMW implementation 'rmw_fastrtps_cpp' as default
[2.415s] -- Found ros_gz_bridge: 0.244.20 (/opt/ros/humble/share/ros_gz_bridge/cmake)
[2.764s] -- Found as2_core: 1.1.3 (/root/aerostack2_ws/install/as2_core/share/as2_core/cmake)
[2.764s] -- Created yaml-cpp::yaml-cpp alias from yaml-cpp target
[2.764s] -- Created GeographicLib::GeographicLib target from legacy variables
[2.878s] -- Found eigen3_cmake_module: 0.1.1 (/opt/ros/humble/share/eigen3_cmake_module/cmake)
[2.881s] -- Ensuring Eigen3 include directory is part of orocos-kdl CMake target
[3.146s] -- Found ament_lint_auto: 0.12.14 (/opt/ros/humble/share/ament_lint_auto/cmake)
[3.311s] -- Found ament_cmake_pytest: 1.3.12 (/opt/ros/humble/share/ament_cmake_pytest/cmake)
[5.476s] -- Added test 'copyright' to check source files copyright and LICENSE
[5.512s] -- Added test 'cppcheck' to perform static code analysis on C / C++ code
[5.514s] -- Configured cppcheck include dirs: /root/aerostack2_ws/src/aerostack2/as2_simulation_assets/as2_gazebo_assets/include;/root/aerostack2_ws/src/aerostack2/as2_simulation_assets/as2_gazebo_assets/include/as2_gazebo_assets
[5.514s] -- Configured cppcheck exclude dirs and/or files: 
[5.547s] -- Added test 'cpplint' to check C / C++ code against the Google style
[5.547s] -- Configured cpplint exclude dirs and/or files: 
[5.549s] -- Added test 'flake8' to check Python code syntax and style conventions
[5.561s] -- Added test 'lint_cmake' to check CMake code style
[5.561s] -- Added test 'pep257' to check Python code against some of the docstring style conventions in PEP 257
[5.610s] -- Added test 'uncrustify' to check C / C++ code style
[5.610s] -- Configured uncrustify additional arguments: 
[5.615s] -- Added test 'xmllint' to check XML markup files
[5.616s] -- Configuring done
[5.748s] -- Generating done
[5.790s] -- Build files have been written to: /root/aerostack2_ws/build/as2_gazebo_assets
[5.873s] Invoked command in '/root/aerostack2_ws/build/as2_gazebo_assets' returned '0': CMAKE_PREFIX_PATH=/root/aerostack2_ws/install/as2_core:/root/aerostack2_ws/install/as2_msgs:/root/aerostack2_ws/src/aerostack2/install/as2_motion_reference_handlers:/root/aerostack2_ws/src/aerostack2/install/as2_map_server:/root/aerostack2_ws/src/aerostack2/install/as2_geozones:/root/aerostack2_ws/src/aerostack2/install/as2_behavior:/root/aerostack2_ws/src/aerostack2/install/as2_core:/root/aerostack2_ws/src/aerostack2/install/as2_msgs:/root/aerostack2_ws/src/aerostack2/install/as2_cli:/root/aerostack2_ws/install/aerostack2:/root/aerostack2_ws/install/as2_usb_camera_interface:/root/aerostack2_ws/install/as2_state_estimator:/root/aerostack2_ws/install/as2_rviz_plugins:/root/aerostack2_ws/install/as2_realsense_interface:/root/aerostack2_ws/install/as2_platform_multirotor_simulator:/root/aerostack2_ws/install/as2_platform_gazebo:/root/aerostack2_ws/install/as2_motion_controller:/root/aerostack2_ws/install/as2_behaviors_trajectory_generation:/root/aerostack2_ws/install/as2_behaviors_swarm_flocking:/root/aerostack2_ws/install/as2_behaviors_motion:/root/aerostack2_ws/install/as2_motion_reference_handlers:/root/aerostack2_ws/install/as2_map_server:/root/aerostack2_ws/install/as2_geozones:/root/aerostack2_ws/install/as2_gazebo_assets:/root/aerostack2_ws/install/as2_external_object_to_tf:/root/aerostack2_ws/install/as2_behaviors_platform:/root/aerostack2_ws/install/as2_behaviors_perception:/root/aerostack2_ws/install/as2_behaviors_path_planning:/root/aerostack2_ws/install/as2_behavior_tree:/root/aerostack2_ws/install/as2_behavior:/root/aerostack2_ws/install/as2_alphanumeric_viewer:/root/aerostack2_ws/install/as2_cli:/root/aerostack2_ws/src/aerostack2/install/as2_python_api:/root/aerostack2_ws/install/as2_visualization:/root/aerostack2_ws/install/as2_keyboard_teleoperation:/root/aerostack2_ws/install/as2_python_api:/opt/ros/humble LD_LIBRARY_PATH=/root/aerostack2_ws/install/as2_core/lib:/root/aerostack2_ws/install/as2_msgs/lib:/root/aerostack2_ws/src/aerostack2/install/as2_python_api/lib:/root/aerostack2_ws/src/aerostack2/install/as2_motion_reference_handlers/lib:/root/aerostack2_ws/src/aerostack2/install/as2_map_server/lib:/root/aerostack2_ws/src/aerostack2/install/as2_behavior/lib:/root/aerostack2_ws/src/aerostack2/install/as2_core/lib:/root/aerostack2_ws/src/aerostack2/install/as2_msgs/lib:/root/aerostack2_ws/install/as2_state_estimator/lib:/root/aerostack2_ws/install/as2_python_api/lib:/root/aerostack2_ws/install/as2_motion_controller/lib:/root/aerostack2_ws/install/as2_behaviors_trajectory_generation/lib:/root/aerostack2_ws/install/as2_behaviors_swarm_flocking/lib:/root/aerostack2_ws/install/as2_behaviors_motion/lib:/root/aerostack2_ws/install/as2_motion_reference_handlers/lib:/root/aerostack2_ws/install/as2_map_server/lib:/root/aerostack2_ws/install/as2_gazebo_assets/lib:/root/aerostack2_ws/install/as2_behaviors_perception/lib:/root/aerostack2_ws/install/as2_behaviors_path_planning/lib:/root/aerostack2_ws/install/as2_behavior_tree/lib:/root/aerostack2_ws/install/as2_behavior/lib:/opt/ros/humble/opt/rviz_ogre_vendor/lib:/opt/ros/humble/lib/x86_64-linux-gnu:/opt/ros/humble/lib /usr/bin/cmake /root/aerostack2_ws/src/aerostack2/as2_simulation_assets/as2_gazebo_assets -DAMENT_CMAKE_SYMLINK_INSTALL=1 -DCMAKE_INSTALL_PREFIX=/root/aerostack2_ws/install/as2_gazebo_assets
[5.874s] Invoking command in '/root/aerostack2_ws/build/as2_gazebo_assets': CMAKE_PREFIX_PATH=/root/aerostack2_ws/install/as2_core:/root/aerostack2_ws/install/as2_msgs:/root/aerostack2_ws/src/aerostack2/install/as2_motion_reference_handlers:/root/aerostack2_ws/src/aerostack2/install/as2_map_server:/root/aerostack2_ws/src/aerostack2/install/as2_geozones:/root/aerostack2_ws/src/aerostack2/install/as2_behavior:/root/aerostack2_ws/src/aerostack2/install/as2_core:/root/aerostack2_ws/src/aerostack2/install/as2_msgs:/root/aerostack2_ws/src/aerostack2/install/as2_cli:/root/aerostack2_ws/install/aerostack2:/root/aerostack2_ws/install/as2_usb_camera_interface:/root/aerostack2_ws/install/as2_state_estimator:/root/aerostack2_ws/install/as2_rviz_plugins:/root/aerostack2_ws/install/as2_realsense_interface:/root/aerostack2_ws/install/as2_platform_multirotor_simulator:/root/aerostack2_ws/install/as2_platform_gazebo:/root/aerostack2_ws/install/as2_motion_controller:/root/aerostack2_ws/install/as2_behaviors_trajectory_generation:/root/aerostack2_ws/install/as2_behaviors_swarm_flocking:/root/aerostack2_ws/install/as2_behaviors_motion:/root/aerostack2_ws/install/as2_motion_reference_handlers:/root/aerostack2_ws/install/as2_map_server:/root/aerostack2_ws/install/as2_geozones:/root/aerostack2_ws/install/as2_gazebo_assets:/root/aerostack2_ws/install/as2_external_object_to_tf:/root/aerostack2_ws/install/as2_behaviors_platform:/root/aerostack2_ws/install/as2_behaviors_perception:/root/aerostack2_ws/install/as2_behaviors_path_planning:/root/aerostack2_ws/install/as2_behavior_tree:/root/aerostack2_ws/install/as2_behavior:/root/aerostack2_ws/install/as2_alphanumeric_viewer:/root/aerostack2_ws/install/as2_cli:/root/aerostack2_ws/src/aerostack2/install/as2_python_api:/root/aerostack2_ws/install/as2_visualization:/root/aerostack2_ws/install/as2_keyboard_teleoperation:/root/aerostack2_ws/install/as2_python_api:/opt/ros/humble LD_LIBRARY_PATH=/root/aerostack2_ws/install/as2_core/lib:/root/aerostack2_ws/install/as2_msgs/lib:/root/aerostack2_ws/src/aerostack2/install/as2_python_api/lib:/root/aerostack2_ws/src/aerostack2/install/as2_motion_reference_handlers/lib:/root/aerostack2_ws/src/aerostack2/install/as2_map_server/lib:/root/aerostack2_ws/src/aerostack2/install/as2_behavior/lib:/root/aerostack2_ws/src/aerostack2/install/as2_core/lib:/root/aerostack2_ws/src/aerostack2/install/as2_msgs/lib:/root/aerostack2_ws/install/as2_state_estimator/lib:/root/aerostack2_ws/install/as2_python_api/lib:/root/aerostack2_ws/install/as2_motion_controller/lib:/root/aerostack2_ws/install/as2_behaviors_trajectory_generation/lib:/root/aerostack2_ws/install/as2_behaviors_swarm_flocking/lib:/root/aerostack2_ws/install/as2_behaviors_motion/lib:/root/aerostack2_ws/install/as2_motion_reference_handlers/lib:/root/aerostack2_ws/install/as2_map_server/lib:/root/aerostack2_ws/install/as2_gazebo_assets/lib:/root/aerostack2_ws/install/as2_behaviors_perception/lib:/root/aerostack2_ws/install/as2_behaviors_path_planning/lib:/root/aerostack2_ws/install/as2_behavior_tree/lib:/root/aerostack2_ws/install/as2_behavior/lib:/opt/ros/humble/opt/rviz_ogre_vendor/lib:/opt/ros/humble/lib/x86_64-linux-gnu:/opt/ros/humble/lib /usr/bin/cmake --build /root/aerostack2_ws/build/as2_gazebo_assets -- -j8 -l8
[7.987s] [35m[1mConsolidate compiler generated dependencies of target gps_bridge[0m
[7.987s] [35m[1mConsolidate compiler generated dependencies of target gimbal_bridge[0m
[7.987s] [35m[1mConsolidate compiler generated dependencies of target set_entity_pose_bridge[0m
[7.987s] [35m[1mConsolidate compiler generated dependencies of target object_tf_broadcaster[0m
[7.987s] [35m[1mConsolidate compiler generated dependencies of target azimuth_bridge[0m
[7.987s] [35m[1mConsolidate compiler generated dependencies of target ground_truth_bridge[0m
[7.988s] [35m[1mConsolidate compiler generated dependencies of target MulticopterINDIControl[0m
[7.988s] [35m[1mConsolidate compiler generated dependencies of target acro_bridge[0m
[7.988s] [  4%] [32m[1mLinking CXX executable gps_bridge[0m
[7.988s] [  8%] [32m[1mLinking CXX executable gimbal_bridge[0m
[7.988s] [ 20%] Built target MulticopterINDIControl
[7.988s] [ 33%] Built target object_tf_broadcaster
[7.988s] [ 45%] Built target set_entity_pose_bridge
[7.988s] [ 50%] [32m[1mLinking CXX executable ground_truth_bridge[0m
[7.988s] [ 54%] [32m[1mLinking CXX executable azimuth_bridge[0m
[7.988s] [ 58%] [32m[1mLinking CXX executable acro_bridge[0m
[7.988s] [ 58%] Built target ament_cmake_python_symlink_as2_gazebo_assets
[8.150s] [ 66%] Built target azimuth_bridge
[8.191s] [ 75%] Built target gimbal_bridge
[8.252s] running egg_info
[8.253s] writing as2_gazebo_assets.egg-info/PKG-INFO
[8.253s] writing dependency_links to as2_gazebo_assets.egg-info/dependency_links.txt
[8.253s] writing top-level names to as2_gazebo_assets.egg-info/top_level.txt
[8.258s] reading manifest file 'as2_gazebo_assets.egg-info/SOURCES.txt'
[8.259s] writing manifest file 'as2_gazebo_assets.egg-info/SOURCES.txt'
[8.335s] [ 83%] Built target acro_bridge
[8.384s] [ 83%] Built target ament_cmake_python_build_as2_gazebo_assets_egg
[8.844s] [ 91%] Built target gps_bridge
[10.265s] [100%] Built target ground_truth_bridge
[10.287s] Invoked command in '/root/aerostack2_ws/build/as2_gazebo_assets' returned '0': CMAKE_PREFIX_PATH=/root/aerostack2_ws/install/as2_core:/root/aerostack2_ws/install/as2_msgs:/root/aerostack2_ws/src/aerostack2/install/as2_motion_reference_handlers:/root/aerostack2_ws/src/aerostack2/install/as2_map_server:/root/aerostack2_ws/src/aerostack2/install/as2_geozones:/root/aerostack2_ws/src/aerostack2/install/as2_behavior:/root/aerostack2_ws/src/aerostack2/install/as2_core:/root/aerostack2_ws/src/aerostack2/install/as2_msgs:/root/aerostack2_ws/src/aerostack2/install/as2_cli:/root/aerostack2_ws/install/aerostack2:/root/aerostack2_ws/install/as2_usb_camera_interface:/root/aerostack2_ws/install/as2_state_estimator:/root/aerostack2_ws/install/as2_rviz_plugins:/root/aerostack2_ws/install/as2_realsense_interface:/root/aerostack2_ws/install/as2_platform_multirotor_simulator:/root/aerostack2_ws/install/as2_platform_gazebo:/root/aerostack2_ws/install/as2_motion_controller:/root/aerostack2_ws/install/as2_behaviors_trajectory_generation:/root/aerostack2_ws/install/as2_behaviors_swarm_flocking:/root/aerostack2_ws/install/as2_behaviors_motion:/root/aerostack2_ws/install/as2_motion_reference_handlers:/root/aerostack2_ws/install/as2_map_server:/root/aerostack2_ws/install/as2_geozones:/root/aerostack2_ws/install/as2_gazebo_assets:/root/aerostack2_ws/install/as2_external_object_to_tf:/root/aerostack2_ws/install/as2_behaviors_platform:/root/aerostack2_ws/install/as2_behaviors_perception:/root/aerostack2_ws/install/as2_behaviors_path_planning:/root/aerostack2_ws/install/as2_behavior_tree:/root/aerostack2_ws/install/as2_behavior:/root/aerostack2_ws/install/as2_alphanumeric_viewer:/root/aerostack2_ws/install/as2_cli:/root/aerostack2_ws/src/aerostack2/install/as2_python_api:/root/aerostack2_ws/install/as2_visualization:/root/aerostack2_ws/install/as2_keyboard_teleoperation:/root/aerostack2_ws/install/as2_python_api:/opt/ros/humble LD_LIBRARY_PATH=/root/aerostack2_ws/install/as2_core/lib:/root/aerostack2_ws/install/as2_msgs/lib:/root/aerostack2_ws/src/aerostack2/install/as2_python_api/lib:/root/aerostack2_ws/src/aerostack2/install/as2_motion_reference_handlers/lib:/root/aerostack2_ws/src/aerostack2/install/as2_map_server/lib:/root/aerostack2_ws/src/aerostack2/install/as2_behavior/lib:/root/aerostack2_ws/src/aerostack2/install/as2_core/lib:/root/aerostack2_ws/src/aerostack2/install/as2_msgs/lib:/root/aerostack2_ws/install/as2_state_estimator/lib:/root/aerostack2_ws/install/as2_python_api/lib:/root/aerostack2_ws/install/as2_motion_controller/lib:/root/aerostack2_ws/install/as2_behaviors_trajectory_generation/lib:/root/aerostack2_ws/install/as2_behaviors_swarm_flocking/lib:/root/aerostack2_ws/install/as2_behaviors_motion/lib:/root/aerostack2_ws/install/as2_motion_reference_handlers/lib:/root/aerostack2_ws/install/as2_map_server/lib:/root/aerostack2_ws/install/as2_gazebo_assets/lib:/root/aerostack2_ws/install/as2_behaviors_perception/lib:/root/aerostack2_ws/install/as2_behaviors_path_planning/lib:/root/aerostack2_ws/install/as2_behavior_tree/lib:/root/aerostack2_ws/install/as2_behavior/lib:/opt/ros/humble/opt/rviz_ogre_vendor/lib:/opt/ros/humble/lib/x86_64-linux-gnu:/opt/ros/humble/lib /usr/bin/cmake --build /root/aerostack2_ws/build/as2_gazebo_assets -- -j8 -l8
[10.287s] Invoking command in '/root/aerostack2_ws/build/as2_gazebo_assets': CMAKE_PREFIX_PATH=/root/aerostack2_ws/install/as2_core:/root/aerostack2_ws/install/as2_msgs:/root/aerostack2_ws/src/aerostack2/install/as2_motion_reference_handlers:/root/aerostack2_ws/src/aerostack2/install/as2_map_server:/root/aerostack2_ws/src/aerostack2/install/as2_geozones:/root/aerostack2_ws/src/aerostack2/install/as2_behavior:/root/aerostack2_ws/src/aerostack2/install/as2_core:/root/aerostack2_ws/src/aerostack2/install/as2_msgs:/root/aerostack2_ws/src/aerostack2/install/as2_cli:/root/aerostack2_ws/install/aerostack2:/root/aerostack2_ws/install/as2_usb_camera_interface:/root/aerostack2_ws/install/as2_state_estimator:/root/aerostack2_ws/install/as2_rviz_plugins:/root/aerostack2_ws/install/as2_realsense_interface:/root/aerostack2_ws/install/as2_platform_multirotor_simulator:/root/aerostack2_ws/install/as2_platform_gazebo:/root/aerostack2_ws/install/as2_motion_controller:/root/aerostack2_ws/install/as2_behaviors_trajectory_generation:/root/aerostack2_ws/install/as2_behaviors_swarm_flocking:/root/aerostack2_ws/install/as2_behaviors_motion:/root/aerostack2_ws/install/as2_motion_reference_handlers:/root/aerostack2_ws/install/as2_map_server:/root/aerostack2_ws/install/as2_geozones:/root/aerostack2_ws/install/as2_gazebo_assets:/root/aerostack2_ws/install/as2_external_object_to_tf:/root/aerostack2_ws/install/as2_behaviors_platform:/root/aerostack2_ws/install/as2_behaviors_perception:/root/aerostack2_ws/install/as2_behaviors_path_planning:/root/aerostack2_ws/install/as2_behavior_tree:/root/aerostack2_ws/install/as2_behavior:/root/aerostack2_ws/install/as2_alphanumeric_viewer:/root/aerostack2_ws/install/as2_cli:/root/aerostack2_ws/src/aerostack2/install/as2_python_api:/root/aerostack2_ws/install/as2_visualization:/root/aerostack2_ws/install/as2_keyboard_teleoperation:/root/aerostack2_ws/install/as2_python_api:/opt/ros/humble LD_LIBRARY_PATH=/root/aerostack2_ws/install/as2_core/lib:/root/aerostack2_ws/install/as2_msgs/lib:/root/aerostack2_ws/src/aerostack2/install/as2_python_api/lib:/root/aerostack2_ws/src/aerostack2/install/as2_motion_reference_handlers/lib:/root/aerostack2_ws/src/aerostack2/install/as2_map_server/lib:/root/aerostack2_ws/src/aerostack2/install/as2_behavior/lib:/root/aerostack2_ws/src/aerostack2/install/as2_core/lib:/root/aerostack2_ws/src/aerostack2/install/as2_msgs/lib:/root/aerostack2_ws/install/as2_state_estimator/lib:/root/aerostack2_ws/install/as2_python_api/lib:/root/aerostack2_ws/install/as2_motion_controller/lib:/root/aerostack2_ws/install/as2_behaviors_trajectory_generation/lib:/root/aerostack2_ws/install/as2_behaviors_swarm_flocking/lib:/root/aerostack2_ws/install/as2_behaviors_motion/lib:/root/aerostack2_ws/install/as2_motion_reference_handlers/lib:/root/aerostack2_ws/install/as2_map_server/lib:/root/aerostack2_ws/install/as2_gazebo_assets/lib:/root/aerostack2_ws/install/as2_behaviors_perception/lib:/root/aerostack2_ws/install/as2_behaviors_path_planning/lib:/root/aerostack2_ws/install/as2_behavior_tree/lib:/root/aerostack2_ws/install/as2_behavior/lib:/opt/ros/humble/opt/rviz_ogre_vendor/lib:/opt/ros/humble/lib/x86_64-linux-gnu:/opt/ros/humble/lib /usr/bin/cmake --install /root/aerostack2_ws/build/as2_gazebo_assets
[10.316s] -- Install configuration: "Release"
[10.317s] -- Execute custom install script
[10.317s] -- Up-to-date symlink: /root/aerostack2_ws/install/as2_gazebo_assets/share/as2_gazebo_assets/environment/resource_paths.dsv
[10.317s] -- Up-to-date symlink: /root/aerostack2_ws/install/as2_gazebo_assets/share/as2_gazebo_assets/environment/resource_paths.sh
[10.317s] -- Up-to-date symlink: /root/aerostack2_ws/install/as2_gazebo_assets/lib/as2_gazebo_assets/azimuth_bridge
[10.318s] -- Up-to-date symlink: /root/aerostack2_ws/install/as2_gazebo_assets/lib/as2_gazebo_assets/gps_bridge
[10.318s] -- Up-to-date symlink: /root/aerostack2_ws/install/as2_gazebo_assets/lib/as2_gazebo_assets/ground_truth_bridge
[10.318s] -- Up-to-date symlink: /root/aerostack2_ws/install/as2_gazebo_assets/lib/as2_gazebo_assets/object_tf_broadcaster
[10.318s] -- Up-to-date symlink: /root/aerostack2_ws/install/as2_gazebo_assets/lib/as2_gazebo_assets/gimbal_bridge
[10.318s] -- Up-to-date symlink: /root/aerostack2_ws/install/as2_gazebo_assets/lib/as2_gazebo_assets/acro_bridge
[10.318s] -- Up-to-date symlink: /root/aerostack2_ws/install/as2_gazebo_assets/lib/as2_gazebo_assets/set_entity_pose_bridge
[10.318s] -- Up-to-date symlink: /root/aerostack2_ws/install/as2_gazebo_assets/lib/libMulticopterINDIControl.so
[10.318s] -- Up-to-date symlink: /root/aerostack2_ws/install/as2_gazebo_assets/share/as2_gazebo_assets/environment/pythonpath.sh
[10.318s] -- Up-to-date symlink: /root/aerostack2_ws/install/as2_gazebo_assets/share/as2_gazebo_assets/environment/pythonpath.dsv
[10.318s] -- Up-to-date symlink: /root/aerostack2_ws/install/as2_gazebo_assets/local/lib/python3.10/dist-packages/as2_gazebo_assets-1.1.3-py3.10.egg-info/PKG-INFO
[10.318s] -- Up-to-date symlink: /root/aerostack2_ws/install/as2_gazebo_assets/local/lib/python3.10/dist-packages/as2_gazebo_assets-1.1.3-py3.10.egg-info/SOURCES.txt
[10.319s] -- Up-to-date symlink: /root/aerostack2_ws/install/as2_gazebo_assets/local/lib/python3.10/dist-packages/as2_gazebo_assets-1.1.3-py3.10.egg-info/dependency_links.txt
[10.319s] -- Up-to-date symlink: /root/aerostack2_ws/install/as2_gazebo_assets/local/lib/python3.10/dist-packages/as2_gazebo_assets-1.1.3-py3.10.egg-info/top_level.txt
[10.319s] -- Up-to-date symlink: /root/aerostack2_ws/install/as2_gazebo_assets/local/lib/python3.10/dist-packages/as2_gazebo_assets/__init__.py
[10.319s] -- Up-to-date symlink: /root/aerostack2_ws/install/as2_gazebo_assets/local/lib/python3.10/dist-packages/as2_gazebo_assets/bridges/__init__.py
[10.319s] -- Up-to-date symlink: /root/aerostack2_ws/install/as2_gazebo_assets/local/lib/python3.10/dist-packages/as2_gazebo_assets/bridges/bridge.py
[10.319s] -- Up-to-date symlink: /root/aerostack2_ws/install/as2_gazebo_assets/local/lib/python3.10/dist-packages/as2_gazebo_assets/bridges/bridges.py
[10.319s] -- Up-to-date symlink: /root/aerostack2_ws/install/as2_gazebo_assets/local/lib/python3.10/dist-packages/as2_gazebo_assets/bridges/custom_bridges.py
[10.319s] -- Up-to-date symlink: /root/aerostack2_ws/install/as2_gazebo_assets/local/lib/python3.10/dist-packages/as2_gazebo_assets/models/__init__.py
[10.319s] -- Up-to-date symlink: /root/aerostack2_ws/install/as2_gazebo_assets/local/lib/python3.10/dist-packages/as2_gazebo_assets/models/drone.py
[10.319s] -- Up-to-date symlink: /root/aerostack2_ws/install/as2_gazebo_assets/local/lib/python3.10/dist-packages/as2_gazebo_assets/models/entity.py
[10.319s] -- Up-to-date symlink: /root/aerostack2_ws/install/as2_gazebo_assets/local/lib/python3.10/dist-packages/as2_gazebo_assets/models/object.py
[10.319s] -- Up-to-date symlink: /root/aerostack2_ws/install/as2_gazebo_assets/local/lib/python3.10/dist-packages/as2_gazebo_assets/models/payload.py
[10.320s] -- Up-to-date symlink: /root/aerostack2_ws/install/as2_gazebo_assets/local/lib/python3.10/dist-packages/as2_gazebo_assets/tests/test_models.py
[10.320s] -- Up-to-date symlink: /root/aerostack2_ws/install/as2_gazebo_assets/local/lib/python3.10/dist-packages/as2_gazebo_assets/utils/launch_exception.py
[10.320s] -- Up-to-date symlink: /root/aerostack2_ws/install/as2_gazebo_assets/local/lib/python3.10/dist-packages/as2_gazebo_assets/world.py
[10.320s] -- Up-to-date symlink: /root/aerostack2_ws/install/as2_gazebo_assets/include/as2_gazebo_assets/acro_bridge.hpp
[10.320s] -- Up-to-date symlink: /root/aerostack2_ws/install/as2_gazebo_assets/include/as2_gazebo_assets/azimuth_bridge.hpp
[10.320s] -- Up-to-date symlink: /root/aerostack2_ws/install/as2_gazebo_assets/include/as2_gazebo_assets/gimbal_bridge.hpp
[10.320s] -- Up-to-date symlink: /root/aerostack2_ws/install/as2_gazebo_assets/include/as2_gazebo_assets/gps_bridge.hpp
[10.320s] -- Up-to-date symlink: /root/aerostack2_ws/install/as2_gazebo_assets/include/as2_gazebo_assets/ground_truth_bridge.hpp
[10.320s] -- Up-to-date symlink: /root/aerostack2_ws/install/as2_gazebo_assets/include/as2_gazebo_assets/object_tf_broadcaster.hpp
[10.320s] -- Up-to-date symlink: /root/aerostack2_ws/install/as2_gazebo_assets/include/as2_gazebo_assets/set_entity_pose_bridge.hpp
[10.320s] -- Up-to-date symlink: /root/aerostack2_ws/install/as2_gazebo_assets/share/as2_gazebo_assets/launch/drone_bridges.py
[10.320s] -- Up-to-date symlink: /root/aerostack2_ws/install/as2_gazebo_assets/share/as2_gazebo_assets/launch/launch_simulation.py
[10.320s] -- Up-to-date symlink: /root/aerostack2_ws/install/as2_gazebo_assets/share/as2_gazebo_assets/launch/monitor_sim.py
[10.320s] -- Up-to-date symlink: /root/aerostack2_ws/install/as2_gazebo_assets/share/as2_gazebo_assets/launch/object_bridges.py
[10.320s] -- Up-to-date symlink: /root/aerostack2_ws/install/as2_gazebo_assets/share/as2_gazebo_assets/launch/world_bridges.py
[10.321s] -- Up-to-date symlink: /root/aerostack2_ws/install/as2_gazebo_assets/share/as2_gazebo_assets/worlds/empty.sdf.jinja
[10.321s] -- Up-to-date symlink: /root/aerostack2_ws/install/as2_gazebo_assets/share/as2_gazebo_assets/worlds/grass.sdf.jinja
[10.321s] -- Up-to-date symlink: /root/aerostack2_ws/install/as2_gazebo_assets/share/as2_gazebo_assets/worlds/test_gripper.sdf
[10.322s] -- Up-to-date symlink: /root/aerostack2_ws/install/as2_gazebo_assets/share/as2_gazebo_assets/models/3d_lidar/3d_lidar.sdf
[10.322s] -- Up-to-date symlink: /root/aerostack2_ws/install/as2_gazebo_assets/share/as2_gazebo_assets/models/3d_lidar/model.config
[10.322s] -- Up-to-date symlink: /root/aerostack2_ws/install/as2_gazebo_assets/share/as2_gazebo_assets/models/air_pressure/air_pressure.sdf
[10.322s] -- Up-to-date symlink: /root/aerostack2_ws/install/as2_gazebo_assets/share/as2_gazebo_assets/models/air_pressure/model.config
[10.322s] -- Up-to-date symlink: /root/aerostack2_ws/install/as2_gazebo_assets/share/as2_gazebo_assets/models/aruco/aruco.sdf
[10.322s] -- Up-to-date symlink: /root/aerostack2_ws/install/as2_gazebo_assets/share/as2_gazebo_assets/models/aruco/materials/scripts/aruco.material
[10.322s] -- Up-to-date symlink: /root/aerostack2_ws/install/as2_gazebo_assets/share/as2_gazebo_assets/models/aruco/materials/textures/marker1.png
[10.323s] -- Up-to-date symlink: /root/aerostack2_ws/install/as2_gazebo_assets/share/as2_gazebo_assets/models/aruco/materials/textures/marker2.png
[10.323s] -- Up-to-date symlink: /root/aerostack2_ws/install/as2_gazebo_assets/share/as2_gazebo_assets/models/aruco/materials/textures/marker3.png
[10.323s] -- Up-to-date symlink: /root/aerostack2_ws/install/as2_gazebo_assets/share/as2_gazebo_assets/models/aruco/materials/textures/marker4.png
[10.323s] -- Up-to-date symlink: /root/aerostack2_ws/install/as2_gazebo_assets/share/as2_gazebo_assets/models/aruco/materials/textures/marker5.png
[10.323s] -- Up-to-date symlink: /root/aerostack2_ws/install/as2_gazebo_assets/share/as2_gazebo_assets/models/aruco/meshes/checkerboard_plane.dae
[10.323s] -- Up-to-date symlink: /root/aerostack2_ws/install/as2_gazebo_assets/share/as2_gazebo_assets/models/aruco/model.config
[10.323s] -- Up-to-date symlink: /root/aerostack2_ws/install/as2_gazebo_assets/share/as2_gazebo_assets/models/aruco_gate_1/aruco_gate_1.sdf
[10.324s] -- Up-to-date symlink: /root/aerostack2_ws/install/as2_gazebo_assets/share/as2_gazebo_assets/models/aruco_gate_1/meshes/background.stl
[10.324s] -- Up-to-date symlink: /root/aerostack2_ws/install/as2_gazebo_assets/share/as2_gazebo_assets/models/aruco_gate_1/meshes/base.stl
[10.328s] -- Up-to-date symlink: /root/aerostack2_ws/install/as2_gazebo_assets/share/as2_gazebo_assets/models/aruco_gate_1/meshes/base_2.stl
[10.328s] -- Up-to-date symlink: /root/aerostack2_ws/install/as2_gazebo_assets/share/as2_gazebo_assets/models/aruco_gate_1/meshes/hoop.stl
[10.328s] -- Up-to-date symlink: /root/aerostack2_ws/install/as2_gazebo_assets/share/as2_gazebo_assets/models/aruco_gate_1/meshes/hoop_2.stl
[10.328s] -- Up-to-date symlink: /root/aerostack2_ws/install/as2_gazebo_assets/share/as2_gazebo_assets/models/aruco_gate_1/model.config
[10.328s] -- Up-to-date symlink: /root/aerostack2_ws/install/as2_gazebo_assets/share/as2_gazebo_assets/models/aruco_gate_2/aruco_gate_2.sdf
[10.329s] -- Up-to-date symlink: /root/aerostack2_ws/install/as2_gazebo_assets/share/as2_gazebo_assets/models/aruco_gate_2/model.config
[10.329s] -- Up-to-date symlink: /root/aerostack2_ws/install/as2_gazebo_assets/share/as2_gazebo_assets/models/crazyflie/crazyflie.sdf
[10.329s] -- Up-to-date symlink: /root/aerostack2_ws/install/as2_gazebo_assets/share/as2_gazebo_assets/models/crazyflie/crazyflie.sdf.jinja
[10.329s] -- Up-to-date symlink: /root/aerostack2_ws/install/as2_gazebo_assets/share/as2_gazebo_assets/models/crazyflie/meshes/ccw_prop.dae
[10.329s] -- Up-to-date symlink: /root/aerostack2_ws/install/as2_gazebo_assets/share/as2_gazebo_assets/models/crazyflie/meshes/cf2_assembly.dae
[10.329s] -- Up-to-date symlink: /root/aerostack2_ws/install/as2_gazebo_assets/share/as2_gazebo_assets/models/crazyflie/meshes/cw_prop.dae
[10.329s] -- Up-to-date symlink: /root/aerostack2_ws/install/as2_gazebo_assets/share/as2_gazebo_assets/models/crazyflie/model.config
[10.329s] -- Up-to-date symlink: /root/aerostack2_ws/install/as2_gazebo_assets/share/as2_gazebo_assets/models/f330/f330.sdf
[10.329s] -- Up-to-date symlink: /root/aerostack2_ws/install/as2_gazebo_assets/share/as2_gazebo_assets/models/f330/f330.sdf.jinja
[10.329s] -- Up-to-date symlink: /root/aerostack2_ws/install/as2_gazebo_assets/share/as2_gazebo_assets/models/f330/meshes/model.dae
[10.329s] -- Up-to-date symlink: /root/aerostack2_ws/install/as2_gazebo_assets/share/as2_gazebo_assets/models/f330/model.config
[10.330s] -- Up-to-date symlink: /root/aerostack2_ws/install/as2_gazebo_assets/share/as2_gazebo_assets/models/gate/gate.sdf
[10.330s] -- Up-to-date symlink: /root/aerostack2_ws/install/as2_gazebo_assets/share/as2_gazebo_assets/models/gate/meshes/gate.dae
[10.330s] -- Up-to-date symlink: /root/aerostack2_ws/install/as2_gazebo_assets/share/as2_gazebo_assets/models/gate/meshes/gate_color.png
[10.330s] -- Up-to-date symlink: /root/aerostack2_ws/install/as2_gazebo_assets/share/as2_gazebo_assets/models/gate/model.config
[10.330s] -- Up-to-date symlink: /root/aerostack2_ws/install/as2_gazebo_assets/share/as2_gazebo_assets/models/gimbal/model.config
[10.330s] -- Up-to-date symlink: /root/aerostack2_ws/install/as2_gazebo_assets/share/as2_gazebo_assets/models/gimbal/position_gimbal.sdf
[10.330s] -- Up-to-date symlink: /root/aerostack2_ws/install/as2_gazebo_assets/share/as2_gazebo_assets/models/gimbal/position_gimbal.sdf.jinja
[10.330s] -- Up-to-date symlink: /root/aerostack2_ws/install/as2_gazebo_assets/share/as2_gazebo_assets/models/gimbal/speed_gimbal.sdf.jinja
[10.330s] -- Up-to-date symlink: /root/aerostack2_ws/install/as2_gazebo_assets/share/as2_gazebo_assets/models/gps/gps.sdf
[10.330s] -- Up-to-date symlink: /root/aerostack2_ws/install/as2_gazebo_assets/share/as2_gazebo_assets/models/gps/model.config
[10.331s] -- Up-to-date symlink: /root/aerostack2_ws/install/as2_gazebo_assets/share/as2_gazebo_assets/models/grass_patch/materials/textures/grass_dry.png
[10.331s] -- Up-to-date symlink: /root/aerostack2_ws/install/as2_gazebo_assets/share/as2_gazebo_assets/models/grass_patch/model.config
[10.332s] -- Up-to-date symlink: /root/aerostack2_ws/install/as2_gazebo_assets/share/as2_gazebo_assets/models/grass_patch/model.sdf
[10.332s] -- Up-to-date symlink: /root/aerostack2_ws/install/as2_gazebo_assets/share/as2_gazebo_assets/models/grass_patch/thumbnails/grasspatch.jpg
[10.333s] -- Up-to-date symlink: /root/aerostack2_ws/install/as2_gazebo_assets/share/as2_gazebo_assets/models/grayscaled_camera/grayscaled_camera.sdf
[10.333s] -- Up-to-date symlink: /root/aerostack2_ws/install/as2_gazebo_assets/share/as2_gazebo_assets/models/grayscaled_camera/grayscaled_camera.sdf.jinja
[10.333s] -- Up-to-date symlink: /root/aerostack2_ws/install/as2_gazebo_assets/share/as2_gazebo_assets/models/grayscaled_camera/model.config
[10.333s] -- Up-to-date symlink: /root/aerostack2_ws/install/as2_gazebo_assets/share/as2_gazebo_assets/models/ground_plane/ground_plane.sdf
[10.333s] -- Up-to-date symlink: /root/aerostack2_ws/install/as2_gazebo_assets/share/as2_gazebo_assets/models/ground_plane/model.config
[10.333s] -- Up-to-date symlink: /root/aerostack2_ws/install/as2_gazebo_assets/share/as2_gazebo_assets/models/hd_camera/hd_camera.sdf
[10.333s] -- Up-to-date symlink: /root/aerostack2_ws/install/as2_gazebo_assets/share/as2_gazebo_assets/models/hd_camera/hd_camera.sdf.jinja
[10.333s] -- Up-to-date symlink: /root/aerostack2_ws/install/as2_gazebo_assets/share/as2_gazebo_assets/models/hd_camera/model.config
[10.333s] -- Up-to-date symlink: /root/aerostack2_ws/install/as2_gazebo_assets/share/as2_gazebo_assets/models/hexrotor_base/hexrotor_base.sdf
[10.336s] -- Up-to-date symlink: /root/aerostack2_ws/install/as2_gazebo_assets/share/as2_gazebo_assets/models/hexrotor_base/hexrotor_base.sdf.jinja
[10.337s] -- Up-to-date symlink: /root/aerostack2_ws/install/as2_gazebo_assets/share/as2_gazebo_assets/models/hexrotor_base/materials/textures/led.jpg
[10.337s] -- Up-to-date symlink: /root/aerostack2_ws/install/as2_gazebo_assets/share/as2_gazebo_assets/models/hexrotor_base/meshes/hexrotor.dae
[10.337s] -- Up-to-date symlink: /root/aerostack2_ws/install/as2_gazebo_assets/share/as2_gazebo_assets/models/hexrotor_base/meshes/hexrotor.jpg
[10.337s] -- Up-to-date symlink: /root/aerostack2_ws/install/as2_gazebo_assets/share/as2_gazebo_assets/models/hexrotor_base/meshes/led.dae
[10.337s] -- Up-to-date symlink: /root/aerostack2_ws/install/as2_gazebo_assets/share/as2_gazebo_assets/models/hexrotor_base/meshes/led_lamp.dae
[10.337s] -- Up-to-date symlink: /root/aerostack2_ws/install/as2_gazebo_assets/share/as2_gazebo_assets/models/hexrotor_base/meshes/neo11_propeller_ccw.dae
[10.337s] -- Up-to-date symlink: /root/aerostack2_ws/install/as2_gazebo_assets/share/as2_gazebo_assets/models/hexrotor_base/meshes/neo11_propeller_cw.dae
[10.337s] -- Up-to-date symlink: /root/aerostack2_ws/install/as2_gazebo_assets/share/as2_gazebo_assets/models/hexrotor_base/model.config
[10.337s] -- Up-to-date symlink: /root/aerostack2_ws/install/as2_gazebo_assets/share/as2_gazebo_assets/models/lidar_3d/lidar_3d.sdf
[10.337s] -- Up-to-date symlink: /root/aerostack2_ws/install/as2_gazebo_assets/share/as2_gazebo_assets/models/lidar_3d/model.config
[10.337s] -- Up-to-date symlink: /root/aerostack2_ws/install/as2_gazebo_assets/share/as2_gazebo_assets/models/magnetometer/magnetometer.sdf
[10.337s] -- Up-to-date symlink: /root/aerostack2_ws/install/as2_gazebo_assets/share/as2_gazebo_assets/models/magnetometer/model.config
[10.338s] -- Up-to-date symlink: /root/aerostack2_ws/install/as2_gazebo_assets/share/as2_gazebo_assets/models/planar_lidar/model.config
[10.338s] -- Up-to-date symlink: /root/aerostack2_ws/install/as2_gazebo_assets/share/as2_gazebo_assets/models/planar_lidar/planar_lidar.sdf
[10.338s] -- Up-to-date symlink: /root/aerostack2_ws/install/as2_gazebo_assets/share/as2_gazebo_assets/models/point_lidar/model.config
[10.338s] -- Up-to-date symlink: /root/aerostack2_ws/install/as2_gazebo_assets/share/as2_gazebo_assets/models/point_lidar/point_lidar.sdf
[10.338s] -- Up-to-date symlink: /root/aerostack2_ws/install/as2_gazebo_assets/share/as2_gazebo_assets/models/px4vision/meshes/body.dae
[10.338s] -- Up-to-date symlink: /root/aerostack2_ws/install/as2_gazebo_assets/share/as2_gazebo_assets/models/px4vision/meshes/iris_prop_ccw.dae
[10.338s] -- Up-to-date symlink: /root/aerostack2_ws/install/as2_gazebo_assets/share/as2_gazebo_assets/models/px4vision/meshes/iris_prop_cw.dae
[10.338s] -- Up-to-date symlink: /root/aerostack2_ws/install/as2_gazebo_assets/share/as2_gazebo_assets/models/px4vision/model.config
[10.338s] -- Up-to-date symlink: /root/aerostack2_ws/install/as2_gazebo_assets/share/as2_gazebo_assets/models/px4vision/px4vision.sdf
[10.338s] -- Up-to-date symlink: /root/aerostack2_ws/install/as2_gazebo_assets/share/as2_gazebo_assets/models/px4vision/px4vision.sdf.jinja
[10.343s] -- Up-to-date symlink: /root/aerostack2_ws/install/as2_gazebo_assets/share/as2_gazebo_assets/models/px4vision/thumbnails/px4_vision_front.png
[10.343s] -- Up-to-date symlink: /root/aerostack2_ws/install/as2_gazebo_assets/share/as2_gazebo_assets/models/px4vision/thumbnails/px4_vision_top.png
[10.344s] -- Up-to-date symlink: /root/aerostack2_ws/install/as2_gazebo_assets/share/as2_gazebo_assets/models/px4vision/thumbnails/px4vision_diagonal.png
[10.344s] -- Up-to-date symlink: /root/aerostack2_ws/install/as2_gazebo_assets/share/as2_gazebo_assets/models/quadrotor_base/materials/textures/led.jpg
[10.346s] -- Up-to-date symlink: /root/aerostack2_ws/install/as2_gazebo_assets/share/as2_gazebo_assets/models/quadrotor_base/meshes/led.dae
[10.346s] -- Up-to-date symlink: /root/aerostack2_ws/install/as2_gazebo_assets/share/as2_gazebo_assets/models/quadrotor_base/meshes/led_lamp.dae
[10.346s] -- Up-to-date symlink: /root/aerostack2_ws/install/as2_gazebo_assets/share/as2_gazebo_assets/models/quadrotor_base/meshes/propeller_ccw.dae
[10.346s] -- Up-to-date symlink: /root/aerostack2_ws/install/as2_gazebo_assets/share/as2_gazebo_assets/models/quadrotor_base/meshes/propeller_cw.dae
[10.347s] -- Up-to-date symlink: /root/aerostack2_ws/install/as2_gazebo_assets/share/as2_gazebo_assets/models/quadrotor_base/meshes/quadrotor.dae
[10.347s] -- Up-to-date symlink: /root/aerostack2_ws/install/as2_gazebo_assets/share/as2_gazebo_assets/models/quadrotor_base/meshes/quadrotor.jpg
[10.347s] -- Up-to-date symlink: /root/aerostack2_ws/install/as2_gazebo_assets/share/as2_gazebo_assets/models/quadrotor_base/model.config
[10.347s] -- Up-to-date symlink: /root/aerostack2_ws/install/as2_gazebo_assets/share/as2_gazebo_assets/models/quadrotor_base/quadrotor_base.sdf
[10.347s] -- Up-to-date symlink: /root/aerostack2_ws/install/as2_gazebo_assets/share/as2_gazebo_assets/models/quadrotor_base/quadrotor_base.sdf.jinja
[10.347s] -- Up-to-date symlink: /root/aerostack2_ws/install/as2_gazebo_assets/share/as2_gazebo_assets/models/rgbd_camera/model.config
[10.347s] -- Up-to-date symlink: /root/aerostack2_ws/install/as2_gazebo_assets/share/as2_gazebo_assets/models/rgbd_camera/rgbd_camera.sdf
[10.347s] -- Up-to-date symlink: /root/aerostack2_ws/install/as2_gazebo_assets/share/as2_gazebo_assets/models/rgbd_camera/rgbd_camera.sdf.jinja
[10.347s] -- Up-to-date symlink: /root/aerostack2_ws/install/as2_gazebo_assets/share/as2_gazebo_assets/models/semantic_camera/model.config
[10.347s] -- Up-to-date symlink: /root/aerostack2_ws/install/as2_gazebo_assets/share/as2_gazebo_assets/models/semantic_camera/semantic_camera.sdf
[10.347s] -- Up-to-date symlink: /root/aerostack2_ws/install/as2_gazebo_assets/share/as2_gazebo_assets/models/semantic_camera/semantic_camera.sdf.jinja
[10.347s] -- Up-to-date symlink: /root/aerostack2_ws/install/as2_gazebo_assets/share/as2_gazebo_assets/models/suction_gripper/model.config
[10.348s] -- Up-to-date symlink: /root/aerostack2_ws/install/as2_gazebo_assets/share/as2_gazebo_assets/models/suction_gripper/suction_gripper.sdf
[10.348s] -- Up-to-date symlink: /root/aerostack2_ws/install/as2_gazebo_assets/share/as2_gazebo_assets/models/two_fingers_gripper/materials/textures/base_color.png
[10.348s] -- Up-to-date symlink: /root/aerostack2_ws/install/as2_gazebo_assets/share/as2_gazebo_assets/models/two_fingers_gripper/materials/textures/base_normals.png
[10.348s] -- Up-to-date symlink: /root/aerostack2_ws/install/as2_gazebo_assets/share/as2_gazebo_assets/models/two_fingers_gripper/materials/textures/elbow_flex_color.png
[10.348s] -- Up-to-date symlink: /root/aerostack2_ws/install/as2_gazebo_assets/share/as2_gazebo_assets/models/two_fingers_gripper/materials/textures/elbow_flex_normals.png
[10.348s] -- Up-to-date symlink: /root/aerostack2_ws/install/as2_gazebo_assets/share/as2_gazebo_assets/models/two_fingers_gripper/materials/textures/finger_H_Color_100430.png
[10.348s] -- Up-to-date symlink: /root/aerostack2_ws/install/as2_gazebo_assets/share/as2_gazebo_assets/models/two_fingers_gripper/materials/textures/fingertip_H_Color_100430.png
[10.348s] -- Up-to-date symlink: /root/aerostack2_ws/install/as2_gazebo_assets/share/as2_gazebo_assets/models/two_fingers_gripper/materials/textures/float_H_Color_100430.png
[10.348s] -- Up-to-date symlink: /root/aerostack2_ws/install/as2_gazebo_assets/share/as2_gazebo_assets/models/two_fingers_gripper/materials/textures/forearm.png
[10.348s] -- Up-to-date symlink: /root/aerostack2_ws/install/as2_gazebo_assets/share/as2_gazebo_assets/models/two_fingers_gripper/materials/textures/forearm_color.png
[10.348s] -- Up-to-date symlink: /root/aerostack2_ws/install/as2_gazebo_assets/share/as2_gazebo_assets/models/two_fingers_gripper/materials/textures/forearm_normals.png
[10.348s] -- Up-to-date symlink: /root/aerostack2_ws/install/as2_gazebo_assets/share/as2_gazebo_assets/models/two_fingers_gripper/materials/textures/gripper_palm_color.png
[10.348s] -- Up-to-date symlink: /root/aerostack2_ws/install/as2_gazebo_assets/share/as2_gazebo_assets/models/two_fingers_gripper/materials/textures/gripper_palm_normals.png
[10.349s] -- Up-to-date symlink: /root/aerostack2_ws/install/as2_gazebo_assets/share/as2_gazebo_assets/models/two_fingers_gripper/materials/textures/head_pan_color.png
[10.349s] -- Up-to-date symlink: /root/aerostack2_ws/install/as2_gazebo_assets/share/as2_gazebo_assets/models/two_fingers_gripper/materials/textures/head_pan_normals.png
[10.349s] -- Up-to-date symlink: /root/aerostack2_ws/install/as2_gazebo_assets/share/as2_gazebo_assets/models/two_fingers_gripper/materials/textures/head_tilt_color.png
[10.349s] -- Up-to-date symlink: /root/aerostack2_ws/install/as2_gazebo_assets/share/as2_gazebo_assets/models/two_fingers_gripper/materials/textures/head_tilt_color_red.png
[10.349s] -- Up-to-date symlink: /root/aerostack2_ws/install/as2_gazebo_assets/share/as2_gazebo_assets/models/two_fingers_gripper/materials/textures/head_tilt_color_yellow.png
[10.349s] -- Up-to-date symlink: /root/aerostack2_ws/install/as2_gazebo_assets/share/as2_gazebo_assets/models/two_fingers_gripper/materials/textures/head_tilt_green.png
[10.349s] -- Up-to-date symlink: /root/aerostack2_ws/install/as2_gazebo_assets/share/as2_gazebo_assets/models/two_fingers_gripper/materials/textures/head_tilt_normals.png
[10.349s] -- Up-to-date symlink: /root/aerostack2_ws/install/as2_gazebo_assets/share/as2_gazebo_assets/models/two_fingers_gripper/materials/textures/l_finger_color.png
[10.349s] -- Up-to-date symlink: /root/aerostack2_ws/install/as2_gazebo_assets/share/as2_gazebo_assets/models/two_fingers_gripper/materials/textures/l_finger_normals.png
[10.349s] -- Up-to-date symlink: /root/aerostack2_ws/install/as2_gazebo_assets/share/as2_gazebo_assets/models/two_fingers_gripper/materials/textures/l_finger_tip_color.png
[10.349s] -- Up-to-date symlink: /root/aerostack2_ws/install/as2_gazebo_assets/share/as2_gazebo_assets/models/two_fingers_gripper/materials/textures/l_finger_tip_normals.png
[10.349s] -- Up-to-date symlink: /root/aerostack2_ws/install/as2_gazebo_assets/share/as2_gazebo_assets/models/two_fingers_gripper/materials/textures/l_float_color.png
[10.350s] -- Up-to-date symlink: /root/aerostack2_ws/install/as2_gazebo_assets/share/as2_gazebo_assets/models/two_fingers_gripper/materials/textures/l_float_normals.png
[10.350s] -- Up-to-date symlink: /root/aerostack2_ws/install/as2_gazebo_assets/share/as2_gazebo_assets/models/two_fingers_gripper/materials/textures/palm_H_Color_100430.png
[10.350s] -- Up-to-date symlink: /root/aerostack2_ws/install/as2_gazebo_assets/share/as2_gazebo_assets/models/two_fingers_gripper/materials/textures/shoulder_lift_color.png
[10.350s] -- Up-to-date symlink: /root/aerostack2_ws/install/as2_gazebo_assets/share/as2_gazebo_assets/models/two_fingers_gripper/materials/textures/shoulder_lift_normals.png
[10.350s] -- Up-to-date symlink: /root/aerostack2_ws/install/as2_gazebo_assets/share/as2_gazebo_assets/models/two_fingers_gripper/materials/textures/shoulder_pan_color.png
[10.350s] -- Up-to-date symlink: /root/aerostack2_ws/install/as2_gazebo_assets/share/as2_gazebo_assets/models/two_fingers_gripper/materials/textures/shoulder_pan_normals.png
[10.350s] -- Up-to-date symlink: /root/aerostack2_ws/install/as2_gazebo_assets/share/as2_gazebo_assets/models/two_fingers_gripper/materials/textures/tilting_hokuyo_color.png
[10.350s] -- Up-to-date symlink: /root/aerostack2_ws/install/as2_gazebo_assets/share/as2_gazebo_assets/models/two_fingers_gripper/materials/textures/tilting_hokuyo_normals.png
[10.350s] -- Up-to-date symlink: /root/aerostack2_ws/install/as2_gazebo_assets/share/as2_gazebo_assets/models/two_fingers_gripper/materials/textures/torso_lift_color.png
[10.350s] -- Up-to-date symlink: /root/aerostack2_ws/install/as2_gazebo_assets/share/as2_gazebo_assets/models/two_fingers_gripper/materials/textures/torso_lift_normals.png
[10.350s] -- Up-to-date symlink: /root/aerostack2_ws/install/as2_gazebo_assets/share/as2_gazebo_assets/models/two_fingers_gripper/materials/textures/upper_arm.png
[10.351s] -- Up-to-date symlink: /root/aerostack2_ws/install/as2_gazebo_assets/share/as2_gazebo_assets/models/two_fingers_gripper/materials/textures/upper_arm_color.png
[10.352s] -- Up-to-date symlink: /root/aerostack2_ws/install/as2_gazebo_assets/share/as2_gazebo_assets/models/two_fingers_gripper/materials/textures/upper_arm_normals.png
[10.352s] -- Up-to-date symlink: /root/aerostack2_ws/install/as2_gazebo_assets/share/as2_gazebo_assets/models/two_fingers_gripper/materials/textures/upper_arm_roll_color.png
[10.352s] -- Up-to-date symlink: /root/aerostack2_ws/install/as2_gazebo_assets/share/as2_gazebo_assets/models/two_fingers_gripper/materials/textures/upper_arm_roll_normals.png
[10.352s] -- Up-to-date symlink: /root/aerostack2_ws/install/as2_gazebo_assets/share/as2_gazebo_assets/models/two_fingers_gripper/materials/textures/wheel_color.png
[10.352s] -- Up-to-date symlink: /root/aerostack2_ws/install/as2_gazebo_assets/share/as2_gazebo_assets/models/two_fingers_gripper/materials/textures/wheel_h_color.png
[10.352s] -- Up-to-date symlink: /root/aerostack2_ws/install/as2_gazebo_assets/share/as2_gazebo_assets/models/two_fingers_gripper/materials/textures/wheel_normals.png
[10.352s] -- Up-to-date symlink: /root/aerostack2_ws/install/as2_gazebo_assets/share/as2_gazebo_assets/models/two_fingers_gripper/materials/textures/wrist_color.png
[10.352s] -- Up-to-date symlink: /root/aerostack2_ws/install/as2_gazebo_assets/share/as2_gazebo_assets/models/two_fingers_gripper/materials/textures/wrist_normals.png
[10.352s] -- Up-to-date symlink: /root/aerostack2_ws/install/as2_gazebo_assets/share/as2_gazebo_assets/models/two_fingers_gripper/meshes/forearm_v0/wrist_roll.stl
[10.352s] -- Up-to-date symlink: /root/aerostack2_ws/install/as2_gazebo_assets/share/as2_gazebo_assets/models/two_fingers_gripper/meshes/forearm_v0/wrist_roll_L.stl
[10.353s] -- Up-to-date symlink: /root/aerostack2_ws/install/as2_gazebo_assets/share/as2_gazebo_assets/models/two_fingers_gripper/meshes/gripper_v0/float_H_UV_100430.dae
[10.353s] -- Up-to-date symlink: /root/aerostack2_ws/install/as2_gazebo_assets/share/as2_gazebo_assets/models/two_fingers_gripper/meshes/gripper_v0/gripper_palm.dae
[10.353s] -- Up-to-date symlink: /root/aerostack2_ws/install/as2_gazebo_assets/share/as2_gazebo_assets/models/two_fingers_gripper/meshes/gripper_v0/gripper_palm.stl
[10.353s] -- Up-to-date symlink: /root/aerostack2_ws/install/as2_gazebo_assets/share/as2_gazebo_assets/models/two_fingers_gripper/meshes/gripper_v0/l_finger.dae
[10.353s] -- Up-to-date symlink: /root/aerostack2_ws/install/as2_gazebo_assets/share/as2_gazebo_assets/models/two_fingers_gripper/meshes/gripper_v0/l_finger.stl
[10.353s] -- Up-to-date symlink: /root/aerostack2_ws/install/as2_gazebo_assets/share/as2_gazebo_assets/models/two_fingers_gripper/meshes/gripper_v0/l_finger_tip.dae
[10.353s] -- Up-to-date symlink: /root/aerostack2_ws/install/as2_gazebo_assets/share/as2_gazebo_assets/models/two_fingers_gripper/meshes/gripper_v0/l_finger_tip.stl
[10.353s] -- Up-to-date symlink: /root/aerostack2_ws/install/as2_gazebo_assets/share/as2_gazebo_assets/models/two_fingers_gripper/meshes/gripper_v0/l_float.dae
[10.353s] -- Up-to-date symlink: /root/aerostack2_ws/install/as2_gazebo_assets/share/as2_gazebo_assets/models/two_fingers_gripper/meshes/gripper_v0/l_floating.stl
[10.353s] -- Up-to-date symlink: /root/aerostack2_ws/install/as2_gazebo_assets/share/as2_gazebo_assets/models/two_fingers_gripper/meshes/gripper_v0/palm_H_UV_100430.dae
[10.353s] -- Up-to-date symlink: /root/aerostack2_ws/install/as2_gazebo_assets/share/as2_gazebo_assets/models/two_fingers_gripper/meshes/gripper_v0/upper_finger_l.stl
[10.354s] -- Up-to-date symlink: /root/aerostack2_ws/install/as2_gazebo_assets/share/as2_gazebo_assets/models/two_fingers_gripper/meshes/gripper_v0/upper_finger_r.stl
[10.354s] -- Up-to-date symlink: /root/aerostack2_ws/install/as2_gazebo_assets/share/as2_gazebo_assets/models/two_fingers_gripper/model.config
[10.354s] -- Up-to-date symlink: /root/aerostack2_ws/install/as2_gazebo_assets/share/as2_gazebo_assets/models/two_fingers_gripper/thumbnails/1.png
[10.354s] -- Up-to-date symlink: /root/aerostack2_ws/install/as2_gazebo_assets/share/as2_gazebo_assets/models/two_fingers_gripper/thumbnails/2.png
[10.354s] -- Up-to-date symlink: /root/aerostack2_ws/install/as2_gazebo_assets/share/as2_gazebo_assets/models/two_fingers_gripper/thumbnails/3.png
[10.354s] -- Up-to-date symlink: /root/aerostack2_ws/install/as2_gazebo_assets/share/as2_gazebo_assets/models/two_fingers_gripper/thumbnails/4.png
[10.354s] -- Up-to-date symlink: /root/aerostack2_ws/install/as2_gazebo_assets/share/as2_gazebo_assets/models/two_fingers_gripper/thumbnails/5.png
[10.354s] -- Up-to-date symlink: /root/aerostack2_ws/install/as2_gazebo_assets/share/as2_gazebo_assets/models/two_fingers_gripper/two_fingers_gripper.sdf
[10.354s] -- Up-to-date symlink: /root/aerostack2_ws/install/as2_gazebo_assets/share/as2_gazebo_assets/models/vga_camera/model.config
[10.355s] -- Up-to-date symlink: /root/aerostack2_ws/install/as2_gazebo_assets/share/as2_gazebo_assets/models/vga_camera/vga_camera.sdf
[10.355s] -- Up-to-date symlink: /root/aerostack2_ws/install/as2_gazebo_assets/share/as2_gazebo_assets/models/vga_camera/vga_camera.sdf.jinja
[10.355s] -- Up-to-date symlink: /root/aerostack2_ws/install/as2_gazebo_assets/share/as2_gazebo_assets/models/windmill/meshes/Plastic010_1K_Displacement.jpg
[10.355s] -- Up-to-date symlink: /root/aerostack2_ws/install/as2_gazebo_assets/share/as2_gazebo_assets/models/windmill/meshes/blades.dae
[10.355s] -- Up-to-date symlink: /root/aerostack2_ws/install/as2_gazebo_assets/share/as2_gazebo_assets/models/windmill/meshes/rotor.dae
[10.357s] -- Up-to-date symlink: /root/aerostack2_ws/install/as2_gazebo_assets/share/as2_gazebo_assets/models/windmill/meshes/tower.dae
[10.357s] -- Up-to-date symlink: /root/aerostack2_ws/install/as2_gazebo_assets/share/as2_gazebo_assets/models/windmill/model.config
[10.357s] -- Up-to-date symlink: /root/aerostack2_ws/install/as2_gazebo_assets/share/as2_gazebo_assets/models/windmill/windmill.sdf
[10.357s] -- Up-to-date symlink: /root/aerostack2_ws/install/as2_gazebo_assets/share/as2_gazebo_assets/models/x500/materials/textures/CF.png
[10.357s] -- Up-to-date symlink: /root/aerostack2_ws/install/as2_gazebo_assets/share/as2_gazebo_assets/models/x500/materials/textures/nxp.png
[10.357s] -- Up-to-date symlink: /root/aerostack2_ws/install/as2_gazebo_assets/share/as2_gazebo_assets/models/x500/materials/textures/rd.png
[10.357s] -- Up-to-date symlink: /root/aerostack2_ws/install/as2_gazebo_assets/share/as2_gazebo_assets/models/x500/meshes/1345_prop_ccw.stl
[10.357s] -- Up-to-date symlink: /root/aerostack2_ws/install/as2_gazebo_assets/share/as2_gazebo_assets/models/x500/meshes/1345_prop_cw.stl
[10.357s] -- Up-to-date symlink: /root/aerostack2_ws/install/as2_gazebo_assets/share/as2_gazebo_assets/models/x500/meshes/5010Base.dae
[10.357s] -- Up-to-date symlink: /root/aerostack2_ws/install/as2_gazebo_assets/share/as2_gazebo_assets/models/x500/meshes/5010Bell.dae
[10.357s] -- Up-to-date symlink: /root/aerostack2_ws/install/as2_gazebo_assets/share/as2_gazebo_assets/models/x500/meshes/CF.png
[10.358s] -- Up-to-date symlink: /root/aerostack2_ws/install/as2_gazebo_assets/share/as2_gazebo_assets/models/x500/meshes/NXP-HGD-CF.dae
[10.358s] -- Up-to-date symlink: /root/aerostack2_ws/install/as2_gazebo_assets/share/as2_gazebo_assets/models/x500/model.config
[10.358s] -- Up-to-date symlink: /root/aerostack2_ws/install/as2_gazebo_assets/share/as2_gazebo_assets/models/x500/thumbnails/1.png
[10.358s] -- Up-to-date symlink: /root/aerostack2_ws/install/as2_gazebo_assets/share/as2_gazebo_assets/models/x500/thumbnails/2.png
[10.358s] -- Up-to-date symlink: /root/aerostack2_ws/install/as2_gazebo_assets/share/as2_gazebo_assets/models/x500/thumbnails/3.png
[10.358s] -- Up-to-date symlink: /root/aerostack2_ws/install/as2_gazebo_assets/share/as2_gazebo_assets/models/x500/thumbnails/4.png
[10.358s] -- Up-to-date symlink: /root/aerostack2_ws/install/as2_gazebo_assets/share/as2_gazebo_assets/models/x500/thumbnails/5.png
[10.358s] -- Up-to-date symlink: /root/aerostack2_ws/install/as2_gazebo_assets/share/as2_gazebo_assets/models/x500/x500.sdf
[10.358s] -- Up-to-date symlink: /root/aerostack2_ws/install/as2_gazebo_assets/share/as2_gazebo_assets/models/x500/x500.sdf.jinja
[10.358s] -- Up-to-date symlink: /root/aerostack2_ws/install/as2_gazebo_assets/share/as2_gazebo_assets/scripts/jinja_gen.py
[10.358s] -- Up-to-date symlink: /root/aerostack2_ws/install/as2_gazebo_assets/share/ament_index/resource_index/package_run_dependencies/as2_gazebo_assets
[10.358s] -- Up-to-date symlink: /root/aerostack2_ws/install/as2_gazebo_assets/share/ament_index/resource_index/parent_prefix_path/as2_gazebo_assets
[10.358s] -- Up-to-date symlink: /root/aerostack2_ws/install/as2_gazebo_assets/share/as2_gazebo_assets/environment/ament_prefix_path.sh
[10.359s] -- Up-to-date symlink: /root/aerostack2_ws/install/as2_gazebo_assets/share/as2_gazebo_assets/environment/ament_prefix_path.dsv
[10.359s] -- Up-to-date symlink: /root/aerostack2_ws/install/as2_gazebo_assets/share/as2_gazebo_assets/environment/path.sh
[10.359s] -- Up-to-date symlink: /root/aerostack2_ws/install/as2_gazebo_assets/share/as2_gazebo_assets/environment/path.dsv
[10.361s] -- Up-to-date symlink: /root/aerostack2_ws/install/as2_gazebo_assets/share/as2_gazebo_assets/local_setup.bash
[10.362s] -- Up-to-date symlink: /root/aerostack2_ws/install/as2_gazebo_assets/share/as2_gazebo_assets/local_setup.sh
[10.363s] -- Up-to-date symlink: /root/aerostack2_ws/install/as2_gazebo_assets/share/as2_gazebo_assets/local_setup.zsh
[10.363s] -- Up-to-date symlink: /root/aerostack2_ws/install/as2_gazebo_assets/share/as2_gazebo_assets/local_setup.dsv
[10.363s] -- Symlinking: /root/aerostack2_ws/install/as2_gazebo_assets/share/as2_gazebo_assets/package.dsv
[10.377s] -- Up-to-date symlink: /root/aerostack2_ws/install/as2_gazebo_assets/share/ament_index/resource_index/packages/as2_gazebo_assets
[10.377s] -- Up-to-date symlink: /root/aerostack2_ws/install/as2_gazebo_assets/share/as2_gazebo_assets/cmake/as2_gazebo_assetsConfig.cmake
[10.377s] -- Up-to-date symlink: /root/aerostack2_ws/install/as2_gazebo_assets/share/as2_gazebo_assets/cmake/as2_gazebo_assetsConfig-version.cmake
[10.377s] -- Up-to-date symlink: /root/aerostack2_ws/install/as2_gazebo_assets/share/as2_gazebo_assets/package.xml
[10.451s] Listing '/root/aerostack2_ws/install/as2_gazebo_assets/local/lib/python3.10/dist-packages/as2_gazebo_assets'...
[10.451s] Listing '/root/aerostack2_ws/install/as2_gazebo_assets/local/lib/python3.10/dist-packages/as2_gazebo_assets/bridges'...
[10.451s] Listing '/root/aerostack2_ws/install/as2_gazebo_assets/local/lib/python3.10/dist-packages/as2_gazebo_assets/models'...
[10.452s] Listing '/root/aerostack2_ws/install/as2_gazebo_assets/local/lib/python3.10/dist-packages/as2_gazebo_assets/tests'...
[10.452s] Listing '/root/aerostack2_ws/install/as2_gazebo_assets/local/lib/python3.10/dist-packages/as2_gazebo_assets/utils'...
[10.763s] Invoked command in '/root/aerostack2_ws/build/as2_gazebo_assets' returned '0': CMAKE_PREFIX_PATH=/root/aerostack2_ws/install/as2_core:/root/aerostack2_ws/install/as2_msgs:/root/aerostack2_ws/src/aerostack2/install/as2_motion_reference_handlers:/root/aerostack2_ws/src/aerostack2/install/as2_map_server:/root/aerostack2_ws/src/aerostack2/install/as2_geozones:/root/aerostack2_ws/src/aerostack2/install/as2_behavior:/root/aerostack2_ws/src/aerostack2/install/as2_core:/root/aerostack2_ws/src/aerostack2/install/as2_msgs:/root/aerostack2_ws/src/aerostack2/install/as2_cli:/root/aerostack2_ws/install/aerostack2:/root/aerostack2_ws/install/as2_usb_camera_interface:/root/aerostack2_ws/install/as2_state_estimator:/root/aerostack2_ws/install/as2_rviz_plugins:/root/aerostack2_ws/install/as2_realsense_interface:/root/aerostack2_ws/install/as2_platform_multirotor_simulator:/root/aerostack2_ws/install/as2_platform_gazebo:/root/aerostack2_ws/install/as2_motion_controller:/root/aerostack2_ws/install/as2_behaviors_trajectory_generation:/root/aerostack2_ws/install/as2_behaviors_swarm_flocking:/root/aerostack2_ws/install/as2_behaviors_motion:/root/aerostack2_ws/install/as2_motion_reference_handlers:/root/aerostack2_ws/install/as2_map_server:/root/aerostack2_ws/install/as2_geozones:/root/aerostack2_ws/install/as2_gazebo_assets:/root/aerostack2_ws/install/as2_external_object_to_tf:/root/aerostack2_ws/install/as2_behaviors_platform:/root/aerostack2_ws/install/as2_behaviors_perception:/root/aerostack2_ws/install/as2_behaviors_path_planning:/root/aerostack2_ws/install/as2_behavior_tree:/root/aerostack2_ws/install/as2_behavior:/root/aerostack2_ws/install/as2_alphanumeric_viewer:/root/aerostack2_ws/install/as2_cli:/root/aerostack2_ws/src/aerostack2/install/as2_python_api:/root/aerostack2_ws/install/as2_visualization:/root/aerostack2_ws/install/as2_keyboard_teleoperation:/root/aerostack2_ws/install/as2_python_api:/opt/ros/humble LD_LIBRARY_PATH=/root/aerostack2_ws/install/as2_core/lib:/root/aerostack2_ws/install/as2_msgs/lib:/root/aerostack2_ws/src/aerostack2/install/as2_python_api/lib:/root/aerostack2_ws/src/aerostack2/install/as2_motion_reference_handlers/lib:/root/aerostack2_ws/src/aerostack2/install/as2_map_server/lib:/root/aerostack2_ws/src/aerostack2/install/as2_behavior/lib:/root/aerostack2_ws/src/aerostack2/install/as2_core/lib:/root/aerostack2_ws/src/aerostack2/install/as2_msgs/lib:/root/aerostack2_ws/install/as2_state_estimator/lib:/root/aerostack2_ws/install/as2_python_api/lib:/root/aerostack2_ws/install/as2_motion_controller/lib:/root/aerostack2_ws/install/as2_behaviors_trajectory_generation/lib:/root/aerostack2_ws/install/as2_behaviors_swarm_flocking/lib:/root/aerostack2_ws/install/as2_behaviors_motion/lib:/root/aerostack2_ws/install/as2_motion_reference_handlers/lib:/root/aerostack2_ws/install/as2_map_server/lib:/root/aerostack2_ws/install/as2_gazebo_assets/lib:/root/aerostack2_ws/install/as2_behaviors_perception/lib:/root/aerostack2_ws/install/as2_behaviors_path_planning/lib:/root/aerostack2_ws/install/as2_behavior_tree/lib:/root/aerostack2_ws/install/as2_behavior/lib:/opt/ros/humble/opt/rviz_ogre_vendor/lib:/opt/ros/humble/lib/x86_64-linux-gnu:/opt/ros/humble/lib /usr/bin/cmake --install /root/aerostack2_ws/build/as2_gazebo_assets
