[1.282s] Invoking command in '/root/aerostack2_ws/build/as2_python_api': CMAKE_PREFIX_PATH=/root/aerostack2_ws/install/as2_motion_reference_handlers:/root/aerostack2_ws/install/as2_core:/root/aerostack2_ws/install/as2_msgs:/root/aerostack2_ws/install/aerostack2:/root/aerostack2_ws/install/as2_usb_camera_interface:/root/aerostack2_ws/install/as2_state_estimator:/root/aerostack2_ws/install/as2_rviz_plugins:/root/aerostack2_ws/install/as2_realsense_interface:/root/aerostack2_ws/install/as2_platform_multirotor_simulator:/root/aerostack2_ws/install/as2_platform_gazebo:/root/aerostack2_ws/install/as2_motion_controller:/root/aerostack2_ws/install/as2_behaviors_trajectory_generation:/root/aerostack2_ws/install/as2_behaviors_swarm_flocking:/root/aerostack2_ws/install/as2_behaviors_motion:/root/aerostack2_ws/install/as2_map_server:/root/aerostack2_ws/install/as2_geozones:/root/aerostack2_ws/install/as2_gazebo_assets:/root/aerostack2_ws/install/as2_external_object_to_tf:/root/aerostack2_ws/install/as2_behaviors_platform:/root/aerostack2_ws/install/as2_behaviors_perception:/root/aerostack2_ws/install/as2_behaviors_path_planning:/root/aerostack2_ws/install/as2_behavior_tree:/root/aerostack2_ws/install/as2_behavior:/root/aerostack2_ws/install/as2_alphanumeric_viewer:/root/aerostack2_ws/install/as2_cli:/root/aerostack2_ws/src/aerostack2/install/as2_motion_reference_handlers:/root/aerostack2_ws/src/aerostack2/install/as2_map_server:/root/aerostack2_ws/src/aerostack2/install/as2_geozones:/root/aerostack2_ws/src/aerostack2/install/as2_behavior:/root/aerostack2_ws/src/aerostack2/install/as2_core:/root/aerostack2_ws/src/aerostack2/install/as2_msgs:/root/aerostack2_ws/src/aerostack2/install/as2_cli LD_LIBRARY_PATH=/root/aerostack2_ws/install/as2_core/lib:/root/aerostack2_ws/install/as2_msgs/lib:/root/aerostack2_ws/install/as2_state_estimator/lib:/root/aerostack2_ws/install/as2_python_api/lib:/root/aerostack2_ws/install/as2_motion_controller/lib:/root/aerostack2_ws/install/as2_behaviors_trajectory_generation/lib:/root/aerostack2_ws/install/as2_behaviors_swarm_flocking/lib:/root/aerostack2_ws/install/as2_behaviors_motion/lib:/root/aerostack2_ws/install/as2_motion_reference_handlers/lib:/root/aerostack2_ws/install/as2_map_server/lib:/root/aerostack2_ws/install/as2_gazebo_assets/lib:/root/aerostack2_ws/install/as2_behaviors_perception/lib:/root/aerostack2_ws/install/as2_behaviors_path_planning/lib:/root/aerostack2_ws/install/as2_behavior_tree/lib:/root/aerostack2_ws/install/as2_behavior/lib:/root/aerostack2_ws/src/aerostack2/install/as2_python_api/lib:/root/aerostack2_ws/src/aerostack2/install/as2_motion_reference_handlers/lib:/root/aerostack2_ws/src/aerostack2/install/as2_map_server/lib:/root/aerostack2_ws/src/aerostack2/install/as2_behavior/lib:/root/aerostack2_ws/src/aerostack2/install/as2_core/lib:/root/aerostack2_ws/src/aerostack2/install/as2_msgs/lib:/opt/ros/humble/opt/rviz_ogre_vendor/lib:/opt/ros/humble/lib/x86_64-linux-gnu:/opt/ros/humble/lib PYTHONPATH=/root/aerostack2_ws/build/as2_python_api/prefix_override:/usr/lib/python3/dist-packages/colcon_core/task/python/colcon_distutils_commands:/root/aerostack2_ws/install/as2_python_api/lib/python3.10/site-packages:${PYTHONPATH} /usr/bin/python3 -W ignore:setup.py install is deprecated -W ignore:easy_install command is deprecated setup.py develop --uninstall --editable --build-directory /root/aerostack2_ws/build/as2_python_api/build
[2.369s] running develop
[2.369s] Removing /root/aerostack2_ws/install/as2_python_api/lib/python3.10/site-packages/as2-python-api.egg-link (link to .)
[2.383s] Invoked command in '/root/aerostack2_ws/build/as2_python_api' returned '0': CMAKE_PREFIX_PATH=/root/aerostack2_ws/install/as2_motion_reference_handlers:/root/aerostack2_ws/install/as2_core:/root/aerostack2_ws/install/as2_msgs:/root/aerostack2_ws/install/aerostack2:/root/aerostack2_ws/install/as2_usb_camera_interface:/root/aerostack2_ws/install/as2_state_estimator:/root/aerostack2_ws/install/as2_rviz_plugins:/root/aerostack2_ws/install/as2_realsense_interface:/root/aerostack2_ws/install/as2_platform_multirotor_simulator:/root/aerostack2_ws/install/as2_platform_gazebo:/root/aerostack2_ws/install/as2_motion_controller:/root/aerostack2_ws/install/as2_behaviors_trajectory_generation:/root/aerostack2_ws/install/as2_behaviors_swarm_flocking:/root/aerostack2_ws/install/as2_behaviors_motion:/root/aerostack2_ws/install/as2_map_server:/root/aerostack2_ws/install/as2_geozones:/root/aerostack2_ws/install/as2_gazebo_assets:/root/aerostack2_ws/install/as2_external_object_to_tf:/root/aerostack2_ws/install/as2_behaviors_platform:/root/aerostack2_ws/install/as2_behaviors_perception:/root/aerostack2_ws/install/as2_behaviors_path_planning:/root/aerostack2_ws/install/as2_behavior_tree:/root/aerostack2_ws/install/as2_behavior:/root/aerostack2_ws/install/as2_alphanumeric_viewer:/root/aerostack2_ws/install/as2_cli:/root/aerostack2_ws/src/aerostack2/install/as2_motion_reference_handlers:/root/aerostack2_ws/src/aerostack2/install/as2_map_server:/root/aerostack2_ws/src/aerostack2/install/as2_geozones:/root/aerostack2_ws/src/aerostack2/install/as2_behavior:/root/aerostack2_ws/src/aerostack2/install/as2_core:/root/aerostack2_ws/src/aerostack2/install/as2_msgs:/root/aerostack2_ws/src/aerostack2/install/as2_cli LD_LIBRARY_PATH=/root/aerostack2_ws/install/as2_core/lib:/root/aerostack2_ws/install/as2_msgs/lib:/root/aerostack2_ws/install/as2_state_estimator/lib:/root/aerostack2_ws/install/as2_python_api/lib:/root/aerostack2_ws/install/as2_motion_controller/lib:/root/aerostack2_ws/install/as2_behaviors_trajectory_generation/lib:/root/aerostack2_ws/install/as2_behaviors_swarm_flocking/lib:/root/aerostack2_ws/install/as2_behaviors_motion/lib:/root/aerostack2_ws/install/as2_motion_reference_handlers/lib:/root/aerostack2_ws/install/as2_map_server/lib:/root/aerostack2_ws/install/as2_gazebo_assets/lib:/root/aerostack2_ws/install/as2_behaviors_perception/lib:/root/aerostack2_ws/install/as2_behaviors_path_planning/lib:/root/aerostack2_ws/install/as2_behavior_tree/lib:/root/aerostack2_ws/install/as2_behavior/lib:/root/aerostack2_ws/src/aerostack2/install/as2_python_api/lib:/root/aerostack2_ws/src/aerostack2/install/as2_motion_reference_handlers/lib:/root/aerostack2_ws/src/aerostack2/install/as2_map_server/lib:/root/aerostack2_ws/src/aerostack2/install/as2_behavior/lib:/root/aerostack2_ws/src/aerostack2/install/as2_core/lib:/root/aerostack2_ws/src/aerostack2/install/as2_msgs/lib:/opt/ros/humble/opt/rviz_ogre_vendor/lib:/opt/ros/humble/lib/x86_64-linux-gnu:/opt/ros/humble/lib PYTHONPATH=/root/aerostack2_ws/build/as2_python_api/prefix_override:/usr/lib/python3/dist-packages/colcon_core/task/python/colcon_distutils_commands:/root/aerostack2_ws/install/as2_python_api/lib/python3.10/site-packages:${PYTHONPATH} /usr/bin/python3 -W ignore:setup.py install is deprecated -W ignore:easy_install command is deprecated setup.py develop --uninstall --editable --build-directory /root/aerostack2_ws/build/as2_python_api/build
[2.384s] Invoking command in '/root/aerostack2_ws/src/aerostack2/as2_python_api': CMAKE_PREFIX_PATH=/root/aerostack2_ws/install/as2_motion_reference_handlers:/root/aerostack2_ws/install/as2_core:/root/aerostack2_ws/install/as2_msgs:/root/aerostack2_ws/install/aerostack2:/root/aerostack2_ws/install/as2_usb_camera_interface:/root/aerostack2_ws/install/as2_state_estimator:/root/aerostack2_ws/install/as2_rviz_plugins:/root/aerostack2_ws/install/as2_realsense_interface:/root/aerostack2_ws/install/as2_platform_multirotor_simulator:/root/aerostack2_ws/install/as2_platform_gazebo:/root/aerostack2_ws/install/as2_motion_controller:/root/aerostack2_ws/install/as2_behaviors_trajectory_generation:/root/aerostack2_ws/install/as2_behaviors_swarm_flocking:/root/aerostack2_ws/install/as2_behaviors_motion:/root/aerostack2_ws/install/as2_map_server:/root/aerostack2_ws/install/as2_geozones:/root/aerostack2_ws/install/as2_gazebo_assets:/root/aerostack2_ws/install/as2_external_object_to_tf:/root/aerostack2_ws/install/as2_behaviors_platform:/root/aerostack2_ws/install/as2_behaviors_perception:/root/aerostack2_ws/install/as2_behaviors_path_planning:/root/aerostack2_ws/install/as2_behavior_tree:/root/aerostack2_ws/install/as2_behavior:/root/aerostack2_ws/install/as2_alphanumeric_viewer:/root/aerostack2_ws/install/as2_cli:/root/aerostack2_ws/src/aerostack2/install/as2_motion_reference_handlers:/root/aerostack2_ws/src/aerostack2/install/as2_map_server:/root/aerostack2_ws/src/aerostack2/install/as2_geozones:/root/aerostack2_ws/src/aerostack2/install/as2_behavior:/root/aerostack2_ws/src/aerostack2/install/as2_core:/root/aerostack2_ws/src/aerostack2/install/as2_msgs:/root/aerostack2_ws/src/aerostack2/install/as2_cli LD_LIBRARY_PATH=/root/aerostack2_ws/install/as2_core/lib:/root/aerostack2_ws/install/as2_msgs/lib:/root/aerostack2_ws/install/as2_state_estimator/lib:/root/aerostack2_ws/install/as2_python_api/lib:/root/aerostack2_ws/install/as2_motion_controller/lib:/root/aerostack2_ws/install/as2_behaviors_trajectory_generation/lib:/root/aerostack2_ws/install/as2_behaviors_swarm_flocking/lib:/root/aerostack2_ws/install/as2_behaviors_motion/lib:/root/aerostack2_ws/install/as2_motion_reference_handlers/lib:/root/aerostack2_ws/install/as2_map_server/lib:/root/aerostack2_ws/install/as2_gazebo_assets/lib:/root/aerostack2_ws/install/as2_behaviors_perception/lib:/root/aerostack2_ws/install/as2_behaviors_path_planning/lib:/root/aerostack2_ws/install/as2_behavior_tree/lib:/root/aerostack2_ws/install/as2_behavior/lib:/root/aerostack2_ws/src/aerostack2/install/as2_python_api/lib:/root/aerostack2_ws/src/aerostack2/install/as2_motion_reference_handlers/lib:/root/aerostack2_ws/src/aerostack2/install/as2_map_server/lib:/root/aerostack2_ws/src/aerostack2/install/as2_behavior/lib:/root/aerostack2_ws/src/aerostack2/install/as2_core/lib:/root/aerostack2_ws/src/aerostack2/install/as2_msgs/lib:/opt/ros/humble/opt/rviz_ogre_vendor/lib:/opt/ros/humble/lib/x86_64-linux-gnu:/opt/ros/humble/lib PYTHONPATH=/root/aerostack2_ws/build/as2_python_api/prefix_override:/usr/lib/python3/dist-packages/colcon_core/task/python/colcon_distutils_commands:/root/aerostack2_ws/install/as2_python_api/lib/python3.10/site-packages:${PYTHONPATH} /usr/bin/python3 -W ignore:setup.py install is deprecated -W ignore:easy_install command is deprecated setup.py egg_info --egg-base ../../../build/as2_python_api build --build-base /root/aerostack2_ws/build/as2_python_api/build install --record /root/aerostack2_ws/build/as2_python_api/install.log --single-version-externally-managed install_data --force
[2.847s] running egg_info
[2.847s] writing ../../../build/as2_python_api/as2_python_api.egg-info/PKG-INFO
[2.847s] writing dependency_links to ../../../build/as2_python_api/as2_python_api.egg-info/dependency_links.txt
[2.847s] writing entry points to ../../../build/as2_python_api/as2_python_api.egg-info/entry_points.txt
[2.847s] writing requirements to ../../../build/as2_python_api/as2_python_api.egg-info/requires.txt
[2.847s] writing top-level names to ../../../build/as2_python_api/as2_python_api.egg-info/top_level.txt
[2.847s] reading manifest file '../../../build/as2_python_api/as2_python_api.egg-info/SOURCES.txt'
[2.850s] writing manifest file '../../../build/as2_python_api/as2_python_api.egg-info/SOURCES.txt'
[2.850s] running build
[2.850s] running build_py
[2.850s] creating /root/aerostack2_ws/build/as2_python_api/build
[2.850s] creating /root/aerostack2_ws/build/as2_python_api/build/lib
[2.850s] creating /root/aerostack2_ws/build/as2_python_api/build/lib/as2_python_api
[2.850s] copying as2_python_api/__init__.py -> /root/aerostack2_ws/build/as2_python_api/build/lib/as2_python_api
[2.850s] copying as2_python_api/drone_interface_gps.py -> /root/aerostack2_ws/build/as2_python_api/build/lib/as2_python_api
[2.850s] copying as2_python_api/drone_interface_teleop.py -> /root/aerostack2_ws/build/as2_python_api/build/lib/as2_python_api
[2.850s] copying as2_python_api/drone_interface_base.py -> /root/aerostack2_ws/build/as2_python_api/build/lib/as2_python_api
[2.850s] copying as2_python_api/drone_interface.py -> /root/aerostack2_ws/build/as2_python_api/build/lib/as2_python_api
[2.851s] creating /root/aerostack2_ws/build/as2_python_api/build/lib/as2_python_api/mission_interpreter
[2.851s] copying as2_python_api/mission_interpreter/ros2_adapter.py -> /root/aerostack2_ws/build/as2_python_api/build/lib/as2_python_api/mission_interpreter
[2.851s] copying as2_python_api/mission_interpreter/__init__.py -> /root/aerostack2_ws/build/as2_python_api/build/lib/as2_python_api/mission_interpreter
[2.851s] copying as2_python_api/mission_interpreter/mission_stack.py -> /root/aerostack2_ws/build/as2_python_api/build/lib/as2_python_api/mission_interpreter
[2.851s] copying as2_python_api/mission_interpreter/mission_interpreter.py -> /root/aerostack2_ws/build/as2_python_api/build/lib/as2_python_api/mission_interpreter
[2.851s] copying as2_python_api/mission_interpreter/mission.py -> /root/aerostack2_ws/build/as2_python_api/build/lib/as2_python_api/mission_interpreter
[2.851s] creating /root/aerostack2_ws/build/as2_python_api/build/lib/as2_python_api/tools
[2.852s] copying as2_python_api/tools/__init__.py -> /root/aerostack2_ws/build/as2_python_api/build/lib/as2_python_api/tools
[2.852s] copying as2_python_api/tools/utils.py -> /root/aerostack2_ws/build/as2_python_api/build/lib/as2_python_api/tools
[2.852s] creating /root/aerostack2_ws/build/as2_python_api/build/lib/as2_python_api/behavior_manager
[2.852s] copying as2_python_api/behavior_manager/behavior_manager.py -> /root/aerostack2_ws/build/as2_python_api/build/lib/as2_python_api/behavior_manager
[2.852s] copying as2_python_api/behavior_manager/__init__.py -> /root/aerostack2_ws/build/as2_python_api/build/lib/as2_python_api/behavior_manager
[2.852s] creating /root/aerostack2_ws/build/as2_python_api/build/lib/as2_python_api/service_clients
[2.853s] copying as2_python_api/service_clients/arming.py -> /root/aerostack2_ws/build/as2_python_api/build/lib/as2_python_api/service_clients
[2.853s] copying as2_python_api/service_clients/service_handler.py -> /root/aerostack2_ws/build/as2_python_api/build/lib/as2_python_api/service_clients
[2.853s] copying as2_python_api/service_clients/__init__.py -> /root/aerostack2_ws/build/as2_python_api/build/lib/as2_python_api/service_clients
[2.853s] copying as2_python_api/service_clients/offboard.py -> /root/aerostack2_ws/build/as2_python_api/build/lib/as2_python_api/service_clients
[2.853s] creating /root/aerostack2_ws/build/as2_python_api/build/lib/as2_python_api/behavior_actions
[2.854s] copying as2_python_api/behavior_actions/behavior_handler.py -> /root/aerostack2_ws/build/as2_python_api/build/lib/as2_python_api/behavior_actions
[2.854s] copying as2_python_api/behavior_actions/__init__.py -> /root/aerostack2_ws/build/as2_python_api/build/lib/as2_python_api/behavior_actions
[2.854s] copying as2_python_api/behavior_actions/takeoff_behavior.py -> /root/aerostack2_ws/build/as2_python_api/build/lib/as2_python_api/behavior_actions
[2.854s] copying as2_python_api/behavior_actions/go_to_behavior.py -> /root/aerostack2_ws/build/as2_python_api/build/lib/as2_python_api/behavior_actions
[2.854s] copying as2_python_api/behavior_actions/land_behavior.py -> /root/aerostack2_ws/build/as2_python_api/build/lib/as2_python_api/behavior_actions
[2.854s] copying as2_python_api/behavior_actions/point_gimbal_behavior.py -> /root/aerostack2_ws/build/as2_python_api/build/lib/as2_python_api/behavior_actions
[2.854s] copying as2_python_api/behavior_actions/trajectory_generation_behavior.py -> /root/aerostack2_ws/build/as2_python_api/build/lib/as2_python_api/behavior_actions
[2.854s] copying as2_python_api/behavior_actions/follow_reference_behavior.py -> /root/aerostack2_ws/build/as2_python_api/build/lib/as2_python_api/behavior_actions
[2.854s] copying as2_python_api/behavior_actions/followpath_behavior.py -> /root/aerostack2_ws/build/as2_python_api/build/lib/as2_python_api/behavior_actions
[2.855s] copying as2_python_api/behavior_actions/navigate_to_behavior.py -> /root/aerostack2_ws/build/as2_python_api/build/lib/as2_python_api/behavior_actions
[2.855s] creating /root/aerostack2_ws/build/as2_python_api/build/lib/as2_python_api/shared_data
[2.855s] copying as2_python_api/shared_data/pose_data.py -> /root/aerostack2_ws/build/as2_python_api/build/lib/as2_python_api/shared_data
[2.855s] copying as2_python_api/shared_data/platform_info_data.py -> /root/aerostack2_ws/build/as2_python_api/build/lib/as2_python_api/shared_data
[2.855s] copying as2_python_api/shared_data/gps_data.py -> /root/aerostack2_ws/build/as2_python_api/build/lib/as2_python_api/shared_data
[2.855s] copying as2_python_api/shared_data/__init__.py -> /root/aerostack2_ws/build/as2_python_api/build/lib/as2_python_api/shared_data
[2.855s] copying as2_python_api/shared_data/position_data.py -> /root/aerostack2_ws/build/as2_python_api/build/lib/as2_python_api/shared_data
[2.855s] copying as2_python_api/shared_data/twist_data.py -> /root/aerostack2_ws/build/as2_python_api/build/lib/as2_python_api/shared_data
[2.855s] copying as2_python_api/shared_data/orientation_data.py -> /root/aerostack2_ws/build/as2_python_api/build/lib/as2_python_api/shared_data
[2.855s] creating /root/aerostack2_ws/build/as2_python_api/build/lib/as2_python_api/modules
[2.856s] copying as2_python_api/modules/follow_path_module.py -> /root/aerostack2_ws/build/as2_python_api/build/lib/as2_python_api/modules
[2.856s] copying as2_python_api/modules/takeoff_module.py -> /root/aerostack2_ws/build/as2_python_api/build/lib/as2_python_api/modules
[2.856s] copying as2_python_api/modules/dummy_module.py -> /root/aerostack2_ws/build/as2_python_api/build/lib/as2_python_api/modules
[2.856s] copying as2_python_api/modules/follow_path_gps_module.py -> /root/aerostack2_ws/build/as2_python_api/build/lib/as2_python_api/modules
[2.856s] copying as2_python_api/modules/__init__.py -> /root/aerostack2_ws/build/as2_python_api/build/lib/as2_python_api/modules
[2.856s] copying as2_python_api/modules/point_gimbal_module.py -> /root/aerostack2_ws/build/as2_python_api/build/lib/as2_python_api/modules
[2.856s] copying as2_python_api/modules/land_module.py -> /root/aerostack2_ws/build/as2_python_api/build/lib/as2_python_api/modules
[2.856s] copying as2_python_api/modules/go_to_gps_module.py -> /root/aerostack2_ws/build/as2_python_api/build/lib/as2_python_api/modules
[2.856s] copying as2_python_api/modules/go_to_module.py -> /root/aerostack2_ws/build/as2_python_api/build/lib/as2_python_api/modules
[2.856s] copying as2_python_api/modules/motion_reference_handler_module.py -> /root/aerostack2_ws/build/as2_python_api/build/lib/as2_python_api/modules
[2.857s] copying as2_python_api/modules/rtl_module.py -> /root/aerostack2_ws/build/as2_python_api/build/lib/as2_python_api/modules
[2.857s] copying as2_python_api/modules/follow_reference_module.py -> /root/aerostack2_ws/build/as2_python_api/build/lib/as2_python_api/modules
[2.857s] copying as2_python_api/modules/gps_module.py -> /root/aerostack2_ws/build/as2_python_api/build/lib/as2_python_api/modules
[2.857s] copying as2_python_api/modules/navigate_to_module.py -> /root/aerostack2_ws/build/as2_python_api/build/lib/as2_python_api/modules
[2.857s] copying as2_python_api/modules/trajectory_generation_module.py -> /root/aerostack2_ws/build/as2_python_api/build/lib/as2_python_api/modules
[2.857s] copying as2_python_api/modules/module_base.py -> /root/aerostack2_ws/build/as2_python_api/build/lib/as2_python_api/modules
[2.858s] running install
[2.859s] running install_lib
[2.860s] creating /root/aerostack2_ws/install/as2_python_api/lib/python3.10/site-packages/as2_python_api
[2.860s] creating /root/aerostack2_ws/install/as2_python_api/lib/python3.10/site-packages/as2_python_api/mission_interpreter
[2.860s] copying /root/aerostack2_ws/build/as2_python_api/build/lib/as2_python_api/mission_interpreter/ros2_adapter.py -> /root/aerostack2_ws/install/as2_python_api/lib/python3.10/site-packages/as2_python_api/mission_interpreter
[2.860s] copying /root/aerostack2_ws/build/as2_python_api/build/lib/as2_python_api/mission_interpreter/__init__.py -> /root/aerostack2_ws/install/as2_python_api/lib/python3.10/site-packages/as2_python_api/mission_interpreter
[2.861s] copying /root/aerostack2_ws/build/as2_python_api/build/lib/as2_python_api/mission_interpreter/mission_stack.py -> /root/aerostack2_ws/install/as2_python_api/lib/python3.10/site-packages/as2_python_api/mission_interpreter
[2.861s] copying /root/aerostack2_ws/build/as2_python_api/build/lib/as2_python_api/mission_interpreter/mission_interpreter.py -> /root/aerostack2_ws/install/as2_python_api/lib/python3.10/site-packages/as2_python_api/mission_interpreter
[2.862s] copying /root/aerostack2_ws/build/as2_python_api/build/lib/as2_python_api/mission_interpreter/mission.py -> /root/aerostack2_ws/install/as2_python_api/lib/python3.10/site-packages/as2_python_api/mission_interpreter
[2.862s] copying /root/aerostack2_ws/build/as2_python_api/build/lib/as2_python_api/__init__.py -> /root/aerostack2_ws/install/as2_python_api/lib/python3.10/site-packages/as2_python_api
[2.862s] creating /root/aerostack2_ws/install/as2_python_api/lib/python3.10/site-packages/as2_python_api/tools
[2.862s] copying /root/aerostack2_ws/build/as2_python_api/build/lib/as2_python_api/tools/__init__.py -> /root/aerostack2_ws/install/as2_python_api/lib/python3.10/site-packages/as2_python_api/tools
[2.862s] copying /root/aerostack2_ws/build/as2_python_api/build/lib/as2_python_api/tools/utils.py -> /root/aerostack2_ws/install/as2_python_api/lib/python3.10/site-packages/as2_python_api/tools
[2.862s] creating /root/aerostack2_ws/install/as2_python_api/lib/python3.10/site-packages/as2_python_api/behavior_manager
[2.862s] copying /root/aerostack2_ws/build/as2_python_api/build/lib/as2_python_api/behavior_manager/behavior_manager.py -> /root/aerostack2_ws/install/as2_python_api/lib/python3.10/site-packages/as2_python_api/behavior_manager
[2.862s] copying /root/aerostack2_ws/build/as2_python_api/build/lib/as2_python_api/behavior_manager/__init__.py -> /root/aerostack2_ws/install/as2_python_api/lib/python3.10/site-packages/as2_python_api/behavior_manager
[2.862s] copying /root/aerostack2_ws/build/as2_python_api/build/lib/as2_python_api/drone_interface_gps.py -> /root/aerostack2_ws/install/as2_python_api/lib/python3.10/site-packages/as2_python_api
[2.863s] creating /root/aerostack2_ws/install/as2_python_api/lib/python3.10/site-packages/as2_python_api/service_clients
[2.863s] copying /root/aerostack2_ws/build/as2_python_api/build/lib/as2_python_api/service_clients/arming.py -> /root/aerostack2_ws/install/as2_python_api/lib/python3.10/site-packages/as2_python_api/service_clients
[2.863s] copying /root/aerostack2_ws/build/as2_python_api/build/lib/as2_python_api/service_clients/service_handler.py -> /root/aerostack2_ws/install/as2_python_api/lib/python3.10/site-packages/as2_python_api/service_clients
[2.863s] copying /root/aerostack2_ws/build/as2_python_api/build/lib/as2_python_api/service_clients/__init__.py -> /root/aerostack2_ws/install/as2_python_api/lib/python3.10/site-packages/as2_python_api/service_clients
[2.863s] copying /root/aerostack2_ws/build/as2_python_api/build/lib/as2_python_api/service_clients/offboard.py -> /root/aerostack2_ws/install/as2_python_api/lib/python3.10/site-packages/as2_python_api/service_clients
[2.863s] copying /root/aerostack2_ws/build/as2_python_api/build/lib/as2_python_api/drone_interface_teleop.py -> /root/aerostack2_ws/install/as2_python_api/lib/python3.10/site-packages/as2_python_api
[2.863s] copying /root/aerostack2_ws/build/as2_python_api/build/lib/as2_python_api/drone_interface_base.py -> /root/aerostack2_ws/install/as2_python_api/lib/python3.10/site-packages/as2_python_api
[2.863s] creating /root/aerostack2_ws/install/as2_python_api/lib/python3.10/site-packages/as2_python_api/behavior_actions
[2.863s] copying /root/aerostack2_ws/build/as2_python_api/build/lib/as2_python_api/behavior_actions/behavior_handler.py -> /root/aerostack2_ws/install/as2_python_api/lib/python3.10/site-packages/as2_python_api/behavior_actions
[2.863s] copying /root/aerostack2_ws/build/as2_python_api/build/lib/as2_python_api/behavior_actions/__init__.py -> /root/aerostack2_ws/install/as2_python_api/lib/python3.10/site-packages/as2_python_api/behavior_actions
[2.864s] copying /root/aerostack2_ws/build/as2_python_api/build/lib/as2_python_api/behavior_actions/takeoff_behavior.py -> /root/aerostack2_ws/install/as2_python_api/lib/python3.10/site-packages/as2_python_api/behavior_actions
[2.864s] copying /root/aerostack2_ws/build/as2_python_api/build/lib/as2_python_api/behavior_actions/go_to_behavior.py -> /root/aerostack2_ws/install/as2_python_api/lib/python3.10/site-packages/as2_python_api/behavior_actions
[2.864s] copying /root/aerostack2_ws/build/as2_python_api/build/lib/as2_python_api/behavior_actions/land_behavior.py -> /root/aerostack2_ws/install/as2_python_api/lib/python3.10/site-packages/as2_python_api/behavior_actions
[2.864s] copying /root/aerostack2_ws/build/as2_python_api/build/lib/as2_python_api/behavior_actions/point_gimbal_behavior.py -> /root/aerostack2_ws/install/as2_python_api/lib/python3.10/site-packages/as2_python_api/behavior_actions
[2.864s] copying /root/aerostack2_ws/build/as2_python_api/build/lib/as2_python_api/behavior_actions/trajectory_generation_behavior.py -> /root/aerostack2_ws/install/as2_python_api/lib/python3.10/site-packages/as2_python_api/behavior_actions
[2.864s] copying /root/aerostack2_ws/build/as2_python_api/build/lib/as2_python_api/behavior_actions/follow_reference_behavior.py -> /root/aerostack2_ws/install/as2_python_api/lib/python3.10/site-packages/as2_python_api/behavior_actions
[2.864s] copying /root/aerostack2_ws/build/as2_python_api/build/lib/as2_python_api/behavior_actions/followpath_behavior.py -> /root/aerostack2_ws/install/as2_python_api/lib/python3.10/site-packages/as2_python_api/behavior_actions
[2.864s] copying /root/aerostack2_ws/build/as2_python_api/build/lib/as2_python_api/behavior_actions/navigate_to_behavior.py -> /root/aerostack2_ws/install/as2_python_api/lib/python3.10/site-packages/as2_python_api/behavior_actions
[2.864s] copying /root/aerostack2_ws/build/as2_python_api/build/lib/as2_python_api/drone_interface.py -> /root/aerostack2_ws/install/as2_python_api/lib/python3.10/site-packages/as2_python_api
[2.864s] creating /root/aerostack2_ws/install/as2_python_api/lib/python3.10/site-packages/as2_python_api/shared_data
[2.864s] copying /root/aerostack2_ws/build/as2_python_api/build/lib/as2_python_api/shared_data/pose_data.py -> /root/aerostack2_ws/install/as2_python_api/lib/python3.10/site-packages/as2_python_api/shared_data
[2.865s] copying /root/aerostack2_ws/build/as2_python_api/build/lib/as2_python_api/shared_data/platform_info_data.py -> /root/aerostack2_ws/install/as2_python_api/lib/python3.10/site-packages/as2_python_api/shared_data
[2.865s] copying /root/aerostack2_ws/build/as2_python_api/build/lib/as2_python_api/shared_data/gps_data.py -> /root/aerostack2_ws/install/as2_python_api/lib/python3.10/site-packages/as2_python_api/shared_data
[2.865s] copying /root/aerostack2_ws/build/as2_python_api/build/lib/as2_python_api/shared_data/__init__.py -> /root/aerostack2_ws/install/as2_python_api/lib/python3.10/site-packages/as2_python_api/shared_data
[2.865s] copying /root/aerostack2_ws/build/as2_python_api/build/lib/as2_python_api/shared_data/position_data.py -> /root/aerostack2_ws/install/as2_python_api/lib/python3.10/site-packages/as2_python_api/shared_data
[2.865s] copying /root/aerostack2_ws/build/as2_python_api/build/lib/as2_python_api/shared_data/twist_data.py -> /root/aerostack2_ws/install/as2_python_api/lib/python3.10/site-packages/as2_python_api/shared_data
[2.865s] copying /root/aerostack2_ws/build/as2_python_api/build/lib/as2_python_api/shared_data/orientation_data.py -> /root/aerostack2_ws/install/as2_python_api/lib/python3.10/site-packages/as2_python_api/shared_data
[2.865s] creating /root/aerostack2_ws/install/as2_python_api/lib/python3.10/site-packages/as2_python_api/modules
[2.865s] copying /root/aerostack2_ws/build/as2_python_api/build/lib/as2_python_api/modules/follow_path_module.py -> /root/aerostack2_ws/install/as2_python_api/lib/python3.10/site-packages/as2_python_api/modules
[2.865s] copying /root/aerostack2_ws/build/as2_python_api/build/lib/as2_python_api/modules/takeoff_module.py -> /root/aerostack2_ws/install/as2_python_api/lib/python3.10/site-packages/as2_python_api/modules
[2.865s] copying /root/aerostack2_ws/build/as2_python_api/build/lib/as2_python_api/modules/dummy_module.py -> /root/aerostack2_ws/install/as2_python_api/lib/python3.10/site-packages/as2_python_api/modules
[2.865s] copying /root/aerostack2_ws/build/as2_python_api/build/lib/as2_python_api/modules/follow_path_gps_module.py -> /root/aerostack2_ws/install/as2_python_api/lib/python3.10/site-packages/as2_python_api/modules
[2.866s] copying /root/aerostack2_ws/build/as2_python_api/build/lib/as2_python_api/modules/__init__.py -> /root/aerostack2_ws/install/as2_python_api/lib/python3.10/site-packages/as2_python_api/modules
[2.866s] copying /root/aerostack2_ws/build/as2_python_api/build/lib/as2_python_api/modules/point_gimbal_module.py -> /root/aerostack2_ws/install/as2_python_api/lib/python3.10/site-packages/as2_python_api/modules
[2.866s] copying /root/aerostack2_ws/build/as2_python_api/build/lib/as2_python_api/modules/land_module.py -> /root/aerostack2_ws/install/as2_python_api/lib/python3.10/site-packages/as2_python_api/modules
[2.866s] copying /root/aerostack2_ws/build/as2_python_api/build/lib/as2_python_api/modules/go_to_gps_module.py -> /root/aerostack2_ws/install/as2_python_api/lib/python3.10/site-packages/as2_python_api/modules
[2.866s] copying /root/aerostack2_ws/build/as2_python_api/build/lib/as2_python_api/modules/go_to_module.py -> /root/aerostack2_ws/install/as2_python_api/lib/python3.10/site-packages/as2_python_api/modules
[2.866s] copying /root/aerostack2_ws/build/as2_python_api/build/lib/as2_python_api/modules/motion_reference_handler_module.py -> /root/aerostack2_ws/install/as2_python_api/lib/python3.10/site-packages/as2_python_api/modules
[2.866s] copying /root/aerostack2_ws/build/as2_python_api/build/lib/as2_python_api/modules/rtl_module.py -> /root/aerostack2_ws/install/as2_python_api/lib/python3.10/site-packages/as2_python_api/modules
[2.866s] copying /root/aerostack2_ws/build/as2_python_api/build/lib/as2_python_api/modules/follow_reference_module.py -> /root/aerostack2_ws/install/as2_python_api/lib/python3.10/site-packages/as2_python_api/modules
[2.866s] copying /root/aerostack2_ws/build/as2_python_api/build/lib/as2_python_api/modules/gps_module.py -> /root/aerostack2_ws/install/as2_python_api/lib/python3.10/site-packages/as2_python_api/modules
[2.866s] copying /root/aerostack2_ws/build/as2_python_api/build/lib/as2_python_api/modules/navigate_to_module.py -> /root/aerostack2_ws/install/as2_python_api/lib/python3.10/site-packages/as2_python_api/modules
[2.866s] copying /root/aerostack2_ws/build/as2_python_api/build/lib/as2_python_api/modules/trajectory_generation_module.py -> /root/aerostack2_ws/install/as2_python_api/lib/python3.10/site-packages/as2_python_api/modules
[2.866s] copying /root/aerostack2_ws/build/as2_python_api/build/lib/as2_python_api/modules/module_base.py -> /root/aerostack2_ws/install/as2_python_api/lib/python3.10/site-packages/as2_python_api/modules
[2.867s] byte-compiling /root/aerostack2_ws/install/as2_python_api/lib/python3.10/site-packages/as2_python_api/mission_interpreter/ros2_adapter.py to ros2_adapter.cpython-310.pyc
[2.869s] byte-compiling /root/aerostack2_ws/install/as2_python_api/lib/python3.10/site-packages/as2_python_api/mission_interpreter/__init__.py to __init__.cpython-310.pyc
[2.869s] byte-compiling /root/aerostack2_ws/install/as2_python_api/lib/python3.10/site-packages/as2_python_api/mission_interpreter/mission_stack.py to mission_stack.cpython-310.pyc
[2.870s] byte-compiling /root/aerostack2_ws/install/as2_python_api/lib/python3.10/site-packages/as2_python_api/mission_interpreter/mission_interpreter.py to mission_interpreter.cpython-310.pyc
[2.872s] byte-compiling /root/aerostack2_ws/install/as2_python_api/lib/python3.10/site-packages/as2_python_api/mission_interpreter/mission.py to mission.cpython-310.pyc
[2.874s] byte-compiling /root/aerostack2_ws/install/as2_python_api/lib/python3.10/site-packages/as2_python_api/__init__.py to __init__.cpython-310.pyc
[2.874s] byte-compiling /root/aerostack2_ws/install/as2_python_api/lib/python3.10/site-packages/as2_python_api/tools/__init__.py to __init__.cpython-310.pyc
[2.874s] byte-compiling /root/aerostack2_ws/install/as2_python_api/lib/python3.10/site-packages/as2_python_api/tools/utils.py to utils.cpython-310.pyc
[2.875s] byte-compiling /root/aerostack2_ws/install/as2_python_api/lib/python3.10/site-packages/as2_python_api/behavior_manager/behavior_manager.py to behavior_manager.cpython-310.pyc
[2.876s] byte-compiling /root/aerostack2_ws/install/as2_python_api/lib/python3.10/site-packages/as2_python_api/behavior_manager/__init__.py to __init__.cpython-310.pyc
[2.878s] byte-compiling /root/aerostack2_ws/install/as2_python_api/lib/python3.10/site-packages/as2_python_api/drone_interface_gps.py to drone_interface_gps.cpython-310.pyc
[2.878s] byte-compiling /root/aerostack2_ws/install/as2_python_api/lib/python3.10/site-packages/as2_python_api/service_clients/arming.py to arming.cpython-310.pyc
[2.879s] byte-compiling /root/aerostack2_ws/install/as2_python_api/lib/python3.10/site-packages/as2_python_api/service_clients/service_handler.py to service_handler.cpython-310.pyc
[2.879s] byte-compiling /root/aerostack2_ws/install/as2_python_api/lib/python3.10/site-packages/as2_python_api/service_clients/__init__.py to __init__.cpython-310.pyc
[2.879s] byte-compiling /root/aerostack2_ws/install/as2_python_api/lib/python3.10/site-packages/as2_python_api/service_clients/offboard.py to offboard.cpython-310.pyc
[2.881s] byte-compiling /root/aerostack2_ws/install/as2_python_api/lib/python3.10/site-packages/as2_python_api/drone_interface_teleop.py to drone_interface_teleop.cpython-310.pyc
[2.881s] byte-compiling /root/aerostack2_ws/install/as2_python_api/lib/python3.10/site-packages/as2_python_api/drone_interface_base.py to drone_interface_base.cpython-310.pyc
[2.881s] byte-compiling /root/aerostack2_ws/install/as2_python_api/lib/python3.10/site-packages/as2_python_api/behavior_actions/behavior_handler.py to behavior_handler.cpython-310.pyc
[2.882s] byte-compiling /root/aerostack2_ws/install/as2_python_api/lib/python3.10/site-packages/as2_python_api/behavior_actions/__init__.py to __init__.cpython-310.pyc
[2.882s] byte-compiling /root/aerostack2_ws/install/as2_python_api/lib/python3.10/site-packages/as2_python_api/behavior_actions/takeoff_behavior.py to takeoff_behavior.cpython-310.pyc
[2.883s] byte-compiling /root/aerostack2_ws/install/as2_python_api/lib/python3.10/site-packages/as2_python_api/behavior_actions/go_to_behavior.py to go_to_behavior.cpython-310.pyc
[2.884s] byte-compiling /root/aerostack2_ws/install/as2_python_api/lib/python3.10/site-packages/as2_python_api/behavior_actions/land_behavior.py to land_behavior.cpython-310.pyc
[2.884s] byte-compiling /root/aerostack2_ws/install/as2_python_api/lib/python3.10/site-packages/as2_python_api/behavior_actions/point_gimbal_behavior.py to point_gimbal_behavior.cpython-310.pyc
[2.885s] byte-compiling /root/aerostack2_ws/install/as2_python_api/lib/python3.10/site-packages/as2_python_api/behavior_actions/trajectory_generation_behavior.py to trajectory_generation_behavior.cpython-310.pyc
[2.887s] byte-compiling /root/aerostack2_ws/install/as2_python_api/lib/python3.10/site-packages/as2_python_api/behavior_actions/follow_reference_behavior.py to follow_reference_behavior.cpython-310.pyc
[2.887s] byte-compiling /root/aerostack2_ws/install/as2_python_api/lib/python3.10/site-packages/as2_python_api/behavior_actions/followpath_behavior.py to followpath_behavior.cpython-310.pyc
[2.889s] byte-compiling /root/aerostack2_ws/install/as2_python_api/lib/python3.10/site-packages/as2_python_api/behavior_actions/navigate_to_behavior.py to navigate_to_behavior.cpython-310.pyc
[2.890s] byte-compiling /root/aerostack2_ws/install/as2_python_api/lib/python3.10/site-packages/as2_python_api/drone_interface.py to drone_interface.cpython-310.pyc
[2.890s] byte-compiling /root/aerostack2_ws/install/as2_python_api/lib/python3.10/site-packages/as2_python_api/shared_data/pose_data.py to pose_data.cpython-310.pyc
[2.891s] byte-compiling /root/aerostack2_ws/install/as2_python_api/lib/python3.10/site-packages/as2_python_api/shared_data/platform_info_data.py to platform_info_data.cpython-310.pyc
[2.891s] byte-compiling /root/aerostack2_ws/install/as2_python_api/lib/python3.10/site-packages/as2_python_api/shared_data/gps_data.py to gps_data.cpython-310.pyc
[2.891s] byte-compiling /root/aerostack2_ws/install/as2_python_api/lib/python3.10/site-packages/as2_python_api/shared_data/__init__.py to __init__.cpython-310.pyc
[2.893s] byte-compiling /root/aerostack2_ws/install/as2_python_api/lib/python3.10/site-packages/as2_python_api/shared_data/position_data.py to position_data.cpython-310.pyc
[2.893s] byte-compiling /root/aerostack2_ws/install/as2_python_api/lib/python3.10/site-packages/as2_python_api/shared_data/twist_data.py to twist_data.cpython-310.pyc
[2.893s] byte-compiling /root/aerostack2_ws/install/as2_python_api/lib/python3.10/site-packages/as2_python_api/shared_data/orientation_data.py to orientation_data.cpython-310.pyc
[2.893s] byte-compiling /root/aerostack2_ws/install/as2_python_api/lib/python3.10/site-packages/as2_python_api/modules/follow_path_module.py to follow_path_module.cpython-310.pyc
[2.894s] byte-compiling /root/aerostack2_ws/install/as2_python_api/lib/python3.10/site-packages/as2_python_api/modules/takeoff_module.py to takeoff_module.cpython-310.pyc
[2.894s] byte-compiling /root/aerostack2_ws/install/as2_python_api/lib/python3.10/site-packages/as2_python_api/modules/dummy_module.py to dummy_module.cpython-310.pyc
[2.895s] byte-compiling /root/aerostack2_ws/install/as2_python_api/lib/python3.10/site-packages/as2_python_api/modules/follow_path_gps_module.py to follow_path_gps_module.cpython-310.pyc
[2.895s] byte-compiling /root/aerostack2_ws/install/as2_python_api/lib/python3.10/site-packages/as2_python_api/modules/__init__.py to __init__.cpython-310.pyc
[2.895s] byte-compiling /root/aerostack2_ws/install/as2_python_api/lib/python3.10/site-packages/as2_python_api/modules/point_gimbal_module.py to point_gimbal_module.cpython-310.pyc
[2.896s] byte-compiling /root/aerostack2_ws/install/as2_python_api/lib/python3.10/site-packages/as2_python_api/modules/land_module.py to land_module.cpython-310.pyc
[2.896s] byte-compiling /root/aerostack2_ws/install/as2_python_api/lib/python3.10/site-packages/as2_python_api/modules/go_to_gps_module.py to go_to_gps_module.cpython-310.pyc
[2.897s] byte-compiling /root/aerostack2_ws/install/as2_python_api/lib/python3.10/site-packages/as2_python_api/modules/go_to_module.py to go_to_module.cpython-310.pyc
[2.899s] byte-compiling /root/aerostack2_ws/install/as2_python_api/lib/python3.10/site-packages/as2_python_api/modules/motion_reference_handler_module.py to motion_reference_handler_module.cpython-310.pyc
[2.901s] byte-compiling /root/aerostack2_ws/install/as2_python_api/lib/python3.10/site-packages/as2_python_api/modules/rtl_module.py to rtl_module.cpython-310.pyc
[2.901s] byte-compiling /root/aerostack2_ws/install/as2_python_api/lib/python3.10/site-packages/as2_python_api/modules/follow_reference_module.py to follow_reference_module.cpython-310.pyc
[2.901s] byte-compiling /root/aerostack2_ws/install/as2_python_api/lib/python3.10/site-packages/as2_python_api/modules/gps_module.py to gps_module.cpython-310.pyc
[2.902s] byte-compiling /root/aerostack2_ws/install/as2_python_api/lib/python3.10/site-packages/as2_python_api/modules/navigate_to_module.py to navigate_to_module.cpython-310.pyc
[2.902s] byte-compiling /root/aerostack2_ws/install/as2_python_api/lib/python3.10/site-packages/as2_python_api/modules/trajectory_generation_module.py to trajectory_generation_module.cpython-310.pyc
[2.903s] byte-compiling /root/aerostack2_ws/install/as2_python_api/lib/python3.10/site-packages/as2_python_api/modules/module_base.py to module_base.cpython-310.pyc
[2.904s] running install_data
[2.904s] copying resource/as2_python_api -> /root/aerostack2_ws/install/as2_python_api/share/ament_index/resource_index/packages
[2.904s] copying hooks/resource_paths.sh -> /root/aerostack2_ws/install/as2_python_api/share/as2_python_api/hooks
[2.905s] copying package.xml -> /root/aerostack2_ws/install/as2_python_api/share/as2_python_api
[2.905s] running install_egg_info
[2.907s] Copying ../../../build/as2_python_api/as2_python_api.egg-info to /root/aerostack2_ws/install/as2_python_api/lib/python3.10/site-packages/as2_python_api-1.1.3-py3.10.egg-info
[2.908s] running install_scripts
[2.936s] Installing mission_executor script to /root/aerostack2_ws/install/as2_python_api/lib/as2_python_api
[2.938s] writing list of installed files to '/root/aerostack2_ws/build/as2_python_api/install.log'
[3.016s] Invoked command in '/root/aerostack2_ws/src/aerostack2/as2_python_api' returned '0': CMAKE_PREFIX_PATH=/root/aerostack2_ws/install/as2_motion_reference_handlers:/root/aerostack2_ws/install/as2_core:/root/aerostack2_ws/install/as2_msgs:/root/aerostack2_ws/install/aerostack2:/root/aerostack2_ws/install/as2_usb_camera_interface:/root/aerostack2_ws/install/as2_state_estimator:/root/aerostack2_ws/install/as2_rviz_plugins:/root/aerostack2_ws/install/as2_realsense_interface:/root/aerostack2_ws/install/as2_platform_multirotor_simulator:/root/aerostack2_ws/install/as2_platform_gazebo:/root/aerostack2_ws/install/as2_motion_controller:/root/aerostack2_ws/install/as2_behaviors_trajectory_generation:/root/aerostack2_ws/install/as2_behaviors_swarm_flocking:/root/aerostack2_ws/install/as2_behaviors_motion:/root/aerostack2_ws/install/as2_map_server:/root/aerostack2_ws/install/as2_geozones:/root/aerostack2_ws/install/as2_gazebo_assets:/root/aerostack2_ws/install/as2_external_object_to_tf:/root/aerostack2_ws/install/as2_behaviors_platform:/root/aerostack2_ws/install/as2_behaviors_perception:/root/aerostack2_ws/install/as2_behaviors_path_planning:/root/aerostack2_ws/install/as2_behavior_tree:/root/aerostack2_ws/install/as2_behavior:/root/aerostack2_ws/install/as2_alphanumeric_viewer:/root/aerostack2_ws/install/as2_cli:/root/aerostack2_ws/src/aerostack2/install/as2_motion_reference_handlers:/root/aerostack2_ws/src/aerostack2/install/as2_map_server:/root/aerostack2_ws/src/aerostack2/install/as2_geozones:/root/aerostack2_ws/src/aerostack2/install/as2_behavior:/root/aerostack2_ws/src/aerostack2/install/as2_core:/root/aerostack2_ws/src/aerostack2/install/as2_msgs:/root/aerostack2_ws/src/aerostack2/install/as2_cli LD_LIBRARY_PATH=/root/aerostack2_ws/install/as2_core/lib:/root/aerostack2_ws/install/as2_msgs/lib:/root/aerostack2_ws/install/as2_state_estimator/lib:/root/aerostack2_ws/install/as2_python_api/lib:/root/aerostack2_ws/install/as2_motion_controller/lib:/root/aerostack2_ws/install/as2_behaviors_trajectory_generation/lib:/root/aerostack2_ws/install/as2_behaviors_swarm_flocking/lib:/root/aerostack2_ws/install/as2_behaviors_motion/lib:/root/aerostack2_ws/install/as2_motion_reference_handlers/lib:/root/aerostack2_ws/install/as2_map_server/lib:/root/aerostack2_ws/install/as2_gazebo_assets/lib:/root/aerostack2_ws/install/as2_behaviors_perception/lib:/root/aerostack2_ws/install/as2_behaviors_path_planning/lib:/root/aerostack2_ws/install/as2_behavior_tree/lib:/root/aerostack2_ws/install/as2_behavior/lib:/root/aerostack2_ws/src/aerostack2/install/as2_python_api/lib:/root/aerostack2_ws/src/aerostack2/install/as2_motion_reference_handlers/lib:/root/aerostack2_ws/src/aerostack2/install/as2_map_server/lib:/root/aerostack2_ws/src/aerostack2/install/as2_behavior/lib:/root/aerostack2_ws/src/aerostack2/install/as2_core/lib:/root/aerostack2_ws/src/aerostack2/install/as2_msgs/lib:/opt/ros/humble/opt/rviz_ogre_vendor/lib:/opt/ros/humble/lib/x86_64-linux-gnu:/opt/ros/humble/lib PYTHONPATH=/root/aerostack2_ws/build/as2_python_api/prefix_override:/usr/lib/python3/dist-packages/colcon_core/task/python/colcon_distutils_commands:/root/aerostack2_ws/install/as2_python_api/lib/python3.10/site-packages:${PYTHONPATH} /usr/bin/python3 -W ignore:setup.py install is deprecated -W ignore:easy_install command is deprecated setup.py egg_info --egg-base ../../../build/as2_python_api build --build-base /root/aerostack2_ws/build/as2_python_api/build install --record /root/aerostack2_ws/build/as2_python_api/install.log --single-version-externally-managed install_data --force
