[0.006s] Invoking command in '/root/aerostack2_ws/build/as2_cli': CMAKE_PREFIX_PATH=${CMAKE_PREFIX_PATH}:/root/aerostack2_ws/install/as2_visualization:/root/aerostack2_ws/install/as2_keyboard_teleoperation:/root/aerostack2_ws/install/as2_python_api:/opt/ros/humble /usr/bin/cmake /root/aerostack2_ws/src/aerostack2/as2_cli -DAMENT_CMAKE_SYMLINK_INSTALL=1 -DCMAKE_INSTALL_PREFIX=/root/aerostack2_ws/install/as2_cli
[0.042s] -- The C compiler identification is GNU 11.4.0
[0.081s] -- The CXX compiler identification is GNU 11.4.0
[0.086s] -- Detecting C compiler ABI info
[0.130s] -- Detecting C compiler ABI info - done
[0.135s] -- Check for working C compiler: /usr/bin/cc - skipped
[0.135s] -- Detecting C compile features
[0.136s] -- Detecting C compile features - done
[0.138s] -- Detecting CXX compiler ABI info
[0.190s] -- Detecting CXX compiler ABI info - done
[0.195s] -- Check for working CXX compiler: /usr/bin/c++ - skipped
[0.195s] -- Detecting CXX compile features
[0.195s] -- Detecting CXX compile features - done
[0.197s] -- Found ament_cmake: 1.3.12 (/opt/ros/humble/share/ament_cmake/cmake)
[0.297s] -- Found Python3: /usr/bin/python3 (found version "3.10.12") found components: Interpreter 
[0.341s] -- Override CMake install command with custom implementation using symlinks instead of copying resources
[0.405s] -- Configuring done
[0.407s] -- Generating done
[0.408s] -- Build files have been written to: /root/aerostack2_ws/build/as2_cli
[0.410s] Invoked command in '/root/aerostack2_ws/build/as2_cli' returned '0': CMAKE_PREFIX_PATH=${CMAKE_PREFIX_PATH}:/root/aerostack2_ws/install/as2_visualization:/root/aerostack2_ws/install/as2_keyboard_teleoperation:/root/aerostack2_ws/install/as2_python_api:/opt/ros/humble /usr/bin/cmake /root/aerostack2_ws/src/aerostack2/as2_cli -DAMENT_CMAKE_SYMLINK_INSTALL=1 -DCMAKE_INSTALL_PREFIX=/root/aerostack2_ws/install/as2_cli
[0.411s] Invoking command in '/root/aerostack2_ws/build/as2_cli': CMAKE_PREFIX_PATH=${CMAKE_PREFIX_PATH}:/root/aerostack2_ws/install/as2_visualization:/root/aerostack2_ws/install/as2_keyboard_teleoperation:/root/aerostack2_ws/install/as2_python_api:/opt/ros/humble /usr/bin/cmake --build /root/aerostack2_ws/build/as2_cli -- -j8 -l8
[0.438s] Invoked command in '/root/aerostack2_ws/build/as2_cli' returned '0': CMAKE_PREFIX_PATH=${CMAKE_PREFIX_PATH}:/root/aerostack2_ws/install/as2_visualization:/root/aerostack2_ws/install/as2_keyboard_teleoperation:/root/aerostack2_ws/install/as2_python_api:/opt/ros/humble /usr/bin/cmake --build /root/aerostack2_ws/build/as2_cli -- -j8 -l8
[0.445s] Invoking command in '/root/aerostack2_ws/build/as2_cli': CMAKE_PREFIX_PATH=${CMAKE_PREFIX_PATH}:/root/aerostack2_ws/install/as2_visualization:/root/aerostack2_ws/install/as2_keyboard_teleoperation:/root/aerostack2_ws/install/as2_python_api:/opt/ros/humble /usr/bin/cmake --install /root/aerostack2_ws/build/as2_cli
[0.449s] -- Install configuration: ""
[0.449s] -- Execute custom install script
[0.449s] -- Symlinking: /root/aerostack2_ws/install/as2_cli/share/ament_index/resource_index/package_run_dependencies/as2_cli
[0.455s] -- Symlinking: /root/aerostack2_ws/install/as2_cli/share/ament_index/resource_index/parent_prefix_path/as2_cli
[0.461s] -- Symlinking: /root/aerostack2_ws/install/as2_cli/share/as2_cli/environment/ament_prefix_path.sh
[0.466s] -- Symlinking: /root/aerostack2_ws/install/as2_cli/share/as2_cli/environment/ament_prefix_path.dsv
[0.472s] -- Symlinking: /root/aerostack2_ws/install/as2_cli/share/as2_cli/environment/path.sh
[0.477s] -- Symlinking: /root/aerostack2_ws/install/as2_cli/share/as2_cli/environment/path.dsv
[0.483s] -- Symlinking: /root/aerostack2_ws/install/as2_cli/share/as2_cli/local_setup.bash
[0.488s] -- Symlinking: /root/aerostack2_ws/install/as2_cli/share/as2_cli/local_setup.sh
[0.494s] -- Symlinking: /root/aerostack2_ws/install/as2_cli/share/as2_cli/local_setup.zsh
[0.499s] -- Symlinking: /root/aerostack2_ws/install/as2_cli/share/as2_cli/local_setup.dsv
[0.505s] -- Symlinking: /root/aerostack2_ws/install/as2_cli/share/as2_cli/package.dsv
[0.510s] -- Symlinking: /root/aerostack2_ws/install/as2_cli/share/ament_index/resource_index/packages/as2_cli
[0.516s] -- Symlinking: /root/aerostack2_ws/install/as2_cli/share/as2_cli/cmake/as2_cliConfig.cmake
[0.521s] -- Symlinking: /root/aerostack2_ws/install/as2_cli/share/as2_cli/cmake/as2_cliConfig-version.cmake
[0.527s] -- Symlinking: /root/aerostack2_ws/install/as2_cli/share/as2_cli/package.xml
[0.534s] Invoked command in '/root/aerostack2_ws/build/as2_cli' returned '0': CMAKE_PREFIX_PATH=${CMAKE_PREFIX_PATH}:/root/aerostack2_ws/install/as2_visualization:/root/aerostack2_ws/install/as2_keyboard_teleoperation:/root/aerostack2_ws/install/as2_python_api:/opt/ros/humble /usr/bin/cmake --install /root/aerostack2_ws/build/as2_cli
