-- Found ament_cmake: 1.3.12 (/opt/ros/humble/share/ament_cmake/cmake)
-- Override CMake install command with custom implementation using symlinks instead of copying resources
-- Found rclcpp: 16.0.15 (/opt/ros/humble/share/rclcpp/cmake)
-- Found rosidl_generator_c: 3.1.7 (/opt/ros/humble/share/rosidl_generator_c/cmake)
-- Found rosidl_adapter: 3.1.7 (/opt/ros/humble/share/rosidl_adapter/cmake)
-- Found rosidl_generator_cpp: 3.1.7 (/opt/ros/humble/share/rosidl_generator_cpp/cmake)
-- Using all available rosidl_typesupport_c: rosidl_typesupport_fastrtps_c;rosidl_typesupport_introspection_c
-- Using all available rosidl_typesupport_cpp: rosidl_typesupport_fastrtps_cpp;rosidl_typesupport_introspection_cpp
-- Found rmw_implementation_cmake: 6.1.2 (/opt/ros/humble/share/rmw_implementation_cmake/cmake)
-- Found rmw_fastrtps_cpp: 6.2.9 (/opt/ros/humble/share/rmw_fastrtps_cpp/cmake)
-- Using RMW implementation 'rmw_fastrtps_cpp' as default
-- Found as2_core: 1.1.3 (/root/aerostack2_ws/install/as2_core/share/as2_core/cmake)
-- Created yaml-cpp::yaml-cpp alias from yaml-cpp target
-- Created GeographicLib::GeographicLib target from legacy variables
-- Found eigen3_cmake_module: 0.1.1 (/opt/ros/humble/share/eigen3_cmake_module/cmake)
-- Ensuring Eigen3 include directory is part of orocos-kdl CMake target
-- Found ament_lint_auto: 0.12.14 (/opt/ros/humble/share/ament_lint_auto/cmake)
-- Found gtest sources under '/opt/ros/humble/src/gtest_vendor': C++ tests using 'Google Test' will be built
-- Added test 'copyright' to check source files copyright and LICENSE
-- Added test 'cppcheck' to perform static code analysis on C / C++ code
-- Configured cppcheck include dirs: /root/aerostack2_ws/src/aerostack2/as2_behaviors/as2_behavior/include;/root/aerostack2_ws/src/aerostack2/as2_behaviors/as2_behavior/include/as2_behavior;$<BUILD_INTERFACE:/root/aerostack2_ws/src/aerostack2/as2_behaviors/as2_behavior/include>
-- Configured cppcheck exclude dirs and/or files: 
-- Added test 'cpplint' to check C / C++ code against the Google style
-- Configured cpplint exclude dirs and/or files: 
-- Added test 'lint_cmake' to check CMake code style
-- Added test 'uncrustify' to check C / C++ code style
-- Configured uncrustify additional arguments: 
-- Added test 'xmllint' to check XML markup files
-- Configuring done
-- Generating done
-- Build files have been written to: /root/aerostack2_ws/build/as2_behavior
[35m[1mConsolidate compiler generated dependencies of target gtest_main[0m
[35m[1mConsolidate compiler generated dependencies of target gtest[0m
[35m[1mConsolidate compiler generated dependencies of target as2_behavior[0m
[ 25%] Built target gtest_main
[ 50%] Built target gtest
[ 62%] [32m[1mLinking CXX shared library libas2_behavior.so[0m
[ 75%] Built target as2_behavior
[35m[1mConsolidate compiler generated dependencies of target as2_behavior_as2_behavior_gtest[0m
[ 87%] [32m[1mLinking CXX executable as2_behavior_as2_behavior_gtest[0m
[100%] Built target as2_behavior_as2_behavior_gtest
-- Install configuration: "Release"
-- Execute custom install script
-- Up-to-date symlink: /root/aerostack2_ws/install/as2_behavior/include/as2_behavior/__detail/behavior_server__class.hpp
-- Up-to-date symlink: /root/aerostack2_ws/install/as2_behavior/include/as2_behavior/__impl/behavior_server__impl.hpp
-- Up-to-date symlink: /root/aerostack2_ws/install/as2_behavior/include/as2_behavior/as2_basic_behavior.hpp
-- Up-to-date symlink: /root/aerostack2_ws/install/as2_behavior/include/as2_behavior/behavior_server.hpp
-- Up-to-date symlink: /root/aerostack2_ws/install/as2_behavior/include/as2_behavior/behavior_utils.hpp
-- Up-to-date symlink: /root/aerostack2_ws/install/as2_behavior/share/as2_behavior/environment/library_path.sh
-- Up-to-date symlink: /root/aerostack2_ws/install/as2_behavior/share/as2_behavior/environment/library_path.dsv
-- Up-to-date symlink: /root/aerostack2_ws/install/as2_behavior/share/ament_index/resource_index/package_run_dependencies/as2_behavior
-- Up-to-date symlink: /root/aerostack2_ws/install/as2_behavior/share/ament_index/resource_index/parent_prefix_path/as2_behavior
-- Up-to-date symlink: /root/aerostack2_ws/install/as2_behavior/share/as2_behavior/environment/ament_prefix_path.sh
-- Up-to-date symlink: /root/aerostack2_ws/install/as2_behavior/share/as2_behavior/environment/ament_prefix_path.dsv
-- Up-to-date symlink: /root/aerostack2_ws/install/as2_behavior/share/as2_behavior/environment/path.sh
-- Up-to-date symlink: /root/aerostack2_ws/install/as2_behavior/share/as2_behavior/environment/path.dsv
-- Up-to-date symlink: /root/aerostack2_ws/install/as2_behavior/share/as2_behavior/local_setup.bash
-- Up-to-date symlink: /root/aerostack2_ws/install/as2_behavior/share/as2_behavior/local_setup.sh
-- Up-to-date symlink: /root/aerostack2_ws/install/as2_behavior/share/as2_behavior/local_setup.zsh
-- Up-to-date symlink: /root/aerostack2_ws/install/as2_behavior/share/as2_behavior/local_setup.dsv
-- Symlinking: /root/aerostack2_ws/install/as2_behavior/share/as2_behavior/package.dsv
-- Up-to-date symlink: /root/aerostack2_ws/install/as2_behavior/share/ament_index/resource_index/packages/as2_behavior
-- Up-to-date symlink: /root/aerostack2_ws/install/as2_behavior/share/as2_behavior/cmake/ament_cmake_export_libraries-extras.cmake
-- Up-to-date symlink: /root/aerostack2_ws/install/as2_behavior/share/as2_behavior/cmake/ament_cmake_export_targets-extras.cmake
-- Up-to-date symlink: /root/aerostack2_ws/install/as2_behavior/share/as2_behavior/cmake/ament_cmake_export_include_directories-extras.cmake
-- Up-to-date symlink: /root/aerostack2_ws/install/as2_behavior/share/as2_behavior/cmake/as2_behaviorConfig.cmake
-- Up-to-date symlink: /root/aerostack2_ws/install/as2_behavior/share/as2_behavior/cmake/as2_behaviorConfig-version.cmake
-- Up-to-date symlink: /root/aerostack2_ws/install/as2_behavior/share/as2_behavior/package.xml
-- Installing: /root/aerostack2_ws/install/as2_behavior/lib/libas2_behavior.so
-- Set runtime path of "/root/aerostack2_ws/install/as2_behavior/lib/libas2_behavior.so" to ""
-- Up-to-date: /root/aerostack2_ws/install/as2_behavior/share/as2_behavior/cmake/export_as2_behaviorExport.cmake
-- Up-to-date: /root/aerostack2_ws/install/as2_behavior/share/as2_behavior/cmake/export_as2_behaviorExport-release.cmake
