-- Found ament_cmake: 1.3.12 (/opt/ros/humble/share/ament_cmake/cmake)
-- Override CMake install command with custom implementation using symlinks instead of copying resources
-- Configuring done
-- Generating done
-- Build files have been written to: /root/aerostack2_ws/build/aerostack2
-- Install configuration: "Release"
-- Execute custom install script
-- Up-to-date symlink: /root/aerostack2_ws/install/aerostack2/share/ament_index/resource_index/package_run_dependencies/aerostack2
-- Up-to-date symlink: /root/aerostack2_ws/install/aerostack2/share/ament_index/resource_index/parent_prefix_path/aerostack2
-- Up-to-date symlink: /root/aerostack2_ws/install/aerostack2/share/aerostack2/environment/ament_prefix_path.sh
-- Up-to-date symlink: /root/aerostack2_ws/install/aerostack2/share/aerostack2/environment/ament_prefix_path.dsv
-- Up-to-date symlink: /root/aerostack2_ws/install/aerostack2/share/aerostack2/environment/path.sh
-- Up-to-date symlink: /root/aerostack2_ws/install/aerostack2/share/aerostack2/environment/path.dsv
-- Up-to-date symlink: /root/aerostack2_ws/install/aerostack2/share/aerostack2/local_setup.bash
-- Up-to-date symlink: /root/aerostack2_ws/install/aerostack2/share/aerostack2/local_setup.sh
-- Up-to-date symlink: /root/aerostack2_ws/install/aerostack2/share/aerostack2/local_setup.zsh
-- Up-to-date symlink: /root/aerostack2_ws/install/aerostack2/share/aerostack2/local_setup.dsv
-- Symlinking: /root/aerostack2_ws/install/aerostack2/share/aerostack2/package.dsv
-- Up-to-date symlink: /root/aerostack2_ws/install/aerostack2/share/ament_index/resource_index/packages/aerostack2
-- Up-to-date symlink: /root/aerostack2_ws/install/aerostack2/share/aerostack2/cmake/aerostack2Config.cmake
-- Up-to-date symlink: /root/aerostack2_ws/install/aerostack2/share/aerostack2/cmake/aerostack2Config-version.cmake
-- Up-to-date symlink: /root/aerostack2_ws/install/aerostack2/share/aerostack2/package.xml
