[0.009s] Invoking command in '/root/aerostack2_ws/build/as2_cli': CMAKE_PREFIX_PATH=${CMAKE_PREFIX_PATH}:/root/aerostack2_ws/install/as2_visualization:/root/aerostack2_ws/install/as2_keyboard_teleoperation:/root/aerostack2_ws/install/as2_python_api:/root/aerostack2_ws/src/aerostack2/install/as2_python_api:/opt/ros/humble /usr/bin/cmake --build /root/aerostack2_ws/build/as2_cli -- -j8 -l8
[0.038s] Invoked command in '/root/aerostack2_ws/build/as2_cli' returned '0': CMAKE_PREFIX_PATH=${CMAKE_PREFIX_PATH}:/root/aerostack2_ws/install/as2_visualization:/root/aerostack2_ws/install/as2_keyboard_teleoperation:/root/aerostack2_ws/install/as2_python_api:/root/aerostack2_ws/src/aerostack2/install/as2_python_api:/opt/ros/humble /usr/bin/cmake --build /root/aerostack2_ws/build/as2_cli -- -j8 -l8
[0.046s] Invoking command in '/root/aerostack2_ws/build/as2_cli': CMAKE_PREFIX_PATH=${CMAKE_PREFIX_PATH}:/root/aerostack2_ws/install/as2_visualization:/root/aerostack2_ws/install/as2_keyboard_teleoperation:/root/aerostack2_ws/install/as2_python_api:/root/aerostack2_ws/src/aerostack2/install/as2_python_api:/opt/ros/humble /usr/bin/cmake --install /root/aerostack2_ws/build/as2_cli
[0.051s] -- Install configuration: "Release"
[0.051s] -- Execute custom install script
[0.051s] -- Up-to-date symlink: /root/aerostack2_ws/install/as2_cli/share/ament_index/resource_index/package_run_dependencies/as2_cli
[0.052s] -- Up-to-date symlink: /root/aerostack2_ws/install/as2_cli/share/ament_index/resource_index/parent_prefix_path/as2_cli
[0.052s] -- Up-to-date symlink: /root/aerostack2_ws/install/as2_cli/share/as2_cli/environment/ament_prefix_path.sh
[0.052s] -- Up-to-date symlink: /root/aerostack2_ws/install/as2_cli/share/as2_cli/environment/ament_prefix_path.dsv
[0.052s] -- Up-to-date symlink: /root/aerostack2_ws/install/as2_cli/share/as2_cli/environment/path.sh
[0.052s] -- Up-to-date symlink: /root/aerostack2_ws/install/as2_cli/share/as2_cli/environment/path.dsv
[0.052s] -- Up-to-date symlink: /root/aerostack2_ws/install/as2_cli/share/as2_cli/local_setup.bash
[0.052s] -- Up-to-date symlink: /root/aerostack2_ws/install/as2_cli/share/as2_cli/local_setup.sh
[0.052s] -- Up-to-date symlink: /root/aerostack2_ws/install/as2_cli/share/as2_cli/local_setup.zsh
[0.053s] -- Up-to-date symlink: /root/aerostack2_ws/install/as2_cli/share/as2_cli/local_setup.dsv
[0.053s] -- Symlinking: /root/aerostack2_ws/install/as2_cli/share/as2_cli/package.dsv
[0.059s] -- Up-to-date symlink: /root/aerostack2_ws/install/as2_cli/share/ament_index/resource_index/packages/as2_cli
[0.060s] -- Up-to-date symlink: /root/aerostack2_ws/install/as2_cli/share/as2_cli/cmake/as2_cliConfig.cmake
[0.060s] -- Up-to-date symlink: /root/aerostack2_ws/install/as2_cli/share/as2_cli/cmake/as2_cliConfig-version.cmake
[0.060s] -- Up-to-date symlink: /root/aerostack2_ws/install/as2_cli/share/as2_cli/package.xml
[0.061s] Invoked command in '/root/aerostack2_ws/build/as2_cli' returned '0': CMAKE_PREFIX_PATH=${CMAKE_PREFIX_PATH}:/root/aerostack2_ws/install/as2_visualization:/root/aerostack2_ws/install/as2_keyboard_teleoperation:/root/aerostack2_ws/install/as2_python_api:/root/aerostack2_ws/src/aerostack2/install/as2_python_api:/opt/ros/humble /usr/bin/cmake --install /root/aerostack2_ws/build/as2_cli
