[0.041s] Invoking command in '/root/aerostack2_ws/build/as2_usb_camera_interface': AMENT_PREFIX_PATH=/root/aerostack2_ws/install/as2_core:/root/aerostack2_ws/install/as2_msgs:${AMENT_PREFIX_PATH} CMAKE_PREFIX_PATH=/root/aerostack2_ws/install/as2_core:/root/aerostack2_ws/install/as2_msgs:/opt/ros/humble LD_LIBRARY_PATH=/root/aerostack2_ws/install/as2_core/lib:/root/aerostack2_ws/install/as2_msgs/lib:${LD_LIBRARY_PATH} PYTHONPATH=/root/aerostack2_ws/install/as2_core/local/lib/python3.10/dist-packages:/root/aerostack2_ws/install/as2_msgs/local/lib/python3.10/dist-packages:${PYTHONPATH} /usr/bin/cmake /root/aerostack2_ws/src/aerostack2/as2_hardware_drivers/as2_usb_camera_interface -DAMENT_CMAKE_SYMLINK_INSTALL=1 -DCMAKE_INSTALL_PREFIX=/root/aerostack2_ws/install/as2_usb_camera_interface
[4.185s] -- The C compiler identification is GNU 11.4.0
[4.185s] -- The CXX compiler identification is GNU 11.4.0
[4.185s] -- Detecting C compiler ABI info
[4.185s] -- Detecting C compiler ABI info - done
[4.185s] -- Check for working C compiler: /usr/bin/cc - skipped
[4.185s] -- Detecting C compile features
[4.185s] -- Detecting C compile features - done
[4.185s] -- Detecting CXX compiler ABI info
[4.189s] -- Detecting CXX compiler ABI info - done
[4.189s] -- Check for working CXX compiler: /usr/bin/c++ - skipped
[4.189s] -- Detecting CXX compile features
[4.189s] -- Detecting CXX compile features - done
[4.189s] -- Found ament_cmake: 1.3.12 (/opt/ros/humble/share/ament_cmake/cmake)
[4.189s] -- Found Python3: /usr/bin/python3 (found version "3.10.12") found components: Interpreter 
[4.189s] -- Override CMake install command with custom implementation using symlinks instead of copying resources
[4.189s] -- Found rclcpp: 16.0.15 (/opt/ros/humble/share/rclcpp/cmake)
[4.189s] -- Found rosidl_generator_c: 3.1.7 (/opt/ros/humble/share/rosidl_generator_c/cmake)
[4.189s] -- Found rosidl_adapter: 3.1.7 (/opt/ros/humble/share/rosidl_adapter/cmake)
[4.189s] -- Found rosidl_generator_cpp: 3.1.7 (/opt/ros/humble/share/rosidl_generator_cpp/cmake)
[4.190s] -- Using all available rosidl_typesupport_c: rosidl_typesupport_fastrtps_c;rosidl_typesupport_introspection_c
[4.190s] -- Using all available rosidl_typesupport_cpp: rosidl_typesupport_fastrtps_cpp;rosidl_typesupport_introspection_cpp
[4.190s] -- Found rmw_implementation_cmake: 6.1.2 (/opt/ros/humble/share/rmw_implementation_cmake/cmake)
[4.190s] -- Found rmw_fastrtps_cpp: 6.2.9 (/opt/ros/humble/share/rmw_fastrtps_cpp/cmake)
[4.190s] -- Found OpenSSL: /usr/lib/x86_64-linux-gnu/libcrypto.so (found version "3.0.2")  
[4.190s] -- Found FastRTPS: /opt/ros/humble/include  
[4.190s] -- Using RMW implementation 'rmw_fastrtps_cpp' as default
[4.190s] -- Looking for pthread.h
[4.190s] -- Looking for pthread.h - found
[4.190s] -- Performing Test CMAKE_HAVE_LIBC_PTHREAD
[4.190s] -- Performing Test CMAKE_HAVE_LIBC_PTHREAD - Success
[4.190s] -- Found Threads: TRUE  
[4.196s] -- Found as2_core: 1.1.3 (/root/aerostack2_ws/install/as2_core/share/as2_core/cmake)
[4.196s] -- Created yaml-cpp::yaml-cpp alias from yaml-cpp target
[4.196s] -- Created GeographicLib::GeographicLib target from legacy variables
[4.196s] -- Found eigen3_cmake_module: 0.1.1 (/opt/ros/humble/share/eigen3_cmake_module/cmake)
[4.197s] -- Found Eigen3: TRUE (found version "3.4.0") 
[4.197s] -- Ensuring Eigen3 include directory is part of orocos-kdl CMake target
[4.197s] -- Found OpenCV: /usr (found version "4.5.4") 
[4.197s] -- Found ament_lint_auto: 0.12.14 (/opt/ros/humble/share/ament_lint_auto/cmake)
[4.197s] -- Found gtest sources under '/opt/ros/humble/src/gtest_vendor': C++ tests using 'Google Test' will be built
[4.197s] -- Added test 'copyright' to check source files copyright and LICENSE
[4.197s] -- Added test 'cppcheck' to perform static code analysis on C / C++ code
[4.197s] -- Configured cppcheck include dirs: /root/aerostack2_ws/src/aerostack2/as2_hardware_drivers/as2_usb_camera_interface/include;/root/aerostack2_ws/src/aerostack2/as2_hardware_drivers/as2_usb_camera_interface/include/as2_usb_camera_interface
[4.197s] -- Configured cppcheck exclude dirs and/or files: 
[4.197s] -- Added test 'cpplint' to check C / C++ code against the Google style
[4.197s] -- Configured cpplint exclude dirs and/or files: 
[4.197s] -- Added test 'flake8' to check Python code syntax and style conventions
[4.198s] -- Added test 'lint_cmake' to check CMake code style
[4.198s] -- Added test 'pep257' to check Python code against some of the docstring style conventions in PEP 257
[4.198s] -- Added test 'uncrustify' to check C / C++ code style
[4.198s] -- Configured uncrustify additional arguments: 
[4.198s] -- Added test 'xmllint' to check XML markup files
[4.198s] -- Configuring done
[4.198s] -- Generating done
[4.198s] -- Build files have been written to: /root/aerostack2_ws/build/as2_usb_camera_interface
[4.211s] Invoked command in '/root/aerostack2_ws/build/as2_usb_camera_interface' returned '0': AMENT_PREFIX_PATH=/root/aerostack2_ws/install/as2_core:/root/aerostack2_ws/install/as2_msgs:${AMENT_PREFIX_PATH} CMAKE_PREFIX_PATH=/root/aerostack2_ws/install/as2_core:/root/aerostack2_ws/install/as2_msgs:/opt/ros/humble LD_LIBRARY_PATH=/root/aerostack2_ws/install/as2_core/lib:/root/aerostack2_ws/install/as2_msgs/lib:${LD_LIBRARY_PATH} PYTHONPATH=/root/aerostack2_ws/install/as2_core/local/lib/python3.10/dist-packages:/root/aerostack2_ws/install/as2_msgs/local/lib/python3.10/dist-packages:${PYTHONPATH} /usr/bin/cmake /root/aerostack2_ws/src/aerostack2/as2_hardware_drivers/as2_usb_camera_interface -DAMENT_CMAKE_SYMLINK_INSTALL=1 -DCMAKE_INSTALL_PREFIX=/root/aerostack2_ws/install/as2_usb_camera_interface
[4.211s] Invoking command in '/root/aerostack2_ws/build/as2_usb_camera_interface': AMENT_PREFIX_PATH=/root/aerostack2_ws/install/as2_core:/root/aerostack2_ws/install/as2_msgs:${AMENT_PREFIX_PATH} CMAKE_PREFIX_PATH=/root/aerostack2_ws/install/as2_core:/root/aerostack2_ws/install/as2_msgs:/opt/ros/humble LD_LIBRARY_PATH=/root/aerostack2_ws/install/as2_core/lib:/root/aerostack2_ws/install/as2_msgs/lib:${LD_LIBRARY_PATH} PYTHONPATH=/root/aerostack2_ws/install/as2_core/local/lib/python3.10/dist-packages:/root/aerostack2_ws/install/as2_msgs/local/lib/python3.10/dist-packages:${PYTHONPATH} /usr/bin/cmake --build /root/aerostack2_ws/build/as2_usb_camera_interface -- -j8 -l8
[16.224s] [  9%] [32mBuilding CXX object CMakeFiles/as2_usb_camera_interface_node.dir/src/as2_usb_camera_interface_node.cpp.o[0m
[16.224s] [ 18%] [32mBuilding CXX object CMakeFiles/as2_usb_camera_interface_node.dir/src/as2_usb_camera_interface.cpp.o[0m
[22.319s] [ 27%] [32m[1mLinking CXX executable as2_usb_camera_interface_node[0m
[23.308s] [ 27%] Built target as2_usb_camera_interface_node
[23.336s] [ 36%] [32mBuilding CXX object gtest/CMakeFiles/gtest.dir/src/gtest-all.cc.o[0m
[32.856s] [ 45%] [32m[1mLinking CXX static library libgtest.a[0m
[32.927s] [ 45%] Built target gtest
[32.961s] [ 54%] [32mBuilding CXX object gtest/CMakeFiles/gtest_main.dir/src/gtest_main.cc.o[0m
[34.393s] [ 63%] [32m[1mLinking CXX static library libgtest_main.a[0m
[34.430s] [ 63%] Built target gtest_main
[34.458s] [ 72%] [32mBuilding CXX object CMakeFiles/as2_usb_camera_interface.dir/src/as2_usb_camera_interface.cpp.o[0m
[43.653s] [ 81%] [32m[1mLinking CXX static library libas2_usb_camera_interface.a[0m
[43.701s] [ 81%] Built target as2_usb_camera_interface
[43.733s] [ 90%] [32mBuilding CXX object tests/CMakeFiles/as2_usb_camera_interface_as2_usb_camera_interface_gtest.dir/as2_usb_camera_interface_gtest.cpp.o[0m
[52.167s] [100%] [32m[1mLinking CXX executable as2_usb_camera_interface_as2_usb_camera_interface_gtest[0m
[52.755s] [100%] Built target as2_usb_camera_interface_as2_usb_camera_interface_gtest
[52.825s] Invoked command in '/root/aerostack2_ws/build/as2_usb_camera_interface' returned '0': AMENT_PREFIX_PATH=/root/aerostack2_ws/install/as2_core:/root/aerostack2_ws/install/as2_msgs:${AMENT_PREFIX_PATH} CMAKE_PREFIX_PATH=/root/aerostack2_ws/install/as2_core:/root/aerostack2_ws/install/as2_msgs:/opt/ros/humble LD_LIBRARY_PATH=/root/aerostack2_ws/install/as2_core/lib:/root/aerostack2_ws/install/as2_msgs/lib:${LD_LIBRARY_PATH} PYTHONPATH=/root/aerostack2_ws/install/as2_core/local/lib/python3.10/dist-packages:/root/aerostack2_ws/install/as2_msgs/local/lib/python3.10/dist-packages:${PYTHONPATH} /usr/bin/cmake --build /root/aerostack2_ws/build/as2_usb_camera_interface -- -j8 -l8
[52.828s] Invoking command in '/root/aerostack2_ws/build/as2_usb_camera_interface': AMENT_PREFIX_PATH=/root/aerostack2_ws/install/as2_core:/root/aerostack2_ws/install/as2_msgs:${AMENT_PREFIX_PATH} CMAKE_PREFIX_PATH=/root/aerostack2_ws/install/as2_core:/root/aerostack2_ws/install/as2_msgs:/opt/ros/humble LD_LIBRARY_PATH=/root/aerostack2_ws/install/as2_core/lib:/root/aerostack2_ws/install/as2_msgs/lib:${LD_LIBRARY_PATH} PYTHONPATH=/root/aerostack2_ws/install/as2_core/local/lib/python3.10/dist-packages:/root/aerostack2_ws/install/as2_msgs/local/lib/python3.10/dist-packages:${PYTHONPATH} /usr/bin/cmake --install /root/aerostack2_ws/build/as2_usb_camera_interface
[52.847s] -- Install configuration: "Release"
[52.847s] -- Execute custom install script
[52.848s] -- Symlinking: /root/aerostack2_ws/install/as2_usb_camera_interface/include/as2_usb_camera_interface/as2_usb_camera_interface.hpp
[52.859s] -- Symlinking: /root/aerostack2_ws/install/as2_usb_camera_interface/share/as2_usb_camera_interface/launch/as2_usb_camera_interface_launch.py
[52.871s] -- Symlinking: /root/aerostack2_ws/install/as2_usb_camera_interface/share/as2_usb_camera_interface/config/as2_usb_camera_interface/camera_info.yaml
[52.884s] -- Symlinking: /root/aerostack2_ws/install/as2_usb_camera_interface/share/as2_usb_camera_interface/config/as2_usb_camera_interface/wide02_720_info.yaml
[52.899s] -- Symlinking: /root/aerostack2_ws/install/as2_usb_camera_interface/share/as2_usb_camera_interface/config/as2_usb_camera_interface/wide03_1080_info.yaml
[52.916s] -- Symlinking: /root/aerostack2_ws/install/as2_usb_camera_interface/share/as2_usb_camera_interface/config/as2_usb_camera_interface/wide03_720_info.yaml
[52.930s] -- Symlinking: /root/aerostack2_ws/install/as2_usb_camera_interface/share/as2_usb_camera_interface/config/camera_calibration_default.yaml
[52.943s] -- Symlinking: /root/aerostack2_ws/install/as2_usb_camera_interface/share/as2_usb_camera_interface/config/config_file_default.yaml
[52.955s] -- Symlinking: /root/aerostack2_ws/install/as2_usb_camera_interface/share/as2_usb_camera_interface/config/tf_cam/f330_arguments.yaml
[52.967s] -- Symlinking: /root/aerostack2_ws/install/as2_usb_camera_interface/share/as2_usb_camera_interface/config/tf_cam/f450_arguments.yaml
[52.984s] -- Symlinking: /root/aerostack2_ws/install/as2_usb_camera_interface/share/as2_usb_camera_interface/config/tf_cam/sim_arguments.yaml
[52.995s] -- Symlinking: /root/aerostack2_ws/install/as2_usb_camera_interface/lib/as2_usb_camera_interface/as2_usb_camera_interface_node
[53.013s] -- Symlinking: /root/aerostack2_ws/install/as2_usb_camera_interface/share/ament_index/resource_index/package_run_dependencies/as2_usb_camera_interface
[53.031s] -- Symlinking: /root/aerostack2_ws/install/as2_usb_camera_interface/share/ament_index/resource_index/parent_prefix_path/as2_usb_camera_interface
[53.047s] -- Symlinking: /root/aerostack2_ws/install/as2_usb_camera_interface/share/as2_usb_camera_interface/environment/ament_prefix_path.sh
[53.067s] -- Symlinking: /root/aerostack2_ws/install/as2_usb_camera_interface/share/as2_usb_camera_interface/environment/ament_prefix_path.dsv
[53.076s] -- Symlinking: /root/aerostack2_ws/install/as2_usb_camera_interface/share/as2_usb_camera_interface/environment/path.sh
[53.089s] -- Symlinking: /root/aerostack2_ws/install/as2_usb_camera_interface/share/as2_usb_camera_interface/environment/path.dsv
[53.100s] -- Symlinking: /root/aerostack2_ws/install/as2_usb_camera_interface/share/as2_usb_camera_interface/local_setup.bash
[53.124s] -- Symlinking: /root/aerostack2_ws/install/as2_usb_camera_interface/share/as2_usb_camera_interface/local_setup.sh
[53.138s] -- Symlinking: /root/aerostack2_ws/install/as2_usb_camera_interface/share/as2_usb_camera_interface/local_setup.zsh
[53.154s] -- Symlinking: /root/aerostack2_ws/install/as2_usb_camera_interface/share/as2_usb_camera_interface/local_setup.dsv
[53.164s] -- Symlinking: /root/aerostack2_ws/install/as2_usb_camera_interface/share/as2_usb_camera_interface/package.dsv
[53.180s] -- Symlinking: /root/aerostack2_ws/install/as2_usb_camera_interface/share/ament_index/resource_index/packages/as2_usb_camera_interface
[53.196s] -- Symlinking: /root/aerostack2_ws/install/as2_usb_camera_interface/share/as2_usb_camera_interface/cmake/as2_usb_camera_interfaceConfig.cmake
[53.211s] -- Symlinking: /root/aerostack2_ws/install/as2_usb_camera_interface/share/as2_usb_camera_interface/cmake/as2_usb_camera_interfaceConfig-version.cmake
[53.225s] -- Symlinking: /root/aerostack2_ws/install/as2_usb_camera_interface/share/as2_usb_camera_interface/package.xml
[53.243s] -- Installing: /root/aerostack2_ws/install/as2_usb_camera_interface/lib/libas2_usb_camera_interface.a
[53.252s] Invoked command in '/root/aerostack2_ws/build/as2_usb_camera_interface' returned '0': AMENT_PREFIX_PATH=/root/aerostack2_ws/install/as2_core:/root/aerostack2_ws/install/as2_msgs:${AMENT_PREFIX_PATH} CMAKE_PREFIX_PATH=/root/aerostack2_ws/install/as2_core:/root/aerostack2_ws/install/as2_msgs:/opt/ros/humble LD_LIBRARY_PATH=/root/aerostack2_ws/install/as2_core/lib:/root/aerostack2_ws/install/as2_msgs/lib:${LD_LIBRARY_PATH} PYTHONPATH=/root/aerostack2_ws/install/as2_core/local/lib/python3.10/dist-packages:/root/aerostack2_ws/install/as2_msgs/local/lib/python3.10/dist-packages:${PYTHONPATH} /usr/bin/cmake --install /root/aerostack2_ws/build/as2_usb_camera_interface
