[1.091s] Invoking command in '/root/aerostack2_ws/build/as2_visualization': AMENT_PREFIX_PATH=/root/aerostack2_ws/install/as2_gazebo_assets:/root/aerostack2_ws/install/as2_core:/root/aerostack2_ws/install/as2_msgs:${AMENT_PREFIX_PATH} CMAKE_PREFIX_PATH=/root/aerostack2_ws/install/as2_gazebo_assets:/root/aerostack2_ws/install/as2_core:/root/aerostack2_ws/install/as2_msgs GZ_SIM_RESOURCE_PATH=/root/aerostack2_ws/install/as2_gazebo_assets/share/as2_ign_gazebo_assets/worlds:/root/aerostack2_ws/install/as2_gazebo_assets/share/as2_ign_gazebo_assets/models GZ_SIM_SYSTEM_PLUGIN_PATH=/root/aerostack2_ws/install/as2_gazebo_assets/lib GZ_VERSION=@GZ_VERSION@ LD_LIBRARY_PATH=/root/aerostack2_ws/install/as2_gazebo_assets/lib:/root/aerostack2_ws/install/as2_core/lib:/root/aerostack2_ws/install/as2_msgs/lib:${LD_LIBRARY_PATH} PYTHONPATH=/root/aerostack2_ws/build/as2_visualization/prefix_override:/usr/lib/python3/dist-packages/colcon_core/task/python/colcon_distutils_commands:/root/aerostack2_ws/install/as2_visualization/lib/python3.10/site-packages:/root/aerostack2_ws/install/as2_gazebo_assets/local/lib/python3.10/dist-packages:/root/aerostack2_ws/install/as2_core/local/lib/python3.10/dist-packages:/root/aerostack2_ws/install/as2_msgs/local/lib/python3.10/dist-packages:${PYTHONPATH} /usr/bin/python3 -W ignore:setup.py install is deprecated -W ignore:easy_install command is deprecated setup.py develop --editable --build-directory /root/aerostack2_ws/build/as2_visualization/build --no-deps symlink_data
[30.050s] running develop
[30.050s] running egg_info
[30.050s] creating as2_visualization.egg-info
[30.050s] writing as2_visualization.egg-info/PKG-INFO
[30.050s] writing dependency_links to as2_visualization.egg-info/dependency_links.txt
[30.050s] writing entry points to as2_visualization.egg-info/entry_points.txt
[30.051s] writing requirements to as2_visualization.egg-info/requires.txt
[30.051s] writing top-level names to as2_visualization.egg-info/top_level.txt
[30.051s] writing manifest file 'as2_visualization.egg-info/SOURCES.txt'
[30.051s] reading manifest file 'as2_visualization.egg-info/SOURCES.txt'
[30.054s] writing manifest file 'as2_visualization.egg-info/SOURCES.txt'
[30.055s] running build_ext
[30.055s] Creating /root/aerostack2_ws/install/as2_visualization/lib/python3.10/site-packages/as2-visualization.egg-link (link to .)
[30.055s] Installing cfg_generator script to /root/aerostack2_ws/install/as2_visualization/lib/as2_visualization
[30.055s] Installing gate_publisher script to /root/aerostack2_ws/install/as2_visualization/lib/as2_visualization
[30.055s] Installing marker_publisher script to /root/aerostack2_ws/install/as2_visualization/lib/as2_visualization
[30.055s] Installing viz_launcher script to /root/aerostack2_ws/install/as2_visualization/lib/as2_visualization
[30.055s] 
[30.055s] Installed /root/aerostack2_ws/build/as2_visualization
[30.056s] running symlink_data
[30.056s] creating /root/aerostack2_ws/install/as2_visualization/share/ament_index
[30.056s] creating /root/aerostack2_ws/install/as2_visualization/share/ament_index/resource_index
[30.056s] creating /root/aerostack2_ws/install/as2_visualization/share/ament_index/resource_index/packages
[30.056s] symbolically linking /root/aerostack2_ws/build/as2_visualization/resource/as2_visualization -> /root/aerostack2_ws/install/as2_visualization/share/ament_index/resource_index/packages
[30.056s] symbolically linking /root/aerostack2_ws/build/as2_visualization/package.xml -> /root/aerostack2_ws/install/as2_visualization/share/as2_visualization
[30.056s] creating /root/aerostack2_ws/install/as2_visualization/share/as2_visualization/launch
[30.056s] symbolically linking /root/aerostack2_ws/build/as2_visualization/launch/swarm_viz.launch.py -> /root/aerostack2_ws/install/as2_visualization/share/as2_visualization/launch
[30.056s] symbolically linking /root/aerostack2_ws/build/as2_visualization/launch/as2_visualization.launch.py -> /root/aerostack2_ws/install/as2_visualization/share/as2_visualization/launch
[30.060s] creating /root/aerostack2_ws/install/as2_visualization/share/as2_visualization/config
[30.060s] symbolically linking /root/aerostack2_ws/build/as2_visualization/config/as2_default.rviz -> /root/aerostack2_ws/install/as2_visualization/share/as2_visualization/config
[30.074s] Invoked command in '/root/aerostack2_ws/build/as2_visualization' returned '0': AMENT_PREFIX_PATH=/root/aerostack2_ws/install/as2_gazebo_assets:/root/aerostack2_ws/install/as2_core:/root/aerostack2_ws/install/as2_msgs:${AMENT_PREFIX_PATH} CMAKE_PREFIX_PATH=/root/aerostack2_ws/install/as2_gazebo_assets:/root/aerostack2_ws/install/as2_core:/root/aerostack2_ws/install/as2_msgs GZ_SIM_RESOURCE_PATH=/root/aerostack2_ws/install/as2_gazebo_assets/share/as2_ign_gazebo_assets/worlds:/root/aerostack2_ws/install/as2_gazebo_assets/share/as2_ign_gazebo_assets/models GZ_SIM_SYSTEM_PLUGIN_PATH=/root/aerostack2_ws/install/as2_gazebo_assets/lib GZ_VERSION=@GZ_VERSION@ LD_LIBRARY_PATH=/root/aerostack2_ws/install/as2_gazebo_assets/lib:/root/aerostack2_ws/install/as2_core/lib:/root/aerostack2_ws/install/as2_msgs/lib:${LD_LIBRARY_PATH} PYTHONPATH=/root/aerostack2_ws/build/as2_visualization/prefix_override:/usr/lib/python3/dist-packages/colcon_core/task/python/colcon_distutils_commands:/root/aerostack2_ws/install/as2_visualization/lib/python3.10/site-packages:/root/aerostack2_ws/install/as2_gazebo_assets/local/lib/python3.10/dist-packages:/root/aerostack2_ws/install/as2_core/local/lib/python3.10/dist-packages:/root/aerostack2_ws/install/as2_msgs/local/lib/python3.10/dist-packages:${PYTHONPATH} /usr/bin/python3 -W ignore:setup.py install is deprecated -W ignore:easy_install command is deprecated setup.py develop --editable --build-directory /root/aerostack2_ws/build/as2_visualization/build --no-deps symlink_data
