[0.093s] Invoking command in '/root/aerostack2_ws/build/as2_platform_multirotor_simulator': CMAKE_PREFIX_PATH=/root/aerostack2_ws/install/as2_core:/root/aerostack2_ws/install/as2_msgs:/root/aerostack2_ws/src/aerostack2/install/as2_motion_reference_handlers:/root/aerostack2_ws/src/aerostack2/install/as2_map_server:/root/aerostack2_ws/src/aerostack2/install/as2_geozones:/root/aerostack2_ws/src/aerostack2/install/as2_behavior:/root/aerostack2_ws/src/aerostack2/install/as2_core:/root/aerostack2_ws/src/aerostack2/install/as2_msgs:/root/aerostack2_ws/src/aerostack2/install/as2_cli:/root/aerostack2_ws/install/aerostack2:/root/aerostack2_ws/install/as2_usb_camera_interface:/root/aerostack2_ws/install/as2_state_estimator:/root/aerostack2_ws/install/as2_rviz_plugins:/root/aerostack2_ws/install/as2_realsense_interface:/root/aerostack2_ws/install/as2_platform_multirotor_simulator:/root/aerostack2_ws/install/as2_platform_gazebo:/root/aerostack2_ws/install/as2_motion_controller:/root/aerostack2_ws/install/as2_behaviors_trajectory_generation:/root/aerostack2_ws/install/as2_behaviors_swarm_flocking:/root/aerostack2_ws/install/as2_behaviors_motion:/root/aerostack2_ws/install/as2_motion_reference_handlers:/root/aerostack2_ws/install/as2_map_server:/root/aerostack2_ws/install/as2_geozones:/root/aerostack2_ws/install/as2_gazebo_assets:/root/aerostack2_ws/install/as2_external_object_to_tf:/root/aerostack2_ws/install/as2_behaviors_platform:/root/aerostack2_ws/install/as2_behaviors_perception:/root/aerostack2_ws/install/as2_behaviors_path_planning:/root/aerostack2_ws/install/as2_behavior_tree:/root/aerostack2_ws/install/as2_behavior:/root/aerostack2_ws/install/as2_alphanumeric_viewer:/root/aerostack2_ws/install/as2_cli:/root/aerostack2_ws/src/aerostack2/install/as2_python_api:/root/aerostack2_ws/install/as2_visualization:/root/aerostack2_ws/install/as2_keyboard_teleoperation:/root/aerostack2_ws/install/as2_python_api:/opt/ros/humble LD_LIBRARY_PATH=/root/aerostack2_ws/install/as2_core/lib:/root/aerostack2_ws/install/as2_msgs/lib:/root/aerostack2_ws/src/aerostack2/install/as2_python_api/lib:/root/aerostack2_ws/src/aerostack2/install/as2_motion_reference_handlers/lib:/root/aerostack2_ws/src/aerostack2/install/as2_map_server/lib:/root/aerostack2_ws/src/aerostack2/install/as2_behavior/lib:/root/aerostack2_ws/src/aerostack2/install/as2_core/lib:/root/aerostack2_ws/src/aerostack2/install/as2_msgs/lib:/root/aerostack2_ws/install/as2_state_estimator/lib:/root/aerostack2_ws/install/as2_python_api/lib:/root/aerostack2_ws/install/as2_motion_controller/lib:/root/aerostack2_ws/install/as2_behaviors_trajectory_generation/lib:/root/aerostack2_ws/install/as2_behaviors_swarm_flocking/lib:/root/aerostack2_ws/install/as2_behaviors_motion/lib:/root/aerostack2_ws/install/as2_motion_reference_handlers/lib:/root/aerostack2_ws/install/as2_map_server/lib:/root/aerostack2_ws/install/as2_gazebo_assets/lib:/root/aerostack2_ws/install/as2_behaviors_perception/lib:/root/aerostack2_ws/install/as2_behaviors_path_planning/lib:/root/aerostack2_ws/install/as2_behavior_tree/lib:/root/aerostack2_ws/install/as2_behavior/lib:/opt/ros/humble/opt/rviz_ogre_vendor/lib:/opt/ros/humble/lib/x86_64-linux-gnu:/opt/ros/humble/lib /usr/bin/cmake /root/aerostack2_ws/src/aerostack2/as2_aerial_platforms/as2_platform_multirotor_simulator -DAMENT_CMAKE_SYMLINK_INSTALL=1 -DCMAKE_INSTALL_PREFIX=/root/aerostack2_ws/install/as2_platform_multirotor_simulator
[0.998s] -- Found ament_cmake: 1.3.12 (/opt/ros/humble/share/ament_cmake/cmake)
[0.998s] -- Override CMake install command with custom implementation using symlinks instead of copying resources
[0.998s] -- Found rclcpp: 16.0.15 (/opt/ros/humble/share/rclcpp/cmake)
[0.998s] -- Found rosidl_generator_c: 3.1.7 (/opt/ros/humble/share/rosidl_generator_c/cmake)
[0.998s] -- Found rosidl_adapter: 3.1.7 (/opt/ros/humble/share/rosidl_adapter/cmake)
[0.999s] -- Found rosidl_generator_cpp: 3.1.7 (/opt/ros/humble/share/rosidl_generator_cpp/cmake)
[0.999s] -- Using all available rosidl_typesupport_c: rosidl_typesupport_fastrtps_c;rosidl_typesupport_introspection_c
[0.999s] -- Using all available rosidl_typesupport_cpp: rosidl_typesupport_fastrtps_cpp;rosidl_typesupport_introspection_cpp
[1.006s] -- Found rmw_implementation_cmake: 6.1.2 (/opt/ros/humble/share/rmw_implementation_cmake/cmake)
[1.009s] -- Found rmw_fastrtps_cpp: 6.2.9 (/opt/ros/humble/share/rmw_fastrtps_cpp/cmake)
[1.236s] -- Using RMW implementation 'rmw_fastrtps_cpp' as default
[1.310s] -- Found as2_core: 1.1.3 (/root/aerostack2_ws/install/as2_core/share/as2_core/cmake)
[1.311s] -- Created yaml-cpp::yaml-cpp alias from yaml-cpp target
[1.312s] -- Created GeographicLib::GeographicLib target from legacy variables
[1.430s] -- Found eigen3_cmake_module: 0.1.1 (/opt/ros/humble/share/eigen3_cmake_module/cmake)
[1.430s] -- Ensuring Eigen3 include directory is part of orocos-kdl CMake target
[1.585s] -- multirotor_simulator not found
[2.199s] -- Found ament_lint_auto: 0.12.14 (/opt/ros/humble/share/ament_lint_auto/cmake)
[2.302s] -- Found gtest sources under '/opt/ros/humble/src/gtest_vendor': C++ tests using 'Google Test' will be built
[2.333s] -- Added test 'copyright' to check source files copyright and LICENSE
[2.336s] -- Added test 'cppcheck' to perform static code analysis on C / C++ code
[2.337s] -- Configured cppcheck include dirs: /root/aerostack2_ws/src/aerostack2/as2_aerial_platforms/as2_platform_multirotor_simulator/include;/root/aerostack2_ws/src/aerostack2/as2_aerial_platforms/as2_platform_multirotor_simulator/include/as2_platform_multirotor_simulator;/root/aerostack2_ws/src/aerostack2/as2_aerial_platforms/as2_platform_multirotor_simulator/{EIGEN3_INCLUDE_DIRS}
[2.337s] -- Configured cppcheck exclude dirs and/or files: 
[2.339s] -- Added test 'cpplint' to check C / C++ code against the Google style
[2.339s] -- Configured cpplint exclude dirs and/or files: 
[2.340s] -- Added test 'flake8' to check Python code syntax and style conventions
[2.341s] -- Added test 'lint_cmake' to check CMake code style
[2.341s] -- Added test 'pep257' to check Python code against some of the docstring style conventions in PEP 257
[2.343s] -- Added test 'uncrustify' to check C / C++ code style
[2.343s] -- Configured uncrustify additional arguments: 
[2.344s] -- Added test 'xmllint' to check XML markup files
[2.346s] -- Configuring done
[2.518s] -- Generating done
[2.555s] -- Build files have been written to: /root/aerostack2_ws/build/as2_platform_multirotor_simulator
[2.573s] Invoked command in '/root/aerostack2_ws/build/as2_platform_multirotor_simulator' returned '0': CMAKE_PREFIX_PATH=/root/aerostack2_ws/install/as2_core:/root/aerostack2_ws/install/as2_msgs:/root/aerostack2_ws/src/aerostack2/install/as2_motion_reference_handlers:/root/aerostack2_ws/src/aerostack2/install/as2_map_server:/root/aerostack2_ws/src/aerostack2/install/as2_geozones:/root/aerostack2_ws/src/aerostack2/install/as2_behavior:/root/aerostack2_ws/src/aerostack2/install/as2_core:/root/aerostack2_ws/src/aerostack2/install/as2_msgs:/root/aerostack2_ws/src/aerostack2/install/as2_cli:/root/aerostack2_ws/install/aerostack2:/root/aerostack2_ws/install/as2_usb_camera_interface:/root/aerostack2_ws/install/as2_state_estimator:/root/aerostack2_ws/install/as2_rviz_plugins:/root/aerostack2_ws/install/as2_realsense_interface:/root/aerostack2_ws/install/as2_platform_multirotor_simulator:/root/aerostack2_ws/install/as2_platform_gazebo:/root/aerostack2_ws/install/as2_motion_controller:/root/aerostack2_ws/install/as2_behaviors_trajectory_generation:/root/aerostack2_ws/install/as2_behaviors_swarm_flocking:/root/aerostack2_ws/install/as2_behaviors_motion:/root/aerostack2_ws/install/as2_motion_reference_handlers:/root/aerostack2_ws/install/as2_map_server:/root/aerostack2_ws/install/as2_geozones:/root/aerostack2_ws/install/as2_gazebo_assets:/root/aerostack2_ws/install/as2_external_object_to_tf:/root/aerostack2_ws/install/as2_behaviors_platform:/root/aerostack2_ws/install/as2_behaviors_perception:/root/aerostack2_ws/install/as2_behaviors_path_planning:/root/aerostack2_ws/install/as2_behavior_tree:/root/aerostack2_ws/install/as2_behavior:/root/aerostack2_ws/install/as2_alphanumeric_viewer:/root/aerostack2_ws/install/as2_cli:/root/aerostack2_ws/src/aerostack2/install/as2_python_api:/root/aerostack2_ws/install/as2_visualization:/root/aerostack2_ws/install/as2_keyboard_teleoperation:/root/aerostack2_ws/install/as2_python_api:/opt/ros/humble LD_LIBRARY_PATH=/root/aerostack2_ws/install/as2_core/lib:/root/aerostack2_ws/install/as2_msgs/lib:/root/aerostack2_ws/src/aerostack2/install/as2_python_api/lib:/root/aerostack2_ws/src/aerostack2/install/as2_motion_reference_handlers/lib:/root/aerostack2_ws/src/aerostack2/install/as2_map_server/lib:/root/aerostack2_ws/src/aerostack2/install/as2_behavior/lib:/root/aerostack2_ws/src/aerostack2/install/as2_core/lib:/root/aerostack2_ws/src/aerostack2/install/as2_msgs/lib:/root/aerostack2_ws/install/as2_state_estimator/lib:/root/aerostack2_ws/install/as2_python_api/lib:/root/aerostack2_ws/install/as2_motion_controller/lib:/root/aerostack2_ws/install/as2_behaviors_trajectory_generation/lib:/root/aerostack2_ws/install/as2_behaviors_swarm_flocking/lib:/root/aerostack2_ws/install/as2_behaviors_motion/lib:/root/aerostack2_ws/install/as2_motion_reference_handlers/lib:/root/aerostack2_ws/install/as2_map_server/lib:/root/aerostack2_ws/install/as2_gazebo_assets/lib:/root/aerostack2_ws/install/as2_behaviors_perception/lib:/root/aerostack2_ws/install/as2_behaviors_path_planning/lib:/root/aerostack2_ws/install/as2_behavior_tree/lib:/root/aerostack2_ws/install/as2_behavior/lib:/opt/ros/humble/opt/rviz_ogre_vendor/lib:/opt/ros/humble/lib/x86_64-linux-gnu:/opt/ros/humble/lib /usr/bin/cmake /root/aerostack2_ws/src/aerostack2/as2_aerial_platforms/as2_platform_multirotor_simulator -DAMENT_CMAKE_SYMLINK_INSTALL=1 -DCMAKE_INSTALL_PREFIX=/root/aerostack2_ws/install/as2_platform_multirotor_simulator
[2.574s] Invoking command in '/root/aerostack2_ws/build/as2_platform_multirotor_simulator': CMAKE_PREFIX_PATH=/root/aerostack2_ws/install/as2_core:/root/aerostack2_ws/install/as2_msgs:/root/aerostack2_ws/src/aerostack2/install/as2_motion_reference_handlers:/root/aerostack2_ws/src/aerostack2/install/as2_map_server:/root/aerostack2_ws/src/aerostack2/install/as2_geozones:/root/aerostack2_ws/src/aerostack2/install/as2_behavior:/root/aerostack2_ws/src/aerostack2/install/as2_core:/root/aerostack2_ws/src/aerostack2/install/as2_msgs:/root/aerostack2_ws/src/aerostack2/install/as2_cli:/root/aerostack2_ws/install/aerostack2:/root/aerostack2_ws/install/as2_usb_camera_interface:/root/aerostack2_ws/install/as2_state_estimator:/root/aerostack2_ws/install/as2_rviz_plugins:/root/aerostack2_ws/install/as2_realsense_interface:/root/aerostack2_ws/install/as2_platform_multirotor_simulator:/root/aerostack2_ws/install/as2_platform_gazebo:/root/aerostack2_ws/install/as2_motion_controller:/root/aerostack2_ws/install/as2_behaviors_trajectory_generation:/root/aerostack2_ws/install/as2_behaviors_swarm_flocking:/root/aerostack2_ws/install/as2_behaviors_motion:/root/aerostack2_ws/install/as2_motion_reference_handlers:/root/aerostack2_ws/install/as2_map_server:/root/aerostack2_ws/install/as2_geozones:/root/aerostack2_ws/install/as2_gazebo_assets:/root/aerostack2_ws/install/as2_external_object_to_tf:/root/aerostack2_ws/install/as2_behaviors_platform:/root/aerostack2_ws/install/as2_behaviors_perception:/root/aerostack2_ws/install/as2_behaviors_path_planning:/root/aerostack2_ws/install/as2_behavior_tree:/root/aerostack2_ws/install/as2_behavior:/root/aerostack2_ws/install/as2_alphanumeric_viewer:/root/aerostack2_ws/install/as2_cli:/root/aerostack2_ws/src/aerostack2/install/as2_python_api:/root/aerostack2_ws/install/as2_visualization:/root/aerostack2_ws/install/as2_keyboard_teleoperation:/root/aerostack2_ws/install/as2_python_api:/opt/ros/humble LD_LIBRARY_PATH=/root/aerostack2_ws/install/as2_core/lib:/root/aerostack2_ws/install/as2_msgs/lib:/root/aerostack2_ws/src/aerostack2/install/as2_python_api/lib:/root/aerostack2_ws/src/aerostack2/install/as2_motion_reference_handlers/lib:/root/aerostack2_ws/src/aerostack2/install/as2_map_server/lib:/root/aerostack2_ws/src/aerostack2/install/as2_behavior/lib:/root/aerostack2_ws/src/aerostack2/install/as2_core/lib:/root/aerostack2_ws/src/aerostack2/install/as2_msgs/lib:/root/aerostack2_ws/install/as2_state_estimator/lib:/root/aerostack2_ws/install/as2_python_api/lib:/root/aerostack2_ws/install/as2_motion_controller/lib:/root/aerostack2_ws/install/as2_behaviors_trajectory_generation/lib:/root/aerostack2_ws/install/as2_behaviors_swarm_flocking/lib:/root/aerostack2_ws/install/as2_behaviors_motion/lib:/root/aerostack2_ws/install/as2_motion_reference_handlers/lib:/root/aerostack2_ws/install/as2_map_server/lib:/root/aerostack2_ws/install/as2_gazebo_assets/lib:/root/aerostack2_ws/install/as2_behaviors_perception/lib:/root/aerostack2_ws/install/as2_behaviors_path_planning/lib:/root/aerostack2_ws/install/as2_behavior_tree/lib:/root/aerostack2_ws/install/as2_behavior/lib:/opt/ros/humble/opt/rviz_ogre_vendor/lib:/opt/ros/humble/lib/x86_64-linux-gnu:/opt/ros/humble/lib /usr/bin/cmake --build /root/aerostack2_ws/build/as2_platform_multirotor_simulator -- -j8 -l8
[3.836s] [35m[1mConsolidate compiler generated dependencies of target gtest[0m
[3.836s] [  2%] Built target pid_controller
[3.836s] [35m[1mConsolidate compiler generated dependencies of target gtest_main[0m
[3.836s] [35m[1mConsolidate compiler generated dependencies of target pid_controller_pid_1d_gtest[0m
[3.836s] [35m[1mConsolidate compiler generated dependencies of target as2_platform_multirotor_simulator_node[0m
[3.837s] [  6%] Built target gtest
[3.837s] [ 10%] Built target gtest_main
[3.837s] [35m[1mConsolidate compiler generated dependencies of target pid_controller_pid_gtest[0m
[3.837s] [35m[1mConsolidate compiler generated dependencies of target as2_platform_multirotor_simulator[0m
[3.837s] [35m[1mConsolidate compiler generated dependencies of target pid_controller_saturate_output_gtest[0m
[3.837s] [35m[1mConsolidate compiler generated dependencies of target multirotor_simulator_imu_gtest[0m
[3.837s] [35m[1mConsolidate compiler generated dependencies of target multirotor_simulator_inertial_odometry_gtest[0m
[3.837s] [ 14%] Built target pid_controller_pid_1d_gtest
[3.837s] [ 18%] Built target pid_controller_pid_gtest
[3.837s] [35m[1mConsolidate compiler generated dependencies of target multirotor_simulator_acro_controller_gtest[0m
[3.837s] [ 22%] Built target pid_controller_saturate_output_gtest
[3.837s] [ 26%] Built target multirotor_simulator_imu_gtest
[3.837s] [35m[1mConsolidate compiler generated dependencies of target multirotor_simulator_indi_controller_gtest[0m
[3.837s] [ 32%] Built target as2_platform_multirotor_simulator
[3.838s] [ 36%] Built target multirotor_simulator_inertial_odometry_gtest
[3.838s] [35m[1mConsolidate compiler generated dependencies of target multirotor_simulator_position_controller_gtest[0m
[3.838s] [ 44%] Built target as2_platform_multirotor_simulator_node
[3.838s] [ 48%] Built target multirotor_simulator_acro_controller_gtest
[3.838s] [35m[1mConsolidate compiler generated dependencies of target multirotor_simulator_trajectory_controller_gtest[0m
[3.838s] [35m[1mConsolidate compiler generated dependencies of target multirotor_simulator_velocity_controller_gtest[0m
[3.838s] [35m[1mConsolidate compiler generated dependencies of target multirotor_simulator_utils_gtest[0m
[3.838s] [35m[1mConsolidate compiler generated dependencies of target multirotor_simulator_state_gtest[0m
[3.838s] [35m[1mConsolidate compiler generated dependencies of target multirotor_simulator_multirotor_controllers_gtest[0m
[3.838s] [ 52%] Built target multirotor_simulator_position_controller_gtest
[3.838s] [ 56%] Built target multirotor_simulator_indi_controller_gtest
[3.838s] [35m[1mConsolidate compiler generated dependencies of target multirotor_simulator_dynamics_gtest[0m
[3.838s] [ 60%] Built target multirotor_simulator_velocity_controller_gtest
[3.838s] [ 64%] Built target multirotor_simulator_utils_gtest
[3.838s] [35m[1mConsolidate compiler generated dependencies of target multirotor_simulator_multirotor_simulator_fly_gtest[0m
[3.839s] [35m[1mConsolidate compiler generated dependencies of target multirotor_simulator_model_gtest[0m
[3.839s] [ 68%] Built target multirotor_simulator_state_gtest
[3.839s] [ 72%] Built target multirotor_simulator_trajectory_controller_gtest
[3.839s] [ 76%] Built target multirotor_simulator_multirotor_controllers_gtest
[3.839s] [ 80%] Built target multirotor_simulator_dynamics_gtest
[3.839s] [35m[1mConsolidate compiler generated dependencies of target multirotor_simulator_multirotor_simulator_gtest[0m
[3.839s] [35m[1mConsolidate compiler generated dependencies of target as2_platform_multirotor_simulator_as2_platform_multirotor_simulator_fly_gtest[0m
[3.839s] [35m[1mConsolidate compiler generated dependencies of target as2_platform_multirotor_simulator_as2_platform_multirotor_simulator_gtest[0m
[3.839s] [ 84%] Built target multirotor_simulator_multirotor_simulator_fly_gtest
[3.839s] [ 88%] Built target multirotor_simulator_model_gtest
[3.839s] [ 92%] Built target multirotor_simulator_multirotor_simulator_gtest
[3.839s] [ 94%] [32m[1mLinking CXX executable as2_platform_multirotor_simulator_as2_platform_multirotor_simulator_fly_gtest[0m
[3.839s] [ 96%] [32m[1mLinking CXX executable as2_platform_multirotor_simulator_as2_platform_multirotor_simulator_gtest[0m
[4.853s] [ 98%] Built target as2_platform_multirotor_simulator_as2_platform_multirotor_simulator_gtest
[6.609s] [100%] Built target as2_platform_multirotor_simulator_as2_platform_multirotor_simulator_fly_gtest
[6.715s] Invoked command in '/root/aerostack2_ws/build/as2_platform_multirotor_simulator' returned '0': CMAKE_PREFIX_PATH=/root/aerostack2_ws/install/as2_core:/root/aerostack2_ws/install/as2_msgs:/root/aerostack2_ws/src/aerostack2/install/as2_motion_reference_handlers:/root/aerostack2_ws/src/aerostack2/install/as2_map_server:/root/aerostack2_ws/src/aerostack2/install/as2_geozones:/root/aerostack2_ws/src/aerostack2/install/as2_behavior:/root/aerostack2_ws/src/aerostack2/install/as2_core:/root/aerostack2_ws/src/aerostack2/install/as2_msgs:/root/aerostack2_ws/src/aerostack2/install/as2_cli:/root/aerostack2_ws/install/aerostack2:/root/aerostack2_ws/install/as2_usb_camera_interface:/root/aerostack2_ws/install/as2_state_estimator:/root/aerostack2_ws/install/as2_rviz_plugins:/root/aerostack2_ws/install/as2_realsense_interface:/root/aerostack2_ws/install/as2_platform_multirotor_simulator:/root/aerostack2_ws/install/as2_platform_gazebo:/root/aerostack2_ws/install/as2_motion_controller:/root/aerostack2_ws/install/as2_behaviors_trajectory_generation:/root/aerostack2_ws/install/as2_behaviors_swarm_flocking:/root/aerostack2_ws/install/as2_behaviors_motion:/root/aerostack2_ws/install/as2_motion_reference_handlers:/root/aerostack2_ws/install/as2_map_server:/root/aerostack2_ws/install/as2_geozones:/root/aerostack2_ws/install/as2_gazebo_assets:/root/aerostack2_ws/install/as2_external_object_to_tf:/root/aerostack2_ws/install/as2_behaviors_platform:/root/aerostack2_ws/install/as2_behaviors_perception:/root/aerostack2_ws/install/as2_behaviors_path_planning:/root/aerostack2_ws/install/as2_behavior_tree:/root/aerostack2_ws/install/as2_behavior:/root/aerostack2_ws/install/as2_alphanumeric_viewer:/root/aerostack2_ws/install/as2_cli:/root/aerostack2_ws/src/aerostack2/install/as2_python_api:/root/aerostack2_ws/install/as2_visualization:/root/aerostack2_ws/install/as2_keyboard_teleoperation:/root/aerostack2_ws/install/as2_python_api:/opt/ros/humble LD_LIBRARY_PATH=/root/aerostack2_ws/install/as2_core/lib:/root/aerostack2_ws/install/as2_msgs/lib:/root/aerostack2_ws/src/aerostack2/install/as2_python_api/lib:/root/aerostack2_ws/src/aerostack2/install/as2_motion_reference_handlers/lib:/root/aerostack2_ws/src/aerostack2/install/as2_map_server/lib:/root/aerostack2_ws/src/aerostack2/install/as2_behavior/lib:/root/aerostack2_ws/src/aerostack2/install/as2_core/lib:/root/aerostack2_ws/src/aerostack2/install/as2_msgs/lib:/root/aerostack2_ws/install/as2_state_estimator/lib:/root/aerostack2_ws/install/as2_python_api/lib:/root/aerostack2_ws/install/as2_motion_controller/lib:/root/aerostack2_ws/install/as2_behaviors_trajectory_generation/lib:/root/aerostack2_ws/install/as2_behaviors_swarm_flocking/lib:/root/aerostack2_ws/install/as2_behaviors_motion/lib:/root/aerostack2_ws/install/as2_motion_reference_handlers/lib:/root/aerostack2_ws/install/as2_map_server/lib:/root/aerostack2_ws/install/as2_gazebo_assets/lib:/root/aerostack2_ws/install/as2_behaviors_perception/lib:/root/aerostack2_ws/install/as2_behaviors_path_planning/lib:/root/aerostack2_ws/install/as2_behavior_tree/lib:/root/aerostack2_ws/install/as2_behavior/lib:/opt/ros/humble/opt/rviz_ogre_vendor/lib:/opt/ros/humble/lib/x86_64-linux-gnu:/opt/ros/humble/lib /usr/bin/cmake --build /root/aerostack2_ws/build/as2_platform_multirotor_simulator -- -j8 -l8
[6.716s] Invoking command in '/root/aerostack2_ws/build/as2_platform_multirotor_simulator': CMAKE_PREFIX_PATH=/root/aerostack2_ws/install/as2_core:/root/aerostack2_ws/install/as2_msgs:/root/aerostack2_ws/src/aerostack2/install/as2_motion_reference_handlers:/root/aerostack2_ws/src/aerostack2/install/as2_map_server:/root/aerostack2_ws/src/aerostack2/install/as2_geozones:/root/aerostack2_ws/src/aerostack2/install/as2_behavior:/root/aerostack2_ws/src/aerostack2/install/as2_core:/root/aerostack2_ws/src/aerostack2/install/as2_msgs:/root/aerostack2_ws/src/aerostack2/install/as2_cli:/root/aerostack2_ws/install/aerostack2:/root/aerostack2_ws/install/as2_usb_camera_interface:/root/aerostack2_ws/install/as2_state_estimator:/root/aerostack2_ws/install/as2_rviz_plugins:/root/aerostack2_ws/install/as2_realsense_interface:/root/aerostack2_ws/install/as2_platform_multirotor_simulator:/root/aerostack2_ws/install/as2_platform_gazebo:/root/aerostack2_ws/install/as2_motion_controller:/root/aerostack2_ws/install/as2_behaviors_trajectory_generation:/root/aerostack2_ws/install/as2_behaviors_swarm_flocking:/root/aerostack2_ws/install/as2_behaviors_motion:/root/aerostack2_ws/install/as2_motion_reference_handlers:/root/aerostack2_ws/install/as2_map_server:/root/aerostack2_ws/install/as2_geozones:/root/aerostack2_ws/install/as2_gazebo_assets:/root/aerostack2_ws/install/as2_external_object_to_tf:/root/aerostack2_ws/install/as2_behaviors_platform:/root/aerostack2_ws/install/as2_behaviors_perception:/root/aerostack2_ws/install/as2_behaviors_path_planning:/root/aerostack2_ws/install/as2_behavior_tree:/root/aerostack2_ws/install/as2_behavior:/root/aerostack2_ws/install/as2_alphanumeric_viewer:/root/aerostack2_ws/install/as2_cli:/root/aerostack2_ws/src/aerostack2/install/as2_python_api:/root/aerostack2_ws/install/as2_visualization:/root/aerostack2_ws/install/as2_keyboard_teleoperation:/root/aerostack2_ws/install/as2_python_api:/opt/ros/humble LD_LIBRARY_PATH=/root/aerostack2_ws/install/as2_core/lib:/root/aerostack2_ws/install/as2_msgs/lib:/root/aerostack2_ws/src/aerostack2/install/as2_python_api/lib:/root/aerostack2_ws/src/aerostack2/install/as2_motion_reference_handlers/lib:/root/aerostack2_ws/src/aerostack2/install/as2_map_server/lib:/root/aerostack2_ws/src/aerostack2/install/as2_behavior/lib:/root/aerostack2_ws/src/aerostack2/install/as2_core/lib:/root/aerostack2_ws/src/aerostack2/install/as2_msgs/lib:/root/aerostack2_ws/install/as2_state_estimator/lib:/root/aerostack2_ws/install/as2_python_api/lib:/root/aerostack2_ws/install/as2_motion_controller/lib:/root/aerostack2_ws/install/as2_behaviors_trajectory_generation/lib:/root/aerostack2_ws/install/as2_behaviors_swarm_flocking/lib:/root/aerostack2_ws/install/as2_behaviors_motion/lib:/root/aerostack2_ws/install/as2_motion_reference_handlers/lib:/root/aerostack2_ws/install/as2_map_server/lib:/root/aerostack2_ws/install/as2_gazebo_assets/lib:/root/aerostack2_ws/install/as2_behaviors_perception/lib:/root/aerostack2_ws/install/as2_behaviors_path_planning/lib:/root/aerostack2_ws/install/as2_behavior_tree/lib:/root/aerostack2_ws/install/as2_behavior/lib:/opt/ros/humble/opt/rviz_ogre_vendor/lib:/opt/ros/humble/lib/x86_64-linux-gnu:/opt/ros/humble/lib /usr/bin/cmake --install /root/aerostack2_ws/build/as2_platform_multirotor_simulator
[8.342s] -- Install configuration: "Release"
[8.342s] -- Execute custom install script
[8.342s] -- Up-to-date symlink: /root/aerostack2_ws/install/as2_platform_multirotor_simulator/include/as2_platform_multirotor_simulator/as2_interface.hpp
[8.342s] -- Up-to-date symlink: /root/aerostack2_ws/install/as2_platform_multirotor_simulator/include/as2_platform_multirotor_simulator/as2_platform_multirotor_simulator.hpp
[8.342s] -- Up-to-date symlink: /root/aerostack2_ws/install/as2_platform_multirotor_simulator/lib/as2_platform_multirotor_simulator/as2_platform_multirotor_simulator_node
[8.342s] -- Up-to-date symlink: /root/aerostack2_ws/install/as2_platform_multirotor_simulator/share/as2_platform_multirotor_simulator/launch/as2_platform_multirotor_simulator.launch.py
[8.342s] -- Up-to-date symlink: /root/aerostack2_ws/install/as2_platform_multirotor_simulator/share/as2_platform_multirotor_simulator/config/control_modes.yaml
[8.342s] -- Up-to-date symlink: /root/aerostack2_ws/install/as2_platform_multirotor_simulator/share/as2_platform_multirotor_simulator/config/platform_config_file.yaml
[8.342s] -- Up-to-date symlink: /root/aerostack2_ws/install/as2_platform_multirotor_simulator/share/as2_platform_multirotor_simulator/config/uav_config.yaml
[8.343s] -- Up-to-date symlink: /root/aerostack2_ws/install/as2_platform_multirotor_simulator/share/as2_platform_multirotor_simulator/config/world_config.yaml
[8.343s] -- Up-to-date symlink: /root/aerostack2_ws/install/as2_platform_multirotor_simulator/share/ament_index/resource_index/package_run_dependencies/as2_platform_multirotor_simulator
[8.343s] -- Up-to-date symlink: /root/aerostack2_ws/install/as2_platform_multirotor_simulator/share/ament_index/resource_index/parent_prefix_path/as2_platform_multirotor_simulator
[8.347s] -- Up-to-date symlink: /root/aerostack2_ws/install/as2_platform_multirotor_simulator/share/as2_platform_multirotor_simulator/environment/ament_prefix_path.sh
[8.347s] -- Up-to-date symlink: /root/aerostack2_ws/install/as2_platform_multirotor_simulator/share/as2_platform_multirotor_simulator/environment/ament_prefix_path.dsv
[8.347s] -- Up-to-date symlink: /root/aerostack2_ws/install/as2_platform_multirotor_simulator/share/as2_platform_multirotor_simulator/environment/path.sh
[8.347s] -- Up-to-date symlink: /root/aerostack2_ws/install/as2_platform_multirotor_simulator/share/as2_platform_multirotor_simulator/environment/path.dsv
[8.347s] -- Up-to-date symlink: /root/aerostack2_ws/install/as2_platform_multirotor_simulator/share/as2_platform_multirotor_simulator/local_setup.bash
[8.347s] -- Up-to-date symlink: /root/aerostack2_ws/install/as2_platform_multirotor_simulator/share/as2_platform_multirotor_simulator/local_setup.sh
[8.347s] -- Up-to-date symlink: /root/aerostack2_ws/install/as2_platform_multirotor_simulator/share/as2_platform_multirotor_simulator/local_setup.zsh
[8.347s] -- Up-to-date symlink: /root/aerostack2_ws/install/as2_platform_multirotor_simulator/share/as2_platform_multirotor_simulator/local_setup.dsv
[8.347s] -- Symlinking: /root/aerostack2_ws/install/as2_platform_multirotor_simulator/share/as2_platform_multirotor_simulator/package.dsv
[8.347s] -- Up-to-date symlink: /root/aerostack2_ws/install/as2_platform_multirotor_simulator/share/ament_index/resource_index/packages/as2_platform_multirotor_simulator
[8.347s] -- Up-to-date symlink: /root/aerostack2_ws/install/as2_platform_multirotor_simulator/share/as2_platform_multirotor_simulator/cmake/as2_platform_multirotor_simulatorConfig.cmake
[8.347s] -- Up-to-date symlink: /root/aerostack2_ws/install/as2_platform_multirotor_simulator/share/as2_platform_multirotor_simulator/cmake/as2_platform_multirotor_simulatorConfig-version.cmake
[8.348s] -- Up-to-date symlink: /root/aerostack2_ws/install/as2_platform_multirotor_simulator/share/as2_platform_multirotor_simulator/package.xml
[8.348s] -- Up-to-date: /root/aerostack2_ws/install/as2_platform_multirotor_simulator/lib/libas2_platform_multirotor_simulator.a
[8.406s] Invoked command in '/root/aerostack2_ws/build/as2_platform_multirotor_simulator' returned '0': CMAKE_PREFIX_PATH=/root/aerostack2_ws/install/as2_core:/root/aerostack2_ws/install/as2_msgs:/root/aerostack2_ws/src/aerostack2/install/as2_motion_reference_handlers:/root/aerostack2_ws/src/aerostack2/install/as2_map_server:/root/aerostack2_ws/src/aerostack2/install/as2_geozones:/root/aerostack2_ws/src/aerostack2/install/as2_behavior:/root/aerostack2_ws/src/aerostack2/install/as2_core:/root/aerostack2_ws/src/aerostack2/install/as2_msgs:/root/aerostack2_ws/src/aerostack2/install/as2_cli:/root/aerostack2_ws/install/aerostack2:/root/aerostack2_ws/install/as2_usb_camera_interface:/root/aerostack2_ws/install/as2_state_estimator:/root/aerostack2_ws/install/as2_rviz_plugins:/root/aerostack2_ws/install/as2_realsense_interface:/root/aerostack2_ws/install/as2_platform_multirotor_simulator:/root/aerostack2_ws/install/as2_platform_gazebo:/root/aerostack2_ws/install/as2_motion_controller:/root/aerostack2_ws/install/as2_behaviors_trajectory_generation:/root/aerostack2_ws/install/as2_behaviors_swarm_flocking:/root/aerostack2_ws/install/as2_behaviors_motion:/root/aerostack2_ws/install/as2_motion_reference_handlers:/root/aerostack2_ws/install/as2_map_server:/root/aerostack2_ws/install/as2_geozones:/root/aerostack2_ws/install/as2_gazebo_assets:/root/aerostack2_ws/install/as2_external_object_to_tf:/root/aerostack2_ws/install/as2_behaviors_platform:/root/aerostack2_ws/install/as2_behaviors_perception:/root/aerostack2_ws/install/as2_behaviors_path_planning:/root/aerostack2_ws/install/as2_behavior_tree:/root/aerostack2_ws/install/as2_behavior:/root/aerostack2_ws/install/as2_alphanumeric_viewer:/root/aerostack2_ws/install/as2_cli:/root/aerostack2_ws/src/aerostack2/install/as2_python_api:/root/aerostack2_ws/install/as2_visualization:/root/aerostack2_ws/install/as2_keyboard_teleoperation:/root/aerostack2_ws/install/as2_python_api:/opt/ros/humble LD_LIBRARY_PATH=/root/aerostack2_ws/install/as2_core/lib:/root/aerostack2_ws/install/as2_msgs/lib:/root/aerostack2_ws/src/aerostack2/install/as2_python_api/lib:/root/aerostack2_ws/src/aerostack2/install/as2_motion_reference_handlers/lib:/root/aerostack2_ws/src/aerostack2/install/as2_map_server/lib:/root/aerostack2_ws/src/aerostack2/install/as2_behavior/lib:/root/aerostack2_ws/src/aerostack2/install/as2_core/lib:/root/aerostack2_ws/src/aerostack2/install/as2_msgs/lib:/root/aerostack2_ws/install/as2_state_estimator/lib:/root/aerostack2_ws/install/as2_python_api/lib:/root/aerostack2_ws/install/as2_motion_controller/lib:/root/aerostack2_ws/install/as2_behaviors_trajectory_generation/lib:/root/aerostack2_ws/install/as2_behaviors_swarm_flocking/lib:/root/aerostack2_ws/install/as2_behaviors_motion/lib:/root/aerostack2_ws/install/as2_motion_reference_handlers/lib:/root/aerostack2_ws/install/as2_map_server/lib:/root/aerostack2_ws/install/as2_gazebo_assets/lib:/root/aerostack2_ws/install/as2_behaviors_perception/lib:/root/aerostack2_ws/install/as2_behaviors_path_planning/lib:/root/aerostack2_ws/install/as2_behavior_tree/lib:/root/aerostack2_ws/install/as2_behavior/lib:/opt/ros/humble/opt/rviz_ogre_vendor/lib:/opt/ros/humble/lib/x86_64-linux-gnu:/opt/ros/humble/lib /usr/bin/cmake --install /root/aerostack2_ws/build/as2_platform_multirotor_simulator
