[0.064s] Invoking command in '/root/aerostack2_ws/build/as2_gazebo_assets': CMAKE_PREFIX_PATH=/root/aerostack2_ws/install/as2_core:/root/aerostack2_ws/install/as2_msgs:/root/aerostack2_ws/install/aerostack2:/root/aerostack2_ws/install/as2_usb_camera_interface:/root/aerostack2_ws/install/as2_state_estimator:/root/aerostack2_ws/install/as2_rviz_plugins:/root/aerostack2_ws/install/as2_realsense_interface:/root/aerostack2_ws/install/as2_platform_multirotor_simulator:/root/aerostack2_ws/install/as2_platform_gazebo:/root/aerostack2_ws/install/as2_motion_controller:/root/aerostack2_ws/install/as2_behaviors_trajectory_generation:/root/aerostack2_ws/install/as2_behaviors_swarm_flocking:/root/aerostack2_ws/install/as2_behaviors_motion:/root/aerostack2_ws/install/as2_motion_reference_handlers:/root/aerostack2_ws/install/as2_map_server:/root/aerostack2_ws/install/as2_geozones:/root/aerostack2_ws/install/as2_gazebo_assets:/root/aerostack2_ws/install/as2_external_object_to_tf:/root/aerostack2_ws/install/as2_behaviors_platform:/root/aerostack2_ws/install/as2_behaviors_perception:/root/aerostack2_ws/install/as2_behaviors_path_planning:/root/aerostack2_ws/install/as2_behavior_tree:/root/aerostack2_ws/install/as2_behavior:/root/aerostack2_ws/install/as2_alphanumeric_viewer:/root/aerostack2_ws/install/as2_cli:/root/aerostack2_ws/src/aerostack2/install/as2_motion_reference_handlers:/root/aerostack2_ws/src/aerostack2/install/as2_map_server:/root/aerostack2_ws/src/aerostack2/install/as2_geozones:/root/aerostack2_ws/src/aerostack2/install/as2_behavior:/root/aerostack2_ws/src/aerostack2/install/as2_core:/root/aerostack2_ws/src/aerostack2/install/as2_msgs:/root/aerostack2_ws/src/aerostack2/install/as2_cli:/root/aerostack2_ws/install/as2_visualization:/root/aerostack2_ws/install/as2_keyboard_teleoperation:/root/aerostack2_ws/install/as2_python_api:/root/aerostack2_ws/src/aerostack2/install/as2_python_api:/opt/ros/humble LD_LIBRARY_PATH=/root/aerostack2_ws/install/as2_core/lib:/root/aerostack2_ws/install/as2_msgs/lib:/root/aerostack2_ws/install/as2_state_estimator/lib:/root/aerostack2_ws/install/as2_python_api/lib:/root/aerostack2_ws/install/as2_motion_controller/lib:/root/aerostack2_ws/install/as2_behaviors_trajectory_generation/lib:/root/aerostack2_ws/install/as2_behaviors_swarm_flocking/lib:/root/aerostack2_ws/install/as2_behaviors_motion/lib:/root/aerostack2_ws/install/as2_motion_reference_handlers/lib:/root/aerostack2_ws/install/as2_map_server/lib:/root/aerostack2_ws/install/as2_gazebo_assets/lib:/root/aerostack2_ws/install/as2_behaviors_perception/lib:/root/aerostack2_ws/install/as2_behaviors_path_planning/lib:/root/aerostack2_ws/install/as2_behavior_tree/lib:/root/aerostack2_ws/install/as2_behavior/lib:/root/aerostack2_ws/src/aerostack2/install/as2_python_api/lib:/root/aerostack2_ws/src/aerostack2/install/as2_motion_reference_handlers/lib:/root/aerostack2_ws/src/aerostack2/install/as2_map_server/lib:/root/aerostack2_ws/src/aerostack2/install/as2_behavior/lib:/root/aerostack2_ws/src/aerostack2/install/as2_core/lib:/root/aerostack2_ws/src/aerostack2/install/as2_msgs/lib:/opt/ros/humble/opt/rviz_ogre_vendor/lib:/opt/ros/humble/lib/x86_64-linux-gnu:/opt/ros/humble/lib /usr/bin/cmake --build /root/aerostack2_ws/build/as2_gazebo_assets -- -j8 -l8
[0.507s] [ 12%] Built target gps_bridge
[0.510s] [ 25%] Built target object_tf_broadcaster
[0.510s] [ 37%] Built target azimuth_bridge
[0.515s] [ 50%] Built target ground_truth_bridge
[0.539s] [ 62%] Built target set_entity_pose_bridge
[0.541s] [ 75%] Built target MulticopterINDIControl
[0.545s] [ 87%] Built target gimbal_bridge
[0.548s] [100%] Built target acro_bridge
[0.598s] [100%] Built target ament_cmake_python_symlink_as2_gazebo_assets
[1.195s] running egg_info
[1.196s] writing as2_gazebo_assets.egg-info/PKG-INFO
[1.196s] writing dependency_links to as2_gazebo_assets.egg-info/dependency_links.txt
[1.196s] writing top-level names to as2_gazebo_assets.egg-info/top_level.txt
[1.200s] reading manifest file 'as2_gazebo_assets.egg-info/SOURCES.txt'
[1.210s] writing manifest file 'as2_gazebo_assets.egg-info/SOURCES.txt'
[1.444s] [100%] Built target ament_cmake_python_build_as2_gazebo_assets_egg
[1.594s] Invoked command in '/root/aerostack2_ws/build/as2_gazebo_assets' returned '0': CMAKE_PREFIX_PATH=/root/aerostack2_ws/install/as2_core:/root/aerostack2_ws/install/as2_msgs:/root/aerostack2_ws/install/aerostack2:/root/aerostack2_ws/install/as2_usb_camera_interface:/root/aerostack2_ws/install/as2_state_estimator:/root/aerostack2_ws/install/as2_rviz_plugins:/root/aerostack2_ws/install/as2_realsense_interface:/root/aerostack2_ws/install/as2_platform_multirotor_simulator:/root/aerostack2_ws/install/as2_platform_gazebo:/root/aerostack2_ws/install/as2_motion_controller:/root/aerostack2_ws/install/as2_behaviors_trajectory_generation:/root/aerostack2_ws/install/as2_behaviors_swarm_flocking:/root/aerostack2_ws/install/as2_behaviors_motion:/root/aerostack2_ws/install/as2_motion_reference_handlers:/root/aerostack2_ws/install/as2_map_server:/root/aerostack2_ws/install/as2_geozones:/root/aerostack2_ws/install/as2_gazebo_assets:/root/aerostack2_ws/install/as2_external_object_to_tf:/root/aerostack2_ws/install/as2_behaviors_platform:/root/aerostack2_ws/install/as2_behaviors_perception:/root/aerostack2_ws/install/as2_behaviors_path_planning:/root/aerostack2_ws/install/as2_behavior_tree:/root/aerostack2_ws/install/as2_behavior:/root/aerostack2_ws/install/as2_alphanumeric_viewer:/root/aerostack2_ws/install/as2_cli:/root/aerostack2_ws/src/aerostack2/install/as2_motion_reference_handlers:/root/aerostack2_ws/src/aerostack2/install/as2_map_server:/root/aerostack2_ws/src/aerostack2/install/as2_geozones:/root/aerostack2_ws/src/aerostack2/install/as2_behavior:/root/aerostack2_ws/src/aerostack2/install/as2_core:/root/aerostack2_ws/src/aerostack2/install/as2_msgs:/root/aerostack2_ws/src/aerostack2/install/as2_cli:/root/aerostack2_ws/install/as2_visualization:/root/aerostack2_ws/install/as2_keyboard_teleoperation:/root/aerostack2_ws/install/as2_python_api:/root/aerostack2_ws/src/aerostack2/install/as2_python_api:/opt/ros/humble LD_LIBRARY_PATH=/root/aerostack2_ws/install/as2_core/lib:/root/aerostack2_ws/install/as2_msgs/lib:/root/aerostack2_ws/install/as2_state_estimator/lib:/root/aerostack2_ws/install/as2_python_api/lib:/root/aerostack2_ws/install/as2_motion_controller/lib:/root/aerostack2_ws/install/as2_behaviors_trajectory_generation/lib:/root/aerostack2_ws/install/as2_behaviors_swarm_flocking/lib:/root/aerostack2_ws/install/as2_behaviors_motion/lib:/root/aerostack2_ws/install/as2_motion_reference_handlers/lib:/root/aerostack2_ws/install/as2_map_server/lib:/root/aerostack2_ws/install/as2_gazebo_assets/lib:/root/aerostack2_ws/install/as2_behaviors_perception/lib:/root/aerostack2_ws/install/as2_behaviors_path_planning/lib:/root/aerostack2_ws/install/as2_behavior_tree/lib:/root/aerostack2_ws/install/as2_behavior/lib:/root/aerostack2_ws/src/aerostack2/install/as2_python_api/lib:/root/aerostack2_ws/src/aerostack2/install/as2_motion_reference_handlers/lib:/root/aerostack2_ws/src/aerostack2/install/as2_map_server/lib:/root/aerostack2_ws/src/aerostack2/install/as2_behavior/lib:/root/aerostack2_ws/src/aerostack2/install/as2_core/lib:/root/aerostack2_ws/src/aerostack2/install/as2_msgs/lib:/opt/ros/humble/opt/rviz_ogre_vendor/lib:/opt/ros/humble/lib/x86_64-linux-gnu:/opt/ros/humble/lib /usr/bin/cmake --build /root/aerostack2_ws/build/as2_gazebo_assets -- -j8 -l8
[1.610s] Invoking command in '/root/aerostack2_ws/build/as2_gazebo_assets': CMAKE_PREFIX_PATH=/root/aerostack2_ws/install/as2_core:/root/aerostack2_ws/install/as2_msgs:/root/aerostack2_ws/install/aerostack2:/root/aerostack2_ws/install/as2_usb_camera_interface:/root/aerostack2_ws/install/as2_state_estimator:/root/aerostack2_ws/install/as2_rviz_plugins:/root/aerostack2_ws/install/as2_realsense_interface:/root/aerostack2_ws/install/as2_platform_multirotor_simulator:/root/aerostack2_ws/install/as2_platform_gazebo:/root/aerostack2_ws/install/as2_motion_controller:/root/aerostack2_ws/install/as2_behaviors_trajectory_generation:/root/aerostack2_ws/install/as2_behaviors_swarm_flocking:/root/aerostack2_ws/install/as2_behaviors_motion:/root/aerostack2_ws/install/as2_motion_reference_handlers:/root/aerostack2_ws/install/as2_map_server:/root/aerostack2_ws/install/as2_geozones:/root/aerostack2_ws/install/as2_gazebo_assets:/root/aerostack2_ws/install/as2_external_object_to_tf:/root/aerostack2_ws/install/as2_behaviors_platform:/root/aerostack2_ws/install/as2_behaviors_perception:/root/aerostack2_ws/install/as2_behaviors_path_planning:/root/aerostack2_ws/install/as2_behavior_tree:/root/aerostack2_ws/install/as2_behavior:/root/aerostack2_ws/install/as2_alphanumeric_viewer:/root/aerostack2_ws/install/as2_cli:/root/aerostack2_ws/src/aerostack2/install/as2_motion_reference_handlers:/root/aerostack2_ws/src/aerostack2/install/as2_map_server:/root/aerostack2_ws/src/aerostack2/install/as2_geozones:/root/aerostack2_ws/src/aerostack2/install/as2_behavior:/root/aerostack2_ws/src/aerostack2/install/as2_core:/root/aerostack2_ws/src/aerostack2/install/as2_msgs:/root/aerostack2_ws/src/aerostack2/install/as2_cli:/root/aerostack2_ws/install/as2_visualization:/root/aerostack2_ws/install/as2_keyboard_teleoperation:/root/aerostack2_ws/install/as2_python_api:/root/aerostack2_ws/src/aerostack2/install/as2_python_api:/opt/ros/humble LD_LIBRARY_PATH=/root/aerostack2_ws/install/as2_core/lib:/root/aerostack2_ws/install/as2_msgs/lib:/root/aerostack2_ws/install/as2_state_estimator/lib:/root/aerostack2_ws/install/as2_python_api/lib:/root/aerostack2_ws/install/as2_motion_controller/lib:/root/aerostack2_ws/install/as2_behaviors_trajectory_generation/lib:/root/aerostack2_ws/install/as2_behaviors_swarm_flocking/lib:/root/aerostack2_ws/install/as2_behaviors_motion/lib:/root/aerostack2_ws/install/as2_motion_reference_handlers/lib:/root/aerostack2_ws/install/as2_map_server/lib:/root/aerostack2_ws/install/as2_gazebo_assets/lib:/root/aerostack2_ws/install/as2_behaviors_perception/lib:/root/aerostack2_ws/install/as2_behaviors_path_planning/lib:/root/aerostack2_ws/install/as2_behavior_tree/lib:/root/aerostack2_ws/install/as2_behavior/lib:/root/aerostack2_ws/src/aerostack2/install/as2_python_api/lib:/root/aerostack2_ws/src/aerostack2/install/as2_motion_reference_handlers/lib:/root/aerostack2_ws/src/aerostack2/install/as2_map_server/lib:/root/aerostack2_ws/src/aerostack2/install/as2_behavior/lib:/root/aerostack2_ws/src/aerostack2/install/as2_core/lib:/root/aerostack2_ws/src/aerostack2/install/as2_msgs/lib:/opt/ros/humble/opt/rviz_ogre_vendor/lib:/opt/ros/humble/lib/x86_64-linux-gnu:/opt/ros/humble/lib /usr/bin/cmake --install /root/aerostack2_ws/build/as2_gazebo_assets
[1.629s] -- Install configuration: "Release"
[1.629s] -- Execute custom install script
[1.629s] -- Up-to-date symlink: /root/aerostack2_ws/install/as2_gazebo_assets/share/as2_gazebo_assets/environment/resource_paths.dsv
[1.629s] -- Up-to-date symlink: /root/aerostack2_ws/install/as2_gazebo_assets/share/as2_gazebo_assets/environment/resource_paths.sh
[1.631s] -- Up-to-date symlink: /root/aerostack2_ws/install/as2_gazebo_assets/lib/as2_gazebo_assets/azimuth_bridge
[1.631s] -- Up-to-date symlink: /root/aerostack2_ws/install/as2_gazebo_assets/lib/as2_gazebo_assets/gps_bridge
[1.631s] -- Up-to-date symlink: /root/aerostack2_ws/install/as2_gazebo_assets/lib/as2_gazebo_assets/ground_truth_bridge
[1.631s] -- Up-to-date symlink: /root/aerostack2_ws/install/as2_gazebo_assets/lib/as2_gazebo_assets/object_tf_broadcaster
[1.631s] -- Up-to-date symlink: /root/aerostack2_ws/install/as2_gazebo_assets/lib/as2_gazebo_assets/gimbal_bridge
[1.631s] -- Up-to-date symlink: /root/aerostack2_ws/install/as2_gazebo_assets/lib/as2_gazebo_assets/acro_bridge
[1.634s] -- Up-to-date symlink: /root/aerostack2_ws/install/as2_gazebo_assets/lib/as2_gazebo_assets/set_entity_pose_bridge
[1.635s] -- Up-to-date symlink: /root/aerostack2_ws/install/as2_gazebo_assets/lib/libMulticopterINDIControl.so
[1.635s] -- Up-to-date symlink: /root/aerostack2_ws/install/as2_gazebo_assets/share/as2_gazebo_assets/environment/pythonpath.sh
[1.636s] -- Up-to-date symlink: /root/aerostack2_ws/install/as2_gazebo_assets/share/as2_gazebo_assets/environment/pythonpath.dsv
[1.636s] -- Up-to-date symlink: /root/aerostack2_ws/install/as2_gazebo_assets/local/lib/python3.10/dist-packages/as2_gazebo_assets-1.1.3-py3.10.egg-info/PKG-INFO
[1.639s] -- Up-to-date symlink: /root/aerostack2_ws/install/as2_gazebo_assets/local/lib/python3.10/dist-packages/as2_gazebo_assets-1.1.3-py3.10.egg-info/SOURCES.txt
[1.646s] -- Up-to-date symlink: /root/aerostack2_ws/install/as2_gazebo_assets/local/lib/python3.10/dist-packages/as2_gazebo_assets-1.1.3-py3.10.egg-info/dependency_links.txt
[1.646s] -- Up-to-date symlink: /root/aerostack2_ws/install/as2_gazebo_assets/local/lib/python3.10/dist-packages/as2_gazebo_assets-1.1.3-py3.10.egg-info/top_level.txt
[1.646s] -- Up-to-date symlink: /root/aerostack2_ws/install/as2_gazebo_assets/local/lib/python3.10/dist-packages/as2_gazebo_assets/__init__.py
[1.647s] -- Up-to-date symlink: /root/aerostack2_ws/install/as2_gazebo_assets/local/lib/python3.10/dist-packages/as2_gazebo_assets/bridges/__init__.py
[1.647s] -- Up-to-date symlink: /root/aerostack2_ws/install/as2_gazebo_assets/local/lib/python3.10/dist-packages/as2_gazebo_assets/bridges/bridge.py
[1.647s] -- Up-to-date symlink: /root/aerostack2_ws/install/as2_gazebo_assets/local/lib/python3.10/dist-packages/as2_gazebo_assets/bridges/bridges.py
[1.649s] -- Up-to-date symlink: /root/aerostack2_ws/install/as2_gazebo_assets/local/lib/python3.10/dist-packages/as2_gazebo_assets/bridges/custom_bridges.py
[1.650s] -- Up-to-date symlink: /root/aerostack2_ws/install/as2_gazebo_assets/local/lib/python3.10/dist-packages/as2_gazebo_assets/models/__init__.py
[1.650s] -- Up-to-date symlink: /root/aerostack2_ws/install/as2_gazebo_assets/local/lib/python3.10/dist-packages/as2_gazebo_assets/models/drone.py
[1.651s] -- Up-to-date symlink: /root/aerostack2_ws/install/as2_gazebo_assets/local/lib/python3.10/dist-packages/as2_gazebo_assets/models/entity.py
[1.651s] -- Up-to-date symlink: /root/aerostack2_ws/install/as2_gazebo_assets/local/lib/python3.10/dist-packages/as2_gazebo_assets/models/object.py
[1.651s] -- Up-to-date symlink: /root/aerostack2_ws/install/as2_gazebo_assets/local/lib/python3.10/dist-packages/as2_gazebo_assets/models/payload.py
[1.651s] -- Up-to-date symlink: /root/aerostack2_ws/install/as2_gazebo_assets/local/lib/python3.10/dist-packages/as2_gazebo_assets/tests/test_models.py
[1.651s] -- Up-to-date symlink: /root/aerostack2_ws/install/as2_gazebo_assets/local/lib/python3.10/dist-packages/as2_gazebo_assets/utils/launch_exception.py
[1.651s] -- Up-to-date symlink: /root/aerostack2_ws/install/as2_gazebo_assets/local/lib/python3.10/dist-packages/as2_gazebo_assets/world.py
[1.653s] -- Up-to-date symlink: /root/aerostack2_ws/install/as2_gazebo_assets/include/as2_gazebo_assets/acro_bridge.hpp
[1.653s] -- Up-to-date symlink: /root/aerostack2_ws/install/as2_gazebo_assets/include/as2_gazebo_assets/azimuth_bridge.hpp
[1.653s] -- Up-to-date symlink: /root/aerostack2_ws/install/as2_gazebo_assets/include/as2_gazebo_assets/gimbal_bridge.hpp
[1.653s] -- Up-to-date symlink: /root/aerostack2_ws/install/as2_gazebo_assets/include/as2_gazebo_assets/gps_bridge.hpp
[1.654s] -- Up-to-date symlink: /root/aerostack2_ws/install/as2_gazebo_assets/include/as2_gazebo_assets/ground_truth_bridge.hpp
[1.654s] -- Up-to-date symlink: /root/aerostack2_ws/install/as2_gazebo_assets/include/as2_gazebo_assets/object_tf_broadcaster.hpp
[1.654s] -- Up-to-date symlink: /root/aerostack2_ws/install/as2_gazebo_assets/include/as2_gazebo_assets/set_entity_pose_bridge.hpp
[1.654s] -- Up-to-date symlink: /root/aerostack2_ws/install/as2_gazebo_assets/share/as2_gazebo_assets/launch/drone_bridges.py
[1.654s] -- Up-to-date symlink: /root/aerostack2_ws/install/as2_gazebo_assets/share/as2_gazebo_assets/launch/launch_simulation.py
[1.655s] -- Up-to-date symlink: /root/aerostack2_ws/install/as2_gazebo_assets/share/as2_gazebo_assets/launch/monitor_sim.py
[1.656s] -- Up-to-date symlink: /root/aerostack2_ws/install/as2_gazebo_assets/share/as2_gazebo_assets/launch/object_bridges.py
[1.656s] -- Up-to-date symlink: /root/aerostack2_ws/install/as2_gazebo_assets/share/as2_gazebo_assets/launch/world_bridges.py
[1.656s] -- Up-to-date symlink: /root/aerostack2_ws/install/as2_gazebo_assets/share/as2_gazebo_assets/worlds/empty.sdf.jinja
[1.656s] -- Up-to-date symlink: /root/aerostack2_ws/install/as2_gazebo_assets/share/as2_gazebo_assets/worlds/grass.sdf.jinja
[1.656s] -- Up-to-date symlink: /root/aerostack2_ws/install/as2_gazebo_assets/share/as2_gazebo_assets/worlds/test_gripper.sdf
[1.661s] -- Up-to-date symlink: /root/aerostack2_ws/install/as2_gazebo_assets/share/as2_gazebo_assets/models/3d_lidar/3d_lidar.sdf
[1.662s] -- Up-to-date symlink: /root/aerostack2_ws/install/as2_gazebo_assets/share/as2_gazebo_assets/models/3d_lidar/model.config
[1.663s] -- Up-to-date symlink: /root/aerostack2_ws/install/as2_gazebo_assets/share/as2_gazebo_assets/models/air_pressure/air_pressure.sdf
[1.663s] -- Up-to-date symlink: /root/aerostack2_ws/install/as2_gazebo_assets/share/as2_gazebo_assets/models/air_pressure/model.config
[1.666s] -- Up-to-date symlink: /root/aerostack2_ws/install/as2_gazebo_assets/share/as2_gazebo_assets/models/aruco/aruco.sdf
[1.666s] -- Up-to-date symlink: /root/aerostack2_ws/install/as2_gazebo_assets/share/as2_gazebo_assets/models/aruco/materials/scripts/aruco.material
[1.666s] -- Up-to-date symlink: /root/aerostack2_ws/install/as2_gazebo_assets/share/as2_gazebo_assets/models/aruco/materials/textures/marker1.png
[1.666s] -- Up-to-date symlink: /root/aerostack2_ws/install/as2_gazebo_assets/share/as2_gazebo_assets/models/aruco/materials/textures/marker2.png
[1.667s] -- Up-to-date symlink: /root/aerostack2_ws/install/as2_gazebo_assets/share/as2_gazebo_assets/models/aruco/materials/textures/marker3.png
[1.667s] -- Up-to-date symlink: /root/aerostack2_ws/install/as2_gazebo_assets/share/as2_gazebo_assets/models/aruco/materials/textures/marker4.png
[1.667s] -- Up-to-date symlink: /root/aerostack2_ws/install/as2_gazebo_assets/share/as2_gazebo_assets/models/aruco/materials/textures/marker5.png
[1.668s] -- Up-to-date symlink: /root/aerostack2_ws/install/as2_gazebo_assets/share/as2_gazebo_assets/models/aruco/meshes/checkerboard_plane.dae
[1.668s] -- Up-to-date symlink: /root/aerostack2_ws/install/as2_gazebo_assets/share/as2_gazebo_assets/models/aruco/model.config
[1.669s] -- Up-to-date symlink: /root/aerostack2_ws/install/as2_gazebo_assets/share/as2_gazebo_assets/models/aruco_gate_1/aruco_gate_1.sdf
[1.669s] -- Up-to-date symlink: /root/aerostack2_ws/install/as2_gazebo_assets/share/as2_gazebo_assets/models/aruco_gate_1/meshes/background.stl
[1.670s] -- Up-to-date symlink: /root/aerostack2_ws/install/as2_gazebo_assets/share/as2_gazebo_assets/models/aruco_gate_1/meshes/base.stl
[1.670s] -- Up-to-date symlink: /root/aerostack2_ws/install/as2_gazebo_assets/share/as2_gazebo_assets/models/aruco_gate_1/meshes/base_2.stl
[1.670s] -- Up-to-date symlink: /root/aerostack2_ws/install/as2_gazebo_assets/share/as2_gazebo_assets/models/aruco_gate_1/meshes/hoop.stl
[1.670s] -- Up-to-date symlink: /root/aerostack2_ws/install/as2_gazebo_assets/share/as2_gazebo_assets/models/aruco_gate_1/meshes/hoop_2.stl
[1.670s] -- Up-to-date symlink: /root/aerostack2_ws/install/as2_gazebo_assets/share/as2_gazebo_assets/models/aruco_gate_1/model.config
[1.670s] -- Up-to-date symlink: /root/aerostack2_ws/install/as2_gazebo_assets/share/as2_gazebo_assets/models/aruco_gate_2/aruco_gate_2.sdf
[1.670s] -- Up-to-date symlink: /root/aerostack2_ws/install/as2_gazebo_assets/share/as2_gazebo_assets/models/aruco_gate_2/model.config
[1.670s] -- Up-to-date symlink: /root/aerostack2_ws/install/as2_gazebo_assets/share/as2_gazebo_assets/models/crazyflie/crazyflie.sdf
[1.671s] -- Up-to-date symlink: /root/aerostack2_ws/install/as2_gazebo_assets/share/as2_gazebo_assets/models/crazyflie/crazyflie.sdf.jinja
[1.671s] -- Up-to-date symlink: /root/aerostack2_ws/install/as2_gazebo_assets/share/as2_gazebo_assets/models/crazyflie/meshes/ccw_prop.dae
[1.671s] -- Up-to-date symlink: /root/aerostack2_ws/install/as2_gazebo_assets/share/as2_gazebo_assets/models/crazyflie/meshes/cf2_assembly.dae
[1.672s] -- Up-to-date symlink: /root/aerostack2_ws/install/as2_gazebo_assets/share/as2_gazebo_assets/models/crazyflie/meshes/cw_prop.dae
[1.672s] -- Up-to-date symlink: /root/aerostack2_ws/install/as2_gazebo_assets/share/as2_gazebo_assets/models/crazyflie/model.config
[1.673s] -- Up-to-date symlink: /root/aerostack2_ws/install/as2_gazebo_assets/share/as2_gazebo_assets/models/f330/f330.sdf
[1.676s] -- Up-to-date symlink: /root/aerostack2_ws/install/as2_gazebo_assets/share/as2_gazebo_assets/models/f330/f330.sdf.jinja
[1.677s] -- Up-to-date symlink: /root/aerostack2_ws/install/as2_gazebo_assets/share/as2_gazebo_assets/models/f330/meshes/model.dae
[1.677s] -- Up-to-date symlink: /root/aerostack2_ws/install/as2_gazebo_assets/share/as2_gazebo_assets/models/f330/model.config
[1.677s] -- Up-to-date symlink: /root/aerostack2_ws/install/as2_gazebo_assets/share/as2_gazebo_assets/models/gate/gate.sdf
[1.677s] -- Up-to-date symlink: /root/aerostack2_ws/install/as2_gazebo_assets/share/as2_gazebo_assets/models/gate/meshes/gate.dae
[1.677s] -- Up-to-date symlink: /root/aerostack2_ws/install/as2_gazebo_assets/share/as2_gazebo_assets/models/gate/meshes/gate_color.png
[1.677s] -- Up-to-date symlink: /root/aerostack2_ws/install/as2_gazebo_assets/share/as2_gazebo_assets/models/gate/model.config
[1.678s] -- Up-to-date symlink: /root/aerostack2_ws/install/as2_gazebo_assets/share/as2_gazebo_assets/models/gimbal/model.config
[1.678s] -- Up-to-date symlink: /root/aerostack2_ws/install/as2_gazebo_assets/share/as2_gazebo_assets/models/gimbal/position_gimbal.sdf
[1.678s] -- Up-to-date symlink: /root/aerostack2_ws/install/as2_gazebo_assets/share/as2_gazebo_assets/models/gimbal/position_gimbal.sdf.jinja
[1.678s] -- Up-to-date symlink: /root/aerostack2_ws/install/as2_gazebo_assets/share/as2_gazebo_assets/models/gimbal/speed_gimbal.sdf.jinja
[1.678s] -- Up-to-date symlink: /root/aerostack2_ws/install/as2_gazebo_assets/share/as2_gazebo_assets/models/gps/gps.sdf
[1.679s] -- Up-to-date symlink: /root/aerostack2_ws/install/as2_gazebo_assets/share/as2_gazebo_assets/models/gps/model.config
[1.679s] -- Up-to-date symlink: /root/aerostack2_ws/install/as2_gazebo_assets/share/as2_gazebo_assets/models/grass_patch/materials/textures/grass_dry.png
[1.679s] -- Up-to-date symlink: /root/aerostack2_ws/install/as2_gazebo_assets/share/as2_gazebo_assets/models/grass_patch/model.config
[1.679s] -- Up-to-date symlink: /root/aerostack2_ws/install/as2_gazebo_assets/share/as2_gazebo_assets/models/grass_patch/model.sdf
[1.680s] -- Up-to-date symlink: /root/aerostack2_ws/install/as2_gazebo_assets/share/as2_gazebo_assets/models/grass_patch/thumbnails/grasspatch.jpg
[1.680s] -- Up-to-date symlink: /root/aerostack2_ws/install/as2_gazebo_assets/share/as2_gazebo_assets/models/grayscaled_camera/grayscaled_camera.sdf
[1.680s] -- Up-to-date symlink: /root/aerostack2_ws/install/as2_gazebo_assets/share/as2_gazebo_assets/models/grayscaled_camera/grayscaled_camera.sdf.jinja
[1.681s] -- Up-to-date symlink: /root/aerostack2_ws/install/as2_gazebo_assets/share/as2_gazebo_assets/models/grayscaled_camera/model.config
[1.681s] -- Up-to-date symlink: /root/aerostack2_ws/install/as2_gazebo_assets/share/as2_gazebo_assets/models/ground_plane/ground_plane.sdf
[1.681s] -- Up-to-date symlink: /root/aerostack2_ws/install/as2_gazebo_assets/share/as2_gazebo_assets/models/ground_plane/model.config
[1.682s] -- Up-to-date symlink: /root/aerostack2_ws/install/as2_gazebo_assets/share/as2_gazebo_assets/models/hd_camera/hd_camera.sdf
[1.682s] -- Up-to-date symlink: /root/aerostack2_ws/install/as2_gazebo_assets/share/as2_gazebo_assets/models/hd_camera/hd_camera.sdf.jinja
[1.682s] -- Up-to-date symlink: /root/aerostack2_ws/install/as2_gazebo_assets/share/as2_gazebo_assets/models/hd_camera/model.config
[1.682s] -- Up-to-date symlink: /root/aerostack2_ws/install/as2_gazebo_assets/share/as2_gazebo_assets/models/hexrotor_base/hexrotor_base.sdf
[1.682s] -- Up-to-date symlink: /root/aerostack2_ws/install/as2_gazebo_assets/share/as2_gazebo_assets/models/hexrotor_base/hexrotor_base.sdf.jinja
[1.682s] -- Up-to-date symlink: /root/aerostack2_ws/install/as2_gazebo_assets/share/as2_gazebo_assets/models/hexrotor_base/materials/textures/led.jpg
[1.682s] -- Up-to-date symlink: /root/aerostack2_ws/install/as2_gazebo_assets/share/as2_gazebo_assets/models/hexrotor_base/meshes/hexrotor.dae
[1.683s] -- Up-to-date symlink: /root/aerostack2_ws/install/as2_gazebo_assets/share/as2_gazebo_assets/models/hexrotor_base/meshes/hexrotor.jpg
[1.683s] -- Up-to-date symlink: /root/aerostack2_ws/install/as2_gazebo_assets/share/as2_gazebo_assets/models/hexrotor_base/meshes/led.dae
[1.683s] -- Up-to-date symlink: /root/aerostack2_ws/install/as2_gazebo_assets/share/as2_gazebo_assets/models/hexrotor_base/meshes/led_lamp.dae
[1.683s] -- Up-to-date symlink: /root/aerostack2_ws/install/as2_gazebo_assets/share/as2_gazebo_assets/models/hexrotor_base/meshes/neo11_propeller_ccw.dae
[1.683s] -- Up-to-date symlink: /root/aerostack2_ws/install/as2_gazebo_assets/share/as2_gazebo_assets/models/hexrotor_base/meshes/neo11_propeller_cw.dae
[1.683s] -- Up-to-date symlink: /root/aerostack2_ws/install/as2_gazebo_assets/share/as2_gazebo_assets/models/hexrotor_base/model.config
[1.684s] -- Up-to-date symlink: /root/aerostack2_ws/install/as2_gazebo_assets/share/as2_gazebo_assets/models/lidar_3d/lidar_3d.sdf
[1.684s] -- Up-to-date symlink: /root/aerostack2_ws/install/as2_gazebo_assets/share/as2_gazebo_assets/models/lidar_3d/model.config
[1.684s] -- Up-to-date symlink: /root/aerostack2_ws/install/as2_gazebo_assets/share/as2_gazebo_assets/models/magnetometer/magnetometer.sdf
[1.684s] -- Up-to-date symlink: /root/aerostack2_ws/install/as2_gazebo_assets/share/as2_gazebo_assets/models/magnetometer/model.config
[1.684s] -- Up-to-date symlink: /root/aerostack2_ws/install/as2_gazebo_assets/share/as2_gazebo_assets/models/planar_lidar/model.config
[1.684s] -- Up-to-date symlink: /root/aerostack2_ws/install/as2_gazebo_assets/share/as2_gazebo_assets/models/planar_lidar/planar_lidar.sdf
[1.685s] -- Up-to-date symlink: /root/aerostack2_ws/install/as2_gazebo_assets/share/as2_gazebo_assets/models/point_lidar/model.config
[1.685s] -- Up-to-date symlink: /root/aerostack2_ws/install/as2_gazebo_assets/share/as2_gazebo_assets/models/point_lidar/point_lidar.sdf
[1.685s] -- Up-to-date symlink: /root/aerostack2_ws/install/as2_gazebo_assets/share/as2_gazebo_assets/models/px4vision/meshes/body.dae
[1.685s] -- Up-to-date symlink: /root/aerostack2_ws/install/as2_gazebo_assets/share/as2_gazebo_assets/models/px4vision/meshes/iris_prop_ccw.dae
[1.685s] -- Up-to-date symlink: /root/aerostack2_ws/install/as2_gazebo_assets/share/as2_gazebo_assets/models/px4vision/meshes/iris_prop_cw.dae
[1.686s] -- Up-to-date symlink: /root/aerostack2_ws/install/as2_gazebo_assets/share/as2_gazebo_assets/models/px4vision/model.config
[1.686s] -- Up-to-date symlink: /root/aerostack2_ws/install/as2_gazebo_assets/share/as2_gazebo_assets/models/px4vision/px4vision.sdf
[1.686s] -- Up-to-date symlink: /root/aerostack2_ws/install/as2_gazebo_assets/share/as2_gazebo_assets/models/px4vision/px4vision.sdf.jinja
[1.686s] -- Up-to-date symlink: /root/aerostack2_ws/install/as2_gazebo_assets/share/as2_gazebo_assets/models/px4vision/thumbnails/px4_vision_front.png
[1.687s] -- Up-to-date symlink: /root/aerostack2_ws/install/as2_gazebo_assets/share/as2_gazebo_assets/models/px4vision/thumbnails/px4_vision_top.png
[1.687s] -- Up-to-date symlink: /root/aerostack2_ws/install/as2_gazebo_assets/share/as2_gazebo_assets/models/px4vision/thumbnails/px4vision_diagonal.png
[1.687s] -- Up-to-date symlink: /root/aerostack2_ws/install/as2_gazebo_assets/share/as2_gazebo_assets/models/quadrotor_base/materials/textures/led.jpg
[1.688s] -- Up-to-date symlink: /root/aerostack2_ws/install/as2_gazebo_assets/share/as2_gazebo_assets/models/quadrotor_base/meshes/led.dae
[1.688s] -- Up-to-date symlink: /root/aerostack2_ws/install/as2_gazebo_assets/share/as2_gazebo_assets/models/quadrotor_base/meshes/led_lamp.dae
[1.689s] -- Up-to-date symlink: /root/aerostack2_ws/install/as2_gazebo_assets/share/as2_gazebo_assets/models/quadrotor_base/meshes/propeller_ccw.dae
[1.689s] -- Up-to-date symlink: /root/aerostack2_ws/install/as2_gazebo_assets/share/as2_gazebo_assets/models/quadrotor_base/meshes/propeller_cw.dae
[1.689s] -- Up-to-date symlink: /root/aerostack2_ws/install/as2_gazebo_assets/share/as2_gazebo_assets/models/quadrotor_base/meshes/quadrotor.dae
[1.689s] -- Up-to-date symlink: /root/aerostack2_ws/install/as2_gazebo_assets/share/as2_gazebo_assets/models/quadrotor_base/meshes/quadrotor.jpg
[1.690s] -- Up-to-date symlink: /root/aerostack2_ws/install/as2_gazebo_assets/share/as2_gazebo_assets/models/quadrotor_base/model.config
[1.690s] -- Up-to-date symlink: /root/aerostack2_ws/install/as2_gazebo_assets/share/as2_gazebo_assets/models/quadrotor_base/quadrotor_base.sdf
[1.690s] -- Up-to-date symlink: /root/aerostack2_ws/install/as2_gazebo_assets/share/as2_gazebo_assets/models/quadrotor_base/quadrotor_base.sdf.jinja
[1.692s] -- Up-to-date symlink: /root/aerostack2_ws/install/as2_gazebo_assets/share/as2_gazebo_assets/models/rgbd_camera/model.config
[1.693s] -- Up-to-date symlink: /root/aerostack2_ws/install/as2_gazebo_assets/share/as2_gazebo_assets/models/rgbd_camera/rgbd_camera.sdf
[1.693s] -- Up-to-date symlink: /root/aerostack2_ws/install/as2_gazebo_assets/share/as2_gazebo_assets/models/rgbd_camera/rgbd_camera.sdf.jinja
[1.693s] -- Up-to-date symlink: /root/aerostack2_ws/install/as2_gazebo_assets/share/as2_gazebo_assets/models/semantic_camera/model.config
[1.693s] -- Up-to-date symlink: /root/aerostack2_ws/install/as2_gazebo_assets/share/as2_gazebo_assets/models/semantic_camera/semantic_camera.sdf
[1.693s] -- Up-to-date symlink: /root/aerostack2_ws/install/as2_gazebo_assets/share/as2_gazebo_assets/models/semantic_camera/semantic_camera.sdf.jinja
[1.694s] -- Up-to-date symlink: /root/aerostack2_ws/install/as2_gazebo_assets/share/as2_gazebo_assets/models/suction_gripper/model.config
[1.695s] -- Up-to-date symlink: /root/aerostack2_ws/install/as2_gazebo_assets/share/as2_gazebo_assets/models/suction_gripper/suction_gripper.sdf
[1.695s] -- Up-to-date symlink: /root/aerostack2_ws/install/as2_gazebo_assets/share/as2_gazebo_assets/models/two_fingers_gripper/materials/textures/base_color.png
[1.695s] -- Up-to-date symlink: /root/aerostack2_ws/install/as2_gazebo_assets/share/as2_gazebo_assets/models/two_fingers_gripper/materials/textures/base_normals.png
[1.696s] -- Up-to-date symlink: /root/aerostack2_ws/install/as2_gazebo_assets/share/as2_gazebo_assets/models/two_fingers_gripper/materials/textures/elbow_flex_color.png
[1.696s] -- Up-to-date symlink: /root/aerostack2_ws/install/as2_gazebo_assets/share/as2_gazebo_assets/models/two_fingers_gripper/materials/textures/elbow_flex_normals.png
[1.696s] -- Up-to-date symlink: /root/aerostack2_ws/install/as2_gazebo_assets/share/as2_gazebo_assets/models/two_fingers_gripper/materials/textures/finger_H_Color_100430.png
[1.696s] -- Up-to-date symlink: /root/aerostack2_ws/install/as2_gazebo_assets/share/as2_gazebo_assets/models/two_fingers_gripper/materials/textures/fingertip_H_Color_100430.png
[1.696s] -- Up-to-date symlink: /root/aerostack2_ws/install/as2_gazebo_assets/share/as2_gazebo_assets/models/two_fingers_gripper/materials/textures/float_H_Color_100430.png
[1.696s] -- Up-to-date symlink: /root/aerostack2_ws/install/as2_gazebo_assets/share/as2_gazebo_assets/models/two_fingers_gripper/materials/textures/forearm.png
[1.697s] -- Up-to-date symlink: /root/aerostack2_ws/install/as2_gazebo_assets/share/as2_gazebo_assets/models/two_fingers_gripper/materials/textures/forearm_color.png
[1.697s] -- Up-to-date symlink: /root/aerostack2_ws/install/as2_gazebo_assets/share/as2_gazebo_assets/models/two_fingers_gripper/materials/textures/forearm_normals.png
[1.697s] -- Up-to-date symlink: /root/aerostack2_ws/install/as2_gazebo_assets/share/as2_gazebo_assets/models/two_fingers_gripper/materials/textures/gripper_palm_color.png
[1.697s] -- Up-to-date symlink: /root/aerostack2_ws/install/as2_gazebo_assets/share/as2_gazebo_assets/models/two_fingers_gripper/materials/textures/gripper_palm_normals.png
[1.697s] -- Up-to-date symlink: /root/aerostack2_ws/install/as2_gazebo_assets/share/as2_gazebo_assets/models/two_fingers_gripper/materials/textures/head_pan_color.png
[1.698s] -- Up-to-date symlink: /root/aerostack2_ws/install/as2_gazebo_assets/share/as2_gazebo_assets/models/two_fingers_gripper/materials/textures/head_pan_normals.png
[1.698s] -- Up-to-date symlink: /root/aerostack2_ws/install/as2_gazebo_assets/share/as2_gazebo_assets/models/two_fingers_gripper/materials/textures/head_tilt_color.png
[1.698s] -- Up-to-date symlink: /root/aerostack2_ws/install/as2_gazebo_assets/share/as2_gazebo_assets/models/two_fingers_gripper/materials/textures/head_tilt_color_red.png
[1.698s] -- Up-to-date symlink: /root/aerostack2_ws/install/as2_gazebo_assets/share/as2_gazebo_assets/models/two_fingers_gripper/materials/textures/head_tilt_color_yellow.png
[1.699s] -- Up-to-date symlink: /root/aerostack2_ws/install/as2_gazebo_assets/share/as2_gazebo_assets/models/two_fingers_gripper/materials/textures/head_tilt_green.png
[1.699s] -- Up-to-date symlink: /root/aerostack2_ws/install/as2_gazebo_assets/share/as2_gazebo_assets/models/two_fingers_gripper/materials/textures/head_tilt_normals.png
[1.699s] -- Up-to-date symlink: /root/aerostack2_ws/install/as2_gazebo_assets/share/as2_gazebo_assets/models/two_fingers_gripper/materials/textures/l_finger_color.png
[1.700s] -- Up-to-date symlink: /root/aerostack2_ws/install/as2_gazebo_assets/share/as2_gazebo_assets/models/two_fingers_gripper/materials/textures/l_finger_normals.png
[1.700s] -- Up-to-date symlink: /root/aerostack2_ws/install/as2_gazebo_assets/share/as2_gazebo_assets/models/two_fingers_gripper/materials/textures/l_finger_tip_color.png
[1.701s] -- Up-to-date symlink: /root/aerostack2_ws/install/as2_gazebo_assets/share/as2_gazebo_assets/models/two_fingers_gripper/materials/textures/l_finger_tip_normals.png
[1.701s] -- Up-to-date symlink: /root/aerostack2_ws/install/as2_gazebo_assets/share/as2_gazebo_assets/models/two_fingers_gripper/materials/textures/l_float_color.png
[1.701s] -- Up-to-date symlink: /root/aerostack2_ws/install/as2_gazebo_assets/share/as2_gazebo_assets/models/two_fingers_gripper/materials/textures/l_float_normals.png
[1.702s] -- Up-to-date symlink: /root/aerostack2_ws/install/as2_gazebo_assets/share/as2_gazebo_assets/models/two_fingers_gripper/materials/textures/palm_H_Color_100430.png
[1.702s] -- Up-to-date symlink: /root/aerostack2_ws/install/as2_gazebo_assets/share/as2_gazebo_assets/models/two_fingers_gripper/materials/textures/shoulder_lift_color.png
[1.702s] -- Up-to-date symlink: /root/aerostack2_ws/install/as2_gazebo_assets/share/as2_gazebo_assets/models/two_fingers_gripper/materials/textures/shoulder_lift_normals.png
[1.703s] -- Up-to-date symlink: /root/aerostack2_ws/install/as2_gazebo_assets/share/as2_gazebo_assets/models/two_fingers_gripper/materials/textures/shoulder_pan_color.png
[1.703s] -- Up-to-date symlink: /root/aerostack2_ws/install/as2_gazebo_assets/share/as2_gazebo_assets/models/two_fingers_gripper/materials/textures/shoulder_pan_normals.png
[1.703s] -- Up-to-date symlink: /root/aerostack2_ws/install/as2_gazebo_assets/share/as2_gazebo_assets/models/two_fingers_gripper/materials/textures/tilting_hokuyo_color.png
[1.703s] -- Up-to-date symlink: /root/aerostack2_ws/install/as2_gazebo_assets/share/as2_gazebo_assets/models/two_fingers_gripper/materials/textures/tilting_hokuyo_normals.png
[1.704s] -- Up-to-date symlink: /root/aerostack2_ws/install/as2_gazebo_assets/share/as2_gazebo_assets/models/two_fingers_gripper/materials/textures/torso_lift_color.png
[1.704s] -- Up-to-date symlink: /root/aerostack2_ws/install/as2_gazebo_assets/share/as2_gazebo_assets/models/two_fingers_gripper/materials/textures/torso_lift_normals.png
[1.704s] -- Up-to-date symlink: /root/aerostack2_ws/install/as2_gazebo_assets/share/as2_gazebo_assets/models/two_fingers_gripper/materials/textures/upper_arm.png
[1.704s] -- Up-to-date symlink: /root/aerostack2_ws/install/as2_gazebo_assets/share/as2_gazebo_assets/models/two_fingers_gripper/materials/textures/upper_arm_color.png
[1.705s] -- Up-to-date symlink: /root/aerostack2_ws/install/as2_gazebo_assets/share/as2_gazebo_assets/models/two_fingers_gripper/materials/textures/upper_arm_normals.png
[1.705s] -- Up-to-date symlink: /root/aerostack2_ws/install/as2_gazebo_assets/share/as2_gazebo_assets/models/two_fingers_gripper/materials/textures/upper_arm_roll_color.png
[1.705s] -- Up-to-date symlink: /root/aerostack2_ws/install/as2_gazebo_assets/share/as2_gazebo_assets/models/two_fingers_gripper/materials/textures/upper_arm_roll_normals.png
[1.705s] -- Up-to-date symlink: /root/aerostack2_ws/install/as2_gazebo_assets/share/as2_gazebo_assets/models/two_fingers_gripper/materials/textures/wheel_color.png
[1.705s] -- Up-to-date symlink: /root/aerostack2_ws/install/as2_gazebo_assets/share/as2_gazebo_assets/models/two_fingers_gripper/materials/textures/wheel_h_color.png
[1.706s] -- Up-to-date symlink: /root/aerostack2_ws/install/as2_gazebo_assets/share/as2_gazebo_assets/models/two_fingers_gripper/materials/textures/wheel_normals.png
[1.706s] -- Up-to-date symlink: /root/aerostack2_ws/install/as2_gazebo_assets/share/as2_gazebo_assets/models/two_fingers_gripper/materials/textures/wrist_color.png
[1.706s] -- Up-to-date symlink: /root/aerostack2_ws/install/as2_gazebo_assets/share/as2_gazebo_assets/models/two_fingers_gripper/materials/textures/wrist_normals.png
[1.706s] -- Up-to-date symlink: /root/aerostack2_ws/install/as2_gazebo_assets/share/as2_gazebo_assets/models/two_fingers_gripper/meshes/forearm_v0/wrist_roll.stl
[1.707s] -- Up-to-date symlink: /root/aerostack2_ws/install/as2_gazebo_assets/share/as2_gazebo_assets/models/two_fingers_gripper/meshes/forearm_v0/wrist_roll_L.stl
[1.707s] -- Up-to-date symlink: /root/aerostack2_ws/install/as2_gazebo_assets/share/as2_gazebo_assets/models/two_fingers_gripper/meshes/gripper_v0/float_H_UV_100430.dae
[1.707s] -- Up-to-date symlink: /root/aerostack2_ws/install/as2_gazebo_assets/share/as2_gazebo_assets/models/two_fingers_gripper/meshes/gripper_v0/gripper_palm.dae
[1.708s] -- Up-to-date symlink: /root/aerostack2_ws/install/as2_gazebo_assets/share/as2_gazebo_assets/models/two_fingers_gripper/meshes/gripper_v0/gripper_palm.stl
[1.708s] -- Up-to-date symlink: /root/aerostack2_ws/install/as2_gazebo_assets/share/as2_gazebo_assets/models/two_fingers_gripper/meshes/gripper_v0/l_finger.dae
[1.708s] -- Up-to-date symlink: /root/aerostack2_ws/install/as2_gazebo_assets/share/as2_gazebo_assets/models/two_fingers_gripper/meshes/gripper_v0/l_finger.stl
[1.709s] -- Up-to-date symlink: /root/aerostack2_ws/install/as2_gazebo_assets/share/as2_gazebo_assets/models/two_fingers_gripper/meshes/gripper_v0/l_finger_tip.dae
[1.709s] -- Up-to-date symlink: /root/aerostack2_ws/install/as2_gazebo_assets/share/as2_gazebo_assets/models/two_fingers_gripper/meshes/gripper_v0/l_finger_tip.stl
[1.709s] -- Up-to-date symlink: /root/aerostack2_ws/install/as2_gazebo_assets/share/as2_gazebo_assets/models/two_fingers_gripper/meshes/gripper_v0/l_float.dae
[1.709s] -- Up-to-date symlink: /root/aerostack2_ws/install/as2_gazebo_assets/share/as2_gazebo_assets/models/two_fingers_gripper/meshes/gripper_v0/l_floating.stl
[1.710s] -- Up-to-date symlink: /root/aerostack2_ws/install/as2_gazebo_assets/share/as2_gazebo_assets/models/two_fingers_gripper/meshes/gripper_v0/palm_H_UV_100430.dae
[1.710s] -- Up-to-date symlink: /root/aerostack2_ws/install/as2_gazebo_assets/share/as2_gazebo_assets/models/two_fingers_gripper/meshes/gripper_v0/upper_finger_l.stl
[1.710s] -- Up-to-date symlink: /root/aerostack2_ws/install/as2_gazebo_assets/share/as2_gazebo_assets/models/two_fingers_gripper/meshes/gripper_v0/upper_finger_r.stl
[1.711s] -- Up-to-date symlink: /root/aerostack2_ws/install/as2_gazebo_assets/share/as2_gazebo_assets/models/two_fingers_gripper/model.config
[1.711s] -- Up-to-date symlink: /root/aerostack2_ws/install/as2_gazebo_assets/share/as2_gazebo_assets/models/two_fingers_gripper/thumbnails/1.png
[1.711s] -- Up-to-date symlink: /root/aerostack2_ws/install/as2_gazebo_assets/share/as2_gazebo_assets/models/two_fingers_gripper/thumbnails/2.png
[1.711s] -- Up-to-date symlink: /root/aerostack2_ws/install/as2_gazebo_assets/share/as2_gazebo_assets/models/two_fingers_gripper/thumbnails/3.png
[1.712s] -- Up-to-date symlink: /root/aerostack2_ws/install/as2_gazebo_assets/share/as2_gazebo_assets/models/two_fingers_gripper/thumbnails/4.png
[1.712s] -- Up-to-date symlink: /root/aerostack2_ws/install/as2_gazebo_assets/share/as2_gazebo_assets/models/two_fingers_gripper/thumbnails/5.png
[1.712s] -- Up-to-date symlink: /root/aerostack2_ws/install/as2_gazebo_assets/share/as2_gazebo_assets/models/two_fingers_gripper/two_fingers_gripper.sdf
[1.712s] -- Up-to-date symlink: /root/aerostack2_ws/install/as2_gazebo_assets/share/as2_gazebo_assets/models/vga_camera/model.config
[1.712s] -- Up-to-date symlink: /root/aerostack2_ws/install/as2_gazebo_assets/share/as2_gazebo_assets/models/vga_camera/vga_camera.sdf
[1.712s] -- Up-to-date symlink: /root/aerostack2_ws/install/as2_gazebo_assets/share/as2_gazebo_assets/models/vga_camera/vga_camera.sdf.jinja
[1.713s] -- Up-to-date symlink: /root/aerostack2_ws/install/as2_gazebo_assets/share/as2_gazebo_assets/models/windmill/meshes/Plastic010_1K_Displacement.jpg
[1.713s] -- Up-to-date symlink: /root/aerostack2_ws/install/as2_gazebo_assets/share/as2_gazebo_assets/models/windmill/meshes/blades.dae
[1.713s] -- Up-to-date symlink: /root/aerostack2_ws/install/as2_gazebo_assets/share/as2_gazebo_assets/models/windmill/meshes/rotor.dae
[1.713s] -- Up-to-date symlink: /root/aerostack2_ws/install/as2_gazebo_assets/share/as2_gazebo_assets/models/windmill/meshes/tower.dae
[1.713s] -- Up-to-date symlink: /root/aerostack2_ws/install/as2_gazebo_assets/share/as2_gazebo_assets/models/windmill/model.config
[1.713s] -- Up-to-date symlink: /root/aerostack2_ws/install/as2_gazebo_assets/share/as2_gazebo_assets/models/windmill/windmill.sdf
[1.713s] -- Up-to-date symlink: /root/aerostack2_ws/install/as2_gazebo_assets/share/as2_gazebo_assets/models/x500/materials/textures/CF.png
[1.714s] -- Up-to-date symlink: /root/aerostack2_ws/install/as2_gazebo_assets/share/as2_gazebo_assets/models/x500/materials/textures/nxp.png
[1.714s] -- Up-to-date symlink: /root/aerostack2_ws/install/as2_gazebo_assets/share/as2_gazebo_assets/models/x500/materials/textures/rd.png
[1.714s] -- Up-to-date symlink: /root/aerostack2_ws/install/as2_gazebo_assets/share/as2_gazebo_assets/models/x500/meshes/1345_prop_ccw.stl
[1.714s] -- Up-to-date symlink: /root/aerostack2_ws/install/as2_gazebo_assets/share/as2_gazebo_assets/models/x500/meshes/1345_prop_cw.stl
[1.714s] -- Up-to-date symlink: /root/aerostack2_ws/install/as2_gazebo_assets/share/as2_gazebo_assets/models/x500/meshes/5010Base.dae
[1.714s] -- Up-to-date symlink: /root/aerostack2_ws/install/as2_gazebo_assets/share/as2_gazebo_assets/models/x500/meshes/5010Bell.dae
[1.715s] -- Up-to-date symlink: /root/aerostack2_ws/install/as2_gazebo_assets/share/as2_gazebo_assets/models/x500/meshes/CF.png
[1.715s] -- Up-to-date symlink: /root/aerostack2_ws/install/as2_gazebo_assets/share/as2_gazebo_assets/models/x500/meshes/NXP-HGD-CF.dae
[1.715s] -- Up-to-date symlink: /root/aerostack2_ws/install/as2_gazebo_assets/share/as2_gazebo_assets/models/x500/model.config
[1.715s] -- Up-to-date symlink: /root/aerostack2_ws/install/as2_gazebo_assets/share/as2_gazebo_assets/models/x500/thumbnails/1.png
[1.715s] -- Up-to-date symlink: /root/aerostack2_ws/install/as2_gazebo_assets/share/as2_gazebo_assets/models/x500/thumbnails/2.png
[1.716s] -- Up-to-date symlink: /root/aerostack2_ws/install/as2_gazebo_assets/share/as2_gazebo_assets/models/x500/thumbnails/3.png
[1.716s] -- Up-to-date symlink: /root/aerostack2_ws/install/as2_gazebo_assets/share/as2_gazebo_assets/models/x500/thumbnails/4.png
[1.716s] -- Up-to-date symlink: /root/aerostack2_ws/install/as2_gazebo_assets/share/as2_gazebo_assets/models/x500/thumbnails/5.png
[1.716s] -- Up-to-date symlink: /root/aerostack2_ws/install/as2_gazebo_assets/share/as2_gazebo_assets/models/x500/x500.sdf
[1.716s] -- Up-to-date symlink: /root/aerostack2_ws/install/as2_gazebo_assets/share/as2_gazebo_assets/models/x500/x500.sdf.jinja
[1.717s] -- Up-to-date symlink: /root/aerostack2_ws/install/as2_gazebo_assets/share/as2_gazebo_assets/scripts/jinja_gen.py
[1.717s] -- Up-to-date symlink: /root/aerostack2_ws/install/as2_gazebo_assets/share/ament_index/resource_index/package_run_dependencies/as2_gazebo_assets
[1.718s] -- Up-to-date symlink: /root/aerostack2_ws/install/as2_gazebo_assets/share/ament_index/resource_index/parent_prefix_path/as2_gazebo_assets
[1.718s] -- Up-to-date symlink: /root/aerostack2_ws/install/as2_gazebo_assets/share/as2_gazebo_assets/environment/ament_prefix_path.sh
[1.718s] -- Up-to-date symlink: /root/aerostack2_ws/install/as2_gazebo_assets/share/as2_gazebo_assets/environment/ament_prefix_path.dsv
[1.719s] -- Up-to-date symlink: /root/aerostack2_ws/install/as2_gazebo_assets/share/as2_gazebo_assets/environment/path.sh
[1.719s] -- Up-to-date symlink: /root/aerostack2_ws/install/as2_gazebo_assets/share/as2_gazebo_assets/environment/path.dsv
[1.719s] -- Up-to-date symlink: /root/aerostack2_ws/install/as2_gazebo_assets/share/as2_gazebo_assets/local_setup.bash
[1.719s] -- Up-to-date symlink: /root/aerostack2_ws/install/as2_gazebo_assets/share/as2_gazebo_assets/local_setup.sh
[1.719s] -- Up-to-date symlink: /root/aerostack2_ws/install/as2_gazebo_assets/share/as2_gazebo_assets/local_setup.zsh
[1.720s] -- Up-to-date symlink: /root/aerostack2_ws/install/as2_gazebo_assets/share/as2_gazebo_assets/local_setup.dsv
[1.720s] -- Symlinking: /root/aerostack2_ws/install/as2_gazebo_assets/share/as2_gazebo_assets/package.dsv
[1.735s] -- Up-to-date symlink: /root/aerostack2_ws/install/as2_gazebo_assets/share/ament_index/resource_index/packages/as2_gazebo_assets
[1.735s] -- Up-to-date symlink: /root/aerostack2_ws/install/as2_gazebo_assets/share/as2_gazebo_assets/cmake/as2_gazebo_assetsConfig.cmake
[1.735s] -- Up-to-date symlink: /root/aerostack2_ws/install/as2_gazebo_assets/share/as2_gazebo_assets/cmake/as2_gazebo_assetsConfig-version.cmake
[1.735s] -- Up-to-date symlink: /root/aerostack2_ws/install/as2_gazebo_assets/share/as2_gazebo_assets/package.xml
[1.785s] Listing '/root/aerostack2_ws/install/as2_gazebo_assets/local/lib/python3.10/dist-packages/as2_gazebo_assets'...
[1.785s] Listing '/root/aerostack2_ws/install/as2_gazebo_assets/local/lib/python3.10/dist-packages/as2_gazebo_assets/bridges'...
[1.785s] Listing '/root/aerostack2_ws/install/as2_gazebo_assets/local/lib/python3.10/dist-packages/as2_gazebo_assets/models'...
[1.785s] Listing '/root/aerostack2_ws/install/as2_gazebo_assets/local/lib/python3.10/dist-packages/as2_gazebo_assets/tests'...
[1.785s] Listing '/root/aerostack2_ws/install/as2_gazebo_assets/local/lib/python3.10/dist-packages/as2_gazebo_assets/utils'...
[2.080s] Invoked command in '/root/aerostack2_ws/build/as2_gazebo_assets' returned '0': CMAKE_PREFIX_PATH=/root/aerostack2_ws/install/as2_core:/root/aerostack2_ws/install/as2_msgs:/root/aerostack2_ws/install/aerostack2:/root/aerostack2_ws/install/as2_usb_camera_interface:/root/aerostack2_ws/install/as2_state_estimator:/root/aerostack2_ws/install/as2_rviz_plugins:/root/aerostack2_ws/install/as2_realsense_interface:/root/aerostack2_ws/install/as2_platform_multirotor_simulator:/root/aerostack2_ws/install/as2_platform_gazebo:/root/aerostack2_ws/install/as2_motion_controller:/root/aerostack2_ws/install/as2_behaviors_trajectory_generation:/root/aerostack2_ws/install/as2_behaviors_swarm_flocking:/root/aerostack2_ws/install/as2_behaviors_motion:/root/aerostack2_ws/install/as2_motion_reference_handlers:/root/aerostack2_ws/install/as2_map_server:/root/aerostack2_ws/install/as2_geozones:/root/aerostack2_ws/install/as2_gazebo_assets:/root/aerostack2_ws/install/as2_external_object_to_tf:/root/aerostack2_ws/install/as2_behaviors_platform:/root/aerostack2_ws/install/as2_behaviors_perception:/root/aerostack2_ws/install/as2_behaviors_path_planning:/root/aerostack2_ws/install/as2_behavior_tree:/root/aerostack2_ws/install/as2_behavior:/root/aerostack2_ws/install/as2_alphanumeric_viewer:/root/aerostack2_ws/install/as2_cli:/root/aerostack2_ws/src/aerostack2/install/as2_motion_reference_handlers:/root/aerostack2_ws/src/aerostack2/install/as2_map_server:/root/aerostack2_ws/src/aerostack2/install/as2_geozones:/root/aerostack2_ws/src/aerostack2/install/as2_behavior:/root/aerostack2_ws/src/aerostack2/install/as2_core:/root/aerostack2_ws/src/aerostack2/install/as2_msgs:/root/aerostack2_ws/src/aerostack2/install/as2_cli:/root/aerostack2_ws/install/as2_visualization:/root/aerostack2_ws/install/as2_keyboard_teleoperation:/root/aerostack2_ws/install/as2_python_api:/root/aerostack2_ws/src/aerostack2/install/as2_python_api:/opt/ros/humble LD_LIBRARY_PATH=/root/aerostack2_ws/install/as2_core/lib:/root/aerostack2_ws/install/as2_msgs/lib:/root/aerostack2_ws/install/as2_state_estimator/lib:/root/aerostack2_ws/install/as2_python_api/lib:/root/aerostack2_ws/install/as2_motion_controller/lib:/root/aerostack2_ws/install/as2_behaviors_trajectory_generation/lib:/root/aerostack2_ws/install/as2_behaviors_swarm_flocking/lib:/root/aerostack2_ws/install/as2_behaviors_motion/lib:/root/aerostack2_ws/install/as2_motion_reference_handlers/lib:/root/aerostack2_ws/install/as2_map_server/lib:/root/aerostack2_ws/install/as2_gazebo_assets/lib:/root/aerostack2_ws/install/as2_behaviors_perception/lib:/root/aerostack2_ws/install/as2_behaviors_path_planning/lib:/root/aerostack2_ws/install/as2_behavior_tree/lib:/root/aerostack2_ws/install/as2_behavior/lib:/root/aerostack2_ws/src/aerostack2/install/as2_python_api/lib:/root/aerostack2_ws/src/aerostack2/install/as2_motion_reference_handlers/lib:/root/aerostack2_ws/src/aerostack2/install/as2_map_server/lib:/root/aerostack2_ws/src/aerostack2/install/as2_behavior/lib:/root/aerostack2_ws/src/aerostack2/install/as2_core/lib:/root/aerostack2_ws/src/aerostack2/install/as2_msgs/lib:/opt/ros/humble/opt/rviz_ogre_vendor/lib:/opt/ros/humble/lib/x86_64-linux-gnu:/opt/ros/humble/lib /usr/bin/cmake --install /root/aerostack2_ws/build/as2_gazebo_assets
