-- Found ament_cmake: 1.3.12 (/opt/ros/humble/share/ament_cmake/cmake)
-- Override CMake install command with custom implementation using symlinks instead of copying resources
-- Configuring done
-- Generating done
-- Build files have been written to: /root/aerostack2_ws/build/as2_cli
-- Install configuration: "Release"
-- Execute custom install script
-- Up-to-date symlink: /root/aerostack2_ws/install/as2_cli/share/ament_index/resource_index/package_run_dependencies/as2_cli
-- Up-to-date symlink: /root/aerostack2_ws/install/as2_cli/share/ament_index/resource_index/parent_prefix_path/as2_cli
-- Up-to-date symlink: /root/aerostack2_ws/install/as2_cli/share/as2_cli/environment/ament_prefix_path.sh
-- Up-to-date symlink: /root/aerostack2_ws/install/as2_cli/share/as2_cli/environment/ament_prefix_path.dsv
-- Up-to-date symlink: /root/aerostack2_ws/install/as2_cli/share/as2_cli/environment/path.sh
-- Up-to-date symlink: /root/aerostack2_ws/install/as2_cli/share/as2_cli/environment/path.dsv
-- Up-to-date symlink: /root/aerostack2_ws/install/as2_cli/share/as2_cli/local_setup.bash
-- Up-to-date symlink: /root/aerostack2_ws/install/as2_cli/share/as2_cli/local_setup.sh
-- Up-to-date symlink: /root/aerostack2_ws/install/as2_cli/share/as2_cli/local_setup.zsh
-- Up-to-date symlink: /root/aerostack2_ws/install/as2_cli/share/as2_cli/local_setup.dsv
-- Symlinking: /root/aerostack2_ws/install/as2_cli/share/as2_cli/package.dsv
-- Up-to-date symlink: /root/aerostack2_ws/install/as2_cli/share/ament_index/resource_index/packages/as2_cli
-- Up-to-date symlink: /root/aerostack2_ws/install/as2_cli/share/as2_cli/cmake/as2_cliConfig.cmake
-- Up-to-date symlink: /root/aerostack2_ws/install/as2_cli/share/as2_cli/cmake/as2_cliConfig-version.cmake
-- Up-to-date symlink: /root/aerostack2_ws/install/as2_cli/share/as2_cli/package.xml
