/root/aerostack2_ws/install/as2_python_api/lib/python3.10/site-packages/as2_python_api/__init__.py
/root/aerostack2_ws/install/as2_python_api/lib/python3.10/site-packages/as2_python_api/drone_interface_gps.py
/root/aerostack2_ws/install/as2_python_api/lib/python3.10/site-packages/as2_python_api/drone_interface_teleop.py
/root/aerostack2_ws/install/as2_python_api/lib/python3.10/site-packages/as2_python_api/drone_interface_base.py
/root/aerostack2_ws/install/as2_python_api/lib/python3.10/site-packages/as2_python_api/drone_interface.py
/root/aerostack2_ws/install/as2_python_api/lib/python3.10/site-packages/as2_python_api/mission_interpreter/ros2_adapter.py
/root/aerostack2_ws/install/as2_python_api/lib/python3.10/site-packages/as2_python_api/mission_interpreter/__init__.py
/root/aerostack2_ws/install/as2_python_api/lib/python3.10/site-packages/as2_python_api/mission_interpreter/mission_stack.py
/root/aerostack2_ws/install/as2_python_api/lib/python3.10/site-packages/as2_python_api/mission_interpreter/mission_interpreter.py
/root/aerostack2_ws/install/as2_python_api/lib/python3.10/site-packages/as2_python_api/mission_interpreter/mission.py
/root/aerostack2_ws/install/as2_python_api/lib/python3.10/site-packages/as2_python_api/tools/__init__.py
/root/aerostack2_ws/install/as2_python_api/lib/python3.10/site-packages/as2_python_api/tools/utils.py
/root/aerostack2_ws/install/as2_python_api/lib/python3.10/site-packages/as2_python_api/behavior_manager/behavior_manager.py
/root/aerostack2_ws/install/as2_python_api/lib/python3.10/site-packages/as2_python_api/behavior_manager/__init__.py
/root/aerostack2_ws/install/as2_python_api/lib/python3.10/site-packages/as2_python_api/service_clients/arming.py
/root/aerostack2_ws/install/as2_python_api/lib/python3.10/site-packages/as2_python_api/service_clients/service_handler.py
/root/aerostack2_ws/install/as2_python_api/lib/python3.10/site-packages/as2_python_api/service_clients/__init__.py
/root/aerostack2_ws/install/as2_python_api/lib/python3.10/site-packages/as2_python_api/service_clients/offboard.py
/root/aerostack2_ws/install/as2_python_api/lib/python3.10/site-packages/as2_python_api/behavior_actions/behavior_handler.py
/root/aerostack2_ws/install/as2_python_api/lib/python3.10/site-packages/as2_python_api/behavior_actions/__init__.py
/root/aerostack2_ws/install/as2_python_api/lib/python3.10/site-packages/as2_python_api/behavior_actions/takeoff_behavior.py
/root/aerostack2_ws/install/as2_python_api/lib/python3.10/site-packages/as2_python_api/behavior_actions/go_to_behavior.py
/root/aerostack2_ws/install/as2_python_api/lib/python3.10/site-packages/as2_python_api/behavior_actions/land_behavior.py
/root/aerostack2_ws/install/as2_python_api/lib/python3.10/site-packages/as2_python_api/behavior_actions/point_gimbal_behavior.py
/root/aerostack2_ws/install/as2_python_api/lib/python3.10/site-packages/as2_python_api/behavior_actions/trajectory_generation_behavior.py
/root/aerostack2_ws/install/as2_python_api/lib/python3.10/site-packages/as2_python_api/behavior_actions/follow_reference_behavior.py
/root/aerostack2_ws/install/as2_python_api/lib/python3.10/site-packages/as2_python_api/behavior_actions/followpath_behavior.py
/root/aerostack2_ws/install/as2_python_api/lib/python3.10/site-packages/as2_python_api/behavior_actions/navigate_to_behavior.py
/root/aerostack2_ws/install/as2_python_api/lib/python3.10/site-packages/as2_python_api/shared_data/pose_data.py
/root/aerostack2_ws/install/as2_python_api/lib/python3.10/site-packages/as2_python_api/shared_data/platform_info_data.py
/root/aerostack2_ws/install/as2_python_api/lib/python3.10/site-packages/as2_python_api/shared_data/gps_data.py
/root/aerostack2_ws/install/as2_python_api/lib/python3.10/site-packages/as2_python_api/shared_data/__init__.py
/root/aerostack2_ws/install/as2_python_api/lib/python3.10/site-packages/as2_python_api/shared_data/position_data.py
/root/aerostack2_ws/install/as2_python_api/lib/python3.10/site-packages/as2_python_api/shared_data/twist_data.py
/root/aerostack2_ws/install/as2_python_api/lib/python3.10/site-packages/as2_python_api/shared_data/orientation_data.py
/root/aerostack2_ws/install/as2_python_api/lib/python3.10/site-packages/as2_python_api/modules/follow_path_module.py
/root/aerostack2_ws/install/as2_python_api/lib/python3.10/site-packages/as2_python_api/modules/takeoff_module.py
/root/aerostack2_ws/install/as2_python_api/lib/python3.10/site-packages/as2_python_api/modules/dummy_module.py
/root/aerostack2_ws/install/as2_python_api/lib/python3.10/site-packages/as2_python_api/modules/follow_path_gps_module.py
/root/aerostack2_ws/install/as2_python_api/lib/python3.10/site-packages/as2_python_api/modules/__init__.py
/root/aerostack2_ws/install/as2_python_api/lib/python3.10/site-packages/as2_python_api/modules/point_gimbal_module.py
/root/aerostack2_ws/install/as2_python_api/lib/python3.10/site-packages/as2_python_api/modules/land_module.py
/root/aerostack2_ws/install/as2_python_api/lib/python3.10/site-packages/as2_python_api/modules/go_to_gps_module.py
/root/aerostack2_ws/install/as2_python_api/lib/python3.10/site-packages/as2_python_api/modules/go_to_module.py
/root/aerostack2_ws/install/as2_python_api/lib/python3.10/site-packages/as2_python_api/modules/motion_reference_handler_module.py
/root/aerostack2_ws/install/as2_python_api/lib/python3.10/site-packages/as2_python_api/modules/rtl_module.py
/root/aerostack2_ws/install/as2_python_api/lib/python3.10/site-packages/as2_python_api/modules/follow_reference_module.py
/root/aerostack2_ws/install/as2_python_api/lib/python3.10/site-packages/as2_python_api/modules/gps_module.py
/root/aerostack2_ws/install/as2_python_api/lib/python3.10/site-packages/as2_python_api/modules/navigate_to_module.py
/root/aerostack2_ws/install/as2_python_api/lib/python3.10/site-packages/as2_python_api/modules/trajectory_generation_module.py
/root/aerostack2_ws/install/as2_python_api/lib/python3.10/site-packages/as2_python_api/modules/module_base.py
/root/aerostack2_ws/install/as2_python_api/lib/python3.10/site-packages/as2_python_api/__pycache__/__init__.cpython-310.pyc
/root/aerostack2_ws/install/as2_python_api/lib/python3.10/site-packages/as2_python_api/__pycache__/drone_interface_gps.cpython-310.pyc
/root/aerostack2_ws/install/as2_python_api/lib/python3.10/site-packages/as2_python_api/__pycache__/drone_interface_teleop.cpython-310.pyc
/root/aerostack2_ws/install/as2_python_api/lib/python3.10/site-packages/as2_python_api/__pycache__/drone_interface_base.cpython-310.pyc
/root/aerostack2_ws/install/as2_python_api/lib/python3.10/site-packages/as2_python_api/__pycache__/drone_interface.cpython-310.pyc
/root/aerostack2_ws/install/as2_python_api/lib/python3.10/site-packages/as2_python_api/mission_interpreter/__pycache__/ros2_adapter.cpython-310.pyc
/root/aerostack2_ws/install/as2_python_api/lib/python3.10/site-packages/as2_python_api/mission_interpreter/__pycache__/__init__.cpython-310.pyc
/root/aerostack2_ws/install/as2_python_api/lib/python3.10/site-packages/as2_python_api/mission_interpreter/__pycache__/mission_stack.cpython-310.pyc
/root/aerostack2_ws/install/as2_python_api/lib/python3.10/site-packages/as2_python_api/mission_interpreter/__pycache__/mission_interpreter.cpython-310.pyc
/root/aerostack2_ws/install/as2_python_api/lib/python3.10/site-packages/as2_python_api/mission_interpreter/__pycache__/mission.cpython-310.pyc
/root/aerostack2_ws/install/as2_python_api/lib/python3.10/site-packages/as2_python_api/tools/__pycache__/__init__.cpython-310.pyc
/root/aerostack2_ws/install/as2_python_api/lib/python3.10/site-packages/as2_python_api/tools/__pycache__/utils.cpython-310.pyc
/root/aerostack2_ws/install/as2_python_api/lib/python3.10/site-packages/as2_python_api/behavior_manager/__pycache__/behavior_manager.cpython-310.pyc
/root/aerostack2_ws/install/as2_python_api/lib/python3.10/site-packages/as2_python_api/behavior_manager/__pycache__/__init__.cpython-310.pyc
/root/aerostack2_ws/install/as2_python_api/lib/python3.10/site-packages/as2_python_api/service_clients/__pycache__/arming.cpython-310.pyc
/root/aerostack2_ws/install/as2_python_api/lib/python3.10/site-packages/as2_python_api/service_clients/__pycache__/service_handler.cpython-310.pyc
/root/aerostack2_ws/install/as2_python_api/lib/python3.10/site-packages/as2_python_api/service_clients/__pycache__/__init__.cpython-310.pyc
/root/aerostack2_ws/install/as2_python_api/lib/python3.10/site-packages/as2_python_api/service_clients/__pycache__/offboard.cpython-310.pyc
/root/aerostack2_ws/install/as2_python_api/lib/python3.10/site-packages/as2_python_api/behavior_actions/__pycache__/behavior_handler.cpython-310.pyc
/root/aerostack2_ws/install/as2_python_api/lib/python3.10/site-packages/as2_python_api/behavior_actions/__pycache__/__init__.cpython-310.pyc
/root/aerostack2_ws/install/as2_python_api/lib/python3.10/site-packages/as2_python_api/behavior_actions/__pycache__/takeoff_behavior.cpython-310.pyc
/root/aerostack2_ws/install/as2_python_api/lib/python3.10/site-packages/as2_python_api/behavior_actions/__pycache__/go_to_behavior.cpython-310.pyc
/root/aerostack2_ws/install/as2_python_api/lib/python3.10/site-packages/as2_python_api/behavior_actions/__pycache__/land_behavior.cpython-310.pyc
/root/aerostack2_ws/install/as2_python_api/lib/python3.10/site-packages/as2_python_api/behavior_actions/__pycache__/point_gimbal_behavior.cpython-310.pyc
/root/aerostack2_ws/install/as2_python_api/lib/python3.10/site-packages/as2_python_api/behavior_actions/__pycache__/trajectory_generation_behavior.cpython-310.pyc
/root/aerostack2_ws/install/as2_python_api/lib/python3.10/site-packages/as2_python_api/behavior_actions/__pycache__/follow_reference_behavior.cpython-310.pyc
/root/aerostack2_ws/install/as2_python_api/lib/python3.10/site-packages/as2_python_api/behavior_actions/__pycache__/followpath_behavior.cpython-310.pyc
/root/aerostack2_ws/install/as2_python_api/lib/python3.10/site-packages/as2_python_api/behavior_actions/__pycache__/navigate_to_behavior.cpython-310.pyc
/root/aerostack2_ws/install/as2_python_api/lib/python3.10/site-packages/as2_python_api/shared_data/__pycache__/pose_data.cpython-310.pyc
/root/aerostack2_ws/install/as2_python_api/lib/python3.10/site-packages/as2_python_api/shared_data/__pycache__/platform_info_data.cpython-310.pyc
/root/aerostack2_ws/install/as2_python_api/lib/python3.10/site-packages/as2_python_api/shared_data/__pycache__/gps_data.cpython-310.pyc
/root/aerostack2_ws/install/as2_python_api/lib/python3.10/site-packages/as2_python_api/shared_data/__pycache__/__init__.cpython-310.pyc
/root/aerostack2_ws/install/as2_python_api/lib/python3.10/site-packages/as2_python_api/shared_data/__pycache__/position_data.cpython-310.pyc
/root/aerostack2_ws/install/as2_python_api/lib/python3.10/site-packages/as2_python_api/shared_data/__pycache__/twist_data.cpython-310.pyc
/root/aerostack2_ws/install/as2_python_api/lib/python3.10/site-packages/as2_python_api/shared_data/__pycache__/orientation_data.cpython-310.pyc
/root/aerostack2_ws/install/as2_python_api/lib/python3.10/site-packages/as2_python_api/modules/__pycache__/follow_path_module.cpython-310.pyc
/root/aerostack2_ws/install/as2_python_api/lib/python3.10/site-packages/as2_python_api/modules/__pycache__/takeoff_module.cpython-310.pyc
/root/aerostack2_ws/install/as2_python_api/lib/python3.10/site-packages/as2_python_api/modules/__pycache__/dummy_module.cpython-310.pyc
/root/aerostack2_ws/install/as2_python_api/lib/python3.10/site-packages/as2_python_api/modules/__pycache__/follow_path_gps_module.cpython-310.pyc
/root/aerostack2_ws/install/as2_python_api/lib/python3.10/site-packages/as2_python_api/modules/__pycache__/__init__.cpython-310.pyc
/root/aerostack2_ws/install/as2_python_api/lib/python3.10/site-packages/as2_python_api/modules/__pycache__/point_gimbal_module.cpython-310.pyc
/root/aerostack2_ws/install/as2_python_api/lib/python3.10/site-packages/as2_python_api/modules/__pycache__/land_module.cpython-310.pyc
/root/aerostack2_ws/install/as2_python_api/lib/python3.10/site-packages/as2_python_api/modules/__pycache__/go_to_gps_module.cpython-310.pyc
/root/aerostack2_ws/install/as2_python_api/lib/python3.10/site-packages/as2_python_api/modules/__pycache__/go_to_module.cpython-310.pyc
/root/aerostack2_ws/install/as2_python_api/lib/python3.10/site-packages/as2_python_api/modules/__pycache__/motion_reference_handler_module.cpython-310.pyc
/root/aerostack2_ws/install/as2_python_api/lib/python3.10/site-packages/as2_python_api/modules/__pycache__/rtl_module.cpython-310.pyc
/root/aerostack2_ws/install/as2_python_api/lib/python3.10/site-packages/as2_python_api/modules/__pycache__/follow_reference_module.cpython-310.pyc
/root/aerostack2_ws/install/as2_python_api/lib/python3.10/site-packages/as2_python_api/modules/__pycache__/gps_module.cpython-310.pyc
/root/aerostack2_ws/install/as2_python_api/lib/python3.10/site-packages/as2_python_api/modules/__pycache__/navigate_to_module.cpython-310.pyc
/root/aerostack2_ws/install/as2_python_api/lib/python3.10/site-packages/as2_python_api/modules/__pycache__/trajectory_generation_module.cpython-310.pyc
/root/aerostack2_ws/install/as2_python_api/lib/python3.10/site-packages/as2_python_api/modules/__pycache__/module_base.cpython-310.pyc
/root/aerostack2_ws/install/as2_python_api/share/ament_index/resource_index/packages/as2_python_api
/root/aerostack2_ws/install/as2_python_api/share/as2_python_api/hooks/resource_paths.sh
/root/aerostack2_ws/install/as2_python_api/share/as2_python_api/package.xml
/root/aerostack2_ws/install/as2_python_api/lib/python3.10/site-packages/as2_python_api-1.1.3-py3.10.egg-info/entry_points.txt
/root/aerostack2_ws/install/as2_python_api/lib/python3.10/site-packages/as2_python_api-1.1.3-py3.10.egg-info/SOURCES.txt
/root/aerostack2_ws/install/as2_python_api/lib/python3.10/site-packages/as2_python_api-1.1.3-py3.10.egg-info/requires.txt
/root/aerostack2_ws/install/as2_python_api/lib/python3.10/site-packages/as2_python_api-1.1.3-py3.10.egg-info/dependency_links.txt
/root/aerostack2_ws/install/as2_python_api/lib/python3.10/site-packages/as2_python_api-1.1.3-py3.10.egg-info/PKG-INFO
/root/aerostack2_ws/install/as2_python_api/lib/python3.10/site-packages/as2_python_api-1.1.3-py3.10.egg-info/top_level.txt
/root/aerostack2_ws/install/as2_python_api/lib/python3.10/site-packages/as2_python_api-1.1.3-py3.10.egg-info/zip-safe
/root/aerostack2_ws/install/as2_python_api/lib/as2_python_api/mission_executor
