[0.031s] Invoking command in '/root/aerostack2_ws/build/as2_behavior_tree': CMAKE_PREFIX_PATH=/root/aerostack2_ws/install/as2_core:/root/aerostack2_ws/install/as2_msgs:/root/aerostack2_ws/install/aerostack2:/root/aerostack2_ws/install/as2_usb_camera_interface:/root/aerostack2_ws/install/as2_state_estimator:/root/aerostack2_ws/install/as2_rviz_plugins:/root/aerostack2_ws/install/as2_realsense_interface:/root/aerostack2_ws/install/as2_platform_multirotor_simulator:/root/aerostack2_ws/install/as2_platform_gazebo:/root/aerostack2_ws/install/as2_motion_controller:/root/aerostack2_ws/install/as2_behaviors_trajectory_generation:/root/aerostack2_ws/install/as2_behaviors_swarm_flocking:/root/aerostack2_ws/install/as2_behaviors_motion:/root/aerostack2_ws/install/as2_motion_reference_handlers:/root/aerostack2_ws/install/as2_map_server:/root/aerostack2_ws/install/as2_geozones:/root/aerostack2_ws/install/as2_gazebo_assets:/root/aerostack2_ws/install/as2_external_object_to_tf:/root/aerostack2_ws/install/as2_behaviors_platform:/root/aerostack2_ws/install/as2_behaviors_perception:/root/aerostack2_ws/install/as2_behaviors_path_planning:/root/aerostack2_ws/install/as2_behavior_tree:/root/aerostack2_ws/install/as2_behavior:/root/aerostack2_ws/install/as2_alphanumeric_viewer:/root/aerostack2_ws/install/as2_cli:/root/aerostack2_ws/src/aerostack2/install/as2_motion_reference_handlers:/root/aerostack2_ws/src/aerostack2/install/as2_map_server:/root/aerostack2_ws/src/aerostack2/install/as2_geozones:/root/aerostack2_ws/src/aerostack2/install/as2_behavior:/root/aerostack2_ws/src/aerostack2/install/as2_core:/root/aerostack2_ws/src/aerostack2/install/as2_msgs:/root/aerostack2_ws/src/aerostack2/install/as2_cli:/root/aerostack2_ws/install/as2_visualization:/root/aerostack2_ws/install/as2_keyboard_teleoperation:/root/aerostack2_ws/install/as2_python_api:/root/aerostack2_ws/src/aerostack2/install/as2_python_api:/opt/ros/humble LD_LIBRARY_PATH=/root/aerostack2_ws/install/as2_core/lib:/root/aerostack2_ws/install/as2_msgs/lib:/root/aerostack2_ws/install/as2_state_estimator/lib:/root/aerostack2_ws/install/as2_python_api/lib:/root/aerostack2_ws/install/as2_motion_controller/lib:/root/aerostack2_ws/install/as2_behaviors_trajectory_generation/lib:/root/aerostack2_ws/install/as2_behaviors_swarm_flocking/lib:/root/aerostack2_ws/install/as2_behaviors_motion/lib:/root/aerostack2_ws/install/as2_motion_reference_handlers/lib:/root/aerostack2_ws/install/as2_map_server/lib:/root/aerostack2_ws/install/as2_gazebo_assets/lib:/root/aerostack2_ws/install/as2_behaviors_perception/lib:/root/aerostack2_ws/install/as2_behaviors_path_planning/lib:/root/aerostack2_ws/install/as2_behavior_tree/lib:/root/aerostack2_ws/install/as2_behavior/lib:/root/aerostack2_ws/src/aerostack2/install/as2_python_api/lib:/root/aerostack2_ws/src/aerostack2/install/as2_motion_reference_handlers/lib:/root/aerostack2_ws/src/aerostack2/install/as2_map_server/lib:/root/aerostack2_ws/src/aerostack2/install/as2_behavior/lib:/root/aerostack2_ws/src/aerostack2/install/as2_core/lib:/root/aerostack2_ws/src/aerostack2/install/as2_msgs/lib:/opt/ros/humble/opt/rviz_ogre_vendor/lib:/opt/ros/humble/lib/x86_64-linux-gnu:/opt/ros/humble/lib /usr/bin/cmake /root/aerostack2_ws/src/aerostack2/as2_behavior_tree -DCMAKE_BUILD_TYPE=Release -DAMENT_CMAKE_SYMLINK_INSTALL=1 -DCMAKE_INSTALL_PREFIX=/root/aerostack2_ws/install/as2_behavior_tree
[0.050s] -- Found ament_cmake: 1.3.12 (/opt/ros/humble/share/ament_cmake/cmake)
[0.243s] -- Override CMake install command with custom implementation using symlinks instead of copying resources
[0.261s] -- Found ament_cmake_ros: 0.10.0 (/opt/ros/humble/share/ament_cmake_ros/cmake)
[0.271s] -- Found behaviortree_cpp: 4.7.1 (/opt/ros/humble/share/behaviortree_cpp/cmake)
[0.279s] -- Found rclcpp: 16.0.15 (/opt/ros/humble/share/rclcpp/cmake)
[0.353s] -- Found rosidl_generator_c: 3.1.7 (/opt/ros/humble/share/rosidl_generator_c/cmake)
[0.357s] -- Found rosidl_adapter: 3.1.7 (/opt/ros/humble/share/rosidl_adapter/cmake)
[0.376s] -- Found rosidl_generator_cpp: 3.1.7 (/opt/ros/humble/share/rosidl_generator_cpp/cmake)
[0.406s] -- Using all available rosidl_typesupport_c: rosidl_typesupport_fastrtps_c;rosidl_typesupport_introspection_c
[0.441s] -- Using all available rosidl_typesupport_cpp: rosidl_typesupport_fastrtps_cpp;rosidl_typesupport_introspection_cpp
[0.490s] -- Found rmw_implementation_cmake: 6.1.2 (/opt/ros/humble/share/rmw_implementation_cmake/cmake)
[0.491s] -- Found rmw_fastrtps_cpp: 6.2.9 (/opt/ros/humble/share/rmw_fastrtps_cpp/cmake)
[0.704s] -- Using RMW implementation 'rmw_fastrtps_cpp' as default
[0.781s] -- Found rclcpp_action: 16.0.15 (/opt/ros/humble/share/rclcpp_action/cmake)
[0.823s] -- Found as2_core: 1.1.3 (/root/aerostack2_ws/install/as2_core/share/as2_core/cmake)
[0.824s] -- Created yaml-cpp::yaml-cpp alias from yaml-cpp target
[0.828s] -- Created GeographicLib::GeographicLib target from legacy variables
[0.991s] -- Found eigen3_cmake_module: 0.1.1 (/opt/ros/humble/share/eigen3_cmake_module/cmake)
[0.993s] -- Ensuring Eigen3 include directory is part of orocos-kdl CMake target
[1.184s] -- Found ament_lint_auto: 0.12.14 (/opt/ros/humble/share/ament_lint_auto/cmake)
[1.390s] -- Added test 'copyright' to check source files copyright and LICENSE
[1.398s] -- Added test 'cppcheck' to perform static code analysis on C / C++ code
[1.399s] -- Configured cppcheck include dirs: /root/aerostack2_ws/src/aerostack2/as2_behavior_tree/include;/root/aerostack2_ws/src/aerostack2/as2_behavior_tree/include/as2_behavior_tree
[1.399s] -- Configured cppcheck exclude dirs and/or files: 
[1.403s] -- Added test 'cpplint' to check C / C++ code against the Google style
[1.403s] -- Configured cpplint exclude dirs and/or files: 
[1.406s] -- Added test 'flake8' to check Python code syntax and style conventions
[1.407s] -- Added test 'lint_cmake' to check CMake code style
[1.408s] -- Added test 'pep257' to check Python code against some of the docstring style conventions in PEP 257
[1.416s] -- Added test 'uncrustify' to check C / C++ code style
[1.416s] -- Configured uncrustify additional arguments: 
[1.417s] -- Added test 'xmllint' to check XML markup files
[1.423s] -- Configuring done
[1.585s] -- Generating done
[1.622s] -- Build files have been written to: /root/aerostack2_ws/build/as2_behavior_tree
[1.663s] Invoked command in '/root/aerostack2_ws/build/as2_behavior_tree' returned '0': CMAKE_PREFIX_PATH=/root/aerostack2_ws/install/as2_core:/root/aerostack2_ws/install/as2_msgs:/root/aerostack2_ws/install/aerostack2:/root/aerostack2_ws/install/as2_usb_camera_interface:/root/aerostack2_ws/install/as2_state_estimator:/root/aerostack2_ws/install/as2_rviz_plugins:/root/aerostack2_ws/install/as2_realsense_interface:/root/aerostack2_ws/install/as2_platform_multirotor_simulator:/root/aerostack2_ws/install/as2_platform_gazebo:/root/aerostack2_ws/install/as2_motion_controller:/root/aerostack2_ws/install/as2_behaviors_trajectory_generation:/root/aerostack2_ws/install/as2_behaviors_swarm_flocking:/root/aerostack2_ws/install/as2_behaviors_motion:/root/aerostack2_ws/install/as2_motion_reference_handlers:/root/aerostack2_ws/install/as2_map_server:/root/aerostack2_ws/install/as2_geozones:/root/aerostack2_ws/install/as2_gazebo_assets:/root/aerostack2_ws/install/as2_external_object_to_tf:/root/aerostack2_ws/install/as2_behaviors_platform:/root/aerostack2_ws/install/as2_behaviors_perception:/root/aerostack2_ws/install/as2_behaviors_path_planning:/root/aerostack2_ws/install/as2_behavior_tree:/root/aerostack2_ws/install/as2_behavior:/root/aerostack2_ws/install/as2_alphanumeric_viewer:/root/aerostack2_ws/install/as2_cli:/root/aerostack2_ws/src/aerostack2/install/as2_motion_reference_handlers:/root/aerostack2_ws/src/aerostack2/install/as2_map_server:/root/aerostack2_ws/src/aerostack2/install/as2_geozones:/root/aerostack2_ws/src/aerostack2/install/as2_behavior:/root/aerostack2_ws/src/aerostack2/install/as2_core:/root/aerostack2_ws/src/aerostack2/install/as2_msgs:/root/aerostack2_ws/src/aerostack2/install/as2_cli:/root/aerostack2_ws/install/as2_visualization:/root/aerostack2_ws/install/as2_keyboard_teleoperation:/root/aerostack2_ws/install/as2_python_api:/root/aerostack2_ws/src/aerostack2/install/as2_python_api:/opt/ros/humble LD_LIBRARY_PATH=/root/aerostack2_ws/install/as2_core/lib:/root/aerostack2_ws/install/as2_msgs/lib:/root/aerostack2_ws/install/as2_state_estimator/lib:/root/aerostack2_ws/install/as2_python_api/lib:/root/aerostack2_ws/install/as2_motion_controller/lib:/root/aerostack2_ws/install/as2_behaviors_trajectory_generation/lib:/root/aerostack2_ws/install/as2_behaviors_swarm_flocking/lib:/root/aerostack2_ws/install/as2_behaviors_motion/lib:/root/aerostack2_ws/install/as2_motion_reference_handlers/lib:/root/aerostack2_ws/install/as2_map_server/lib:/root/aerostack2_ws/install/as2_gazebo_assets/lib:/root/aerostack2_ws/install/as2_behaviors_perception/lib:/root/aerostack2_ws/install/as2_behaviors_path_planning/lib:/root/aerostack2_ws/install/as2_behavior_tree/lib:/root/aerostack2_ws/install/as2_behavior/lib:/root/aerostack2_ws/src/aerostack2/install/as2_python_api/lib:/root/aerostack2_ws/src/aerostack2/install/as2_motion_reference_handlers/lib:/root/aerostack2_ws/src/aerostack2/install/as2_map_server/lib:/root/aerostack2_ws/src/aerostack2/install/as2_behavior/lib:/root/aerostack2_ws/src/aerostack2/install/as2_core/lib:/root/aerostack2_ws/src/aerostack2/install/as2_msgs/lib:/opt/ros/humble/opt/rviz_ogre_vendor/lib:/opt/ros/humble/lib/x86_64-linux-gnu:/opt/ros/humble/lib /usr/bin/cmake /root/aerostack2_ws/src/aerostack2/as2_behavior_tree -DCMAKE_BUILD_TYPE=Release -DAMENT_CMAKE_SYMLINK_INSTALL=1 -DCMAKE_INSTALL_PREFIX=/root/aerostack2_ws/install/as2_behavior_tree
[1.664s] Invoking command in '/root/aerostack2_ws/build/as2_behavior_tree': CMAKE_PREFIX_PATH=/root/aerostack2_ws/install/as2_core:/root/aerostack2_ws/install/as2_msgs:/root/aerostack2_ws/install/aerostack2:/root/aerostack2_ws/install/as2_usb_camera_interface:/root/aerostack2_ws/install/as2_state_estimator:/root/aerostack2_ws/install/as2_rviz_plugins:/root/aerostack2_ws/install/as2_realsense_interface:/root/aerostack2_ws/install/as2_platform_multirotor_simulator:/root/aerostack2_ws/install/as2_platform_gazebo:/root/aerostack2_ws/install/as2_motion_controller:/root/aerostack2_ws/install/as2_behaviors_trajectory_generation:/root/aerostack2_ws/install/as2_behaviors_swarm_flocking:/root/aerostack2_ws/install/as2_behaviors_motion:/root/aerostack2_ws/install/as2_motion_reference_handlers:/root/aerostack2_ws/install/as2_map_server:/root/aerostack2_ws/install/as2_geozones:/root/aerostack2_ws/install/as2_gazebo_assets:/root/aerostack2_ws/install/as2_external_object_to_tf:/root/aerostack2_ws/install/as2_behaviors_platform:/root/aerostack2_ws/install/as2_behaviors_perception:/root/aerostack2_ws/install/as2_behaviors_path_planning:/root/aerostack2_ws/install/as2_behavior_tree:/root/aerostack2_ws/install/as2_behavior:/root/aerostack2_ws/install/as2_alphanumeric_viewer:/root/aerostack2_ws/install/as2_cli:/root/aerostack2_ws/src/aerostack2/install/as2_motion_reference_handlers:/root/aerostack2_ws/src/aerostack2/install/as2_map_server:/root/aerostack2_ws/src/aerostack2/install/as2_geozones:/root/aerostack2_ws/src/aerostack2/install/as2_behavior:/root/aerostack2_ws/src/aerostack2/install/as2_core:/root/aerostack2_ws/src/aerostack2/install/as2_msgs:/root/aerostack2_ws/src/aerostack2/install/as2_cli:/root/aerostack2_ws/install/as2_visualization:/root/aerostack2_ws/install/as2_keyboard_teleoperation:/root/aerostack2_ws/install/as2_python_api:/root/aerostack2_ws/src/aerostack2/install/as2_python_api:/opt/ros/humble LD_LIBRARY_PATH=/root/aerostack2_ws/install/as2_core/lib:/root/aerostack2_ws/install/as2_msgs/lib:/root/aerostack2_ws/install/as2_state_estimator/lib:/root/aerostack2_ws/install/as2_python_api/lib:/root/aerostack2_ws/install/as2_motion_controller/lib:/root/aerostack2_ws/install/as2_behaviors_trajectory_generation/lib:/root/aerostack2_ws/install/as2_behaviors_swarm_flocking/lib:/root/aerostack2_ws/install/as2_behaviors_motion/lib:/root/aerostack2_ws/install/as2_motion_reference_handlers/lib:/root/aerostack2_ws/install/as2_map_server/lib:/root/aerostack2_ws/install/as2_gazebo_assets/lib:/root/aerostack2_ws/install/as2_behaviors_perception/lib:/root/aerostack2_ws/install/as2_behaviors_path_planning/lib:/root/aerostack2_ws/install/as2_behavior_tree/lib:/root/aerostack2_ws/install/as2_behavior/lib:/root/aerostack2_ws/src/aerostack2/install/as2_python_api/lib:/root/aerostack2_ws/src/aerostack2/install/as2_motion_reference_handlers/lib:/root/aerostack2_ws/src/aerostack2/install/as2_map_server/lib:/root/aerostack2_ws/src/aerostack2/install/as2_behavior/lib:/root/aerostack2_ws/src/aerostack2/install/as2_core/lib:/root/aerostack2_ws/src/aerostack2/install/as2_msgs/lib:/opt/ros/humble/opt/rviz_ogre_vendor/lib:/opt/ros/humble/lib/x86_64-linux-gnu:/opt/ros/humble/lib /usr/bin/cmake --build /root/aerostack2_ws/build/as2_behavior_tree -- -j8 -l8
[1.777s] [35m[1mConsolidate compiler generated dependencies of target takeoff_emulator[0m
[1.777s] [35m[1mConsolidate compiler generated dependencies of target land_emulator[0m
[1.777s] [35m[1mConsolidate compiler generated dependencies of target follow_path_emulator[0m
[1.777s] [35m[1mConsolidate compiler generated dependencies of target platform_emulator[0m
[1.782s] [35m[1mConsolidate compiler generated dependencies of target go_to_emulator[0m
[1.798s] [35m[1mConsolidate compiler generated dependencies of target as2_behavior_tree[0m
[1.820s] [  6%] Built target follow_path_emulator
[1.844s] [ 12%] Built target takeoff_emulator
[1.856s] [ 19%] Built target platform_emulator
[1.865s] [ 25%] Built target land_emulator
[1.866s] [ 32%] Built target go_to_emulator
[1.887s] [ 80%] Built target as2_behavior_tree
[1.910s] [35m[1mConsolidate compiler generated dependencies of target as2_behavior_tree_node[0m
[1.920s] [35m[1mConsolidate compiler generated dependencies of target as2_behavior_tree_port_pose_test[0m
[1.922s] [35m[1mConsolidate compiler generated dependencies of target as2_behavior_tree_port_test[0m
[1.948s] [ 87%] Built target as2_behavior_tree_port_pose_test
[1.957s] [ 93%] Built target as2_behavior_tree_port_test
[1.970s] [100%] Built target as2_behavior_tree_node
[1.992s] Invoked command in '/root/aerostack2_ws/build/as2_behavior_tree' returned '0': CMAKE_PREFIX_PATH=/root/aerostack2_ws/install/as2_core:/root/aerostack2_ws/install/as2_msgs:/root/aerostack2_ws/install/aerostack2:/root/aerostack2_ws/install/as2_usb_camera_interface:/root/aerostack2_ws/install/as2_state_estimator:/root/aerostack2_ws/install/as2_rviz_plugins:/root/aerostack2_ws/install/as2_realsense_interface:/root/aerostack2_ws/install/as2_platform_multirotor_simulator:/root/aerostack2_ws/install/as2_platform_gazebo:/root/aerostack2_ws/install/as2_motion_controller:/root/aerostack2_ws/install/as2_behaviors_trajectory_generation:/root/aerostack2_ws/install/as2_behaviors_swarm_flocking:/root/aerostack2_ws/install/as2_behaviors_motion:/root/aerostack2_ws/install/as2_motion_reference_handlers:/root/aerostack2_ws/install/as2_map_server:/root/aerostack2_ws/install/as2_geozones:/root/aerostack2_ws/install/as2_gazebo_assets:/root/aerostack2_ws/install/as2_external_object_to_tf:/root/aerostack2_ws/install/as2_behaviors_platform:/root/aerostack2_ws/install/as2_behaviors_perception:/root/aerostack2_ws/install/as2_behaviors_path_planning:/root/aerostack2_ws/install/as2_behavior_tree:/root/aerostack2_ws/install/as2_behavior:/root/aerostack2_ws/install/as2_alphanumeric_viewer:/root/aerostack2_ws/install/as2_cli:/root/aerostack2_ws/src/aerostack2/install/as2_motion_reference_handlers:/root/aerostack2_ws/src/aerostack2/install/as2_map_server:/root/aerostack2_ws/src/aerostack2/install/as2_geozones:/root/aerostack2_ws/src/aerostack2/install/as2_behavior:/root/aerostack2_ws/src/aerostack2/install/as2_core:/root/aerostack2_ws/src/aerostack2/install/as2_msgs:/root/aerostack2_ws/src/aerostack2/install/as2_cli:/root/aerostack2_ws/install/as2_visualization:/root/aerostack2_ws/install/as2_keyboard_teleoperation:/root/aerostack2_ws/install/as2_python_api:/root/aerostack2_ws/src/aerostack2/install/as2_python_api:/opt/ros/humble LD_LIBRARY_PATH=/root/aerostack2_ws/install/as2_core/lib:/root/aerostack2_ws/install/as2_msgs/lib:/root/aerostack2_ws/install/as2_state_estimator/lib:/root/aerostack2_ws/install/as2_python_api/lib:/root/aerostack2_ws/install/as2_motion_controller/lib:/root/aerostack2_ws/install/as2_behaviors_trajectory_generation/lib:/root/aerostack2_ws/install/as2_behaviors_swarm_flocking/lib:/root/aerostack2_ws/install/as2_behaviors_motion/lib:/root/aerostack2_ws/install/as2_motion_reference_handlers/lib:/root/aerostack2_ws/install/as2_map_server/lib:/root/aerostack2_ws/install/as2_gazebo_assets/lib:/root/aerostack2_ws/install/as2_behaviors_perception/lib:/root/aerostack2_ws/install/as2_behaviors_path_planning/lib:/root/aerostack2_ws/install/as2_behavior_tree/lib:/root/aerostack2_ws/install/as2_behavior/lib:/root/aerostack2_ws/src/aerostack2/install/as2_python_api/lib:/root/aerostack2_ws/src/aerostack2/install/as2_motion_reference_handlers/lib:/root/aerostack2_ws/src/aerostack2/install/as2_map_server/lib:/root/aerostack2_ws/src/aerostack2/install/as2_behavior/lib:/root/aerostack2_ws/src/aerostack2/install/as2_core/lib:/root/aerostack2_ws/src/aerostack2/install/as2_msgs/lib:/opt/ros/humble/opt/rviz_ogre_vendor/lib:/opt/ros/humble/lib/x86_64-linux-gnu:/opt/ros/humble/lib /usr/bin/cmake --build /root/aerostack2_ws/build/as2_behavior_tree -- -j8 -l8
[2.003s] Invoking command in '/root/aerostack2_ws/build/as2_behavior_tree': CMAKE_PREFIX_PATH=/root/aerostack2_ws/install/as2_core:/root/aerostack2_ws/install/as2_msgs:/root/aerostack2_ws/install/aerostack2:/root/aerostack2_ws/install/as2_usb_camera_interface:/root/aerostack2_ws/install/as2_state_estimator:/root/aerostack2_ws/install/as2_rviz_plugins:/root/aerostack2_ws/install/as2_realsense_interface:/root/aerostack2_ws/install/as2_platform_multirotor_simulator:/root/aerostack2_ws/install/as2_platform_gazebo:/root/aerostack2_ws/install/as2_motion_controller:/root/aerostack2_ws/install/as2_behaviors_trajectory_generation:/root/aerostack2_ws/install/as2_behaviors_swarm_flocking:/root/aerostack2_ws/install/as2_behaviors_motion:/root/aerostack2_ws/install/as2_motion_reference_handlers:/root/aerostack2_ws/install/as2_map_server:/root/aerostack2_ws/install/as2_geozones:/root/aerostack2_ws/install/as2_gazebo_assets:/root/aerostack2_ws/install/as2_external_object_to_tf:/root/aerostack2_ws/install/as2_behaviors_platform:/root/aerostack2_ws/install/as2_behaviors_perception:/root/aerostack2_ws/install/as2_behaviors_path_planning:/root/aerostack2_ws/install/as2_behavior_tree:/root/aerostack2_ws/install/as2_behavior:/root/aerostack2_ws/install/as2_alphanumeric_viewer:/root/aerostack2_ws/install/as2_cli:/root/aerostack2_ws/src/aerostack2/install/as2_motion_reference_handlers:/root/aerostack2_ws/src/aerostack2/install/as2_map_server:/root/aerostack2_ws/src/aerostack2/install/as2_geozones:/root/aerostack2_ws/src/aerostack2/install/as2_behavior:/root/aerostack2_ws/src/aerostack2/install/as2_core:/root/aerostack2_ws/src/aerostack2/install/as2_msgs:/root/aerostack2_ws/src/aerostack2/install/as2_cli:/root/aerostack2_ws/install/as2_visualization:/root/aerostack2_ws/install/as2_keyboard_teleoperation:/root/aerostack2_ws/install/as2_python_api:/root/aerostack2_ws/src/aerostack2/install/as2_python_api:/opt/ros/humble LD_LIBRARY_PATH=/root/aerostack2_ws/install/as2_core/lib:/root/aerostack2_ws/install/as2_msgs/lib:/root/aerostack2_ws/install/as2_state_estimator/lib:/root/aerostack2_ws/install/as2_python_api/lib:/root/aerostack2_ws/install/as2_motion_controller/lib:/root/aerostack2_ws/install/as2_behaviors_trajectory_generation/lib:/root/aerostack2_ws/install/as2_behaviors_swarm_flocking/lib:/root/aerostack2_ws/install/as2_behaviors_motion/lib:/root/aerostack2_ws/install/as2_motion_reference_handlers/lib:/root/aerostack2_ws/install/as2_map_server/lib:/root/aerostack2_ws/install/as2_gazebo_assets/lib:/root/aerostack2_ws/install/as2_behaviors_perception/lib:/root/aerostack2_ws/install/as2_behaviors_path_planning/lib:/root/aerostack2_ws/install/as2_behavior_tree/lib:/root/aerostack2_ws/install/as2_behavior/lib:/root/aerostack2_ws/src/aerostack2/install/as2_python_api/lib:/root/aerostack2_ws/src/aerostack2/install/as2_motion_reference_handlers/lib:/root/aerostack2_ws/src/aerostack2/install/as2_map_server/lib:/root/aerostack2_ws/src/aerostack2/install/as2_behavior/lib:/root/aerostack2_ws/src/aerostack2/install/as2_core/lib:/root/aerostack2_ws/src/aerostack2/install/as2_msgs/lib:/opt/ros/humble/opt/rviz_ogre_vendor/lib:/opt/ros/humble/lib/x86_64-linux-gnu:/opt/ros/humble/lib /usr/bin/cmake --install /root/aerostack2_ws/build/as2_behavior_tree
[2.213s] -- Install configuration: "Release"
[2.213s] -- Execute custom install script
[2.213s] -- Up-to-date symlink: /root/aerostack2_ws/install/as2_behavior_tree/include/as2_behavior_tree/action/arm_service.hpp
[2.213s] -- Up-to-date symlink: /root/aerostack2_ws/install/as2_behavior_tree/include/as2_behavior_tree/action/echo.hpp
[2.213s] -- Up-to-date symlink: /root/aerostack2_ws/install/as2_behavior_tree/include/as2_behavior_tree/action/follow_path.hpp
[2.213s] -- Up-to-date symlink: /root/aerostack2_ws/install/as2_behavior_tree/include/as2_behavior_tree/action/get_origin.hpp
[2.213s] -- Up-to-date symlink: /root/aerostack2_ws/install/as2_behavior_tree/include/as2_behavior_tree/action/go_to_action.hpp
[2.213s] -- Up-to-date symlink: /root/aerostack2_ws/install/as2_behavior_tree/include/as2_behavior_tree/action/go_to_gps_action.hpp
[2.213s] -- Up-to-date symlink: /root/aerostack2_ws/install/as2_behavior_tree/include/as2_behavior_tree/action/gps_to_cartesian.hpp
[2.214s] -- Up-to-date symlink: /root/aerostack2_ws/install/as2_behavior_tree/include/as2_behavior_tree/action/land_action.hpp
[2.214s] -- Up-to-date symlink: /root/aerostack2_ws/install/as2_behavior_tree/include/as2_behavior_tree/action/offboard_service.hpp
[2.214s] -- Up-to-date symlink: /root/aerostack2_ws/install/as2_behavior_tree/include/as2_behavior_tree/action/send_event.hpp
[2.214s] -- Up-to-date symlink: /root/aerostack2_ws/install/as2_behavior_tree/include/as2_behavior_tree/action/set_origin.hpp
[2.214s] -- Up-to-date symlink: /root/aerostack2_ws/install/as2_behavior_tree/include/as2_behavior_tree/action/takeoff_action.hpp
[2.214s] -- Up-to-date symlink: /root/aerostack2_ws/install/as2_behavior_tree/include/as2_behavior_tree/bt_action_node.hpp
[2.214s] -- Up-to-date symlink: /root/aerostack2_ws/install/as2_behavior_tree/include/as2_behavior_tree/bt_service_node.hpp
[2.214s] -- Up-to-date symlink: /root/aerostack2_ws/install/as2_behavior_tree/include/as2_behavior_tree/condition/is_flying_condition.hpp
[2.214s] -- Up-to-date symlink: /root/aerostack2_ws/install/as2_behavior_tree/include/as2_behavior_tree/decorator/wait_for_alert.hpp
[2.214s] -- Up-to-date symlink: /root/aerostack2_ws/install/as2_behavior_tree/include/as2_behavior_tree/decorator/wait_for_event.hpp
[2.214s] -- Up-to-date symlink: /root/aerostack2_ws/install/as2_behavior_tree/include/as2_behavior_tree/port_specialization.hpp
[2.214s] -- Up-to-date symlink: /root/aerostack2_ws/install/as2_behavior_tree/lib/as2_behavior_tree/as2_behavior_tree_node
[2.214s] -- Up-to-date symlink: /root/aerostack2_ws/install/as2_behavior_tree/share/as2_behavior_tree/launch/behavior_trees.launch.py
[2.214s] -- Up-to-date symlink: /root/aerostack2_ws/install/as2_behavior_tree/share/as2_behavior_tree/resource/RTL_test_2.xml
[2.215s] -- Up-to-date symlink: /root/aerostack2_ws/install/as2_behavior_tree/share/as2_behavior_tree/resource/actions.xml
[2.215s] -- Up-to-date symlink: /root/aerostack2_ws/install/as2_behavior_tree/share/as2_behavior_tree/resource/arm_test.xml
[2.215s] -- Up-to-date symlink: /root/aerostack2_ws/install/as2_behavior_tree/share/as2_behavior_tree/resource/basic_mission.xml
[2.215s] -- Up-to-date symlink: /root/aerostack2_ws/install/as2_behavior_tree/share/as2_behavior_tree/resource/event_test.xml
[2.215s] -- Up-to-date symlink: /root/aerostack2_ws/install/as2_behavior_tree/share/as2_behavior_tree/resource/event_test_2.xml
[2.215s] -- Up-to-date symlink: /root/aerostack2_ws/install/as2_behavior_tree/share/as2_behavior_tree/resource/follow_path_test.xml
[2.215s] -- Up-to-date symlink: /root/aerostack2_ws/install/as2_behavior_tree/share/as2_behavior_tree/resource/takeoff.xml
[2.215s] -- Up-to-date symlink: /root/aerostack2_ws/install/as2_behavior_tree/share/as2_behavior_tree/resource/test.xml
[2.215s] -- Up-to-date symlink: /root/aerostack2_ws/install/as2_behavior_tree/share/as2_behavior_tree/launch/all_emulator.launch.py
[2.215s] -- Up-to-date symlink: /root/aerostack2_ws/install/as2_behavior_tree/share/as2_behavior_tree/launch/land_emulator.launch.py
[2.215s] -- Up-to-date symlink: /root/aerostack2_ws/install/as2_behavior_tree/share/as2_behavior_tree/launch/takeoff_emulator.launch.py
[2.215s] -- Up-to-date symlink: /root/aerostack2_ws/install/as2_behavior_tree/lib/as2_behavior_tree/platform_emulator
[2.217s] -- Up-to-date symlink: /root/aerostack2_ws/install/as2_behavior_tree/lib/as2_behavior_tree/takeoff_emulator
[2.217s] -- Up-to-date symlink: /root/aerostack2_ws/install/as2_behavior_tree/lib/as2_behavior_tree/land_emulator
[2.217s] -- Up-to-date symlink: /root/aerostack2_ws/install/as2_behavior_tree/lib/as2_behavior_tree/go_to_emulator
[2.218s] -- Up-to-date symlink: /root/aerostack2_ws/install/as2_behavior_tree/lib/as2_behavior_tree/follow_path_emulator
[2.218s] -- Up-to-date symlink: /root/aerostack2_ws/install/as2_behavior_tree/share/ament_index/resource_index/package_run_dependencies/as2_behavior_tree
[2.218s] -- Up-to-date symlink: /root/aerostack2_ws/install/as2_behavior_tree/share/ament_index/resource_index/parent_prefix_path/as2_behavior_tree
[2.218s] -- Up-to-date symlink: /root/aerostack2_ws/install/as2_behavior_tree/share/as2_behavior_tree/environment/ament_prefix_path.sh
[2.218s] -- Up-to-date symlink: /root/aerostack2_ws/install/as2_behavior_tree/share/as2_behavior_tree/environment/ament_prefix_path.dsv
[2.218s] -- Up-to-date symlink: /root/aerostack2_ws/install/as2_behavior_tree/share/as2_behavior_tree/environment/path.sh
[2.218s] -- Up-to-date symlink: /root/aerostack2_ws/install/as2_behavior_tree/share/as2_behavior_tree/environment/path.dsv
[2.218s] -- Up-to-date symlink: /root/aerostack2_ws/install/as2_behavior_tree/share/as2_behavior_tree/local_setup.bash
[2.218s] -- Up-to-date symlink: /root/aerostack2_ws/install/as2_behavior_tree/share/as2_behavior_tree/local_setup.sh
[2.218s] -- Up-to-date symlink: /root/aerostack2_ws/install/as2_behavior_tree/share/as2_behavior_tree/local_setup.zsh
[2.218s] -- Up-to-date symlink: /root/aerostack2_ws/install/as2_behavior_tree/share/as2_behavior_tree/local_setup.dsv
[2.218s] -- Symlinking: /root/aerostack2_ws/install/as2_behavior_tree/share/as2_behavior_tree/package.dsv
[2.218s] -- Up-to-date symlink: /root/aerostack2_ws/install/as2_behavior_tree/share/ament_index/resource_index/packages/as2_behavior_tree
[2.219s] -- Up-to-date symlink: /root/aerostack2_ws/install/as2_behavior_tree/share/as2_behavior_tree/cmake/as2_behavior_treeConfig.cmake
[2.219s] -- Up-to-date symlink: /root/aerostack2_ws/install/as2_behavior_tree/share/as2_behavior_tree/cmake/as2_behavior_treeConfig-version.cmake
[2.219s] -- Up-to-date symlink: /root/aerostack2_ws/install/as2_behavior_tree/share/as2_behavior_tree/package.xml
[2.219s] -- Up-to-date: /root/aerostack2_ws/install/as2_behavior_tree/lib/libas2_behavior_tree.so
[2.223s] Invoked command in '/root/aerostack2_ws/build/as2_behavior_tree' returned '0': CMAKE_PREFIX_PATH=/root/aerostack2_ws/install/as2_core:/root/aerostack2_ws/install/as2_msgs:/root/aerostack2_ws/install/aerostack2:/root/aerostack2_ws/install/as2_usb_camera_interface:/root/aerostack2_ws/install/as2_state_estimator:/root/aerostack2_ws/install/as2_rviz_plugins:/root/aerostack2_ws/install/as2_realsense_interface:/root/aerostack2_ws/install/as2_platform_multirotor_simulator:/root/aerostack2_ws/install/as2_platform_gazebo:/root/aerostack2_ws/install/as2_motion_controller:/root/aerostack2_ws/install/as2_behaviors_trajectory_generation:/root/aerostack2_ws/install/as2_behaviors_swarm_flocking:/root/aerostack2_ws/install/as2_behaviors_motion:/root/aerostack2_ws/install/as2_motion_reference_handlers:/root/aerostack2_ws/install/as2_map_server:/root/aerostack2_ws/install/as2_geozones:/root/aerostack2_ws/install/as2_gazebo_assets:/root/aerostack2_ws/install/as2_external_object_to_tf:/root/aerostack2_ws/install/as2_behaviors_platform:/root/aerostack2_ws/install/as2_behaviors_perception:/root/aerostack2_ws/install/as2_behaviors_path_planning:/root/aerostack2_ws/install/as2_behavior_tree:/root/aerostack2_ws/install/as2_behavior:/root/aerostack2_ws/install/as2_alphanumeric_viewer:/root/aerostack2_ws/install/as2_cli:/root/aerostack2_ws/src/aerostack2/install/as2_motion_reference_handlers:/root/aerostack2_ws/src/aerostack2/install/as2_map_server:/root/aerostack2_ws/src/aerostack2/install/as2_geozones:/root/aerostack2_ws/src/aerostack2/install/as2_behavior:/root/aerostack2_ws/src/aerostack2/install/as2_core:/root/aerostack2_ws/src/aerostack2/install/as2_msgs:/root/aerostack2_ws/src/aerostack2/install/as2_cli:/root/aerostack2_ws/install/as2_visualization:/root/aerostack2_ws/install/as2_keyboard_teleoperation:/root/aerostack2_ws/install/as2_python_api:/root/aerostack2_ws/src/aerostack2/install/as2_python_api:/opt/ros/humble LD_LIBRARY_PATH=/root/aerostack2_ws/install/as2_core/lib:/root/aerostack2_ws/install/as2_msgs/lib:/root/aerostack2_ws/install/as2_state_estimator/lib:/root/aerostack2_ws/install/as2_python_api/lib:/root/aerostack2_ws/install/as2_motion_controller/lib:/root/aerostack2_ws/install/as2_behaviors_trajectory_generation/lib:/root/aerostack2_ws/install/as2_behaviors_swarm_flocking/lib:/root/aerostack2_ws/install/as2_behaviors_motion/lib:/root/aerostack2_ws/install/as2_motion_reference_handlers/lib:/root/aerostack2_ws/install/as2_map_server/lib:/root/aerostack2_ws/install/as2_gazebo_assets/lib:/root/aerostack2_ws/install/as2_behaviors_perception/lib:/root/aerostack2_ws/install/as2_behaviors_path_planning/lib:/root/aerostack2_ws/install/as2_behavior_tree/lib:/root/aerostack2_ws/install/as2_behavior/lib:/root/aerostack2_ws/src/aerostack2/install/as2_python_api/lib:/root/aerostack2_ws/src/aerostack2/install/as2_motion_reference_handlers/lib:/root/aerostack2_ws/src/aerostack2/install/as2_map_server/lib:/root/aerostack2_ws/src/aerostack2/install/as2_behavior/lib:/root/aerostack2_ws/src/aerostack2/install/as2_core/lib:/root/aerostack2_ws/src/aerostack2/install/as2_msgs/lib:/opt/ros/humble/opt/rviz_ogre_vendor/lib:/opt/ros/humble/lib/x86_64-linux-gnu:/opt/ros/humble/lib /usr/bin/cmake --install /root/aerostack2_ws/build/as2_behavior_tree
