[0.037s] Invoking command in '/root/aerostack2_ws/build/as2_gazebo_assets': CMAKE_PREFIX_PATH=/root/aerostack2_ws/install/as2_core:/root/aerostack2_ws/install/as2_msgs:/root/aerostack2_ws/install/aerostack2:/root/aerostack2_ws/install/as2_usb_camera_interface:/root/aerostack2_ws/install/as2_state_estimator:/root/aerostack2_ws/install/as2_rviz_plugins:/root/aerostack2_ws/install/as2_realsense_interface:/root/aerostack2_ws/install/as2_platform_multirotor_simulator:/root/aerostack2_ws/install/as2_platform_gazebo:/root/aerostack2_ws/install/as2_motion_controller:/root/aerostack2_ws/install/as2_behaviors_trajectory_generation:/root/aerostack2_ws/install/as2_behaviors_swarm_flocking:/root/aerostack2_ws/install/as2_behaviors_motion:/root/aerostack2_ws/install/as2_motion_reference_handlers:/root/aerostack2_ws/install/as2_map_server:/root/aerostack2_ws/install/as2_geozones:/root/aerostack2_ws/install/as2_gazebo_assets:/root/aerostack2_ws/install/as2_external_object_to_tf:/root/aerostack2_ws/install/as2_behaviors_platform:/root/aerostack2_ws/install/as2_behaviors_perception:/root/aerostack2_ws/install/as2_behaviors_path_planning:/root/aerostack2_ws/install/as2_behavior_tree:/root/aerostack2_ws/install/as2_behavior:/root/aerostack2_ws/install/as2_alphanumeric_viewer:/root/aerostack2_ws/install/as2_cli:/root/aerostack2_ws/src/aerostack2/install/as2_motion_reference_handlers:/root/aerostack2_ws/src/aerostack2/install/as2_map_server:/root/aerostack2_ws/src/aerostack2/install/as2_geozones:/root/aerostack2_ws/src/aerostack2/install/as2_behavior:/root/aerostack2_ws/src/aerostack2/install/as2_core:/root/aerostack2_ws/src/aerostack2/install/as2_msgs:/root/aerostack2_ws/src/aerostack2/install/as2_cli:/root/aerostack2_ws/install/as2_visualization:/root/aerostack2_ws/install/as2_keyboard_teleoperation:/root/aerostack2_ws/install/as2_python_api:/root/aerostack2_ws/src/aerostack2/install/as2_python_api:/opt/ros/humble LD_LIBRARY_PATH=/root/aerostack2_ws/install/as2_core/lib:/root/aerostack2_ws/install/as2_msgs/lib:/root/aerostack2_ws/install/as2_state_estimator/lib:/root/aerostack2_ws/install/as2_python_api/lib:/root/aerostack2_ws/install/as2_motion_controller/lib:/root/aerostack2_ws/install/as2_behaviors_trajectory_generation/lib:/root/aerostack2_ws/install/as2_behaviors_swarm_flocking/lib:/root/aerostack2_ws/install/as2_behaviors_motion/lib:/root/aerostack2_ws/install/as2_motion_reference_handlers/lib:/root/aerostack2_ws/install/as2_map_server/lib:/root/aerostack2_ws/install/as2_gazebo_assets/lib:/root/aerostack2_ws/install/as2_behaviors_perception/lib:/root/aerostack2_ws/install/as2_behaviors_path_planning/lib:/root/aerostack2_ws/install/as2_behavior_tree/lib:/root/aerostack2_ws/install/as2_behavior/lib:/root/aerostack2_ws/src/aerostack2/install/as2_python_api/lib:/root/aerostack2_ws/src/aerostack2/install/as2_motion_reference_handlers/lib:/root/aerostack2_ws/src/aerostack2/install/as2_map_server/lib:/root/aerostack2_ws/src/aerostack2/install/as2_behavior/lib:/root/aerostack2_ws/src/aerostack2/install/as2_core/lib:/root/aerostack2_ws/src/aerostack2/install/as2_msgs/lib:/opt/ros/humble/opt/rviz_ogre_vendor/lib:/opt/ros/humble/lib/x86_64-linux-gnu:/opt/ros/humble/lib /usr/bin/cmake /root/aerostack2_ws/src/aerostack2/as2_simulation_assets/as2_gazebo_assets -DCMAKE_INSTALL_PREFIX=/root/aerostack2_ws/install/as2_gazebo_assets
[0.085s] [0mUsing GAZEBO version: fortress[0m
[0.085s] -- Looking for ignition-gazebo6 -- found version 6.17.0
[0.092s] -- Searching for dependencies of ignition-gazebo6
[0.093s] -- Looking for sdformat12 -- found version 12.9.0
[0.093s] -- Searching for dependencies of sdformat12
[0.105s] -- Checking for module 'tinyxml2'
[0.134s] --   Found tinyxml2, version 9.0.0
[0.186s] -- Looking for ignition-math6 -- found version 6.15.1
[0.186s] -- Searching for dependencies of ignition-math6
[0.188s] -- Looking for ignition-utils1 -- found version 1.5.1
[0.189s] -- Searching for dependencies of ignition-utils1
[0.191s] -- Looking for ignition-plugin1 -- found version 1.4.0
[0.192s] -- Searching for dependencies of ignition-plugin1
[0.193s] -- Searching for <ignition-plugin1> component [loader]
[0.193s] -- Looking for ignition-plugin1-loader -- found version 1.4.0
[0.194s] -- Searching for dependencies of ignition-plugin1-loader
[0.195s] -- Searching for <ignition-plugin1> component [register]
[0.195s] -- Looking for ignition-plugin1-register -- found version 1.4.0
[0.196s] -- Searching for dependencies of ignition-plugin1-register
[0.197s] -- Looking for ignition-transport11 -- found version 11.4.1
[0.198s] -- Searching for dependencies of ignition-transport11
[0.264s] -- Config-file not installed for ZeroMQ -- checking for pkg-config
[0.272s] -- Checking for module 'libzmq >= 4'
[0.302s] --   Found libzmq , version 4.3.4
[0.368s] -- Checking for module 'uuid'
[0.391s] --   Found uuid, version 2.37.2
[0.450s] -- Looking for ignition-utils1 -- found version 1.5.1
[0.451s] -- Searching for dependencies of ignition-utils1
[0.451s] -- Searching for <ignition-utils1> component [cli]
[0.452s] -- Looking for ignition-utils1-cli -- found version 1.5.1
[0.452s] -- Searching for dependencies of ignition-utils1-cli
[0.454s] -- Looking for ignition-msgs8 -- found version 8.7.0
[0.455s] -- Searching for dependencies of ignition-msgs8
[0.487s] -- Found Protobuf: /usr/lib/x86_64-linux-gnu/libprotobuf.so (found suitable version "3.12.4", minimum required is "3") 
[0.489s] -- Looking for ignition-math6 -- found version 6.15.1
[0.515s] -- Searching for <ignition-transport11> component [log]
[0.515s] -- Looking for ignition-transport11-log -- found version 11.4.1
[0.515s] -- Searching for dependencies of ignition-transport11-log
[0.515s] -- Searching for <ignition-transport11> component [parameters]
[0.516s] -- Looking for ignition-transport11-parameters -- found version 11.4.1
[0.516s] -- Searching for dependencies of ignition-transport11-parameters
[0.516s] -- Looking for ignition-msgs8 -- found version 8.7.0
[0.517s] -- Looking for ignition-common4 -- found version 4.7.0
[0.517s] -- Searching for dependencies of ignition-common4
[0.517s] -- Looking for dlfcn.h - found
[0.517s] -- Looking for libdl - found
[0.533s] -- Searching for <ignition-common4> component [profiler]
[0.533s] -- Looking for ignition-common4-profiler -- found version 4.7.0
[0.533s] -- Searching for dependencies of ignition-common4-profiler
[0.534s] -- Searching for <ignition-common4> component [events]
[0.534s] -- Looking for ignition-common4-events -- found version 4.7.0
[0.534s] -- Searching for dependencies of ignition-common4-events
[0.535s] -- Looking for ignition-math6 -- found version 6.15.1
[0.535s] -- Searching for <ignition-common4> component [av]
[0.536s] -- Looking for ignition-common4-av -- found version 4.7.0
[0.536s] -- Searching for dependencies of ignition-common4-av
[0.544s] -- Checking for module 'libswscale'
[0.567s] --   Found libswscale, version 5.9.100
[0.633s] -- Checking for module 'libavdevice >= 56.4.100'
[0.658s] --   Found libavdevice , version 58.13.100
[0.722s] -- Checking for module 'libavformat'
[0.745s] --   Found libavformat, version 58.76.100
[0.805s] -- Checking for module 'libavcodec'
[0.829s] --   Found libavcodec, version 58.134.100
[0.889s] -- Checking for module 'libavutil'
[0.913s] --   Found libavutil, version 56.70.100
[0.970s] -- Looking for ignition-fuel_tools7 -- found version 7.3.1
[0.970s] -- Searching for dependencies of ignition-fuel_tools7
[1.055s] -- Checking for module 'jsoncpp'
[1.081s] --   Found jsoncpp, version 1.9.5
[1.156s] -- Checking for module 'libzip'
[1.208s] --   Found libzip, version 1.7.3
[1.275s] -- Looking for ignition-common4 -- found version 4.7.0
[1.275s] -- Looking for ignition-math6 -- found version 6.15.1
[1.276s] -- Looking for ignition-msgs8 -- found version 8.7.0
[1.277s] -- Looking for ignition-gui6 -- found version 6.8.0
[1.277s] -- Searching for dependencies of ignition-gui6
[1.351s] -- Looking for ignition-math6 -- found version 6.15.1
[1.352s] -- Looking for ignition-common4 -- found version 4.7.0
[1.352s] -- Looking for ignition-plugin1 -- found version 1.4.0
[1.353s] -- Looking for ignition-transport11 -- found version 11.4.1
[1.353s] -- Looking for ignition-rendering6 -- found version 6.6.3
[1.354s] -- Searching for dependencies of ignition-rendering6
[1.354s] -- Looking for ignition-math6 -- found version 6.15.1
[1.355s] -- Searching for dependencies of ignition-math6
[1.355s] -- Searching for <ignition-math6> component [eigen3]
[1.356s] -- Looking for ignition-math6-eigen3 -- found version 6.15.1
[1.358s] -- Searching for dependencies of ignition-math6-eigen3
[1.358s] -- Looking for ignition-common4 -- found version 4.7.0
[1.359s] -- Searching for dependencies of ignition-common4
[1.359s] -- Looking for dlfcn.h - found
[1.359s] -- Looking for libdl - found
[1.375s] -- Searching for <ignition-common4> component [graphics]
[1.375s] -- Looking for ignition-common4-graphics -- found version 4.7.0
[1.376s] -- Searching for dependencies of ignition-common4-graphics
[1.377s] -- Looking for ignition-math6 -- found version 6.15.1
[1.378s] -- Looking for ignition-utils1 -- found version 1.5.1
[1.379s] -- Searching for <ignition-common4> component [events]
[1.380s] -- Looking for ignition-plugin1 -- found version 1.4.0
[1.381s] -- Searching for dependencies of ignition-plugin1
[1.381s] -- Searching for <ignition-plugin1> component [all]
[1.382s] -- Looking for all libraries of ignition-plugin1 -- found version 1.4.0
[1.385s] -- Looking for ignition-plugin1 -- found version 1.4.0
[1.385s] -- Looking for ignition-msgs8 -- found version 8.7.0
[1.421s] -- Looking for ignition-physics5 -- found version 5.3.2
[1.422s] -- Searching for dependencies of ignition-physics5
[1.423s] -- Looking for ignition-math6 -- found version 6.15.1
[1.424s] -- Looking for ignition-plugin1 -- found version 1.4.0
[1.425s] -- Looking for ignition-utils1 -- found version 1.5.1
[1.427s] -- Searching for <ignition-physics5> component [heightmap]
[1.427s] -- Looking for ignition-physics5-heightmap -- found version 5.3.2
[1.428s] -- Searching for dependencies of ignition-physics5-heightmap
[1.429s] -- Looking for ignition-common4 -- found version 4.7.0
[1.429s] -- Searching for <ignition-physics5> component [mesh]
[1.430s] -- Looking for ignition-physics5-mesh -- found version 5.3.2
[1.431s] -- Searching for dependencies of ignition-physics5-mesh
[1.431s] -- Looking for ignition-common4 -- found version 4.7.0
[1.432s] -- Searching for <ignition-physics5> component [sdf]
[1.433s] -- Looking for ignition-physics5-sdf -- found version 5.3.2
[1.434s] -- Searching for dependencies of ignition-physics5-sdf
[1.434s] -- Looking for sdformat12 -- found version 12.9.0
[1.436s] -- Looking for ignition-sensors6 -- found version 6.9.0
[1.437s] -- Searching for dependencies of ignition-sensors6
[1.494s] -- Found Protobuf: /usr/lib/x86_64-linux-gnu/libprotobuf.so (found version "3.12.4") 
[1.494s] -- Looking for ignition-math6 -- found version 6.15.1
[1.495s] -- Looking for ignition-common4 -- found version 4.7.0
[1.495s] -- Looking for ignition-transport11 -- found version 11.4.1
[1.495s] -- Looking for ignition-rendering6 -- found version 6.6.3
[1.495s] -- Looking for ignition-msgs8 -- found version 8.7.0
[1.495s] -- Looking for sdformat12 -- found version 12.9.0
[1.495s] -- Searching for <ignition-sensors6> component [air_pressure]
[1.495s] -- Looking for ignition-sensors6-air_pressure -- found version 6.9.0
[1.497s] -- Searching for dependencies of ignition-sensors6-air_pressure
[1.497s] -- Searching for <ignition-sensors6> component [altimeter]
[1.501s] -- Looking for ignition-sensors6-altimeter -- found version 6.9.0
[1.501s] -- Searching for dependencies of ignition-sensors6-altimeter
[1.502s] -- Searching for <ignition-sensors6> component [imu]
[1.514s] -- Looking for ignition-sensors6-imu -- found version 6.9.0
[1.514s] -- Searching for dependencies of ignition-sensors6-imu
[1.514s] -- Searching for <ignition-sensors6> component [force_torque]
[1.515s] -- Looking for ignition-sensors6-force_torque -- found version 6.9.0
[1.515s] -- Searching for dependencies of ignition-sensors6-force_torque
[1.516s] -- Searching for <ignition-sensors6> component [logical_camera]
[1.518s] -- Looking for ignition-sensors6-logical_camera -- found version 6.9.0
[1.518s] -- Searching for dependencies of ignition-sensors6-logical_camera
[1.518s] -- Searching for <ignition-sensors6> component [magnetometer]
[1.519s] -- Looking for ignition-sensors6-magnetometer -- found version 6.9.0
[1.526s] -- Searching for dependencies of ignition-sensors6-magnetometer
[1.527s] -- Searching for <ignition-sensors6> component [navsat]
[1.528s] -- Looking for ignition-sensors6-navsat -- found version 6.9.0
[1.529s] -- Searching for dependencies of ignition-sensors6-navsat
[1.530s] -- Searching for <ignition-sensors6> component [rendering]
[1.531s] -- Looking for ignition-sensors6-rendering -- found version 6.9.0
[1.531s] -- Searching for dependencies of ignition-sensors6-rendering
[1.536s] -- Searching for <ignition-sensors6> component [lidar]
[1.537s] -- Looking for ignition-sensors6-lidar -- found version 6.9.0
[1.539s] -- Searching for dependencies of ignition-sensors6-lidar
[1.539s] -- Looking for ignition-sensors6 -- found version 6.9.0
[1.540s] -- Searching for <ignition-sensors6> component [gpu_lidar]
[1.545s] -- Looking for ignition-sensors6-gpu_lidar -- found version 6.9.0
[1.545s] -- Searching for dependencies of ignition-sensors6-gpu_lidar
[1.545s] -- Looking for ignition-sensors6 -- found version 6.9.0
[1.546s] -- Searching for <ignition-sensors6> component [camera]
[1.546s] -- Looking for ignition-sensors6-camera -- found version 6.9.0
[1.546s] -- Searching for dependencies of ignition-sensors6-camera
[1.547s] -- Looking for ignition-sensors6 -- found version 6.9.0
[1.547s] -- Searching for <ignition-sensors6> component [boundingbox_camera]
[1.548s] -- Looking for ignition-sensors6-boundingbox_camera -- found version 6.9.0
[1.548s] -- Searching for dependencies of ignition-sensors6-boundingbox_camera
[1.549s] -- Searching for <ignition-sensors6> component [segmentation_camera]
[1.549s] -- Looking for ignition-sensors6-segmentation_camera -- found version 6.9.0
[1.550s] -- Searching for dependencies of ignition-sensors6-segmentation_camera
[1.551s] -- Searching for <ignition-sensors6> component [depth_camera]
[1.551s] -- Looking for ignition-sensors6-depth_camera -- found version 6.9.0
[1.555s] -- Searching for dependencies of ignition-sensors6-depth_camera
[1.555s] -- Looking for ignition-sensors6 -- found version 6.9.0
[1.555s] -- Searching for <ignition-sensors6> component [rgbd_camera]
[1.555s] -- Looking for ignition-sensors6-rgbd_camera -- found version 6.9.0
[1.555s] -- Searching for dependencies of ignition-sensors6-rgbd_camera
[1.555s] -- Looking for ignition-sensors6 -- found version 6.9.0
[1.555s] -- Searching for <ignition-sensors6> component [thermal_camera]
[1.556s] -- Looking for ignition-sensors6-thermal_camera -- found version 6.9.0
[1.556s] -- Searching for dependencies of ignition-sensors6-thermal_camera
[1.557s] -- Looking for ignition-sensors6 -- found version 6.9.0
[1.559s] -- Looking for ignition-rendering6 -- found version 6.6.3
[1.559s] -- Looking for ignition-math6 -- found version 6.15.1
[1.559s] -- Looking for ignition-utils1 -- found version 1.5.1
[1.599s] -- Looking for ignition-common4 -- found version 4.7.0
[1.599s] -- Looking for ignition-math6 -- found version 6.15.1
[1.604s] -- Looking for ignition-transport11 -- found version 11.4.1
[1.604s] -- Looking for ignition-plugin1 -- found version 1.4.0
[1.604s] -- Looking for ignition-rendering6 -- found version 6.6.3
[1.604s] -- Looking for ignition-msgs8 -- found version 8.7.0
[1.604s] -- Found ament_cmake: 1.3.12 (/opt/ros/humble/share/ament_cmake/cmake)
[1.955s] -- Override CMake install command with custom implementation using symlinks instead of copying resources
[1.979s] -- Found ros_gz_sim: 0.244.20 (/opt/ros/humble/share/ros_gz_sim/cmake)
[2.015s] -- Found rosidl_generator_c: 3.1.7 (/opt/ros/humble/share/rosidl_generator_c/cmake)
[2.019s] -- Found rosidl_adapter: 3.1.7 (/opt/ros/humble/share/rosidl_adapter/cmake)
[2.027s] -- Found rosidl_generator_cpp: 3.1.7 (/opt/ros/humble/share/rosidl_generator_cpp/cmake)
[2.043s] -- Using all available rosidl_typesupport_c: rosidl_typesupport_fastrtps_c;rosidl_typesupport_introspection_c
[2.063s] -- Using all available rosidl_typesupport_cpp: rosidl_typesupport_fastrtps_cpp;rosidl_typesupport_introspection_cpp
[2.127s] -- Found rmw_implementation_cmake: 6.1.2 (/opt/ros/humble/share/rmw_implementation_cmake/cmake)
[2.131s] -- Found rmw_fastrtps_cpp: 6.2.9 (/opt/ros/humble/share/rmw_fastrtps_cpp/cmake)
[2.362s] -- Using RMW implementation 'rmw_fastrtps_cpp' as default
[2.433s] -- Found ros_gz_bridge: 0.244.20 (/opt/ros/humble/share/ros_gz_bridge/cmake)
[2.703s] -- Found as2_core: 1.1.3 (/root/aerostack2_ws/install/as2_core/share/as2_core/cmake)
[2.703s] -- Created yaml-cpp::yaml-cpp alias from yaml-cpp target
[2.704s] -- Created GeographicLib::GeographicLib target from legacy variables
[2.808s] -- Found eigen3_cmake_module: 0.1.1 (/opt/ros/humble/share/eigen3_cmake_module/cmake)
[2.809s] -- Ensuring Eigen3 include directory is part of orocos-kdl CMake target
[3.123s] -- Found ament_lint_auto: 0.12.14 (/opt/ros/humble/share/ament_lint_auto/cmake)
[3.881s] -- Found ament_cmake_pytest: 1.3.12 (/opt/ros/humble/share/ament_cmake_pytest/cmake)
[6.329s] -- Added test 'copyright' to check source files copyright and LICENSE
[6.364s] -- Added test 'cppcheck' to perform static code analysis on C / C++ code
[6.365s] -- Configured cppcheck include dirs: /root/aerostack2_ws/src/aerostack2/as2_simulation_assets/as2_gazebo_assets/include;/root/aerostack2_ws/src/aerostack2/as2_simulation_assets/as2_gazebo_assets/include/as2_gazebo_assets
[6.365s] -- Configured cppcheck exclude dirs and/or files: 
[6.402s] -- Added test 'cpplint' to check C / C++ code against the Google style
[6.402s] -- Configured cpplint exclude dirs and/or files: 
[6.410s] -- Added test 'flake8' to check Python code syntax and style conventions
[6.434s] -- Added test 'lint_cmake' to check CMake code style
[6.441s] -- Added test 'pep257' to check Python code against some of the docstring style conventions in PEP 257
[6.526s] -- Added test 'uncrustify' to check C / C++ code style
[6.526s] -- Configured uncrustify additional arguments: 
[6.534s] -- Added test 'xmllint' to check XML markup files
[6.544s] -- Configuring done
[6.688s] -- Generating done
[6.731s] -- Build files have been written to: /root/aerostack2_ws/build/as2_gazebo_assets
[6.755s] Invoked command in '/root/aerostack2_ws/build/as2_gazebo_assets' returned '0': CMAKE_PREFIX_PATH=/root/aerostack2_ws/install/as2_core:/root/aerostack2_ws/install/as2_msgs:/root/aerostack2_ws/install/aerostack2:/root/aerostack2_ws/install/as2_usb_camera_interface:/root/aerostack2_ws/install/as2_state_estimator:/root/aerostack2_ws/install/as2_rviz_plugins:/root/aerostack2_ws/install/as2_realsense_interface:/root/aerostack2_ws/install/as2_platform_multirotor_simulator:/root/aerostack2_ws/install/as2_platform_gazebo:/root/aerostack2_ws/install/as2_motion_controller:/root/aerostack2_ws/install/as2_behaviors_trajectory_generation:/root/aerostack2_ws/install/as2_behaviors_swarm_flocking:/root/aerostack2_ws/install/as2_behaviors_motion:/root/aerostack2_ws/install/as2_motion_reference_handlers:/root/aerostack2_ws/install/as2_map_server:/root/aerostack2_ws/install/as2_geozones:/root/aerostack2_ws/install/as2_gazebo_assets:/root/aerostack2_ws/install/as2_external_object_to_tf:/root/aerostack2_ws/install/as2_behaviors_platform:/root/aerostack2_ws/install/as2_behaviors_perception:/root/aerostack2_ws/install/as2_behaviors_path_planning:/root/aerostack2_ws/install/as2_behavior_tree:/root/aerostack2_ws/install/as2_behavior:/root/aerostack2_ws/install/as2_alphanumeric_viewer:/root/aerostack2_ws/install/as2_cli:/root/aerostack2_ws/src/aerostack2/install/as2_motion_reference_handlers:/root/aerostack2_ws/src/aerostack2/install/as2_map_server:/root/aerostack2_ws/src/aerostack2/install/as2_geozones:/root/aerostack2_ws/src/aerostack2/install/as2_behavior:/root/aerostack2_ws/src/aerostack2/install/as2_core:/root/aerostack2_ws/src/aerostack2/install/as2_msgs:/root/aerostack2_ws/src/aerostack2/install/as2_cli:/root/aerostack2_ws/install/as2_visualization:/root/aerostack2_ws/install/as2_keyboard_teleoperation:/root/aerostack2_ws/install/as2_python_api:/root/aerostack2_ws/src/aerostack2/install/as2_python_api:/opt/ros/humble LD_LIBRARY_PATH=/root/aerostack2_ws/install/as2_core/lib:/root/aerostack2_ws/install/as2_msgs/lib:/root/aerostack2_ws/install/as2_state_estimator/lib:/root/aerostack2_ws/install/as2_python_api/lib:/root/aerostack2_ws/install/as2_motion_controller/lib:/root/aerostack2_ws/install/as2_behaviors_trajectory_generation/lib:/root/aerostack2_ws/install/as2_behaviors_swarm_flocking/lib:/root/aerostack2_ws/install/as2_behaviors_motion/lib:/root/aerostack2_ws/install/as2_motion_reference_handlers/lib:/root/aerostack2_ws/install/as2_map_server/lib:/root/aerostack2_ws/install/as2_gazebo_assets/lib:/root/aerostack2_ws/install/as2_behaviors_perception/lib:/root/aerostack2_ws/install/as2_behaviors_path_planning/lib:/root/aerostack2_ws/install/as2_behavior_tree/lib:/root/aerostack2_ws/install/as2_behavior/lib:/root/aerostack2_ws/src/aerostack2/install/as2_python_api/lib:/root/aerostack2_ws/src/aerostack2/install/as2_motion_reference_handlers/lib:/root/aerostack2_ws/src/aerostack2/install/as2_map_server/lib:/root/aerostack2_ws/src/aerostack2/install/as2_behavior/lib:/root/aerostack2_ws/src/aerostack2/install/as2_core/lib:/root/aerostack2_ws/src/aerostack2/install/as2_msgs/lib:/opt/ros/humble/opt/rviz_ogre_vendor/lib:/opt/ros/humble/lib/x86_64-linux-gnu:/opt/ros/humble/lib /usr/bin/cmake /root/aerostack2_ws/src/aerostack2/as2_simulation_assets/as2_gazebo_assets -DCMAKE_INSTALL_PREFIX=/root/aerostack2_ws/install/as2_gazebo_assets
[6.756s] Invoking command in '/root/aerostack2_ws/build/as2_gazebo_assets': CMAKE_PREFIX_PATH=/root/aerostack2_ws/install/as2_core:/root/aerostack2_ws/install/as2_msgs:/root/aerostack2_ws/install/aerostack2:/root/aerostack2_ws/install/as2_usb_camera_interface:/root/aerostack2_ws/install/as2_state_estimator:/root/aerostack2_ws/install/as2_rviz_plugins:/root/aerostack2_ws/install/as2_realsense_interface:/root/aerostack2_ws/install/as2_platform_multirotor_simulator:/root/aerostack2_ws/install/as2_platform_gazebo:/root/aerostack2_ws/install/as2_motion_controller:/root/aerostack2_ws/install/as2_behaviors_trajectory_generation:/root/aerostack2_ws/install/as2_behaviors_swarm_flocking:/root/aerostack2_ws/install/as2_behaviors_motion:/root/aerostack2_ws/install/as2_motion_reference_handlers:/root/aerostack2_ws/install/as2_map_server:/root/aerostack2_ws/install/as2_geozones:/root/aerostack2_ws/install/as2_gazebo_assets:/root/aerostack2_ws/install/as2_external_object_to_tf:/root/aerostack2_ws/install/as2_behaviors_platform:/root/aerostack2_ws/install/as2_behaviors_perception:/root/aerostack2_ws/install/as2_behaviors_path_planning:/root/aerostack2_ws/install/as2_behavior_tree:/root/aerostack2_ws/install/as2_behavior:/root/aerostack2_ws/install/as2_alphanumeric_viewer:/root/aerostack2_ws/install/as2_cli:/root/aerostack2_ws/src/aerostack2/install/as2_motion_reference_handlers:/root/aerostack2_ws/src/aerostack2/install/as2_map_server:/root/aerostack2_ws/src/aerostack2/install/as2_geozones:/root/aerostack2_ws/src/aerostack2/install/as2_behavior:/root/aerostack2_ws/src/aerostack2/install/as2_core:/root/aerostack2_ws/src/aerostack2/install/as2_msgs:/root/aerostack2_ws/src/aerostack2/install/as2_cli:/root/aerostack2_ws/install/as2_visualization:/root/aerostack2_ws/install/as2_keyboard_teleoperation:/root/aerostack2_ws/install/as2_python_api:/root/aerostack2_ws/src/aerostack2/install/as2_python_api:/opt/ros/humble LD_LIBRARY_PATH=/root/aerostack2_ws/install/as2_core/lib:/root/aerostack2_ws/install/as2_msgs/lib:/root/aerostack2_ws/install/as2_state_estimator/lib:/root/aerostack2_ws/install/as2_python_api/lib:/root/aerostack2_ws/install/as2_motion_controller/lib:/root/aerostack2_ws/install/as2_behaviors_trajectory_generation/lib:/root/aerostack2_ws/install/as2_behaviors_swarm_flocking/lib:/root/aerostack2_ws/install/as2_behaviors_motion/lib:/root/aerostack2_ws/install/as2_motion_reference_handlers/lib:/root/aerostack2_ws/install/as2_map_server/lib:/root/aerostack2_ws/install/as2_gazebo_assets/lib:/root/aerostack2_ws/install/as2_behaviors_perception/lib:/root/aerostack2_ws/install/as2_behaviors_path_planning/lib:/root/aerostack2_ws/install/as2_behavior_tree/lib:/root/aerostack2_ws/install/as2_behavior/lib:/root/aerostack2_ws/src/aerostack2/install/as2_python_api/lib:/root/aerostack2_ws/src/aerostack2/install/as2_motion_reference_handlers/lib:/root/aerostack2_ws/src/aerostack2/install/as2_map_server/lib:/root/aerostack2_ws/src/aerostack2/install/as2_behavior/lib:/root/aerostack2_ws/src/aerostack2/install/as2_core/lib:/root/aerostack2_ws/src/aerostack2/install/as2_msgs/lib:/opt/ros/humble/opt/rviz_ogre_vendor/lib:/opt/ros/humble/lib/x86_64-linux-gnu:/opt/ros/humble/lib /usr/bin/cmake --build /root/aerostack2_ws/build/as2_gazebo_assets -- -j8 -l8
[6.973s] [35m[1mConsolidate compiler generated dependencies of target acro_bridge[0m
[6.973s] [35m[1mConsolidate compiler generated dependencies of target gps_bridge[0m
[6.973s] [35m[1mConsolidate compiler generated dependencies of target azimuth_bridge[0m
[6.974s] [35m[1mConsolidate compiler generated dependencies of target ground_truth_bridge[0m
[6.974s] [35m[1mConsolidate compiler generated dependencies of target set_entity_pose_bridge[0m
[6.974s] [35m[1mConsolidate compiler generated dependencies of target object_tf_broadcaster[0m
[6.974s] [35m[1mConsolidate compiler generated dependencies of target gimbal_bridge[0m
[6.974s] [35m[1mConsolidate compiler generated dependencies of target MulticopterINDIControl[0m
[6.974s] [ 12%] Built target set_entity_pose_bridge
[6.974s] [ 25%] Built target azimuth_bridge
[6.974s] [ 37%] Built target acro_bridge
[6.974s] [ 50%] Built target ground_truth_bridge
[6.982s] [ 62%] Built target MulticopterINDIControl
[6.982s] [ 75%] Built target gps_bridge
[6.990s] [ 87%] Built target object_tf_broadcaster
[7.003s] [100%] Built target gimbal_bridge
[7.015s] [100%] Built target ament_cmake_python_symlink_as2_gazebo_assets
[7.501s] running egg_info
[7.501s] writing as2_gazebo_assets.egg-info/PKG-INFO
[7.502s] writing dependency_links to as2_gazebo_assets.egg-info/dependency_links.txt
[7.502s] writing top-level names to as2_gazebo_assets.egg-info/top_level.txt
[7.505s] reading manifest file 'as2_gazebo_assets.egg-info/SOURCES.txt'
[7.506s] writing manifest file 'as2_gazebo_assets.egg-info/SOURCES.txt'
[7.538s] [100%] Built target ament_cmake_python_build_as2_gazebo_assets_egg
[7.567s] Invoked command in '/root/aerostack2_ws/build/as2_gazebo_assets' returned '0': CMAKE_PREFIX_PATH=/root/aerostack2_ws/install/as2_core:/root/aerostack2_ws/install/as2_msgs:/root/aerostack2_ws/install/aerostack2:/root/aerostack2_ws/install/as2_usb_camera_interface:/root/aerostack2_ws/install/as2_state_estimator:/root/aerostack2_ws/install/as2_rviz_plugins:/root/aerostack2_ws/install/as2_realsense_interface:/root/aerostack2_ws/install/as2_platform_multirotor_simulator:/root/aerostack2_ws/install/as2_platform_gazebo:/root/aerostack2_ws/install/as2_motion_controller:/root/aerostack2_ws/install/as2_behaviors_trajectory_generation:/root/aerostack2_ws/install/as2_behaviors_swarm_flocking:/root/aerostack2_ws/install/as2_behaviors_motion:/root/aerostack2_ws/install/as2_motion_reference_handlers:/root/aerostack2_ws/install/as2_map_server:/root/aerostack2_ws/install/as2_geozones:/root/aerostack2_ws/install/as2_gazebo_assets:/root/aerostack2_ws/install/as2_external_object_to_tf:/root/aerostack2_ws/install/as2_behaviors_platform:/root/aerostack2_ws/install/as2_behaviors_perception:/root/aerostack2_ws/install/as2_behaviors_path_planning:/root/aerostack2_ws/install/as2_behavior_tree:/root/aerostack2_ws/install/as2_behavior:/root/aerostack2_ws/install/as2_alphanumeric_viewer:/root/aerostack2_ws/install/as2_cli:/root/aerostack2_ws/src/aerostack2/install/as2_motion_reference_handlers:/root/aerostack2_ws/src/aerostack2/install/as2_map_server:/root/aerostack2_ws/src/aerostack2/install/as2_geozones:/root/aerostack2_ws/src/aerostack2/install/as2_behavior:/root/aerostack2_ws/src/aerostack2/install/as2_core:/root/aerostack2_ws/src/aerostack2/install/as2_msgs:/root/aerostack2_ws/src/aerostack2/install/as2_cli:/root/aerostack2_ws/install/as2_visualization:/root/aerostack2_ws/install/as2_keyboard_teleoperation:/root/aerostack2_ws/install/as2_python_api:/root/aerostack2_ws/src/aerostack2/install/as2_python_api:/opt/ros/humble LD_LIBRARY_PATH=/root/aerostack2_ws/install/as2_core/lib:/root/aerostack2_ws/install/as2_msgs/lib:/root/aerostack2_ws/install/as2_state_estimator/lib:/root/aerostack2_ws/install/as2_python_api/lib:/root/aerostack2_ws/install/as2_motion_controller/lib:/root/aerostack2_ws/install/as2_behaviors_trajectory_generation/lib:/root/aerostack2_ws/install/as2_behaviors_swarm_flocking/lib:/root/aerostack2_ws/install/as2_behaviors_motion/lib:/root/aerostack2_ws/install/as2_motion_reference_handlers/lib:/root/aerostack2_ws/install/as2_map_server/lib:/root/aerostack2_ws/install/as2_gazebo_assets/lib:/root/aerostack2_ws/install/as2_behaviors_perception/lib:/root/aerostack2_ws/install/as2_behaviors_path_planning/lib:/root/aerostack2_ws/install/as2_behavior_tree/lib:/root/aerostack2_ws/install/as2_behavior/lib:/root/aerostack2_ws/src/aerostack2/install/as2_python_api/lib:/root/aerostack2_ws/src/aerostack2/install/as2_motion_reference_handlers/lib:/root/aerostack2_ws/src/aerostack2/install/as2_map_server/lib:/root/aerostack2_ws/src/aerostack2/install/as2_behavior/lib:/root/aerostack2_ws/src/aerostack2/install/as2_core/lib:/root/aerostack2_ws/src/aerostack2/install/as2_msgs/lib:/opt/ros/humble/opt/rviz_ogre_vendor/lib:/opt/ros/humble/lib/x86_64-linux-gnu:/opt/ros/humble/lib /usr/bin/cmake --build /root/aerostack2_ws/build/as2_gazebo_assets -- -j8 -l8
[7.567s] Invoking command in '/root/aerostack2_ws/build/as2_gazebo_assets': CMAKE_PREFIX_PATH=/root/aerostack2_ws/install/as2_core:/root/aerostack2_ws/install/as2_msgs:/root/aerostack2_ws/install/aerostack2:/root/aerostack2_ws/install/as2_usb_camera_interface:/root/aerostack2_ws/install/as2_state_estimator:/root/aerostack2_ws/install/as2_rviz_plugins:/root/aerostack2_ws/install/as2_realsense_interface:/root/aerostack2_ws/install/as2_platform_multirotor_simulator:/root/aerostack2_ws/install/as2_platform_gazebo:/root/aerostack2_ws/install/as2_motion_controller:/root/aerostack2_ws/install/as2_behaviors_trajectory_generation:/root/aerostack2_ws/install/as2_behaviors_swarm_flocking:/root/aerostack2_ws/install/as2_behaviors_motion:/root/aerostack2_ws/install/as2_motion_reference_handlers:/root/aerostack2_ws/install/as2_map_server:/root/aerostack2_ws/install/as2_geozones:/root/aerostack2_ws/install/as2_gazebo_assets:/root/aerostack2_ws/install/as2_external_object_to_tf:/root/aerostack2_ws/install/as2_behaviors_platform:/root/aerostack2_ws/install/as2_behaviors_perception:/root/aerostack2_ws/install/as2_behaviors_path_planning:/root/aerostack2_ws/install/as2_behavior_tree:/root/aerostack2_ws/install/as2_behavior:/root/aerostack2_ws/install/as2_alphanumeric_viewer:/root/aerostack2_ws/install/as2_cli:/root/aerostack2_ws/src/aerostack2/install/as2_motion_reference_handlers:/root/aerostack2_ws/src/aerostack2/install/as2_map_server:/root/aerostack2_ws/src/aerostack2/install/as2_geozones:/root/aerostack2_ws/src/aerostack2/install/as2_behavior:/root/aerostack2_ws/src/aerostack2/install/as2_core:/root/aerostack2_ws/src/aerostack2/install/as2_msgs:/root/aerostack2_ws/src/aerostack2/install/as2_cli:/root/aerostack2_ws/install/as2_visualization:/root/aerostack2_ws/install/as2_keyboard_teleoperation:/root/aerostack2_ws/install/as2_python_api:/root/aerostack2_ws/src/aerostack2/install/as2_python_api:/opt/ros/humble LD_LIBRARY_PATH=/root/aerostack2_ws/install/as2_core/lib:/root/aerostack2_ws/install/as2_msgs/lib:/root/aerostack2_ws/install/as2_state_estimator/lib:/root/aerostack2_ws/install/as2_python_api/lib:/root/aerostack2_ws/install/as2_motion_controller/lib:/root/aerostack2_ws/install/as2_behaviors_trajectory_generation/lib:/root/aerostack2_ws/install/as2_behaviors_swarm_flocking/lib:/root/aerostack2_ws/install/as2_behaviors_motion/lib:/root/aerostack2_ws/install/as2_motion_reference_handlers/lib:/root/aerostack2_ws/install/as2_map_server/lib:/root/aerostack2_ws/install/as2_gazebo_assets/lib:/root/aerostack2_ws/install/as2_behaviors_perception/lib:/root/aerostack2_ws/install/as2_behaviors_path_planning/lib:/root/aerostack2_ws/install/as2_behavior_tree/lib:/root/aerostack2_ws/install/as2_behavior/lib:/root/aerostack2_ws/src/aerostack2/install/as2_python_api/lib:/root/aerostack2_ws/src/aerostack2/install/as2_motion_reference_handlers/lib:/root/aerostack2_ws/src/aerostack2/install/as2_map_server/lib:/root/aerostack2_ws/src/aerostack2/install/as2_behavior/lib:/root/aerostack2_ws/src/aerostack2/install/as2_core/lib:/root/aerostack2_ws/src/aerostack2/install/as2_msgs/lib:/opt/ros/humble/opt/rviz_ogre_vendor/lib:/opt/ros/humble/lib/x86_64-linux-gnu:/opt/ros/humble/lib /usr/bin/cmake --install /root/aerostack2_ws/build/as2_gazebo_assets
[7.585s] -- Install configuration: "Release"
[7.585s] -- Execute custom install script
[7.585s] -- Up-to-date symlink: /root/aerostack2_ws/install/as2_gazebo_assets/share/as2_gazebo_assets/environment/resource_paths.dsv
[7.585s] -- Up-to-date symlink: /root/aerostack2_ws/install/as2_gazebo_assets/share/as2_gazebo_assets/environment/resource_paths.sh
[7.585s] -- Up-to-date symlink: /root/aerostack2_ws/install/as2_gazebo_assets/lib/as2_gazebo_assets/azimuth_bridge
[7.585s] -- Up-to-date symlink: /root/aerostack2_ws/install/as2_gazebo_assets/lib/as2_gazebo_assets/gps_bridge
[7.585s] -- Up-to-date symlink: /root/aerostack2_ws/install/as2_gazebo_assets/lib/as2_gazebo_assets/ground_truth_bridge
[7.585s] -- Up-to-date symlink: /root/aerostack2_ws/install/as2_gazebo_assets/lib/as2_gazebo_assets/object_tf_broadcaster
[7.585s] -- Up-to-date symlink: /root/aerostack2_ws/install/as2_gazebo_assets/lib/as2_gazebo_assets/gimbal_bridge
[7.585s] -- Up-to-date symlink: /root/aerostack2_ws/install/as2_gazebo_assets/lib/as2_gazebo_assets/acro_bridge
[7.585s] -- Up-to-date symlink: /root/aerostack2_ws/install/as2_gazebo_assets/lib/as2_gazebo_assets/set_entity_pose_bridge
[7.585s] -- Up-to-date symlink: /root/aerostack2_ws/install/as2_gazebo_assets/lib/libMulticopterINDIControl.so
[7.585s] -- Up-to-date symlink: /root/aerostack2_ws/install/as2_gazebo_assets/share/as2_gazebo_assets/environment/pythonpath.sh
[7.586s] -- Up-to-date symlink: /root/aerostack2_ws/install/as2_gazebo_assets/share/as2_gazebo_assets/environment/pythonpath.dsv
[7.586s] -- Up-to-date symlink: /root/aerostack2_ws/install/as2_gazebo_assets/local/lib/python3.10/dist-packages/as2_gazebo_assets-1.1.3-py3.10.egg-info/PKG-INFO
[7.586s] -- Up-to-date symlink: /root/aerostack2_ws/install/as2_gazebo_assets/local/lib/python3.10/dist-packages/as2_gazebo_assets-1.1.3-py3.10.egg-info/SOURCES.txt
[7.586s] -- Up-to-date symlink: /root/aerostack2_ws/install/as2_gazebo_assets/local/lib/python3.10/dist-packages/as2_gazebo_assets-1.1.3-py3.10.egg-info/dependency_links.txt
[7.586s] -- Up-to-date symlink: /root/aerostack2_ws/install/as2_gazebo_assets/local/lib/python3.10/dist-packages/as2_gazebo_assets-1.1.3-py3.10.egg-info/top_level.txt
[7.586s] -- Up-to-date symlink: /root/aerostack2_ws/install/as2_gazebo_assets/local/lib/python3.10/dist-packages/as2_gazebo_assets/__init__.py
[7.586s] -- Up-to-date symlink: /root/aerostack2_ws/install/as2_gazebo_assets/local/lib/python3.10/dist-packages/as2_gazebo_assets/bridges/__init__.py
[7.586s] -- Up-to-date symlink: /root/aerostack2_ws/install/as2_gazebo_assets/local/lib/python3.10/dist-packages/as2_gazebo_assets/bridges/bridge.py
[7.586s] -- Up-to-date symlink: /root/aerostack2_ws/install/as2_gazebo_assets/local/lib/python3.10/dist-packages/as2_gazebo_assets/bridges/bridges.py
[7.587s] -- Up-to-date symlink: /root/aerostack2_ws/install/as2_gazebo_assets/local/lib/python3.10/dist-packages/as2_gazebo_assets/bridges/custom_bridges.py
[7.587s] -- Up-to-date symlink: /root/aerostack2_ws/install/as2_gazebo_assets/local/lib/python3.10/dist-packages/as2_gazebo_assets/models/__init__.py
[7.587s] -- Up-to-date symlink: /root/aerostack2_ws/install/as2_gazebo_assets/local/lib/python3.10/dist-packages/as2_gazebo_assets/models/drone.py
[7.587s] -- Up-to-date symlink: /root/aerostack2_ws/install/as2_gazebo_assets/local/lib/python3.10/dist-packages/as2_gazebo_assets/models/entity.py
[7.587s] -- Up-to-date symlink: /root/aerostack2_ws/install/as2_gazebo_assets/local/lib/python3.10/dist-packages/as2_gazebo_assets/models/object.py
[7.587s] -- Up-to-date symlink: /root/aerostack2_ws/install/as2_gazebo_assets/local/lib/python3.10/dist-packages/as2_gazebo_assets/models/payload.py
[7.587s] -- Up-to-date symlink: /root/aerostack2_ws/install/as2_gazebo_assets/local/lib/python3.10/dist-packages/as2_gazebo_assets/tests/test_models.py
[7.587s] -- Up-to-date symlink: /root/aerostack2_ws/install/as2_gazebo_assets/local/lib/python3.10/dist-packages/as2_gazebo_assets/utils/launch_exception.py
[7.587s] -- Up-to-date symlink: /root/aerostack2_ws/install/as2_gazebo_assets/local/lib/python3.10/dist-packages/as2_gazebo_assets/world.py
[7.588s] -- Up-to-date symlink: /root/aerostack2_ws/install/as2_gazebo_assets/include/as2_gazebo_assets/acro_bridge.hpp
[7.589s] -- Up-to-date symlink: /root/aerostack2_ws/install/as2_gazebo_assets/include/as2_gazebo_assets/azimuth_bridge.hpp
[7.589s] -- Up-to-date symlink: /root/aerostack2_ws/install/as2_gazebo_assets/include/as2_gazebo_assets/gimbal_bridge.hpp
[7.589s] -- Up-to-date symlink: /root/aerostack2_ws/install/as2_gazebo_assets/include/as2_gazebo_assets/gps_bridge.hpp
[7.589s] -- Up-to-date symlink: /root/aerostack2_ws/install/as2_gazebo_assets/include/as2_gazebo_assets/ground_truth_bridge.hpp
[7.589s] -- Up-to-date symlink: /root/aerostack2_ws/install/as2_gazebo_assets/include/as2_gazebo_assets/object_tf_broadcaster.hpp
[7.589s] -- Up-to-date symlink: /root/aerostack2_ws/install/as2_gazebo_assets/include/as2_gazebo_assets/set_entity_pose_bridge.hpp
[7.589s] -- Up-to-date symlink: /root/aerostack2_ws/install/as2_gazebo_assets/share/as2_gazebo_assets/launch/drone_bridges.py
[7.589s] -- Up-to-date symlink: /root/aerostack2_ws/install/as2_gazebo_assets/share/as2_gazebo_assets/launch/launch_simulation.py
[7.589s] -- Up-to-date symlink: /root/aerostack2_ws/install/as2_gazebo_assets/share/as2_gazebo_assets/launch/monitor_sim.py
[7.589s] -- Up-to-date symlink: /root/aerostack2_ws/install/as2_gazebo_assets/share/as2_gazebo_assets/launch/object_bridges.py
[7.589s] -- Up-to-date symlink: /root/aerostack2_ws/install/as2_gazebo_assets/share/as2_gazebo_assets/launch/world_bridges.py
[7.590s] -- Up-to-date symlink: /root/aerostack2_ws/install/as2_gazebo_assets/share/as2_gazebo_assets/worlds/empty.sdf.jinja
[7.590s] -- Up-to-date symlink: /root/aerostack2_ws/install/as2_gazebo_assets/share/as2_gazebo_assets/worlds/grass.sdf.jinja
[7.590s] -- Up-to-date symlink: /root/aerostack2_ws/install/as2_gazebo_assets/share/as2_gazebo_assets/worlds/test_gripper.sdf
[7.590s] -- Up-to-date symlink: /root/aerostack2_ws/install/as2_gazebo_assets/share/as2_gazebo_assets/models/3d_lidar/3d_lidar.sdf
[7.590s] -- Up-to-date symlink: /root/aerostack2_ws/install/as2_gazebo_assets/share/as2_gazebo_assets/models/3d_lidar/model.config
[7.590s] -- Up-to-date symlink: /root/aerostack2_ws/install/as2_gazebo_assets/share/as2_gazebo_assets/models/air_pressure/air_pressure.sdf
[7.590s] -- Up-to-date symlink: /root/aerostack2_ws/install/as2_gazebo_assets/share/as2_gazebo_assets/models/air_pressure/model.config
[7.590s] -- Up-to-date symlink: /root/aerostack2_ws/install/as2_gazebo_assets/share/as2_gazebo_assets/models/aruco/aruco.sdf
[7.590s] -- Up-to-date symlink: /root/aerostack2_ws/install/as2_gazebo_assets/share/as2_gazebo_assets/models/aruco/materials/scripts/aruco.material
[7.591s] -- Up-to-date symlink: /root/aerostack2_ws/install/as2_gazebo_assets/share/as2_gazebo_assets/models/aruco/materials/textures/marker1.png
[7.591s] -- Up-to-date symlink: /root/aerostack2_ws/install/as2_gazebo_assets/share/as2_gazebo_assets/models/aruco/materials/textures/marker2.png
[7.591s] -- Up-to-date symlink: /root/aerostack2_ws/install/as2_gazebo_assets/share/as2_gazebo_assets/models/aruco/materials/textures/marker3.png
[7.591s] -- Up-to-date symlink: /root/aerostack2_ws/install/as2_gazebo_assets/share/as2_gazebo_assets/models/aruco/materials/textures/marker4.png
[7.591s] -- Up-to-date symlink: /root/aerostack2_ws/install/as2_gazebo_assets/share/as2_gazebo_assets/models/aruco/materials/textures/marker5.png
[7.591s] -- Up-to-date symlink: /root/aerostack2_ws/install/as2_gazebo_assets/share/as2_gazebo_assets/models/aruco/meshes/checkerboard_plane.dae
[7.591s] -- Up-to-date symlink: /root/aerostack2_ws/install/as2_gazebo_assets/share/as2_gazebo_assets/models/aruco/model.config
[7.591s] -- Up-to-date symlink: /root/aerostack2_ws/install/as2_gazebo_assets/share/as2_gazebo_assets/models/aruco_gate_1/aruco_gate_1.sdf
[7.591s] -- Up-to-date symlink: /root/aerostack2_ws/install/as2_gazebo_assets/share/as2_gazebo_assets/models/aruco_gate_1/meshes/background.stl
[7.591s] -- Up-to-date symlink: /root/aerostack2_ws/install/as2_gazebo_assets/share/as2_gazebo_assets/models/aruco_gate_1/meshes/base.stl
[7.591s] -- Up-to-date symlink: /root/aerostack2_ws/install/as2_gazebo_assets/share/as2_gazebo_assets/models/aruco_gate_1/meshes/base_2.stl
[7.591s] -- Up-to-date symlink: /root/aerostack2_ws/install/as2_gazebo_assets/share/as2_gazebo_assets/models/aruco_gate_1/meshes/hoop.stl
[7.592s] -- Up-to-date symlink: /root/aerostack2_ws/install/as2_gazebo_assets/share/as2_gazebo_assets/models/aruco_gate_1/meshes/hoop_2.stl
[7.592s] -- Up-to-date symlink: /root/aerostack2_ws/install/as2_gazebo_assets/share/as2_gazebo_assets/models/aruco_gate_1/model.config
[7.592s] -- Up-to-date symlink: /root/aerostack2_ws/install/as2_gazebo_assets/share/as2_gazebo_assets/models/aruco_gate_2/aruco_gate_2.sdf
[7.592s] -- Up-to-date symlink: /root/aerostack2_ws/install/as2_gazebo_assets/share/as2_gazebo_assets/models/aruco_gate_2/model.config
[7.592s] -- Up-to-date symlink: /root/aerostack2_ws/install/as2_gazebo_assets/share/as2_gazebo_assets/models/crazyflie/crazyflie.sdf
[7.593s] -- Up-to-date symlink: /root/aerostack2_ws/install/as2_gazebo_assets/share/as2_gazebo_assets/models/crazyflie/crazyflie.sdf.jinja
[7.593s] -- Up-to-date symlink: /root/aerostack2_ws/install/as2_gazebo_assets/share/as2_gazebo_assets/models/crazyflie/meshes/ccw_prop.dae
[7.593s] -- Up-to-date symlink: /root/aerostack2_ws/install/as2_gazebo_assets/share/as2_gazebo_assets/models/crazyflie/meshes/cf2_assembly.dae
[7.593s] -- Up-to-date symlink: /root/aerostack2_ws/install/as2_gazebo_assets/share/as2_gazebo_assets/models/crazyflie/meshes/cw_prop.dae
[7.593s] -- Up-to-date symlink: /root/aerostack2_ws/install/as2_gazebo_assets/share/as2_gazebo_assets/models/crazyflie/model.config
[7.593s] -- Up-to-date symlink: /root/aerostack2_ws/install/as2_gazebo_assets/share/as2_gazebo_assets/models/f330/f330.sdf
[7.593s] -- Up-to-date symlink: /root/aerostack2_ws/install/as2_gazebo_assets/share/as2_gazebo_assets/models/f330/f330.sdf.jinja
[7.593s] -- Up-to-date symlink: /root/aerostack2_ws/install/as2_gazebo_assets/share/as2_gazebo_assets/models/f330/meshes/model.dae
[7.593s] -- Up-to-date symlink: /root/aerostack2_ws/install/as2_gazebo_assets/share/as2_gazebo_assets/models/f330/model.config
[7.593s] -- Up-to-date symlink: /root/aerostack2_ws/install/as2_gazebo_assets/share/as2_gazebo_assets/models/gate/gate.sdf
[7.593s] -- Up-to-date symlink: /root/aerostack2_ws/install/as2_gazebo_assets/share/as2_gazebo_assets/models/gate/meshes/gate.dae
[7.594s] -- Up-to-date symlink: /root/aerostack2_ws/install/as2_gazebo_assets/share/as2_gazebo_assets/models/gate/meshes/gate_color.png
[7.594s] -- Up-to-date symlink: /root/aerostack2_ws/install/as2_gazebo_assets/share/as2_gazebo_assets/models/gate/model.config
[7.594s] -- Up-to-date symlink: /root/aerostack2_ws/install/as2_gazebo_assets/share/as2_gazebo_assets/models/gimbal/model.config
[7.594s] -- Up-to-date symlink: /root/aerostack2_ws/install/as2_gazebo_assets/share/as2_gazebo_assets/models/gimbal/position_gimbal.sdf
[7.594s] -- Up-to-date symlink: /root/aerostack2_ws/install/as2_gazebo_assets/share/as2_gazebo_assets/models/gimbal/position_gimbal.sdf.jinja
[7.594s] -- Up-to-date symlink: /root/aerostack2_ws/install/as2_gazebo_assets/share/as2_gazebo_assets/models/gimbal/speed_gimbal.sdf.jinja
[7.594s] -- Up-to-date symlink: /root/aerostack2_ws/install/as2_gazebo_assets/share/as2_gazebo_assets/models/gps/gps.sdf
[7.594s] -- Up-to-date symlink: /root/aerostack2_ws/install/as2_gazebo_assets/share/as2_gazebo_assets/models/gps/model.config
[7.594s] -- Up-to-date symlink: /root/aerostack2_ws/install/as2_gazebo_assets/share/as2_gazebo_assets/models/grass_patch/materials/textures/grass_dry.png
[7.594s] -- Up-to-date symlink: /root/aerostack2_ws/install/as2_gazebo_assets/share/as2_gazebo_assets/models/grass_patch/model.config
[7.594s] -- Up-to-date symlink: /root/aerostack2_ws/install/as2_gazebo_assets/share/as2_gazebo_assets/models/grass_patch/model.sdf
[7.594s] -- Up-to-date symlink: /root/aerostack2_ws/install/as2_gazebo_assets/share/as2_gazebo_assets/models/grass_patch/thumbnails/grasspatch.jpg
[7.595s] -- Up-to-date symlink: /root/aerostack2_ws/install/as2_gazebo_assets/share/as2_gazebo_assets/models/grayscaled_camera/grayscaled_camera.sdf
[7.595s] -- Up-to-date symlink: /root/aerostack2_ws/install/as2_gazebo_assets/share/as2_gazebo_assets/models/grayscaled_camera/grayscaled_camera.sdf.jinja
[7.595s] -- Up-to-date symlink: /root/aerostack2_ws/install/as2_gazebo_assets/share/as2_gazebo_assets/models/grayscaled_camera/model.config
[7.595s] -- Up-to-date symlink: /root/aerostack2_ws/install/as2_gazebo_assets/share/as2_gazebo_assets/models/ground_plane/ground_plane.sdf
[7.595s] -- Up-to-date symlink: /root/aerostack2_ws/install/as2_gazebo_assets/share/as2_gazebo_assets/models/ground_plane/model.config
[7.595s] -- Up-to-date symlink: /root/aerostack2_ws/install/as2_gazebo_assets/share/as2_gazebo_assets/models/hd_camera/hd_camera.sdf
[7.595s] -- Up-to-date symlink: /root/aerostack2_ws/install/as2_gazebo_assets/share/as2_gazebo_assets/models/hd_camera/hd_camera.sdf.jinja
[7.595s] -- Up-to-date symlink: /root/aerostack2_ws/install/as2_gazebo_assets/share/as2_gazebo_assets/models/hd_camera/model.config
[7.597s] -- Up-to-date symlink: /root/aerostack2_ws/install/as2_gazebo_assets/share/as2_gazebo_assets/models/hexrotor_base/hexrotor_base.sdf
[7.597s] -- Up-to-date symlink: /root/aerostack2_ws/install/as2_gazebo_assets/share/as2_gazebo_assets/models/hexrotor_base/hexrotor_base.sdf.jinja
[7.597s] -- Up-to-date symlink: /root/aerostack2_ws/install/as2_gazebo_assets/share/as2_gazebo_assets/models/hexrotor_base/materials/textures/led.jpg
[7.597s] -- Up-to-date symlink: /root/aerostack2_ws/install/as2_gazebo_assets/share/as2_gazebo_assets/models/hexrotor_base/meshes/hexrotor.dae
[7.597s] -- Up-to-date symlink: /root/aerostack2_ws/install/as2_gazebo_assets/share/as2_gazebo_assets/models/hexrotor_base/meshes/hexrotor.jpg
[7.598s] -- Up-to-date symlink: /root/aerostack2_ws/install/as2_gazebo_assets/share/as2_gazebo_assets/models/hexrotor_base/meshes/led.dae
[7.598s] -- Up-to-date symlink: /root/aerostack2_ws/install/as2_gazebo_assets/share/as2_gazebo_assets/models/hexrotor_base/meshes/led_lamp.dae
[7.598s] -- Up-to-date symlink: /root/aerostack2_ws/install/as2_gazebo_assets/share/as2_gazebo_assets/models/hexrotor_base/meshes/neo11_propeller_ccw.dae
[7.598s] -- Up-to-date symlink: /root/aerostack2_ws/install/as2_gazebo_assets/share/as2_gazebo_assets/models/hexrotor_base/meshes/neo11_propeller_cw.dae
[7.598s] -- Up-to-date symlink: /root/aerostack2_ws/install/as2_gazebo_assets/share/as2_gazebo_assets/models/hexrotor_base/model.config
[7.598s] -- Up-to-date symlink: /root/aerostack2_ws/install/as2_gazebo_assets/share/as2_gazebo_assets/models/lidar_3d/lidar_3d.sdf
[7.598s] -- Up-to-date symlink: /root/aerostack2_ws/install/as2_gazebo_assets/share/as2_gazebo_assets/models/lidar_3d/model.config
[7.598s] -- Up-to-date symlink: /root/aerostack2_ws/install/as2_gazebo_assets/share/as2_gazebo_assets/models/magnetometer/magnetometer.sdf
[7.598s] -- Up-to-date symlink: /root/aerostack2_ws/install/as2_gazebo_assets/share/as2_gazebo_assets/models/magnetometer/model.config
[7.598s] -- Up-to-date symlink: /root/aerostack2_ws/install/as2_gazebo_assets/share/as2_gazebo_assets/models/planar_lidar/model.config
[7.598s] -- Up-to-date symlink: /root/aerostack2_ws/install/as2_gazebo_assets/share/as2_gazebo_assets/models/planar_lidar/planar_lidar.sdf
[7.598s] -- Up-to-date symlink: /root/aerostack2_ws/install/as2_gazebo_assets/share/as2_gazebo_assets/models/point_lidar/model.config
[7.598s] -- Up-to-date symlink: /root/aerostack2_ws/install/as2_gazebo_assets/share/as2_gazebo_assets/models/point_lidar/point_lidar.sdf
[7.598s] -- Up-to-date symlink: /root/aerostack2_ws/install/as2_gazebo_assets/share/as2_gazebo_assets/models/px4vision/meshes/body.dae
[7.598s] -- Up-to-date symlink: /root/aerostack2_ws/install/as2_gazebo_assets/share/as2_gazebo_assets/models/px4vision/meshes/iris_prop_ccw.dae
[7.598s] -- Up-to-date symlink: /root/aerostack2_ws/install/as2_gazebo_assets/share/as2_gazebo_assets/models/px4vision/meshes/iris_prop_cw.dae
[7.599s] -- Up-to-date symlink: /root/aerostack2_ws/install/as2_gazebo_assets/share/as2_gazebo_assets/models/px4vision/model.config
[7.599s] -- Up-to-date symlink: /root/aerostack2_ws/install/as2_gazebo_assets/share/as2_gazebo_assets/models/px4vision/px4vision.sdf
[7.599s] -- Up-to-date symlink: /root/aerostack2_ws/install/as2_gazebo_assets/share/as2_gazebo_assets/models/px4vision/px4vision.sdf.jinja
[7.599s] -- Up-to-date symlink: /root/aerostack2_ws/install/as2_gazebo_assets/share/as2_gazebo_assets/models/px4vision/thumbnails/px4_vision_front.png
[7.599s] -- Up-to-date symlink: /root/aerostack2_ws/install/as2_gazebo_assets/share/as2_gazebo_assets/models/px4vision/thumbnails/px4_vision_top.png
[7.599s] -- Up-to-date symlink: /root/aerostack2_ws/install/as2_gazebo_assets/share/as2_gazebo_assets/models/px4vision/thumbnails/px4vision_diagonal.png
[7.599s] -- Up-to-date symlink: /root/aerostack2_ws/install/as2_gazebo_assets/share/as2_gazebo_assets/models/quadrotor_base/materials/textures/led.jpg
[7.599s] -- Up-to-date symlink: /root/aerostack2_ws/install/as2_gazebo_assets/share/as2_gazebo_assets/models/quadrotor_base/meshes/led.dae
[7.599s] -- Up-to-date symlink: /root/aerostack2_ws/install/as2_gazebo_assets/share/as2_gazebo_assets/models/quadrotor_base/meshes/led_lamp.dae
[7.599s] -- Up-to-date symlink: /root/aerostack2_ws/install/as2_gazebo_assets/share/as2_gazebo_assets/models/quadrotor_base/meshes/propeller_ccw.dae
[7.599s] -- Up-to-date symlink: /root/aerostack2_ws/install/as2_gazebo_assets/share/as2_gazebo_assets/models/quadrotor_base/meshes/propeller_cw.dae
[7.599s] -- Up-to-date symlink: /root/aerostack2_ws/install/as2_gazebo_assets/share/as2_gazebo_assets/models/quadrotor_base/meshes/quadrotor.dae
[7.599s] -- Up-to-date symlink: /root/aerostack2_ws/install/as2_gazebo_assets/share/as2_gazebo_assets/models/quadrotor_base/meshes/quadrotor.jpg
[7.603s] -- Up-to-date symlink: /root/aerostack2_ws/install/as2_gazebo_assets/share/as2_gazebo_assets/models/quadrotor_base/model.config
[7.603s] -- Up-to-date symlink: /root/aerostack2_ws/install/as2_gazebo_assets/share/as2_gazebo_assets/models/quadrotor_base/quadrotor_base.sdf
[7.603s] -- Up-to-date symlink: /root/aerostack2_ws/install/as2_gazebo_assets/share/as2_gazebo_assets/models/quadrotor_base/quadrotor_base.sdf.jinja
[7.603s] -- Up-to-date symlink: /root/aerostack2_ws/install/as2_gazebo_assets/share/as2_gazebo_assets/models/rgbd_camera/model.config
[7.603s] -- Up-to-date symlink: /root/aerostack2_ws/install/as2_gazebo_assets/share/as2_gazebo_assets/models/rgbd_camera/rgbd_camera.sdf
[7.603s] -- Up-to-date symlink: /root/aerostack2_ws/install/as2_gazebo_assets/share/as2_gazebo_assets/models/rgbd_camera/rgbd_camera.sdf.jinja
[7.603s] -- Up-to-date symlink: /root/aerostack2_ws/install/as2_gazebo_assets/share/as2_gazebo_assets/models/semantic_camera/model.config
[7.604s] -- Up-to-date symlink: /root/aerostack2_ws/install/as2_gazebo_assets/share/as2_gazebo_assets/models/semantic_camera/semantic_camera.sdf
[7.604s] -- Up-to-date symlink: /root/aerostack2_ws/install/as2_gazebo_assets/share/as2_gazebo_assets/models/semantic_camera/semantic_camera.sdf.jinja
[7.604s] -- Up-to-date symlink: /root/aerostack2_ws/install/as2_gazebo_assets/share/as2_gazebo_assets/models/suction_gripper/model.config
[7.604s] -- Up-to-date symlink: /root/aerostack2_ws/install/as2_gazebo_assets/share/as2_gazebo_assets/models/suction_gripper/suction_gripper.sdf
[7.604s] -- Up-to-date symlink: /root/aerostack2_ws/install/as2_gazebo_assets/share/as2_gazebo_assets/models/two_fingers_gripper/materials/textures/base_color.png
[7.604s] -- Up-to-date symlink: /root/aerostack2_ws/install/as2_gazebo_assets/share/as2_gazebo_assets/models/two_fingers_gripper/materials/textures/base_normals.png
[7.604s] -- Up-to-date symlink: /root/aerostack2_ws/install/as2_gazebo_assets/share/as2_gazebo_assets/models/two_fingers_gripper/materials/textures/elbow_flex_color.png
[7.604s] -- Up-to-date symlink: /root/aerostack2_ws/install/as2_gazebo_assets/share/as2_gazebo_assets/models/two_fingers_gripper/materials/textures/elbow_flex_normals.png
[7.605s] -- Up-to-date symlink: /root/aerostack2_ws/install/as2_gazebo_assets/share/as2_gazebo_assets/models/two_fingers_gripper/materials/textures/finger_H_Color_100430.png
[7.605s] -- Up-to-date symlink: /root/aerostack2_ws/install/as2_gazebo_assets/share/as2_gazebo_assets/models/two_fingers_gripper/materials/textures/fingertip_H_Color_100430.png
[7.605s] -- Up-to-date symlink: /root/aerostack2_ws/install/as2_gazebo_assets/share/as2_gazebo_assets/models/two_fingers_gripper/materials/textures/float_H_Color_100430.png
[7.605s] -- Up-to-date symlink: /root/aerostack2_ws/install/as2_gazebo_assets/share/as2_gazebo_assets/models/two_fingers_gripper/materials/textures/forearm.png
[7.605s] -- Up-to-date symlink: /root/aerostack2_ws/install/as2_gazebo_assets/share/as2_gazebo_assets/models/two_fingers_gripper/materials/textures/forearm_color.png
[7.605s] -- Up-to-date symlink: /root/aerostack2_ws/install/as2_gazebo_assets/share/as2_gazebo_assets/models/two_fingers_gripper/materials/textures/forearm_normals.png
[7.605s] -- Up-to-date symlink: /root/aerostack2_ws/install/as2_gazebo_assets/share/as2_gazebo_assets/models/two_fingers_gripper/materials/textures/gripper_palm_color.png
[7.605s] -- Up-to-date symlink: /root/aerostack2_ws/install/as2_gazebo_assets/share/as2_gazebo_assets/models/two_fingers_gripper/materials/textures/gripper_palm_normals.png
[7.605s] -- Up-to-date symlink: /root/aerostack2_ws/install/as2_gazebo_assets/share/as2_gazebo_assets/models/two_fingers_gripper/materials/textures/head_pan_color.png
[7.605s] -- Up-to-date symlink: /root/aerostack2_ws/install/as2_gazebo_assets/share/as2_gazebo_assets/models/two_fingers_gripper/materials/textures/head_pan_normals.png
[7.613s] -- Up-to-date symlink: /root/aerostack2_ws/install/as2_gazebo_assets/share/as2_gazebo_assets/models/two_fingers_gripper/materials/textures/head_tilt_color.png
[7.613s] -- Up-to-date symlink: /root/aerostack2_ws/install/as2_gazebo_assets/share/as2_gazebo_assets/models/two_fingers_gripper/materials/textures/head_tilt_color_red.png
[7.613s] -- Up-to-date symlink: /root/aerostack2_ws/install/as2_gazebo_assets/share/as2_gazebo_assets/models/two_fingers_gripper/materials/textures/head_tilt_color_yellow.png
[7.613s] -- Up-to-date symlink: /root/aerostack2_ws/install/as2_gazebo_assets/share/as2_gazebo_assets/models/two_fingers_gripper/materials/textures/head_tilt_green.png
[7.613s] -- Up-to-date symlink: /root/aerostack2_ws/install/as2_gazebo_assets/share/as2_gazebo_assets/models/two_fingers_gripper/materials/textures/head_tilt_normals.png
[7.614s] -- Up-to-date symlink: /root/aerostack2_ws/install/as2_gazebo_assets/share/as2_gazebo_assets/models/two_fingers_gripper/materials/textures/l_finger_color.png
[7.614s] -- Up-to-date symlink: /root/aerostack2_ws/install/as2_gazebo_assets/share/as2_gazebo_assets/models/two_fingers_gripper/materials/textures/l_finger_normals.png
[7.614s] -- Up-to-date symlink: /root/aerostack2_ws/install/as2_gazebo_assets/share/as2_gazebo_assets/models/two_fingers_gripper/materials/textures/l_finger_tip_color.png
[7.614s] -- Up-to-date symlink: /root/aerostack2_ws/install/as2_gazebo_assets/share/as2_gazebo_assets/models/two_fingers_gripper/materials/textures/l_finger_tip_normals.png
[7.614s] -- Up-to-date symlink: /root/aerostack2_ws/install/as2_gazebo_assets/share/as2_gazebo_assets/models/two_fingers_gripper/materials/textures/l_float_color.png
[7.614s] -- Up-to-date symlink: /root/aerostack2_ws/install/as2_gazebo_assets/share/as2_gazebo_assets/models/two_fingers_gripper/materials/textures/l_float_normals.png
[7.614s] -- Up-to-date symlink: /root/aerostack2_ws/install/as2_gazebo_assets/share/as2_gazebo_assets/models/two_fingers_gripper/materials/textures/palm_H_Color_100430.png
[7.614s] -- Up-to-date symlink: /root/aerostack2_ws/install/as2_gazebo_assets/share/as2_gazebo_assets/models/two_fingers_gripper/materials/textures/shoulder_lift_color.png
[7.614s] -- Up-to-date symlink: /root/aerostack2_ws/install/as2_gazebo_assets/share/as2_gazebo_assets/models/two_fingers_gripper/materials/textures/shoulder_lift_normals.png
[7.614s] -- Up-to-date symlink: /root/aerostack2_ws/install/as2_gazebo_assets/share/as2_gazebo_assets/models/two_fingers_gripper/materials/textures/shoulder_pan_color.png
[7.614s] -- Up-to-date symlink: /root/aerostack2_ws/install/as2_gazebo_assets/share/as2_gazebo_assets/models/two_fingers_gripper/materials/textures/shoulder_pan_normals.png
[7.614s] -- Up-to-date symlink: /root/aerostack2_ws/install/as2_gazebo_assets/share/as2_gazebo_assets/models/two_fingers_gripper/materials/textures/tilting_hokuyo_color.png
[7.614s] -- Up-to-date symlink: /root/aerostack2_ws/install/as2_gazebo_assets/share/as2_gazebo_assets/models/two_fingers_gripper/materials/textures/tilting_hokuyo_normals.png
[7.614s] -- Up-to-date symlink: /root/aerostack2_ws/install/as2_gazebo_assets/share/as2_gazebo_assets/models/two_fingers_gripper/materials/textures/torso_lift_color.png
[7.614s] -- Up-to-date symlink: /root/aerostack2_ws/install/as2_gazebo_assets/share/as2_gazebo_assets/models/two_fingers_gripper/materials/textures/torso_lift_normals.png
[7.617s] -- Up-to-date symlink: /root/aerostack2_ws/install/as2_gazebo_assets/share/as2_gazebo_assets/models/two_fingers_gripper/materials/textures/upper_arm.png
[7.618s] -- Up-to-date symlink: /root/aerostack2_ws/install/as2_gazebo_assets/share/as2_gazebo_assets/models/two_fingers_gripper/materials/textures/upper_arm_color.png
[7.618s] -- Up-to-date symlink: /root/aerostack2_ws/install/as2_gazebo_assets/share/as2_gazebo_assets/models/two_fingers_gripper/materials/textures/upper_arm_normals.png
[7.618s] -- Up-to-date symlink: /root/aerostack2_ws/install/as2_gazebo_assets/share/as2_gazebo_assets/models/two_fingers_gripper/materials/textures/upper_arm_roll_color.png
[7.619s] -- Up-to-date symlink: /root/aerostack2_ws/install/as2_gazebo_assets/share/as2_gazebo_assets/models/two_fingers_gripper/materials/textures/upper_arm_roll_normals.png
[7.619s] -- Up-to-date symlink: /root/aerostack2_ws/install/as2_gazebo_assets/share/as2_gazebo_assets/models/two_fingers_gripper/materials/textures/wheel_color.png
[7.619s] -- Up-to-date symlink: /root/aerostack2_ws/install/as2_gazebo_assets/share/as2_gazebo_assets/models/two_fingers_gripper/materials/textures/wheel_h_color.png
[7.619s] -- Up-to-date symlink: /root/aerostack2_ws/install/as2_gazebo_assets/share/as2_gazebo_assets/models/two_fingers_gripper/materials/textures/wheel_normals.png
[7.619s] -- Up-to-date symlink: /root/aerostack2_ws/install/as2_gazebo_assets/share/as2_gazebo_assets/models/two_fingers_gripper/materials/textures/wrist_color.png
[7.619s] -- Up-to-date symlink: /root/aerostack2_ws/install/as2_gazebo_assets/share/as2_gazebo_assets/models/two_fingers_gripper/materials/textures/wrist_normals.png
[7.622s] -- Up-to-date symlink: /root/aerostack2_ws/install/as2_gazebo_assets/share/as2_gazebo_assets/models/two_fingers_gripper/meshes/forearm_v0/wrist_roll.stl
[7.623s] -- Up-to-date symlink: /root/aerostack2_ws/install/as2_gazebo_assets/share/as2_gazebo_assets/models/two_fingers_gripper/meshes/forearm_v0/wrist_roll_L.stl
[7.623s] -- Up-to-date symlink: /root/aerostack2_ws/install/as2_gazebo_assets/share/as2_gazebo_assets/models/two_fingers_gripper/meshes/gripper_v0/float_H_UV_100430.dae
[7.623s] -- Up-to-date symlink: /root/aerostack2_ws/install/as2_gazebo_assets/share/as2_gazebo_assets/models/two_fingers_gripper/meshes/gripper_v0/gripper_palm.dae
[7.625s] -- Up-to-date symlink: /root/aerostack2_ws/install/as2_gazebo_assets/share/as2_gazebo_assets/models/two_fingers_gripper/meshes/gripper_v0/gripper_palm.stl
[7.625s] -- Up-to-date symlink: /root/aerostack2_ws/install/as2_gazebo_assets/share/as2_gazebo_assets/models/two_fingers_gripper/meshes/gripper_v0/l_finger.dae
[7.625s] -- Up-to-date symlink: /root/aerostack2_ws/install/as2_gazebo_assets/share/as2_gazebo_assets/models/two_fingers_gripper/meshes/gripper_v0/l_finger.stl
[7.625s] -- Up-to-date symlink: /root/aerostack2_ws/install/as2_gazebo_assets/share/as2_gazebo_assets/models/two_fingers_gripper/meshes/gripper_v0/l_finger_tip.dae
[7.625s] -- Up-to-date symlink: /root/aerostack2_ws/install/as2_gazebo_assets/share/as2_gazebo_assets/models/two_fingers_gripper/meshes/gripper_v0/l_finger_tip.stl
[7.625s] -- Up-to-date symlink: /root/aerostack2_ws/install/as2_gazebo_assets/share/as2_gazebo_assets/models/two_fingers_gripper/meshes/gripper_v0/l_float.dae
[7.625s] -- Up-to-date symlink: /root/aerostack2_ws/install/as2_gazebo_assets/share/as2_gazebo_assets/models/two_fingers_gripper/meshes/gripper_v0/l_floating.stl
[7.626s] -- Up-to-date symlink: /root/aerostack2_ws/install/as2_gazebo_assets/share/as2_gazebo_assets/models/two_fingers_gripper/meshes/gripper_v0/palm_H_UV_100430.dae
[7.626s] -- Up-to-date symlink: /root/aerostack2_ws/install/as2_gazebo_assets/share/as2_gazebo_assets/models/two_fingers_gripper/meshes/gripper_v0/upper_finger_l.stl
[7.626s] -- Up-to-date symlink: /root/aerostack2_ws/install/as2_gazebo_assets/share/as2_gazebo_assets/models/two_fingers_gripper/meshes/gripper_v0/upper_finger_r.stl
[7.626s] -- Up-to-date symlink: /root/aerostack2_ws/install/as2_gazebo_assets/share/as2_gazebo_assets/models/two_fingers_gripper/model.config
[7.626s] -- Up-to-date symlink: /root/aerostack2_ws/install/as2_gazebo_assets/share/as2_gazebo_assets/models/two_fingers_gripper/thumbnails/1.png
[7.626s] -- Up-to-date symlink: /root/aerostack2_ws/install/as2_gazebo_assets/share/as2_gazebo_assets/models/two_fingers_gripper/thumbnails/2.png
[7.626s] -- Up-to-date symlink: /root/aerostack2_ws/install/as2_gazebo_assets/share/as2_gazebo_assets/models/two_fingers_gripper/thumbnails/3.png
[7.626s] -- Up-to-date symlink: /root/aerostack2_ws/install/as2_gazebo_assets/share/as2_gazebo_assets/models/two_fingers_gripper/thumbnails/4.png
[7.626s] -- Up-to-date symlink: /root/aerostack2_ws/install/as2_gazebo_assets/share/as2_gazebo_assets/models/two_fingers_gripper/thumbnails/5.png
[7.627s] -- Up-to-date symlink: /root/aerostack2_ws/install/as2_gazebo_assets/share/as2_gazebo_assets/models/two_fingers_gripper/two_fingers_gripper.sdf
[7.627s] -- Up-to-date symlink: /root/aerostack2_ws/install/as2_gazebo_assets/share/as2_gazebo_assets/models/vga_camera/model.config
[7.627s] -- Up-to-date symlink: /root/aerostack2_ws/install/as2_gazebo_assets/share/as2_gazebo_assets/models/vga_camera/vga_camera.sdf
[7.627s] -- Up-to-date symlink: /root/aerostack2_ws/install/as2_gazebo_assets/share/as2_gazebo_assets/models/vga_camera/vga_camera.sdf.jinja
[7.627s] -- Up-to-date symlink: /root/aerostack2_ws/install/as2_gazebo_assets/share/as2_gazebo_assets/models/windmill/meshes/Plastic010_1K_Displacement.jpg
[7.627s] -- Up-to-date symlink: /root/aerostack2_ws/install/as2_gazebo_assets/share/as2_gazebo_assets/models/windmill/meshes/blades.dae
[7.627s] -- Up-to-date symlink: /root/aerostack2_ws/install/as2_gazebo_assets/share/as2_gazebo_assets/models/windmill/meshes/rotor.dae
[7.627s] -- Up-to-date symlink: /root/aerostack2_ws/install/as2_gazebo_assets/share/as2_gazebo_assets/models/windmill/meshes/tower.dae
[7.627s] -- Up-to-date symlink: /root/aerostack2_ws/install/as2_gazebo_assets/share/as2_gazebo_assets/models/windmill/model.config
[7.627s] -- Up-to-date symlink: /root/aerostack2_ws/install/as2_gazebo_assets/share/as2_gazebo_assets/models/windmill/windmill.sdf
[7.627s] -- Up-to-date symlink: /root/aerostack2_ws/install/as2_gazebo_assets/share/as2_gazebo_assets/models/x500/materials/textures/CF.png
[7.629s] -- Up-to-date symlink: /root/aerostack2_ws/install/as2_gazebo_assets/share/as2_gazebo_assets/models/x500/materials/textures/nxp.png
[7.629s] -- Up-to-date symlink: /root/aerostack2_ws/install/as2_gazebo_assets/share/as2_gazebo_assets/models/x500/materials/textures/rd.png
[7.629s] -- Up-to-date symlink: /root/aerostack2_ws/install/as2_gazebo_assets/share/as2_gazebo_assets/models/x500/meshes/1345_prop_ccw.stl
[7.629s] -- Up-to-date symlink: /root/aerostack2_ws/install/as2_gazebo_assets/share/as2_gazebo_assets/models/x500/meshes/1345_prop_cw.stl
[7.629s] -- Up-to-date symlink: /root/aerostack2_ws/install/as2_gazebo_assets/share/as2_gazebo_assets/models/x500/meshes/5010Base.dae
[7.629s] -- Up-to-date symlink: /root/aerostack2_ws/install/as2_gazebo_assets/share/as2_gazebo_assets/models/x500/meshes/5010Bell.dae
[7.629s] -- Up-to-date symlink: /root/aerostack2_ws/install/as2_gazebo_assets/share/as2_gazebo_assets/models/x500/meshes/CF.png
[7.629s] -- Up-to-date symlink: /root/aerostack2_ws/install/as2_gazebo_assets/share/as2_gazebo_assets/models/x500/meshes/NXP-HGD-CF.dae
[7.629s] -- Up-to-date symlink: /root/aerostack2_ws/install/as2_gazebo_assets/share/as2_gazebo_assets/models/x500/model.config
[7.629s] -- Up-to-date symlink: /root/aerostack2_ws/install/as2_gazebo_assets/share/as2_gazebo_assets/models/x500/thumbnails/1.png
[7.629s] -- Up-to-date symlink: /root/aerostack2_ws/install/as2_gazebo_assets/share/as2_gazebo_assets/models/x500/thumbnails/2.png
[7.629s] -- Up-to-date symlink: /root/aerostack2_ws/install/as2_gazebo_assets/share/as2_gazebo_assets/models/x500/thumbnails/3.png
[7.630s] -- Up-to-date symlink: /root/aerostack2_ws/install/as2_gazebo_assets/share/as2_gazebo_assets/models/x500/thumbnails/4.png
[7.630s] -- Up-to-date symlink: /root/aerostack2_ws/install/as2_gazebo_assets/share/as2_gazebo_assets/models/x500/thumbnails/5.png
[7.630s] -- Up-to-date symlink: /root/aerostack2_ws/install/as2_gazebo_assets/share/as2_gazebo_assets/models/x500/x500.sdf
[7.630s] -- Up-to-date symlink: /root/aerostack2_ws/install/as2_gazebo_assets/share/as2_gazebo_assets/models/x500/x500.sdf.jinja
[7.630s] -- Up-to-date symlink: /root/aerostack2_ws/install/as2_gazebo_assets/share/as2_gazebo_assets/scripts/jinja_gen.py
[7.630s] -- Up-to-date symlink: /root/aerostack2_ws/install/as2_gazebo_assets/share/ament_index/resource_index/package_run_dependencies/as2_gazebo_assets
[7.630s] -- Up-to-date symlink: /root/aerostack2_ws/install/as2_gazebo_assets/share/ament_index/resource_index/parent_prefix_path/as2_gazebo_assets
[7.630s] -- Up-to-date symlink: /root/aerostack2_ws/install/as2_gazebo_assets/share/as2_gazebo_assets/environment/ament_prefix_path.sh
[7.630s] -- Up-to-date symlink: /root/aerostack2_ws/install/as2_gazebo_assets/share/as2_gazebo_assets/environment/ament_prefix_path.dsv
[7.630s] -- Up-to-date symlink: /root/aerostack2_ws/install/as2_gazebo_assets/share/as2_gazebo_assets/environment/path.sh
[7.630s] -- Up-to-date symlink: /root/aerostack2_ws/install/as2_gazebo_assets/share/as2_gazebo_assets/environment/path.dsv
[7.630s] -- Up-to-date symlink: /root/aerostack2_ws/install/as2_gazebo_assets/share/as2_gazebo_assets/local_setup.bash
[7.630s] -- Up-to-date symlink: /root/aerostack2_ws/install/as2_gazebo_assets/share/as2_gazebo_assets/local_setup.sh
[7.630s] -- Up-to-date symlink: /root/aerostack2_ws/install/as2_gazebo_assets/share/as2_gazebo_assets/local_setup.zsh
[7.630s] -- Up-to-date symlink: /root/aerostack2_ws/install/as2_gazebo_assets/share/as2_gazebo_assets/local_setup.dsv
[7.630s] -- Symlinking: /root/aerostack2_ws/install/as2_gazebo_assets/share/as2_gazebo_assets/package.dsv
[7.642s] -- Up-to-date symlink: /root/aerostack2_ws/install/as2_gazebo_assets/share/ament_index/resource_index/packages/as2_gazebo_assets
[7.642s] -- Up-to-date symlink: /root/aerostack2_ws/install/as2_gazebo_assets/share/as2_gazebo_assets/cmake/as2_gazebo_assetsConfig.cmake
[7.642s] -- Up-to-date symlink: /root/aerostack2_ws/install/as2_gazebo_assets/share/as2_gazebo_assets/cmake/as2_gazebo_assetsConfig-version.cmake
[7.642s] -- Up-to-date symlink: /root/aerostack2_ws/install/as2_gazebo_assets/share/as2_gazebo_assets/package.xml
[7.699s] Listing '/root/aerostack2_ws/install/as2_gazebo_assets/local/lib/python3.10/dist-packages/as2_gazebo_assets'...
[7.699s] Listing '/root/aerostack2_ws/install/as2_gazebo_assets/local/lib/python3.10/dist-packages/as2_gazebo_assets/bridges'...
[7.699s] Listing '/root/aerostack2_ws/install/as2_gazebo_assets/local/lib/python3.10/dist-packages/as2_gazebo_assets/models'...
[7.699s] Listing '/root/aerostack2_ws/install/as2_gazebo_assets/local/lib/python3.10/dist-packages/as2_gazebo_assets/tests'...
[7.699s] Listing '/root/aerostack2_ws/install/as2_gazebo_assets/local/lib/python3.10/dist-packages/as2_gazebo_assets/utils'...
[7.931s] Invoked command in '/root/aerostack2_ws/build/as2_gazebo_assets' returned '0': CMAKE_PREFIX_PATH=/root/aerostack2_ws/install/as2_core:/root/aerostack2_ws/install/as2_msgs:/root/aerostack2_ws/install/aerostack2:/root/aerostack2_ws/install/as2_usb_camera_interface:/root/aerostack2_ws/install/as2_state_estimator:/root/aerostack2_ws/install/as2_rviz_plugins:/root/aerostack2_ws/install/as2_realsense_interface:/root/aerostack2_ws/install/as2_platform_multirotor_simulator:/root/aerostack2_ws/install/as2_platform_gazebo:/root/aerostack2_ws/install/as2_motion_controller:/root/aerostack2_ws/install/as2_behaviors_trajectory_generation:/root/aerostack2_ws/install/as2_behaviors_swarm_flocking:/root/aerostack2_ws/install/as2_behaviors_motion:/root/aerostack2_ws/install/as2_motion_reference_handlers:/root/aerostack2_ws/install/as2_map_server:/root/aerostack2_ws/install/as2_geozones:/root/aerostack2_ws/install/as2_gazebo_assets:/root/aerostack2_ws/install/as2_external_object_to_tf:/root/aerostack2_ws/install/as2_behaviors_platform:/root/aerostack2_ws/install/as2_behaviors_perception:/root/aerostack2_ws/install/as2_behaviors_path_planning:/root/aerostack2_ws/install/as2_behavior_tree:/root/aerostack2_ws/install/as2_behavior:/root/aerostack2_ws/install/as2_alphanumeric_viewer:/root/aerostack2_ws/install/as2_cli:/root/aerostack2_ws/src/aerostack2/install/as2_motion_reference_handlers:/root/aerostack2_ws/src/aerostack2/install/as2_map_server:/root/aerostack2_ws/src/aerostack2/install/as2_geozones:/root/aerostack2_ws/src/aerostack2/install/as2_behavior:/root/aerostack2_ws/src/aerostack2/install/as2_core:/root/aerostack2_ws/src/aerostack2/install/as2_msgs:/root/aerostack2_ws/src/aerostack2/install/as2_cli:/root/aerostack2_ws/install/as2_visualization:/root/aerostack2_ws/install/as2_keyboard_teleoperation:/root/aerostack2_ws/install/as2_python_api:/root/aerostack2_ws/src/aerostack2/install/as2_python_api:/opt/ros/humble LD_LIBRARY_PATH=/root/aerostack2_ws/install/as2_core/lib:/root/aerostack2_ws/install/as2_msgs/lib:/root/aerostack2_ws/install/as2_state_estimator/lib:/root/aerostack2_ws/install/as2_python_api/lib:/root/aerostack2_ws/install/as2_motion_controller/lib:/root/aerostack2_ws/install/as2_behaviors_trajectory_generation/lib:/root/aerostack2_ws/install/as2_behaviors_swarm_flocking/lib:/root/aerostack2_ws/install/as2_behaviors_motion/lib:/root/aerostack2_ws/install/as2_motion_reference_handlers/lib:/root/aerostack2_ws/install/as2_map_server/lib:/root/aerostack2_ws/install/as2_gazebo_assets/lib:/root/aerostack2_ws/install/as2_behaviors_perception/lib:/root/aerostack2_ws/install/as2_behaviors_path_planning/lib:/root/aerostack2_ws/install/as2_behavior_tree/lib:/root/aerostack2_ws/install/as2_behavior/lib:/root/aerostack2_ws/src/aerostack2/install/as2_python_api/lib:/root/aerostack2_ws/src/aerostack2/install/as2_motion_reference_handlers/lib:/root/aerostack2_ws/src/aerostack2/install/as2_map_server/lib:/root/aerostack2_ws/src/aerostack2/install/as2_behavior/lib:/root/aerostack2_ws/src/aerostack2/install/as2_core/lib:/root/aerostack2_ws/src/aerostack2/install/as2_msgs/lib:/opt/ros/humble/opt/rviz_ogre_vendor/lib:/opt/ros/humble/lib/x86_64-linux-gnu:/opt/ros/humble/lib /usr/bin/cmake --install /root/aerostack2_ws/build/as2_gazebo_assets
