[0.009s] Invoking command in '/root/aerostack2_ws/build/as2_cli': CMAKE_PREFIX_PATH=/opt/ros/humble /usr/bin/cmake --build /root/aerostack2_ws/build/as2_cli -- -j8 -l8
[0.050s] Invoked command in '/root/aerostack2_ws/build/as2_cli' returned '0': CMAKE_PREFIX_PATH=/opt/ros/humble /usr/bin/cmake --build /root/aerostack2_ws/build/as2_cli -- -j8 -l8
[0.056s] Invoking command in '/root/aerostack2_ws/build/as2_cli': CMAKE_PREFIX_PATH=/opt/ros/humble /usr/bin/cmake --install /root/aerostack2_ws/build/as2_cli
[0.060s] -- Install configuration: ""
[0.061s] -- Execute custom install script
[0.061s] -- Up-to-date symlink: /root/aerostack2_ws/install/as2_cli/share/ament_index/resource_index/package_run_dependencies/as2_cli
[0.061s] -- Up-to-date symlink: /root/aerostack2_ws/install/as2_cli/share/ament_index/resource_index/parent_prefix_path/as2_cli
[0.061s] -- Up-to-date symlink: /root/aerostack2_ws/install/as2_cli/share/as2_cli/environment/ament_prefix_path.sh
[0.061s] -- Up-to-date symlink: /root/aerostack2_ws/install/as2_cli/share/as2_cli/environment/ament_prefix_path.dsv
[0.061s] -- Up-to-date symlink: /root/aerostack2_ws/install/as2_cli/share/as2_cli/environment/path.sh
[0.061s] -- Up-to-date symlink: /root/aerostack2_ws/install/as2_cli/share/as2_cli/environment/path.dsv
[0.062s] -- Up-to-date symlink: /root/aerostack2_ws/install/as2_cli/share/as2_cli/local_setup.bash
[0.062s] -- Up-to-date symlink: /root/aerostack2_ws/install/as2_cli/share/as2_cli/local_setup.sh
[0.062s] -- Up-to-date symlink: /root/aerostack2_ws/install/as2_cli/share/as2_cli/local_setup.zsh
[0.062s] -- Up-to-date symlink: /root/aerostack2_ws/install/as2_cli/share/as2_cli/local_setup.dsv
[0.062s] -- Symlinking: /root/aerostack2_ws/install/as2_cli/share/as2_cli/package.dsv
[0.067s] -- Up-to-date symlink: /root/aerostack2_ws/install/as2_cli/share/ament_index/resource_index/packages/as2_cli
[0.068s] -- Up-to-date symlink: /root/aerostack2_ws/install/as2_cli/share/as2_cli/cmake/as2_cliConfig.cmake
[0.068s] -- Up-to-date symlink: /root/aerostack2_ws/install/as2_cli/share/as2_cli/cmake/as2_cliConfig-version.cmake
[0.068s] -- Up-to-date symlink: /root/aerostack2_ws/install/as2_cli/share/as2_cli/package.xml
[0.069s] Invoked command in '/root/aerostack2_ws/build/as2_cli' returned '0': CMAKE_PREFIX_PATH=/opt/ros/humble /usr/bin/cmake --install /root/aerostack2_ws/build/as2_cli
