[0.038s] Invoking command in '/root/aerostack2_ws/build/as2_gazebo_assets': CMAKE_PREFIX_PATH=/root/aerostack2_ws/install/as2_core:/root/aerostack2_ws/install/as2_msgs:/root/aerostack2_ws/install/aerostack2:/root/aerostack2_ws/install/as2_usb_camera_interface:/root/aerostack2_ws/install/as2_state_estimator:/root/aerostack2_ws/install/as2_rviz_plugins:/root/aerostack2_ws/install/as2_realsense_interface:/root/aerostack2_ws/install/as2_platform_multirotor_simulator:/root/aerostack2_ws/install/as2_platform_gazebo:/root/aerostack2_ws/install/as2_motion_controller:/root/aerostack2_ws/install/as2_behaviors_trajectory_generation:/root/aerostack2_ws/install/as2_behaviors_swarm_flocking:/root/aerostack2_ws/install/as2_behaviors_motion:/root/aerostack2_ws/install/as2_motion_reference_handlers:/root/aerostack2_ws/install/as2_map_server:/root/aerostack2_ws/install/as2_geozones:/root/aerostack2_ws/install/as2_gazebo_assets:/root/aerostack2_ws/install/as2_external_object_to_tf:/root/aerostack2_ws/install/as2_behaviors_platform:/root/aerostack2_ws/install/as2_behaviors_perception:/root/aerostack2_ws/install/as2_behaviors_path_planning:/root/aerostack2_ws/install/as2_behavior_tree:/root/aerostack2_ws/install/as2_behavior:/root/aerostack2_ws/install/as2_alphanumeric_viewer:/root/aerostack2_ws/install/as2_cli:/root/aerostack2_ws/src/aerostack2/install/as2_motion_reference_handlers:/root/aerostack2_ws/src/aerostack2/install/as2_map_server:/root/aerostack2_ws/src/aerostack2/install/as2_geozones:/root/aerostack2_ws/src/aerostack2/install/as2_behavior:/root/aerostack2_ws/src/aerostack2/install/as2_core:/root/aerostack2_ws/src/aerostack2/install/as2_msgs:/root/aerostack2_ws/src/aerostack2/install/as2_cli:/root/aerostack2_ws/install/as2_visualization:/root/aerostack2_ws/install/as2_keyboard_teleoperation:/root/aerostack2_ws/install/as2_python_api:/root/aerostack2_ws/src/aerostack2/install/as2_python_api:/opt/ros/humble LD_LIBRARY_PATH=/root/aerostack2_ws/install/as2_core/lib:/root/aerostack2_ws/install/as2_msgs/lib:/root/aerostack2_ws/install/as2_state_estimator/lib:/root/aerostack2_ws/install/as2_python_api/lib:/root/aerostack2_ws/install/as2_motion_controller/lib:/root/aerostack2_ws/install/as2_behaviors_trajectory_generation/lib:/root/aerostack2_ws/install/as2_behaviors_swarm_flocking/lib:/root/aerostack2_ws/install/as2_behaviors_motion/lib:/root/aerostack2_ws/install/as2_motion_reference_handlers/lib:/root/aerostack2_ws/install/as2_map_server/lib:/root/aerostack2_ws/install/as2_gazebo_assets/lib:/root/aerostack2_ws/install/as2_behaviors_perception/lib:/root/aerostack2_ws/install/as2_behaviors_path_planning/lib:/root/aerostack2_ws/install/as2_behavior_tree/lib:/root/aerostack2_ws/install/as2_behavior/lib:/root/aerostack2_ws/src/aerostack2/install/as2_python_api/lib:/root/aerostack2_ws/src/aerostack2/install/as2_motion_reference_handlers/lib:/root/aerostack2_ws/src/aerostack2/install/as2_map_server/lib:/root/aerostack2_ws/src/aerostack2/install/as2_behavior/lib:/root/aerostack2_ws/src/aerostack2/install/as2_core/lib:/root/aerostack2_ws/src/aerostack2/install/as2_msgs/lib:/opt/ros/humble/opt/rviz_ogre_vendor/lib:/opt/ros/humble/lib/x86_64-linux-gnu:/opt/ros/humble/lib /usr/bin/cmake /root/aerostack2_ws/src/aerostack2/as2_simulation_assets/as2_gazebo_assets -DCMAKE_INSTALL_PREFIX=/root/aerostack2_ws/install/as2_gazebo_assets
[0.074s] [0mUsing GAZEBO version: fortress[0m
[0.074s] -- Looking for ignition-gazebo6 -- found version 6.17.0
[0.074s] -- Searching for dependencies of ignition-gazebo6
[0.075s] -- Looking for sdformat12 -- found version 12.9.0
[0.075s] -- Searching for dependencies of sdformat12
[0.082s] -- Checking for module 'tinyxml2'
[0.114s] --   Found tinyxml2, version 9.0.0
[0.176s] -- Looking for ignition-math6 -- found version 6.15.1
[0.178s] -- Searching for dependencies of ignition-math6
[0.186s] -- Looking for ignition-utils1 -- found version 1.5.1
[0.186s] -- Searching for dependencies of ignition-utils1
[0.186s] -- Looking for ignition-plugin1 -- found version 1.4.0
[0.188s] -- Searching for dependencies of ignition-plugin1
[0.189s] -- Searching for <ignition-plugin1> component [loader]
[0.192s] -- Looking for ignition-plugin1-loader -- found version 1.4.0
[0.192s] -- Searching for dependencies of ignition-plugin1-loader
[0.192s] -- Searching for <ignition-plugin1> component [register]
[0.192s] -- Looking for ignition-plugin1-register -- found version 1.4.0
[0.192s] -- Searching for dependencies of ignition-plugin1-register
[0.196s] -- Looking for ignition-transport11 -- found version 11.4.1
[0.199s] -- Searching for dependencies of ignition-transport11
[0.315s] -- Config-file not installed for ZeroMQ -- checking for pkg-config
[0.327s] -- Checking for module 'libzmq >= 4'
[0.374s] --   Found libzmq , version 4.3.4
[0.476s] -- Checking for module 'uuid'
[0.494s] --   Found uuid, version 2.37.2
[0.542s] -- Looking for ignition-utils1 -- found version 1.5.1
[0.543s] -- Searching for dependencies of ignition-utils1
[0.543s] -- Searching for <ignition-utils1> component [cli]
[0.543s] -- Looking for ignition-utils1-cli -- found version 1.5.1
[0.544s] -- Searching for dependencies of ignition-utils1-cli
[0.544s] -- Looking for ignition-msgs8 -- found version 8.7.0
[0.551s] -- Searching for dependencies of ignition-msgs8
[0.571s] -- Found Protobuf: /usr/lib/x86_64-linux-gnu/libprotobuf.so (found suitable version "3.12.4", minimum required is "3") 
[0.572s] -- Looking for ignition-math6 -- found version 6.15.1
[0.599s] -- Searching for <ignition-transport11> component [log]
[0.603s] -- Looking for ignition-transport11-log -- found version 11.4.1
[0.603s] -- Searching for dependencies of ignition-transport11-log
[0.603s] -- Searching for <ignition-transport11> component [parameters]
[0.603s] -- Looking for ignition-transport11-parameters -- found version 11.4.1
[0.604s] -- Searching for dependencies of ignition-transport11-parameters
[0.605s] -- Looking for ignition-msgs8 -- found version 8.7.0
[0.605s] -- Looking for ignition-common4 -- found version 4.7.0
[0.609s] -- Searching for dependencies of ignition-common4
[0.609s] -- Looking for dlfcn.h - found
[0.609s] -- Looking for libdl - found
[0.621s] -- Searching for <ignition-common4> component [profiler]
[0.621s] -- Looking for ignition-common4-profiler -- found version 4.7.0
[0.622s] -- Searching for dependencies of ignition-common4-profiler
[0.623s] -- Searching for <ignition-common4> component [events]
[0.623s] -- Looking for ignition-common4-events -- found version 4.7.0
[0.624s] -- Searching for dependencies of ignition-common4-events
[0.625s] -- Looking for ignition-math6 -- found version 6.15.1
[0.625s] -- Searching for <ignition-common4> component [av]
[0.626s] -- Looking for ignition-common4-av -- found version 4.7.0
[0.627s] -- Searching for dependencies of ignition-common4-av
[0.635s] -- Checking for module 'libswscale'
[0.660s] --   Found libswscale, version 5.9.100
[0.724s] -- Checking for module 'libavdevice >= 56.4.100'
[0.753s] --   Found libavdevice , version 58.13.100
[0.822s] -- Checking for module 'libavformat'
[0.848s] --   Found libavformat, version 58.76.100
[0.914s] -- Checking for module 'libavcodec'
[0.938s] --   Found libavcodec, version 58.134.100
[1.002s] -- Checking for module 'libavutil'
[1.027s] --   Found libavutil, version 56.70.100
[1.084s] -- Looking for ignition-fuel_tools7 -- found version 7.3.1
[1.084s] -- Searching for dependencies of ignition-fuel_tools7
[1.152s] -- Checking for module 'jsoncpp'
[1.181s] --   Found jsoncpp, version 1.9.5
[1.296s] -- Checking for module 'libzip'
[1.332s] --   Found libzip, version 1.7.3
[1.412s] -- Looking for ignition-common4 -- found version 4.7.0
[1.412s] -- Looking for ignition-math6 -- found version 6.15.1
[1.412s] -- Looking for ignition-msgs8 -- found version 8.7.0
[1.412s] -- Looking for ignition-gui6 -- found version 6.8.0
[1.413s] -- Searching for dependencies of ignition-gui6
[1.526s] -- Looking for ignition-math6 -- found version 6.15.1
[1.526s] -- Looking for ignition-common4 -- found version 4.7.0
[1.527s] -- Looking for ignition-plugin1 -- found version 1.4.0
[1.528s] -- Looking for ignition-transport11 -- found version 11.4.1
[1.528s] -- Looking for ignition-rendering6 -- found version 6.6.3
[1.529s] -- Searching for dependencies of ignition-rendering6
[1.529s] -- Looking for ignition-math6 -- found version 6.15.1
[1.530s] -- Searching for dependencies of ignition-math6
[1.530s] -- Searching for <ignition-math6> component [eigen3]
[1.530s] -- Looking for ignition-math6-eigen3 -- found version 6.15.1
[1.531s] -- Searching for dependencies of ignition-math6-eigen3
[1.533s] -- Looking for ignition-common4 -- found version 4.7.0
[1.533s] -- Searching for dependencies of ignition-common4
[1.534s] -- Looking for dlfcn.h - found
[1.534s] -- Looking for libdl - found
[1.547s] -- Searching for <ignition-common4> component [graphics]
[1.547s] -- Looking for ignition-common4-graphics -- found version 4.7.0
[1.548s] -- Searching for dependencies of ignition-common4-graphics
[1.548s] -- Looking for ignition-math6 -- found version 6.15.1
[1.549s] -- Looking for ignition-utils1 -- found version 1.5.1
[1.550s] -- Searching for <ignition-common4> component [events]
[1.551s] -- Looking for ignition-plugin1 -- found version 1.4.0
[1.551s] -- Searching for dependencies of ignition-plugin1
[1.551s] -- Searching for <ignition-plugin1> component [all]
[1.552s] -- Looking for all libraries of ignition-plugin1 -- found version 1.4.0
[1.560s] -- Looking for ignition-plugin1 -- found version 1.4.0
[1.560s] -- Looking for ignition-msgs8 -- found version 8.7.0
[1.579s] -- Looking for ignition-physics5 -- found version 5.3.2
[1.579s] -- Searching for dependencies of ignition-physics5
[1.579s] -- Looking for ignition-math6 -- found version 6.15.1
[1.579s] -- Looking for ignition-plugin1 -- found version 1.4.0
[1.579s] -- Looking for ignition-utils1 -- found version 1.5.1
[1.580s] -- Searching for <ignition-physics5> component [heightmap]
[1.580s] -- Looking for ignition-physics5-heightmap -- found version 5.3.2
[1.582s] -- Searching for dependencies of ignition-physics5-heightmap
[1.583s] -- Looking for ignition-common4 -- found version 4.7.0
[1.583s] -- Searching for <ignition-physics5> component [mesh]
[1.583s] -- Looking for ignition-physics5-mesh -- found version 5.3.2
[1.583s] -- Searching for dependencies of ignition-physics5-mesh
[1.585s] -- Looking for ignition-common4 -- found version 4.7.0
[1.586s] -- Searching for <ignition-physics5> component [sdf]
[1.586s] -- Looking for ignition-physics5-sdf -- found version 5.3.2
[1.586s] -- Searching for dependencies of ignition-physics5-sdf
[1.586s] -- Looking for sdformat12 -- found version 12.9.0
[1.586s] -- Looking for ignition-sensors6 -- found version 6.9.0
[1.590s] -- Searching for dependencies of ignition-sensors6
[1.637s] -- Found Protobuf: /usr/lib/x86_64-linux-gnu/libprotobuf.so (found version "3.12.4") 
[1.638s] -- Looking for ignition-math6 -- found version 6.15.1
[1.638s] -- Looking for ignition-common4 -- found version 4.7.0
[1.642s] -- Looking for ignition-transport11 -- found version 11.4.1
[1.643s] -- Looking for ignition-rendering6 -- found version 6.6.3
[1.643s] -- Looking for ignition-msgs8 -- found version 8.7.0
[1.645s] -- Looking for sdformat12 -- found version 12.9.0
[1.647s] -- Searching for <ignition-sensors6> component [air_pressure]
[1.647s] -- Looking for ignition-sensors6-air_pressure -- found version 6.9.0
[1.649s] -- Searching for dependencies of ignition-sensors6-air_pressure
[1.650s] -- Searching for <ignition-sensors6> component [altimeter]
[1.651s] -- Looking for ignition-sensors6-altimeter -- found version 6.9.0
[1.663s] -- Searching for dependencies of ignition-sensors6-altimeter
[1.663s] -- Searching for <ignition-sensors6> component [imu]
[1.663s] -- Looking for ignition-sensors6-imu -- found version 6.9.0
[1.663s] -- Searching for dependencies of ignition-sensors6-imu
[1.663s] -- Searching for <ignition-sensors6> component [force_torque]
[1.663s] -- Looking for ignition-sensors6-force_torque -- found version 6.9.0
[1.668s] -- Searching for dependencies of ignition-sensors6-force_torque
[1.669s] -- Searching for <ignition-sensors6> component [logical_camera]
[1.669s] -- Looking for ignition-sensors6-logical_camera -- found version 6.9.0
[1.669s] -- Searching for dependencies of ignition-sensors6-logical_camera
[1.669s] -- Searching for <ignition-sensors6> component [magnetometer]
[1.669s] -- Looking for ignition-sensors6-magnetometer -- found version 6.9.0
[1.669s] -- Searching for dependencies of ignition-sensors6-magnetometer
[1.669s] -- Searching for <ignition-sensors6> component [navsat]
[1.669s] -- Looking for ignition-sensors6-navsat -- found version 6.9.0
[1.670s] -- Searching for dependencies of ignition-sensors6-navsat
[1.670s] -- Searching for <ignition-sensors6> component [rendering]
[1.670s] -- Looking for ignition-sensors6-rendering -- found version 6.9.0
[1.670s] -- Searching for dependencies of ignition-sensors6-rendering
[1.670s] -- Searching for <ignition-sensors6> component [lidar]
[1.670s] -- Looking for ignition-sensors6-lidar -- found version 6.9.0
[1.670s] -- Searching for dependencies of ignition-sensors6-lidar
[1.670s] -- Looking for ignition-sensors6 -- found version 6.9.0
[1.670s] -- Searching for <ignition-sensors6> component [gpu_lidar]
[1.670s] -- Looking for ignition-sensors6-gpu_lidar -- found version 6.9.0
[1.671s] -- Searching for dependencies of ignition-sensors6-gpu_lidar
[1.671s] -- Looking for ignition-sensors6 -- found version 6.9.0
[1.671s] -- Searching for <ignition-sensors6> component [camera]
[1.675s] -- Looking for ignition-sensors6-camera -- found version 6.9.0
[1.675s] -- Searching for dependencies of ignition-sensors6-camera
[1.675s] -- Looking for ignition-sensors6 -- found version 6.9.0
[1.675s] -- Searching for <ignition-sensors6> component [boundingbox_camera]
[1.677s] -- Looking for ignition-sensors6-boundingbox_camera -- found version 6.9.0
[1.677s] -- Searching for dependencies of ignition-sensors6-boundingbox_camera
[1.677s] -- Searching for <ignition-sensors6> component [segmentation_camera]
[1.677s] -- Looking for ignition-sensors6-segmentation_camera -- found version 6.9.0
[1.677s] -- Searching for dependencies of ignition-sensors6-segmentation_camera
[1.677s] -- Searching for <ignition-sensors6> component [depth_camera]
[1.678s] -- Looking for ignition-sensors6-depth_camera -- found version 6.9.0
[1.678s] -- Searching for dependencies of ignition-sensors6-depth_camera
[1.679s] -- Looking for ignition-sensors6 -- found version 6.9.0
[1.680s] -- Searching for <ignition-sensors6> component [rgbd_camera]
[1.681s] -- Looking for ignition-sensors6-rgbd_camera -- found version 6.9.0
[1.681s] -- Searching for dependencies of ignition-sensors6-rgbd_camera
[1.682s] -- Looking for ignition-sensors6 -- found version 6.9.0
[1.682s] -- Searching for <ignition-sensors6> component [thermal_camera]
[1.682s] -- Looking for ignition-sensors6-thermal_camera -- found version 6.9.0
[1.683s] -- Searching for dependencies of ignition-sensors6-thermal_camera
[1.684s] -- Looking for ignition-sensors6 -- found version 6.9.0
[1.685s] -- Looking for ignition-rendering6 -- found version 6.6.3
[1.685s] -- Looking for ignition-math6 -- found version 6.15.1
[1.686s] -- Looking for ignition-utils1 -- found version 1.5.1
[1.725s] -- Looking for ignition-common4 -- found version 4.7.0
[1.725s] -- Looking for ignition-math6 -- found version 6.15.1
[1.730s] -- Looking for ignition-transport11 -- found version 11.4.1
[1.730s] -- Looking for ignition-plugin1 -- found version 1.4.0
[1.731s] -- Looking for ignition-rendering6 -- found version 6.6.3
[1.731s] -- Looking for ignition-msgs8 -- found version 8.7.0
[1.732s] -- Found ament_cmake: 1.3.12 (/opt/ros/humble/share/ament_cmake/cmake)
[1.949s] -- Override CMake install command with custom implementation using symlinks instead of copying resources
[1.964s] -- Found ros_gz_sim: 0.244.20 (/opt/ros/humble/share/ros_gz_sim/cmake)
[1.999s] -- Found rosidl_generator_c: 3.1.7 (/opt/ros/humble/share/rosidl_generator_c/cmake)
[2.004s] -- Found rosidl_adapter: 3.1.7 (/opt/ros/humble/share/rosidl_adapter/cmake)
[2.016s] -- Found rosidl_generator_cpp: 3.1.7 (/opt/ros/humble/share/rosidl_generator_cpp/cmake)
[2.032s] -- Using all available rosidl_typesupport_c: rosidl_typesupport_fastrtps_c;rosidl_typesupport_introspection_c
[2.080s] -- Using all available rosidl_typesupport_cpp: rosidl_typesupport_fastrtps_cpp;rosidl_typesupport_introspection_cpp
[2.169s] -- Found rmw_implementation_cmake: 6.1.2 (/opt/ros/humble/share/rmw_implementation_cmake/cmake)
[2.173s] -- Found rmw_fastrtps_cpp: 6.2.9 (/opt/ros/humble/share/rmw_fastrtps_cpp/cmake)
[2.378s] -- Using RMW implementation 'rmw_fastrtps_cpp' as default
[2.453s] -- Found ros_gz_bridge: 0.244.20 (/opt/ros/humble/share/ros_gz_bridge/cmake)
[2.733s] -- Found as2_core: 1.1.3 (/root/aerostack2_ws/install/as2_core/share/as2_core/cmake)
[2.733s] -- Created yaml-cpp::yaml-cpp alias from yaml-cpp target
[2.735s] -- Created GeographicLib::GeographicLib target from legacy variables
[2.840s] -- Found eigen3_cmake_module: 0.1.1 (/opt/ros/humble/share/eigen3_cmake_module/cmake)
[2.843s] -- Ensuring Eigen3 include directory is part of orocos-kdl CMake target
[3.150s] -- Found ament_lint_auto: 0.12.14 (/opt/ros/humble/share/ament_lint_auto/cmake)
[3.331s] -- Found ament_cmake_pytest: 1.3.12 (/opt/ros/humble/share/ament_cmake_pytest/cmake)
[5.344s] -- Added test 'copyright' to check source files copyright and LICENSE
[5.421s] -- Added test 'cppcheck' to perform static code analysis on C / C++ code
[5.428s] -- Configured cppcheck include dirs: /root/aerostack2_ws/src/aerostack2/as2_simulation_assets/as2_gazebo_assets/include;/root/aerostack2_ws/src/aerostack2/as2_simulation_assets/as2_gazebo_assets/include/as2_gazebo_assets
[5.428s] -- Configured cppcheck exclude dirs and/or files: 
[5.505s] -- Added test 'cpplint' to check C / C++ code against the Google style
[5.505s] -- Configured cpplint exclude dirs and/or files: 
[5.517s] -- Added test 'flake8' to check Python code syntax and style conventions
[5.529s] -- Added test 'lint_cmake' to check CMake code style
[5.538s] -- Added test 'pep257' to check Python code against some of the docstring style conventions in PEP 257
[5.582s] -- Added test 'uncrustify' to check C / C++ code style
[5.582s] -- Configured uncrustify additional arguments: 
[5.598s] -- Added test 'xmllint' to check XML markup files
[5.599s] -- Configuring done
[5.764s] -- Generating done
[5.818s] -- Build files have been written to: /root/aerostack2_ws/build/as2_gazebo_assets
[5.844s] Invoked command in '/root/aerostack2_ws/build/as2_gazebo_assets' returned '0': CMAKE_PREFIX_PATH=/root/aerostack2_ws/install/as2_core:/root/aerostack2_ws/install/as2_msgs:/root/aerostack2_ws/install/aerostack2:/root/aerostack2_ws/install/as2_usb_camera_interface:/root/aerostack2_ws/install/as2_state_estimator:/root/aerostack2_ws/install/as2_rviz_plugins:/root/aerostack2_ws/install/as2_realsense_interface:/root/aerostack2_ws/install/as2_platform_multirotor_simulator:/root/aerostack2_ws/install/as2_platform_gazebo:/root/aerostack2_ws/install/as2_motion_controller:/root/aerostack2_ws/install/as2_behaviors_trajectory_generation:/root/aerostack2_ws/install/as2_behaviors_swarm_flocking:/root/aerostack2_ws/install/as2_behaviors_motion:/root/aerostack2_ws/install/as2_motion_reference_handlers:/root/aerostack2_ws/install/as2_map_server:/root/aerostack2_ws/install/as2_geozones:/root/aerostack2_ws/install/as2_gazebo_assets:/root/aerostack2_ws/install/as2_external_object_to_tf:/root/aerostack2_ws/install/as2_behaviors_platform:/root/aerostack2_ws/install/as2_behaviors_perception:/root/aerostack2_ws/install/as2_behaviors_path_planning:/root/aerostack2_ws/install/as2_behavior_tree:/root/aerostack2_ws/install/as2_behavior:/root/aerostack2_ws/install/as2_alphanumeric_viewer:/root/aerostack2_ws/install/as2_cli:/root/aerostack2_ws/src/aerostack2/install/as2_motion_reference_handlers:/root/aerostack2_ws/src/aerostack2/install/as2_map_server:/root/aerostack2_ws/src/aerostack2/install/as2_geozones:/root/aerostack2_ws/src/aerostack2/install/as2_behavior:/root/aerostack2_ws/src/aerostack2/install/as2_core:/root/aerostack2_ws/src/aerostack2/install/as2_msgs:/root/aerostack2_ws/src/aerostack2/install/as2_cli:/root/aerostack2_ws/install/as2_visualization:/root/aerostack2_ws/install/as2_keyboard_teleoperation:/root/aerostack2_ws/install/as2_python_api:/root/aerostack2_ws/src/aerostack2/install/as2_python_api:/opt/ros/humble LD_LIBRARY_PATH=/root/aerostack2_ws/install/as2_core/lib:/root/aerostack2_ws/install/as2_msgs/lib:/root/aerostack2_ws/install/as2_state_estimator/lib:/root/aerostack2_ws/install/as2_python_api/lib:/root/aerostack2_ws/install/as2_motion_controller/lib:/root/aerostack2_ws/install/as2_behaviors_trajectory_generation/lib:/root/aerostack2_ws/install/as2_behaviors_swarm_flocking/lib:/root/aerostack2_ws/install/as2_behaviors_motion/lib:/root/aerostack2_ws/install/as2_motion_reference_handlers/lib:/root/aerostack2_ws/install/as2_map_server/lib:/root/aerostack2_ws/install/as2_gazebo_assets/lib:/root/aerostack2_ws/install/as2_behaviors_perception/lib:/root/aerostack2_ws/install/as2_behaviors_path_planning/lib:/root/aerostack2_ws/install/as2_behavior_tree/lib:/root/aerostack2_ws/install/as2_behavior/lib:/root/aerostack2_ws/src/aerostack2/install/as2_python_api/lib:/root/aerostack2_ws/src/aerostack2/install/as2_motion_reference_handlers/lib:/root/aerostack2_ws/src/aerostack2/install/as2_map_server/lib:/root/aerostack2_ws/src/aerostack2/install/as2_behavior/lib:/root/aerostack2_ws/src/aerostack2/install/as2_core/lib:/root/aerostack2_ws/src/aerostack2/install/as2_msgs/lib:/opt/ros/humble/opt/rviz_ogre_vendor/lib:/opt/ros/humble/lib/x86_64-linux-gnu:/opt/ros/humble/lib /usr/bin/cmake /root/aerostack2_ws/src/aerostack2/as2_simulation_assets/as2_gazebo_assets -DCMAKE_INSTALL_PREFIX=/root/aerostack2_ws/install/as2_gazebo_assets
[5.845s] Invoking command in '/root/aerostack2_ws/build/as2_gazebo_assets': CMAKE_PREFIX_PATH=/root/aerostack2_ws/install/as2_core:/root/aerostack2_ws/install/as2_msgs:/root/aerostack2_ws/install/aerostack2:/root/aerostack2_ws/install/as2_usb_camera_interface:/root/aerostack2_ws/install/as2_state_estimator:/root/aerostack2_ws/install/as2_rviz_plugins:/root/aerostack2_ws/install/as2_realsense_interface:/root/aerostack2_ws/install/as2_platform_multirotor_simulator:/root/aerostack2_ws/install/as2_platform_gazebo:/root/aerostack2_ws/install/as2_motion_controller:/root/aerostack2_ws/install/as2_behaviors_trajectory_generation:/root/aerostack2_ws/install/as2_behaviors_swarm_flocking:/root/aerostack2_ws/install/as2_behaviors_motion:/root/aerostack2_ws/install/as2_motion_reference_handlers:/root/aerostack2_ws/install/as2_map_server:/root/aerostack2_ws/install/as2_geozones:/root/aerostack2_ws/install/as2_gazebo_assets:/root/aerostack2_ws/install/as2_external_object_to_tf:/root/aerostack2_ws/install/as2_behaviors_platform:/root/aerostack2_ws/install/as2_behaviors_perception:/root/aerostack2_ws/install/as2_behaviors_path_planning:/root/aerostack2_ws/install/as2_behavior_tree:/root/aerostack2_ws/install/as2_behavior:/root/aerostack2_ws/install/as2_alphanumeric_viewer:/root/aerostack2_ws/install/as2_cli:/root/aerostack2_ws/src/aerostack2/install/as2_motion_reference_handlers:/root/aerostack2_ws/src/aerostack2/install/as2_map_server:/root/aerostack2_ws/src/aerostack2/install/as2_geozones:/root/aerostack2_ws/src/aerostack2/install/as2_behavior:/root/aerostack2_ws/src/aerostack2/install/as2_core:/root/aerostack2_ws/src/aerostack2/install/as2_msgs:/root/aerostack2_ws/src/aerostack2/install/as2_cli:/root/aerostack2_ws/install/as2_visualization:/root/aerostack2_ws/install/as2_keyboard_teleoperation:/root/aerostack2_ws/install/as2_python_api:/root/aerostack2_ws/src/aerostack2/install/as2_python_api:/opt/ros/humble LD_LIBRARY_PATH=/root/aerostack2_ws/install/as2_core/lib:/root/aerostack2_ws/install/as2_msgs/lib:/root/aerostack2_ws/install/as2_state_estimator/lib:/root/aerostack2_ws/install/as2_python_api/lib:/root/aerostack2_ws/install/as2_motion_controller/lib:/root/aerostack2_ws/install/as2_behaviors_trajectory_generation/lib:/root/aerostack2_ws/install/as2_behaviors_swarm_flocking/lib:/root/aerostack2_ws/install/as2_behaviors_motion/lib:/root/aerostack2_ws/install/as2_motion_reference_handlers/lib:/root/aerostack2_ws/install/as2_map_server/lib:/root/aerostack2_ws/install/as2_gazebo_assets/lib:/root/aerostack2_ws/install/as2_behaviors_perception/lib:/root/aerostack2_ws/install/as2_behaviors_path_planning/lib:/root/aerostack2_ws/install/as2_behavior_tree/lib:/root/aerostack2_ws/install/as2_behavior/lib:/root/aerostack2_ws/src/aerostack2/install/as2_python_api/lib:/root/aerostack2_ws/src/aerostack2/install/as2_motion_reference_handlers/lib:/root/aerostack2_ws/src/aerostack2/install/as2_map_server/lib:/root/aerostack2_ws/src/aerostack2/install/as2_behavior/lib:/root/aerostack2_ws/src/aerostack2/install/as2_core/lib:/root/aerostack2_ws/src/aerostack2/install/as2_msgs/lib:/opt/ros/humble/opt/rviz_ogre_vendor/lib:/opt/ros/humble/lib/x86_64-linux-gnu:/opt/ros/humble/lib /usr/bin/cmake --build /root/aerostack2_ws/build/as2_gazebo_assets -- -j8 -l8
[6.019s] [35m[1mConsolidate compiler generated dependencies of target ground_truth_bridge[0m
[6.020s] [35m[1mConsolidate compiler generated dependencies of target gps_bridge[0m
[6.020s] [35m[1mConsolidate compiler generated dependencies of target azimuth_bridge[0m
[6.020s] [35m[1mConsolidate compiler generated dependencies of target set_entity_pose_bridge[0m
[6.020s] [35m[1mConsolidate compiler generated dependencies of target gimbal_bridge[0m
[6.020s] [35m[1mConsolidate compiler generated dependencies of target acro_bridge[0m
[6.020s] [35m[1mConsolidate compiler generated dependencies of target object_tf_broadcaster[0m
[6.020s] [35m[1mConsolidate compiler generated dependencies of target MulticopterINDIControl[0m
[6.049s] [ 12%] Built target ground_truth_bridge
[6.058s] [ 25%] Built target azimuth_bridge
[6.066s] [ 37%] Built target MulticopterINDIControl
[6.078s] [ 50%] Built target gps_bridge
[6.084s] [ 62%] Built target set_entity_pose_bridge
[6.090s] [ 75%] Built target acro_bridge
[6.094s] [ 87%] Built target gimbal_bridge
[6.104s] [100%] Built target object_tf_broadcaster
[6.118s] [100%] Built target ament_cmake_python_symlink_as2_gazebo_assets
[6.388s] running egg_info
[6.389s] writing as2_gazebo_assets.egg-info/PKG-INFO
[6.389s] writing dependency_links to as2_gazebo_assets.egg-info/dependency_links.txt
[6.389s] writing top-level names to as2_gazebo_assets.egg-info/top_level.txt
[6.390s] reading manifest file 'as2_gazebo_assets.egg-info/SOURCES.txt'
[6.391s] writing manifest file 'as2_gazebo_assets.egg-info/SOURCES.txt'
[6.417s] [100%] Built target ament_cmake_python_build_as2_gazebo_assets_egg
[6.431s] Invoked command in '/root/aerostack2_ws/build/as2_gazebo_assets' returned '0': CMAKE_PREFIX_PATH=/root/aerostack2_ws/install/as2_core:/root/aerostack2_ws/install/as2_msgs:/root/aerostack2_ws/install/aerostack2:/root/aerostack2_ws/install/as2_usb_camera_interface:/root/aerostack2_ws/install/as2_state_estimator:/root/aerostack2_ws/install/as2_rviz_plugins:/root/aerostack2_ws/install/as2_realsense_interface:/root/aerostack2_ws/install/as2_platform_multirotor_simulator:/root/aerostack2_ws/install/as2_platform_gazebo:/root/aerostack2_ws/install/as2_motion_controller:/root/aerostack2_ws/install/as2_behaviors_trajectory_generation:/root/aerostack2_ws/install/as2_behaviors_swarm_flocking:/root/aerostack2_ws/install/as2_behaviors_motion:/root/aerostack2_ws/install/as2_motion_reference_handlers:/root/aerostack2_ws/install/as2_map_server:/root/aerostack2_ws/install/as2_geozones:/root/aerostack2_ws/install/as2_gazebo_assets:/root/aerostack2_ws/install/as2_external_object_to_tf:/root/aerostack2_ws/install/as2_behaviors_platform:/root/aerostack2_ws/install/as2_behaviors_perception:/root/aerostack2_ws/install/as2_behaviors_path_planning:/root/aerostack2_ws/install/as2_behavior_tree:/root/aerostack2_ws/install/as2_behavior:/root/aerostack2_ws/install/as2_alphanumeric_viewer:/root/aerostack2_ws/install/as2_cli:/root/aerostack2_ws/src/aerostack2/install/as2_motion_reference_handlers:/root/aerostack2_ws/src/aerostack2/install/as2_map_server:/root/aerostack2_ws/src/aerostack2/install/as2_geozones:/root/aerostack2_ws/src/aerostack2/install/as2_behavior:/root/aerostack2_ws/src/aerostack2/install/as2_core:/root/aerostack2_ws/src/aerostack2/install/as2_msgs:/root/aerostack2_ws/src/aerostack2/install/as2_cli:/root/aerostack2_ws/install/as2_visualization:/root/aerostack2_ws/install/as2_keyboard_teleoperation:/root/aerostack2_ws/install/as2_python_api:/root/aerostack2_ws/src/aerostack2/install/as2_python_api:/opt/ros/humble LD_LIBRARY_PATH=/root/aerostack2_ws/install/as2_core/lib:/root/aerostack2_ws/install/as2_msgs/lib:/root/aerostack2_ws/install/as2_state_estimator/lib:/root/aerostack2_ws/install/as2_python_api/lib:/root/aerostack2_ws/install/as2_motion_controller/lib:/root/aerostack2_ws/install/as2_behaviors_trajectory_generation/lib:/root/aerostack2_ws/install/as2_behaviors_swarm_flocking/lib:/root/aerostack2_ws/install/as2_behaviors_motion/lib:/root/aerostack2_ws/install/as2_motion_reference_handlers/lib:/root/aerostack2_ws/install/as2_map_server/lib:/root/aerostack2_ws/install/as2_gazebo_assets/lib:/root/aerostack2_ws/install/as2_behaviors_perception/lib:/root/aerostack2_ws/install/as2_behaviors_path_planning/lib:/root/aerostack2_ws/install/as2_behavior_tree/lib:/root/aerostack2_ws/install/as2_behavior/lib:/root/aerostack2_ws/src/aerostack2/install/as2_python_api/lib:/root/aerostack2_ws/src/aerostack2/install/as2_motion_reference_handlers/lib:/root/aerostack2_ws/src/aerostack2/install/as2_map_server/lib:/root/aerostack2_ws/src/aerostack2/install/as2_behavior/lib:/root/aerostack2_ws/src/aerostack2/install/as2_core/lib:/root/aerostack2_ws/src/aerostack2/install/as2_msgs/lib:/opt/ros/humble/opt/rviz_ogre_vendor/lib:/opt/ros/humble/lib/x86_64-linux-gnu:/opt/ros/humble/lib /usr/bin/cmake --build /root/aerostack2_ws/build/as2_gazebo_assets -- -j8 -l8
[6.433s] Invoking command in '/root/aerostack2_ws/build/as2_gazebo_assets': CMAKE_PREFIX_PATH=/root/aerostack2_ws/install/as2_core:/root/aerostack2_ws/install/as2_msgs:/root/aerostack2_ws/install/aerostack2:/root/aerostack2_ws/install/as2_usb_camera_interface:/root/aerostack2_ws/install/as2_state_estimator:/root/aerostack2_ws/install/as2_rviz_plugins:/root/aerostack2_ws/install/as2_realsense_interface:/root/aerostack2_ws/install/as2_platform_multirotor_simulator:/root/aerostack2_ws/install/as2_platform_gazebo:/root/aerostack2_ws/install/as2_motion_controller:/root/aerostack2_ws/install/as2_behaviors_trajectory_generation:/root/aerostack2_ws/install/as2_behaviors_swarm_flocking:/root/aerostack2_ws/install/as2_behaviors_motion:/root/aerostack2_ws/install/as2_motion_reference_handlers:/root/aerostack2_ws/install/as2_map_server:/root/aerostack2_ws/install/as2_geozones:/root/aerostack2_ws/install/as2_gazebo_assets:/root/aerostack2_ws/install/as2_external_object_to_tf:/root/aerostack2_ws/install/as2_behaviors_platform:/root/aerostack2_ws/install/as2_behaviors_perception:/root/aerostack2_ws/install/as2_behaviors_path_planning:/root/aerostack2_ws/install/as2_behavior_tree:/root/aerostack2_ws/install/as2_behavior:/root/aerostack2_ws/install/as2_alphanumeric_viewer:/root/aerostack2_ws/install/as2_cli:/root/aerostack2_ws/src/aerostack2/install/as2_motion_reference_handlers:/root/aerostack2_ws/src/aerostack2/install/as2_map_server:/root/aerostack2_ws/src/aerostack2/install/as2_geozones:/root/aerostack2_ws/src/aerostack2/install/as2_behavior:/root/aerostack2_ws/src/aerostack2/install/as2_core:/root/aerostack2_ws/src/aerostack2/install/as2_msgs:/root/aerostack2_ws/src/aerostack2/install/as2_cli:/root/aerostack2_ws/install/as2_visualization:/root/aerostack2_ws/install/as2_keyboard_teleoperation:/root/aerostack2_ws/install/as2_python_api:/root/aerostack2_ws/src/aerostack2/install/as2_python_api:/opt/ros/humble LD_LIBRARY_PATH=/root/aerostack2_ws/install/as2_core/lib:/root/aerostack2_ws/install/as2_msgs/lib:/root/aerostack2_ws/install/as2_state_estimator/lib:/root/aerostack2_ws/install/as2_python_api/lib:/root/aerostack2_ws/install/as2_motion_controller/lib:/root/aerostack2_ws/install/as2_behaviors_trajectory_generation/lib:/root/aerostack2_ws/install/as2_behaviors_swarm_flocking/lib:/root/aerostack2_ws/install/as2_behaviors_motion/lib:/root/aerostack2_ws/install/as2_motion_reference_handlers/lib:/root/aerostack2_ws/install/as2_map_server/lib:/root/aerostack2_ws/install/as2_gazebo_assets/lib:/root/aerostack2_ws/install/as2_behaviors_perception/lib:/root/aerostack2_ws/install/as2_behaviors_path_planning/lib:/root/aerostack2_ws/install/as2_behavior_tree/lib:/root/aerostack2_ws/install/as2_behavior/lib:/root/aerostack2_ws/src/aerostack2/install/as2_python_api/lib:/root/aerostack2_ws/src/aerostack2/install/as2_motion_reference_handlers/lib:/root/aerostack2_ws/src/aerostack2/install/as2_map_server/lib:/root/aerostack2_ws/src/aerostack2/install/as2_behavior/lib:/root/aerostack2_ws/src/aerostack2/install/as2_core/lib:/root/aerostack2_ws/src/aerostack2/install/as2_msgs/lib:/opt/ros/humble/opt/rviz_ogre_vendor/lib:/opt/ros/humble/lib/x86_64-linux-gnu:/opt/ros/humble/lib /usr/bin/cmake --install /root/aerostack2_ws/build/as2_gazebo_assets
[6.441s] -- Install configuration: "Release"
[6.442s] -- Execute custom install script
[6.442s] -- Up-to-date symlink: /root/aerostack2_ws/install/as2_gazebo_assets/share/as2_gazebo_assets/environment/resource_paths.dsv
[6.442s] -- Up-to-date symlink: /root/aerostack2_ws/install/as2_gazebo_assets/share/as2_gazebo_assets/environment/resource_paths.sh
[6.443s] -- Up-to-date symlink: /root/aerostack2_ws/install/as2_gazebo_assets/lib/as2_gazebo_assets/azimuth_bridge
[6.443s] -- Up-to-date symlink: /root/aerostack2_ws/install/as2_gazebo_assets/lib/as2_gazebo_assets/gps_bridge
[6.443s] -- Up-to-date symlink: /root/aerostack2_ws/install/as2_gazebo_assets/lib/as2_gazebo_assets/ground_truth_bridge
[6.443s] -- Up-to-date symlink: /root/aerostack2_ws/install/as2_gazebo_assets/lib/as2_gazebo_assets/object_tf_broadcaster
[6.443s] -- Up-to-date symlink: /root/aerostack2_ws/install/as2_gazebo_assets/lib/as2_gazebo_assets/gimbal_bridge
[6.444s] -- Up-to-date symlink: /root/aerostack2_ws/install/as2_gazebo_assets/lib/as2_gazebo_assets/acro_bridge
[6.444s] -- Up-to-date symlink: /root/aerostack2_ws/install/as2_gazebo_assets/lib/as2_gazebo_assets/set_entity_pose_bridge
[6.444s] -- Up-to-date symlink: /root/aerostack2_ws/install/as2_gazebo_assets/lib/libMulticopterINDIControl.so
[6.444s] -- Up-to-date symlink: /root/aerostack2_ws/install/as2_gazebo_assets/share/as2_gazebo_assets/environment/pythonpath.sh
[6.444s] -- Up-to-date symlink: /root/aerostack2_ws/install/as2_gazebo_assets/share/as2_gazebo_assets/environment/pythonpath.dsv
[6.444s] -- Up-to-date symlink: /root/aerostack2_ws/install/as2_gazebo_assets/local/lib/python3.10/dist-packages/as2_gazebo_assets-1.1.3-py3.10.egg-info/PKG-INFO
[6.445s] -- Up-to-date symlink: /root/aerostack2_ws/install/as2_gazebo_assets/local/lib/python3.10/dist-packages/as2_gazebo_assets-1.1.3-py3.10.egg-info/SOURCES.txt
[6.445s] -- Up-to-date symlink: /root/aerostack2_ws/install/as2_gazebo_assets/local/lib/python3.10/dist-packages/as2_gazebo_assets-1.1.3-py3.10.egg-info/dependency_links.txt
[6.445s] -- Up-to-date symlink: /root/aerostack2_ws/install/as2_gazebo_assets/local/lib/python3.10/dist-packages/as2_gazebo_assets-1.1.3-py3.10.egg-info/top_level.txt
[6.445s] -- Up-to-date symlink: /root/aerostack2_ws/install/as2_gazebo_assets/local/lib/python3.10/dist-packages/as2_gazebo_assets/__init__.py
[6.446s] -- Up-to-date symlink: /root/aerostack2_ws/install/as2_gazebo_assets/local/lib/python3.10/dist-packages/as2_gazebo_assets/bridges/__init__.py
[6.446s] -- Up-to-date symlink: /root/aerostack2_ws/install/as2_gazebo_assets/local/lib/python3.10/dist-packages/as2_gazebo_assets/bridges/bridge.py
[6.446s] -- Up-to-date symlink: /root/aerostack2_ws/install/as2_gazebo_assets/local/lib/python3.10/dist-packages/as2_gazebo_assets/bridges/bridges.py
[6.446s] -- Up-to-date symlink: /root/aerostack2_ws/install/as2_gazebo_assets/local/lib/python3.10/dist-packages/as2_gazebo_assets/bridges/custom_bridges.py
[6.446s] -- Up-to-date symlink: /root/aerostack2_ws/install/as2_gazebo_assets/local/lib/python3.10/dist-packages/as2_gazebo_assets/models/__init__.py
[6.447s] -- Up-to-date symlink: /root/aerostack2_ws/install/as2_gazebo_assets/local/lib/python3.10/dist-packages/as2_gazebo_assets/models/drone.py
[6.447s] -- Up-to-date symlink: /root/aerostack2_ws/install/as2_gazebo_assets/local/lib/python3.10/dist-packages/as2_gazebo_assets/models/entity.py
[6.447s] -- Up-to-date symlink: /root/aerostack2_ws/install/as2_gazebo_assets/local/lib/python3.10/dist-packages/as2_gazebo_assets/models/object.py
[6.447s] -- Up-to-date symlink: /root/aerostack2_ws/install/as2_gazebo_assets/local/lib/python3.10/dist-packages/as2_gazebo_assets/models/payload.py
[6.448s] -- Up-to-date symlink: /root/aerostack2_ws/install/as2_gazebo_assets/local/lib/python3.10/dist-packages/as2_gazebo_assets/tests/test_models.py
[6.448s] -- Up-to-date symlink: /root/aerostack2_ws/install/as2_gazebo_assets/local/lib/python3.10/dist-packages/as2_gazebo_assets/utils/launch_exception.py
[6.448s] -- Up-to-date symlink: /root/aerostack2_ws/install/as2_gazebo_assets/local/lib/python3.10/dist-packages/as2_gazebo_assets/world.py
[6.448s] -- Up-to-date symlink: /root/aerostack2_ws/install/as2_gazebo_assets/include/as2_gazebo_assets/acro_bridge.hpp
[6.448s] -- Up-to-date symlink: /root/aerostack2_ws/install/as2_gazebo_assets/include/as2_gazebo_assets/azimuth_bridge.hpp
[6.448s] -- Up-to-date symlink: /root/aerostack2_ws/install/as2_gazebo_assets/include/as2_gazebo_assets/gimbal_bridge.hpp
[6.448s] -- Up-to-date symlink: /root/aerostack2_ws/install/as2_gazebo_assets/include/as2_gazebo_assets/gps_bridge.hpp
[6.448s] -- Up-to-date symlink: /root/aerostack2_ws/install/as2_gazebo_assets/include/as2_gazebo_assets/ground_truth_bridge.hpp
[6.448s] -- Up-to-date symlink: /root/aerostack2_ws/install/as2_gazebo_assets/include/as2_gazebo_assets/object_tf_broadcaster.hpp
[6.448s] -- Up-to-date symlink: /root/aerostack2_ws/install/as2_gazebo_assets/include/as2_gazebo_assets/set_entity_pose_bridge.hpp
[6.449s] -- Up-to-date symlink: /root/aerostack2_ws/install/as2_gazebo_assets/share/as2_gazebo_assets/launch/drone_bridges.py
[6.449s] -- Up-to-date symlink: /root/aerostack2_ws/install/as2_gazebo_assets/share/as2_gazebo_assets/launch/launch_simulation.py
[6.449s] -- Up-to-date symlink: /root/aerostack2_ws/install/as2_gazebo_assets/share/as2_gazebo_assets/launch/monitor_sim.py
[6.449s] -- Up-to-date symlink: /root/aerostack2_ws/install/as2_gazebo_assets/share/as2_gazebo_assets/launch/object_bridges.py
[6.449s] -- Up-to-date symlink: /root/aerostack2_ws/install/as2_gazebo_assets/share/as2_gazebo_assets/launch/world_bridges.py
[6.452s] -- Up-to-date symlink: /root/aerostack2_ws/install/as2_gazebo_assets/share/as2_gazebo_assets/worlds/empty.sdf.jinja
[6.453s] -- Up-to-date symlink: /root/aerostack2_ws/install/as2_gazebo_assets/share/as2_gazebo_assets/worlds/grass.sdf.jinja
[6.453s] -- Up-to-date symlink: /root/aerostack2_ws/install/as2_gazebo_assets/share/as2_gazebo_assets/worlds/test_gripper.sdf
[6.453s] -- Up-to-date symlink: /root/aerostack2_ws/install/as2_gazebo_assets/share/as2_gazebo_assets/models/3d_lidar/3d_lidar.sdf
[6.453s] -- Up-to-date symlink: /root/aerostack2_ws/install/as2_gazebo_assets/share/as2_gazebo_assets/models/3d_lidar/model.config
[6.453s] -- Up-to-date symlink: /root/aerostack2_ws/install/as2_gazebo_assets/share/as2_gazebo_assets/models/air_pressure/air_pressure.sdf
[6.455s] -- Up-to-date symlink: /root/aerostack2_ws/install/as2_gazebo_assets/share/as2_gazebo_assets/models/air_pressure/model.config
[6.455s] -- Up-to-date symlink: /root/aerostack2_ws/install/as2_gazebo_assets/share/as2_gazebo_assets/models/aruco/aruco.sdf
[6.455s] -- Up-to-date symlink: /root/aerostack2_ws/install/as2_gazebo_assets/share/as2_gazebo_assets/models/aruco/materials/scripts/aruco.material
[6.455s] -- Up-to-date symlink: /root/aerostack2_ws/install/as2_gazebo_assets/share/as2_gazebo_assets/models/aruco/materials/textures/marker1.png
[6.456s] -- Up-to-date symlink: /root/aerostack2_ws/install/as2_gazebo_assets/share/as2_gazebo_assets/models/aruco/materials/textures/marker2.png
[6.456s] -- Up-to-date symlink: /root/aerostack2_ws/install/as2_gazebo_assets/share/as2_gazebo_assets/models/aruco/materials/textures/marker3.png
[6.456s] -- Up-to-date symlink: /root/aerostack2_ws/install/as2_gazebo_assets/share/as2_gazebo_assets/models/aruco/materials/textures/marker4.png
[6.456s] -- Up-to-date symlink: /root/aerostack2_ws/install/as2_gazebo_assets/share/as2_gazebo_assets/models/aruco/materials/textures/marker5.png
[6.456s] -- Up-to-date symlink: /root/aerostack2_ws/install/as2_gazebo_assets/share/as2_gazebo_assets/models/aruco/meshes/checkerboard_plane.dae
[6.456s] -- Up-to-date symlink: /root/aerostack2_ws/install/as2_gazebo_assets/share/as2_gazebo_assets/models/aruco/model.config
[6.456s] -- Up-to-date symlink: /root/aerostack2_ws/install/as2_gazebo_assets/share/as2_gazebo_assets/models/aruco_gate_1/aruco_gate_1.sdf
[6.456s] -- Up-to-date symlink: /root/aerostack2_ws/install/as2_gazebo_assets/share/as2_gazebo_assets/models/aruco_gate_1/meshes/background.stl
[6.457s] -- Up-to-date symlink: /root/aerostack2_ws/install/as2_gazebo_assets/share/as2_gazebo_assets/models/aruco_gate_1/meshes/base.stl
[6.457s] -- Up-to-date symlink: /root/aerostack2_ws/install/as2_gazebo_assets/share/as2_gazebo_assets/models/aruco_gate_1/meshes/base_2.stl
[6.457s] -- Up-to-date symlink: /root/aerostack2_ws/install/as2_gazebo_assets/share/as2_gazebo_assets/models/aruco_gate_1/meshes/hoop.stl
[6.457s] -- Up-to-date symlink: /root/aerostack2_ws/install/as2_gazebo_assets/share/as2_gazebo_assets/models/aruco_gate_1/meshes/hoop_2.stl
[6.457s] -- Up-to-date symlink: /root/aerostack2_ws/install/as2_gazebo_assets/share/as2_gazebo_assets/models/aruco_gate_1/model.config
[6.457s] -- Up-to-date symlink: /root/aerostack2_ws/install/as2_gazebo_assets/share/as2_gazebo_assets/models/aruco_gate_2/aruco_gate_2.sdf
[6.457s] -- Up-to-date symlink: /root/aerostack2_ws/install/as2_gazebo_assets/share/as2_gazebo_assets/models/aruco_gate_2/model.config
[6.457s] -- Up-to-date symlink: /root/aerostack2_ws/install/as2_gazebo_assets/share/as2_gazebo_assets/models/crazyflie/crazyflie.sdf
[6.457s] -- Up-to-date symlink: /root/aerostack2_ws/install/as2_gazebo_assets/share/as2_gazebo_assets/models/crazyflie/crazyflie.sdf.jinja
[6.457s] -- Up-to-date symlink: /root/aerostack2_ws/install/as2_gazebo_assets/share/as2_gazebo_assets/models/crazyflie/meshes/ccw_prop.dae
[6.458s] -- Up-to-date symlink: /root/aerostack2_ws/install/as2_gazebo_assets/share/as2_gazebo_assets/models/crazyflie/meshes/cf2_assembly.dae
[6.458s] -- Up-to-date symlink: /root/aerostack2_ws/install/as2_gazebo_assets/share/as2_gazebo_assets/models/crazyflie/meshes/cw_prop.dae
[6.458s] -- Up-to-date symlink: /root/aerostack2_ws/install/as2_gazebo_assets/share/as2_gazebo_assets/models/crazyflie/model.config
[6.458s] -- Up-to-date symlink: /root/aerostack2_ws/install/as2_gazebo_assets/share/as2_gazebo_assets/models/f330/f330.sdf
[6.458s] -- Up-to-date symlink: /root/aerostack2_ws/install/as2_gazebo_assets/share/as2_gazebo_assets/models/f330/f330.sdf.jinja
[6.458s] -- Up-to-date symlink: /root/aerostack2_ws/install/as2_gazebo_assets/share/as2_gazebo_assets/models/f330/meshes/model.dae
[6.458s] -- Up-to-date symlink: /root/aerostack2_ws/install/as2_gazebo_assets/share/as2_gazebo_assets/models/f330/model.config
[6.458s] -- Up-to-date symlink: /root/aerostack2_ws/install/as2_gazebo_assets/share/as2_gazebo_assets/models/gate/gate.sdf
[6.458s] -- Up-to-date symlink: /root/aerostack2_ws/install/as2_gazebo_assets/share/as2_gazebo_assets/models/gate/meshes/gate.dae
[6.458s] -- Up-to-date symlink: /root/aerostack2_ws/install/as2_gazebo_assets/share/as2_gazebo_assets/models/gate/meshes/gate_color.png
[6.458s] -- Up-to-date symlink: /root/aerostack2_ws/install/as2_gazebo_assets/share/as2_gazebo_assets/models/gate/model.config
[6.458s] -- Up-to-date symlink: /root/aerostack2_ws/install/as2_gazebo_assets/share/as2_gazebo_assets/models/gimbal/model.config
[6.459s] -- Up-to-date symlink: /root/aerostack2_ws/install/as2_gazebo_assets/share/as2_gazebo_assets/models/gimbal/position_gimbal.sdf
[6.459s] -- Up-to-date symlink: /root/aerostack2_ws/install/as2_gazebo_assets/share/as2_gazebo_assets/models/gimbal/position_gimbal.sdf.jinja
[6.459s] -- Up-to-date symlink: /root/aerostack2_ws/install/as2_gazebo_assets/share/as2_gazebo_assets/models/gimbal/speed_gimbal.sdf.jinja
[6.459s] -- Up-to-date symlink: /root/aerostack2_ws/install/as2_gazebo_assets/share/as2_gazebo_assets/models/gps/gps.sdf
[6.459s] -- Up-to-date symlink: /root/aerostack2_ws/install/as2_gazebo_assets/share/as2_gazebo_assets/models/gps/model.config
[6.459s] -- Up-to-date symlink: /root/aerostack2_ws/install/as2_gazebo_assets/share/as2_gazebo_assets/models/grass_patch/materials/textures/grass_dry.png
[6.459s] -- Up-to-date symlink: /root/aerostack2_ws/install/as2_gazebo_assets/share/as2_gazebo_assets/models/grass_patch/model.config
[6.459s] -- Up-to-date symlink: /root/aerostack2_ws/install/as2_gazebo_assets/share/as2_gazebo_assets/models/grass_patch/model.sdf
[6.459s] -- Up-to-date symlink: /root/aerostack2_ws/install/as2_gazebo_assets/share/as2_gazebo_assets/models/grass_patch/thumbnails/grasspatch.jpg
[6.459s] -- Up-to-date symlink: /root/aerostack2_ws/install/as2_gazebo_assets/share/as2_gazebo_assets/models/grayscaled_camera/grayscaled_camera.sdf
[6.460s] -- Up-to-date symlink: /root/aerostack2_ws/install/as2_gazebo_assets/share/as2_gazebo_assets/models/grayscaled_camera/grayscaled_camera.sdf.jinja
[6.460s] -- Up-to-date symlink: /root/aerostack2_ws/install/as2_gazebo_assets/share/as2_gazebo_assets/models/grayscaled_camera/model.config
[6.460s] -- Up-to-date symlink: /root/aerostack2_ws/install/as2_gazebo_assets/share/as2_gazebo_assets/models/ground_plane/ground_plane.sdf
[6.460s] -- Up-to-date symlink: /root/aerostack2_ws/install/as2_gazebo_assets/share/as2_gazebo_assets/models/ground_plane/model.config
[6.460s] -- Up-to-date symlink: /root/aerostack2_ws/install/as2_gazebo_assets/share/as2_gazebo_assets/models/hd_camera/hd_camera.sdf
[6.460s] -- Up-to-date symlink: /root/aerostack2_ws/install/as2_gazebo_assets/share/as2_gazebo_assets/models/hd_camera/hd_camera.sdf.jinja
[6.460s] -- Up-to-date symlink: /root/aerostack2_ws/install/as2_gazebo_assets/share/as2_gazebo_assets/models/hd_camera/model.config
[6.460s] -- Up-to-date symlink: /root/aerostack2_ws/install/as2_gazebo_assets/share/as2_gazebo_assets/models/hexrotor_base/hexrotor_base.sdf
[6.460s] -- Up-to-date symlink: /root/aerostack2_ws/install/as2_gazebo_assets/share/as2_gazebo_assets/models/hexrotor_base/hexrotor_base.sdf.jinja
[6.460s] -- Up-to-date symlink: /root/aerostack2_ws/install/as2_gazebo_assets/share/as2_gazebo_assets/models/hexrotor_base/materials/textures/led.jpg
[6.461s] -- Up-to-date symlink: /root/aerostack2_ws/install/as2_gazebo_assets/share/as2_gazebo_assets/models/hexrotor_base/meshes/hexrotor.dae
[6.461s] -- Up-to-date symlink: /root/aerostack2_ws/install/as2_gazebo_assets/share/as2_gazebo_assets/models/hexrotor_base/meshes/hexrotor.jpg
[6.461s] -- Up-to-date symlink: /root/aerostack2_ws/install/as2_gazebo_assets/share/as2_gazebo_assets/models/hexrotor_base/meshes/led.dae
[6.461s] -- Up-to-date symlink: /root/aerostack2_ws/install/as2_gazebo_assets/share/as2_gazebo_assets/models/hexrotor_base/meshes/led_lamp.dae
[6.461s] -- Up-to-date symlink: /root/aerostack2_ws/install/as2_gazebo_assets/share/as2_gazebo_assets/models/hexrotor_base/meshes/neo11_propeller_ccw.dae
[6.461s] -- Up-to-date symlink: /root/aerostack2_ws/install/as2_gazebo_assets/share/as2_gazebo_assets/models/hexrotor_base/meshes/neo11_propeller_cw.dae
[6.461s] -- Up-to-date symlink: /root/aerostack2_ws/install/as2_gazebo_assets/share/as2_gazebo_assets/models/hexrotor_base/model.config
[6.461s] -- Up-to-date symlink: /root/aerostack2_ws/install/as2_gazebo_assets/share/as2_gazebo_assets/models/lidar_3d/lidar_3d.sdf
[6.461s] -- Up-to-date symlink: /root/aerostack2_ws/install/as2_gazebo_assets/share/as2_gazebo_assets/models/lidar_3d/model.config
[6.461s] -- Up-to-date symlink: /root/aerostack2_ws/install/as2_gazebo_assets/share/as2_gazebo_assets/models/magnetometer/magnetometer.sdf
[6.461s] -- Up-to-date symlink: /root/aerostack2_ws/install/as2_gazebo_assets/share/as2_gazebo_assets/models/magnetometer/model.config
[6.462s] -- Up-to-date symlink: /root/aerostack2_ws/install/as2_gazebo_assets/share/as2_gazebo_assets/models/planar_lidar/model.config
[6.462s] -- Up-to-date symlink: /root/aerostack2_ws/install/as2_gazebo_assets/share/as2_gazebo_assets/models/planar_lidar/planar_lidar.sdf
[6.462s] -- Up-to-date symlink: /root/aerostack2_ws/install/as2_gazebo_assets/share/as2_gazebo_assets/models/point_lidar/model.config
[6.462s] -- Up-to-date symlink: /root/aerostack2_ws/install/as2_gazebo_assets/share/as2_gazebo_assets/models/point_lidar/point_lidar.sdf
[6.462s] -- Up-to-date symlink: /root/aerostack2_ws/install/as2_gazebo_assets/share/as2_gazebo_assets/models/px4vision/meshes/body.dae
[6.462s] -- Up-to-date symlink: /root/aerostack2_ws/install/as2_gazebo_assets/share/as2_gazebo_assets/models/px4vision/meshes/iris_prop_ccw.dae
[6.462s] -- Up-to-date symlink: /root/aerostack2_ws/install/as2_gazebo_assets/share/as2_gazebo_assets/models/px4vision/meshes/iris_prop_cw.dae
[6.462s] -- Up-to-date symlink: /root/aerostack2_ws/install/as2_gazebo_assets/share/as2_gazebo_assets/models/px4vision/model.config
[6.462s] -- Up-to-date symlink: /root/aerostack2_ws/install/as2_gazebo_assets/share/as2_gazebo_assets/models/px4vision/px4vision.sdf
[6.462s] -- Up-to-date symlink: /root/aerostack2_ws/install/as2_gazebo_assets/share/as2_gazebo_assets/models/px4vision/px4vision.sdf.jinja
[6.463s] -- Up-to-date symlink: /root/aerostack2_ws/install/as2_gazebo_assets/share/as2_gazebo_assets/models/px4vision/thumbnails/px4_vision_front.png
[6.463s] -- Up-to-date symlink: /root/aerostack2_ws/install/as2_gazebo_assets/share/as2_gazebo_assets/models/px4vision/thumbnails/px4_vision_top.png
[6.463s] -- Up-to-date symlink: /root/aerostack2_ws/install/as2_gazebo_assets/share/as2_gazebo_assets/models/px4vision/thumbnails/px4vision_diagonal.png
[6.463s] -- Up-to-date symlink: /root/aerostack2_ws/install/as2_gazebo_assets/share/as2_gazebo_assets/models/quadrotor_base/materials/textures/led.jpg
[6.463s] -- Up-to-date symlink: /root/aerostack2_ws/install/as2_gazebo_assets/share/as2_gazebo_assets/models/quadrotor_base/meshes/led.dae
[6.463s] -- Up-to-date symlink: /root/aerostack2_ws/install/as2_gazebo_assets/share/as2_gazebo_assets/models/quadrotor_base/meshes/led_lamp.dae
[6.464s] -- Up-to-date symlink: /root/aerostack2_ws/install/as2_gazebo_assets/share/as2_gazebo_assets/models/quadrotor_base/meshes/propeller_ccw.dae
[6.464s] -- Up-to-date symlink: /root/aerostack2_ws/install/as2_gazebo_assets/share/as2_gazebo_assets/models/quadrotor_base/meshes/propeller_cw.dae
[6.464s] -- Up-to-date symlink: /root/aerostack2_ws/install/as2_gazebo_assets/share/as2_gazebo_assets/models/quadrotor_base/meshes/quadrotor.dae
[6.465s] -- Up-to-date symlink: /root/aerostack2_ws/install/as2_gazebo_assets/share/as2_gazebo_assets/models/quadrotor_base/meshes/quadrotor.jpg
[6.465s] -- Up-to-date symlink: /root/aerostack2_ws/install/as2_gazebo_assets/share/as2_gazebo_assets/models/quadrotor_base/model.config
[6.465s] -- Up-to-date symlink: /root/aerostack2_ws/install/as2_gazebo_assets/share/as2_gazebo_assets/models/quadrotor_base/quadrotor_base.sdf
[6.465s] -- Up-to-date symlink: /root/aerostack2_ws/install/as2_gazebo_assets/share/as2_gazebo_assets/models/quadrotor_base/quadrotor_base.sdf.jinja
[6.465s] -- Up-to-date symlink: /root/aerostack2_ws/install/as2_gazebo_assets/share/as2_gazebo_assets/models/rgbd_camera/model.config
[6.465s] -- Up-to-date symlink: /root/aerostack2_ws/install/as2_gazebo_assets/share/as2_gazebo_assets/models/rgbd_camera/rgbd_camera.sdf
[6.465s] -- Up-to-date symlink: /root/aerostack2_ws/install/as2_gazebo_assets/share/as2_gazebo_assets/models/rgbd_camera/rgbd_camera.sdf.jinja
[6.465s] -- Up-to-date symlink: /root/aerostack2_ws/install/as2_gazebo_assets/share/as2_gazebo_assets/models/semantic_camera/model.config
[6.465s] -- Up-to-date symlink: /root/aerostack2_ws/install/as2_gazebo_assets/share/as2_gazebo_assets/models/semantic_camera/semantic_camera.sdf
[6.465s] -- Up-to-date symlink: /root/aerostack2_ws/install/as2_gazebo_assets/share/as2_gazebo_assets/models/semantic_camera/semantic_camera.sdf.jinja
[6.465s] -- Up-to-date symlink: /root/aerostack2_ws/install/as2_gazebo_assets/share/as2_gazebo_assets/models/suction_gripper/model.config
[6.466s] -- Up-to-date symlink: /root/aerostack2_ws/install/as2_gazebo_assets/share/as2_gazebo_assets/models/suction_gripper/suction_gripper.sdf
[6.466s] -- Up-to-date symlink: /root/aerostack2_ws/install/as2_gazebo_assets/share/as2_gazebo_assets/models/two_fingers_gripper/materials/textures/base_color.png
[6.466s] -- Up-to-date symlink: /root/aerostack2_ws/install/as2_gazebo_assets/share/as2_gazebo_assets/models/two_fingers_gripper/materials/textures/base_normals.png
[6.466s] -- Up-to-date symlink: /root/aerostack2_ws/install/as2_gazebo_assets/share/as2_gazebo_assets/models/two_fingers_gripper/materials/textures/elbow_flex_color.png
[6.466s] -- Up-to-date symlink: /root/aerostack2_ws/install/as2_gazebo_assets/share/as2_gazebo_assets/models/two_fingers_gripper/materials/textures/elbow_flex_normals.png
[6.467s] -- Up-to-date symlink: /root/aerostack2_ws/install/as2_gazebo_assets/share/as2_gazebo_assets/models/two_fingers_gripper/materials/textures/finger_H_Color_100430.png
[6.467s] -- Up-to-date symlink: /root/aerostack2_ws/install/as2_gazebo_assets/share/as2_gazebo_assets/models/two_fingers_gripper/materials/textures/fingertip_H_Color_100430.png
[6.467s] -- Up-to-date symlink: /root/aerostack2_ws/install/as2_gazebo_assets/share/as2_gazebo_assets/models/two_fingers_gripper/materials/textures/float_H_Color_100430.png
[6.467s] -- Up-to-date symlink: /root/aerostack2_ws/install/as2_gazebo_assets/share/as2_gazebo_assets/models/two_fingers_gripper/materials/textures/forearm.png
[6.467s] -- Up-to-date symlink: /root/aerostack2_ws/install/as2_gazebo_assets/share/as2_gazebo_assets/models/two_fingers_gripper/materials/textures/forearm_color.png
[6.467s] -- Up-to-date symlink: /root/aerostack2_ws/install/as2_gazebo_assets/share/as2_gazebo_assets/models/two_fingers_gripper/materials/textures/forearm_normals.png
[6.468s] -- Up-to-date symlink: /root/aerostack2_ws/install/as2_gazebo_assets/share/as2_gazebo_assets/models/two_fingers_gripper/materials/textures/gripper_palm_color.png
[6.468s] -- Up-to-date symlink: /root/aerostack2_ws/install/as2_gazebo_assets/share/as2_gazebo_assets/models/two_fingers_gripper/materials/textures/gripper_palm_normals.png
[6.468s] -- Up-to-date symlink: /root/aerostack2_ws/install/as2_gazebo_assets/share/as2_gazebo_assets/models/two_fingers_gripper/materials/textures/head_pan_color.png
[6.468s] -- Up-to-date symlink: /root/aerostack2_ws/install/as2_gazebo_assets/share/as2_gazebo_assets/models/two_fingers_gripper/materials/textures/head_pan_normals.png
[6.468s] -- Up-to-date symlink: /root/aerostack2_ws/install/as2_gazebo_assets/share/as2_gazebo_assets/models/two_fingers_gripper/materials/textures/head_tilt_color.png
[6.468s] -- Up-to-date symlink: /root/aerostack2_ws/install/as2_gazebo_assets/share/as2_gazebo_assets/models/two_fingers_gripper/materials/textures/head_tilt_color_red.png
[6.469s] -- Up-to-date symlink: /root/aerostack2_ws/install/as2_gazebo_assets/share/as2_gazebo_assets/models/two_fingers_gripper/materials/textures/head_tilt_color_yellow.png
[6.469s] -- Up-to-date symlink: /root/aerostack2_ws/install/as2_gazebo_assets/share/as2_gazebo_assets/models/two_fingers_gripper/materials/textures/head_tilt_green.png
[6.469s] -- Up-to-date symlink: /root/aerostack2_ws/install/as2_gazebo_assets/share/as2_gazebo_assets/models/two_fingers_gripper/materials/textures/head_tilt_normals.png
[6.469s] -- Up-to-date symlink: /root/aerostack2_ws/install/as2_gazebo_assets/share/as2_gazebo_assets/models/two_fingers_gripper/materials/textures/l_finger_color.png
[6.469s] -- Up-to-date symlink: /root/aerostack2_ws/install/as2_gazebo_assets/share/as2_gazebo_assets/models/two_fingers_gripper/materials/textures/l_finger_normals.png
[6.469s] -- Up-to-date symlink: /root/aerostack2_ws/install/as2_gazebo_assets/share/as2_gazebo_assets/models/two_fingers_gripper/materials/textures/l_finger_tip_color.png
[6.469s] -- Up-to-date symlink: /root/aerostack2_ws/install/as2_gazebo_assets/share/as2_gazebo_assets/models/two_fingers_gripper/materials/textures/l_finger_tip_normals.png
[6.469s] -- Up-to-date symlink: /root/aerostack2_ws/install/as2_gazebo_assets/share/as2_gazebo_assets/models/two_fingers_gripper/materials/textures/l_float_color.png
[6.470s] -- Up-to-date symlink: /root/aerostack2_ws/install/as2_gazebo_assets/share/as2_gazebo_assets/models/two_fingers_gripper/materials/textures/l_float_normals.png
[6.470s] -- Up-to-date symlink: /root/aerostack2_ws/install/as2_gazebo_assets/share/as2_gazebo_assets/models/two_fingers_gripper/materials/textures/palm_H_Color_100430.png
[6.471s] -- Up-to-date symlink: /root/aerostack2_ws/install/as2_gazebo_assets/share/as2_gazebo_assets/models/two_fingers_gripper/materials/textures/shoulder_lift_color.png
[6.472s] -- Up-to-date symlink: /root/aerostack2_ws/install/as2_gazebo_assets/share/as2_gazebo_assets/models/two_fingers_gripper/materials/textures/shoulder_lift_normals.png
[6.472s] -- Up-to-date symlink: /root/aerostack2_ws/install/as2_gazebo_assets/share/as2_gazebo_assets/models/two_fingers_gripper/materials/textures/shoulder_pan_color.png
[6.472s] -- Up-to-date symlink: /root/aerostack2_ws/install/as2_gazebo_assets/share/as2_gazebo_assets/models/two_fingers_gripper/materials/textures/shoulder_pan_normals.png
[6.472s] -- Up-to-date symlink: /root/aerostack2_ws/install/as2_gazebo_assets/share/as2_gazebo_assets/models/two_fingers_gripper/materials/textures/tilting_hokuyo_color.png
[6.473s] -- Up-to-date symlink: /root/aerostack2_ws/install/as2_gazebo_assets/share/as2_gazebo_assets/models/two_fingers_gripper/materials/textures/tilting_hokuyo_normals.png
[6.473s] -- Up-to-date symlink: /root/aerostack2_ws/install/as2_gazebo_assets/share/as2_gazebo_assets/models/two_fingers_gripper/materials/textures/torso_lift_color.png
[6.473s] -- Up-to-date symlink: /root/aerostack2_ws/install/as2_gazebo_assets/share/as2_gazebo_assets/models/two_fingers_gripper/materials/textures/torso_lift_normals.png
[6.473s] -- Up-to-date symlink: /root/aerostack2_ws/install/as2_gazebo_assets/share/as2_gazebo_assets/models/two_fingers_gripper/materials/textures/upper_arm.png
[6.473s] -- Up-to-date symlink: /root/aerostack2_ws/install/as2_gazebo_assets/share/as2_gazebo_assets/models/two_fingers_gripper/materials/textures/upper_arm_color.png
[6.473s] -- Up-to-date symlink: /root/aerostack2_ws/install/as2_gazebo_assets/share/as2_gazebo_assets/models/two_fingers_gripper/materials/textures/upper_arm_normals.png
[6.473s] -- Up-to-date symlink: /root/aerostack2_ws/install/as2_gazebo_assets/share/as2_gazebo_assets/models/two_fingers_gripper/materials/textures/upper_arm_roll_color.png
[6.473s] -- Up-to-date symlink: /root/aerostack2_ws/install/as2_gazebo_assets/share/as2_gazebo_assets/models/two_fingers_gripper/materials/textures/upper_arm_roll_normals.png
[6.474s] -- Up-to-date symlink: /root/aerostack2_ws/install/as2_gazebo_assets/share/as2_gazebo_assets/models/two_fingers_gripper/materials/textures/wheel_color.png
[6.474s] -- Up-to-date symlink: /root/aerostack2_ws/install/as2_gazebo_assets/share/as2_gazebo_assets/models/two_fingers_gripper/materials/textures/wheel_h_color.png
[6.474s] -- Up-to-date symlink: /root/aerostack2_ws/install/as2_gazebo_assets/share/as2_gazebo_assets/models/two_fingers_gripper/materials/textures/wheel_normals.png
[6.474s] -- Up-to-date symlink: /root/aerostack2_ws/install/as2_gazebo_assets/share/as2_gazebo_assets/models/two_fingers_gripper/materials/textures/wrist_color.png
[6.474s] -- Up-to-date symlink: /root/aerostack2_ws/install/as2_gazebo_assets/share/as2_gazebo_assets/models/two_fingers_gripper/materials/textures/wrist_normals.png
[6.474s] -- Up-to-date symlink: /root/aerostack2_ws/install/as2_gazebo_assets/share/as2_gazebo_assets/models/two_fingers_gripper/meshes/forearm_v0/wrist_roll.stl
[6.475s] -- Up-to-date symlink: /root/aerostack2_ws/install/as2_gazebo_assets/share/as2_gazebo_assets/models/two_fingers_gripper/meshes/forearm_v0/wrist_roll_L.stl
[6.475s] -- Up-to-date symlink: /root/aerostack2_ws/install/as2_gazebo_assets/share/as2_gazebo_assets/models/two_fingers_gripper/meshes/gripper_v0/float_H_UV_100430.dae
[6.475s] -- Up-to-date symlink: /root/aerostack2_ws/install/as2_gazebo_assets/share/as2_gazebo_assets/models/two_fingers_gripper/meshes/gripper_v0/gripper_palm.dae
[6.475s] -- Up-to-date symlink: /root/aerostack2_ws/install/as2_gazebo_assets/share/as2_gazebo_assets/models/two_fingers_gripper/meshes/gripper_v0/gripper_palm.stl
[6.475s] -- Up-to-date symlink: /root/aerostack2_ws/install/as2_gazebo_assets/share/as2_gazebo_assets/models/two_fingers_gripper/meshes/gripper_v0/l_finger.dae
[6.475s] -- Up-to-date symlink: /root/aerostack2_ws/install/as2_gazebo_assets/share/as2_gazebo_assets/models/two_fingers_gripper/meshes/gripper_v0/l_finger.stl
[6.475s] -- Up-to-date symlink: /root/aerostack2_ws/install/as2_gazebo_assets/share/as2_gazebo_assets/models/two_fingers_gripper/meshes/gripper_v0/l_finger_tip.dae
[6.475s] -- Up-to-date symlink: /root/aerostack2_ws/install/as2_gazebo_assets/share/as2_gazebo_assets/models/two_fingers_gripper/meshes/gripper_v0/l_finger_tip.stl
[6.476s] -- Up-to-date symlink: /root/aerostack2_ws/install/as2_gazebo_assets/share/as2_gazebo_assets/models/two_fingers_gripper/meshes/gripper_v0/l_float.dae
[6.476s] -- Up-to-date symlink: /root/aerostack2_ws/install/as2_gazebo_assets/share/as2_gazebo_assets/models/two_fingers_gripper/meshes/gripper_v0/l_floating.stl
[6.476s] -- Up-to-date symlink: /root/aerostack2_ws/install/as2_gazebo_assets/share/as2_gazebo_assets/models/two_fingers_gripper/meshes/gripper_v0/palm_H_UV_100430.dae
[6.477s] -- Up-to-date symlink: /root/aerostack2_ws/install/as2_gazebo_assets/share/as2_gazebo_assets/models/two_fingers_gripper/meshes/gripper_v0/upper_finger_l.stl
[6.477s] -- Up-to-date symlink: /root/aerostack2_ws/install/as2_gazebo_assets/share/as2_gazebo_assets/models/two_fingers_gripper/meshes/gripper_v0/upper_finger_r.stl
[6.477s] -- Up-to-date symlink: /root/aerostack2_ws/install/as2_gazebo_assets/share/as2_gazebo_assets/models/two_fingers_gripper/model.config
[6.477s] -- Up-to-date symlink: /root/aerostack2_ws/install/as2_gazebo_assets/share/as2_gazebo_assets/models/two_fingers_gripper/thumbnails/1.png
[6.477s] -- Up-to-date symlink: /root/aerostack2_ws/install/as2_gazebo_assets/share/as2_gazebo_assets/models/two_fingers_gripper/thumbnails/2.png
[6.477s] -- Up-to-date symlink: /root/aerostack2_ws/install/as2_gazebo_assets/share/as2_gazebo_assets/models/two_fingers_gripper/thumbnails/3.png
[6.477s] -- Up-to-date symlink: /root/aerostack2_ws/install/as2_gazebo_assets/share/as2_gazebo_assets/models/two_fingers_gripper/thumbnails/4.png
[6.477s] -- Up-to-date symlink: /root/aerostack2_ws/install/as2_gazebo_assets/share/as2_gazebo_assets/models/two_fingers_gripper/thumbnails/5.png
[6.477s] -- Up-to-date symlink: /root/aerostack2_ws/install/as2_gazebo_assets/share/as2_gazebo_assets/models/two_fingers_gripper/two_fingers_gripper.sdf
[6.477s] -- Up-to-date symlink: /root/aerostack2_ws/install/as2_gazebo_assets/share/as2_gazebo_assets/models/vga_camera/model.config
[6.477s] -- Up-to-date symlink: /root/aerostack2_ws/install/as2_gazebo_assets/share/as2_gazebo_assets/models/vga_camera/vga_camera.sdf
[6.478s] -- Up-to-date symlink: /root/aerostack2_ws/install/as2_gazebo_assets/share/as2_gazebo_assets/models/vga_camera/vga_camera.sdf.jinja
[6.478s] -- Up-to-date symlink: /root/aerostack2_ws/install/as2_gazebo_assets/share/as2_gazebo_assets/models/windmill/meshes/Plastic010_1K_Displacement.jpg
[6.478s] -- Up-to-date symlink: /root/aerostack2_ws/install/as2_gazebo_assets/share/as2_gazebo_assets/models/windmill/meshes/blades.dae
[6.478s] -- Up-to-date symlink: /root/aerostack2_ws/install/as2_gazebo_assets/share/as2_gazebo_assets/models/windmill/meshes/rotor.dae
[6.478s] -- Up-to-date symlink: /root/aerostack2_ws/install/as2_gazebo_assets/share/as2_gazebo_assets/models/windmill/meshes/tower.dae
[6.478s] -- Up-to-date symlink: /root/aerostack2_ws/install/as2_gazebo_assets/share/as2_gazebo_assets/models/windmill/model.config
[6.478s] -- Up-to-date symlink: /root/aerostack2_ws/install/as2_gazebo_assets/share/as2_gazebo_assets/models/windmill/windmill.sdf
[6.478s] -- Up-to-date symlink: /root/aerostack2_ws/install/as2_gazebo_assets/share/as2_gazebo_assets/models/x500/materials/textures/CF.png
[6.478s] -- Up-to-date symlink: /root/aerostack2_ws/install/as2_gazebo_assets/share/as2_gazebo_assets/models/x500/materials/textures/nxp.png
[6.478s] -- Up-to-date symlink: /root/aerostack2_ws/install/as2_gazebo_assets/share/as2_gazebo_assets/models/x500/materials/textures/rd.png
[6.478s] -- Up-to-date symlink: /root/aerostack2_ws/install/as2_gazebo_assets/share/as2_gazebo_assets/models/x500/meshes/1345_prop_ccw.stl
[6.478s] -- Up-to-date symlink: /root/aerostack2_ws/install/as2_gazebo_assets/share/as2_gazebo_assets/models/x500/meshes/1345_prop_cw.stl
[6.479s] -- Up-to-date symlink: /root/aerostack2_ws/install/as2_gazebo_assets/share/as2_gazebo_assets/models/x500/meshes/5010Base.dae
[6.479s] -- Up-to-date symlink: /root/aerostack2_ws/install/as2_gazebo_assets/share/as2_gazebo_assets/models/x500/meshes/5010Bell.dae
[6.479s] -- Up-to-date symlink: /root/aerostack2_ws/install/as2_gazebo_assets/share/as2_gazebo_assets/models/x500/meshes/CF.png
[6.479s] -- Up-to-date symlink: /root/aerostack2_ws/install/as2_gazebo_assets/share/as2_gazebo_assets/models/x500/meshes/NXP-HGD-CF.dae
[6.479s] -- Up-to-date symlink: /root/aerostack2_ws/install/as2_gazebo_assets/share/as2_gazebo_assets/models/x500/model.config
[6.479s] -- Up-to-date symlink: /root/aerostack2_ws/install/as2_gazebo_assets/share/as2_gazebo_assets/models/x500/thumbnails/1.png
[6.479s] -- Up-to-date symlink: /root/aerostack2_ws/install/as2_gazebo_assets/share/as2_gazebo_assets/models/x500/thumbnails/2.png
[6.479s] -- Up-to-date symlink: /root/aerostack2_ws/install/as2_gazebo_assets/share/as2_gazebo_assets/models/x500/thumbnails/3.png
[6.479s] -- Up-to-date symlink: /root/aerostack2_ws/install/as2_gazebo_assets/share/as2_gazebo_assets/models/x500/thumbnails/4.png
[6.479s] -- Up-to-date symlink: /root/aerostack2_ws/install/as2_gazebo_assets/share/as2_gazebo_assets/models/x500/thumbnails/5.png
[6.480s] -- Up-to-date symlink: /root/aerostack2_ws/install/as2_gazebo_assets/share/as2_gazebo_assets/models/x500/x500.sdf
[6.480s] -- Up-to-date symlink: /root/aerostack2_ws/install/as2_gazebo_assets/share/as2_gazebo_assets/models/x500/x500.sdf.jinja
[6.480s] -- Up-to-date symlink: /root/aerostack2_ws/install/as2_gazebo_assets/share/as2_gazebo_assets/scripts/jinja_gen.py
[6.480s] -- Up-to-date symlink: /root/aerostack2_ws/install/as2_gazebo_assets/share/ament_index/resource_index/package_run_dependencies/as2_gazebo_assets
[6.480s] -- Up-to-date symlink: /root/aerostack2_ws/install/as2_gazebo_assets/share/ament_index/resource_index/parent_prefix_path/as2_gazebo_assets
[6.480s] -- Up-to-date symlink: /root/aerostack2_ws/install/as2_gazebo_assets/share/as2_gazebo_assets/environment/ament_prefix_path.sh
[6.480s] -- Up-to-date symlink: /root/aerostack2_ws/install/as2_gazebo_assets/share/as2_gazebo_assets/environment/ament_prefix_path.dsv
[6.480s] -- Up-to-date symlink: /root/aerostack2_ws/install/as2_gazebo_assets/share/as2_gazebo_assets/environment/path.sh
[6.480s] -- Up-to-date symlink: /root/aerostack2_ws/install/as2_gazebo_assets/share/as2_gazebo_assets/environment/path.dsv
[6.480s] -- Up-to-date symlink: /root/aerostack2_ws/install/as2_gazebo_assets/share/as2_gazebo_assets/local_setup.bash
[6.480s] -- Up-to-date symlink: /root/aerostack2_ws/install/as2_gazebo_assets/share/as2_gazebo_assets/local_setup.sh
[6.481s] -- Up-to-date symlink: /root/aerostack2_ws/install/as2_gazebo_assets/share/as2_gazebo_assets/local_setup.zsh
[6.481s] -- Up-to-date symlink: /root/aerostack2_ws/install/as2_gazebo_assets/share/as2_gazebo_assets/local_setup.dsv
[6.481s] -- Symlinking: /root/aerostack2_ws/install/as2_gazebo_assets/share/as2_gazebo_assets/package.dsv
[6.486s] -- Up-to-date symlink: /root/aerostack2_ws/install/as2_gazebo_assets/share/ament_index/resource_index/packages/as2_gazebo_assets
[6.486s] -- Up-to-date symlink: /root/aerostack2_ws/install/as2_gazebo_assets/share/as2_gazebo_assets/cmake/as2_gazebo_assetsConfig.cmake
[6.486s] -- Up-to-date symlink: /root/aerostack2_ws/install/as2_gazebo_assets/share/as2_gazebo_assets/cmake/as2_gazebo_assetsConfig-version.cmake
[6.486s] -- Up-to-date symlink: /root/aerostack2_ws/install/as2_gazebo_assets/share/as2_gazebo_assets/package.xml
[6.524s] Listing '/root/aerostack2_ws/install/as2_gazebo_assets/local/lib/python3.10/dist-packages/as2_gazebo_assets'...
[6.524s] Listing '/root/aerostack2_ws/install/as2_gazebo_assets/local/lib/python3.10/dist-packages/as2_gazebo_assets/bridges'...
[6.524s] Listing '/root/aerostack2_ws/install/as2_gazebo_assets/local/lib/python3.10/dist-packages/as2_gazebo_assets/models'...
[6.524s] Listing '/root/aerostack2_ws/install/as2_gazebo_assets/local/lib/python3.10/dist-packages/as2_gazebo_assets/tests'...
[6.524s] Listing '/root/aerostack2_ws/install/as2_gazebo_assets/local/lib/python3.10/dist-packages/as2_gazebo_assets/utils'...
[6.529s] Invoked command in '/root/aerostack2_ws/build/as2_gazebo_assets' returned '0': CMAKE_PREFIX_PATH=/root/aerostack2_ws/install/as2_core:/root/aerostack2_ws/install/as2_msgs:/root/aerostack2_ws/install/aerostack2:/root/aerostack2_ws/install/as2_usb_camera_interface:/root/aerostack2_ws/install/as2_state_estimator:/root/aerostack2_ws/install/as2_rviz_plugins:/root/aerostack2_ws/install/as2_realsense_interface:/root/aerostack2_ws/install/as2_platform_multirotor_simulator:/root/aerostack2_ws/install/as2_platform_gazebo:/root/aerostack2_ws/install/as2_motion_controller:/root/aerostack2_ws/install/as2_behaviors_trajectory_generation:/root/aerostack2_ws/install/as2_behaviors_swarm_flocking:/root/aerostack2_ws/install/as2_behaviors_motion:/root/aerostack2_ws/install/as2_motion_reference_handlers:/root/aerostack2_ws/install/as2_map_server:/root/aerostack2_ws/install/as2_geozones:/root/aerostack2_ws/install/as2_gazebo_assets:/root/aerostack2_ws/install/as2_external_object_to_tf:/root/aerostack2_ws/install/as2_behaviors_platform:/root/aerostack2_ws/install/as2_behaviors_perception:/root/aerostack2_ws/install/as2_behaviors_path_planning:/root/aerostack2_ws/install/as2_behavior_tree:/root/aerostack2_ws/install/as2_behavior:/root/aerostack2_ws/install/as2_alphanumeric_viewer:/root/aerostack2_ws/install/as2_cli:/root/aerostack2_ws/src/aerostack2/install/as2_motion_reference_handlers:/root/aerostack2_ws/src/aerostack2/install/as2_map_server:/root/aerostack2_ws/src/aerostack2/install/as2_geozones:/root/aerostack2_ws/src/aerostack2/install/as2_behavior:/root/aerostack2_ws/src/aerostack2/install/as2_core:/root/aerostack2_ws/src/aerostack2/install/as2_msgs:/root/aerostack2_ws/src/aerostack2/install/as2_cli:/root/aerostack2_ws/install/as2_visualization:/root/aerostack2_ws/install/as2_keyboard_teleoperation:/root/aerostack2_ws/install/as2_python_api:/root/aerostack2_ws/src/aerostack2/install/as2_python_api:/opt/ros/humble LD_LIBRARY_PATH=/root/aerostack2_ws/install/as2_core/lib:/root/aerostack2_ws/install/as2_msgs/lib:/root/aerostack2_ws/install/as2_state_estimator/lib:/root/aerostack2_ws/install/as2_python_api/lib:/root/aerostack2_ws/install/as2_motion_controller/lib:/root/aerostack2_ws/install/as2_behaviors_trajectory_generation/lib:/root/aerostack2_ws/install/as2_behaviors_swarm_flocking/lib:/root/aerostack2_ws/install/as2_behaviors_motion/lib:/root/aerostack2_ws/install/as2_motion_reference_handlers/lib:/root/aerostack2_ws/install/as2_map_server/lib:/root/aerostack2_ws/install/as2_gazebo_assets/lib:/root/aerostack2_ws/install/as2_behaviors_perception/lib:/root/aerostack2_ws/install/as2_behaviors_path_planning/lib:/root/aerostack2_ws/install/as2_behavior_tree/lib:/root/aerostack2_ws/install/as2_behavior/lib:/root/aerostack2_ws/src/aerostack2/install/as2_python_api/lib:/root/aerostack2_ws/src/aerostack2/install/as2_motion_reference_handlers/lib:/root/aerostack2_ws/src/aerostack2/install/as2_map_server/lib:/root/aerostack2_ws/src/aerostack2/install/as2_behavior/lib:/root/aerostack2_ws/src/aerostack2/install/as2_core/lib:/root/aerostack2_ws/src/aerostack2/install/as2_msgs/lib:/opt/ros/humble/opt/rviz_ogre_vendor/lib:/opt/ros/humble/lib/x86_64-linux-gnu:/opt/ros/humble/lib /usr/bin/cmake --install /root/aerostack2_ws/build/as2_gazebo_assets
