-- Detected ROS_DISTRO: humble
-- Found ament_cmake: 1.3.12 (/opt/ros/humble/share/ament_cmake/cmake)
-- Found Python3: /usr/bin/python3 (found version "3.10.12") found components: Interpreter 
-- Override CMake install command with custom implementation using symlinks instead of copying resources
-- Found rclcpp: 16.0.15 (/opt/ros/humble/share/rclcpp/cmake)
-- Found rosidl_generator_c: 3.1.7 (/opt/ros/humble/share/rosidl_generator_c/cmake)
-- Found rosidl_adapter: 3.1.7 (/opt/ros/humble/share/rosidl_adapter/cmake)
-- Found rosidl_generator_cpp: 3.1.7 (/opt/ros/humble/share/rosidl_generator_cpp/cmake)
-- Using all available rosidl_typesupport_c: rosidl_typesupport_fastrtps_c;rosidl_typesupport_introspection_c
-- Using all available rosidl_typesupport_cpp: rosidl_typesupport_fastrtps_cpp;rosidl_typesupport_introspection_cpp
-- Found rmw_implementation_cmake: 6.1.2 (/opt/ros/humble/share/rmw_implementation_cmake/cmake)
-- Found rmw_fastrtps_cpp: 6.2.9 (/opt/ros/humble/share/rmw_fastrtps_cpp/cmake)
-- Using RMW implementation 'rmw_fastrtps_cpp' as default
-- Found nav_msgs: 4.9.0 (/opt/ros/humble/share/nav_msgs/cmake)
-- Found sensor_msgs: 4.9.0 (/opt/ros/humble/share/sensor_msgs/cmake)
-- Found as2_msgs: 1.1.3 (/root/aerostack2_ws/install/as2_msgs/share/as2_msgs/cmake)
-- Found std_srvs: 4.9.0 (/opt/ros/humble/share/std_srvs/cmake)
-- Found tf2_geometry_msgs: 0.25.16 (/opt/ros/humble/share/tf2_geometry_msgs/cmake)
-- Found eigen3_cmake_module: 0.1.1 (/opt/ros/humble/share/eigen3_cmake_module/cmake)
-- Ensuring Eigen3 include directory is part of orocos-kdl CMake target
-- Found rclcpp_lifecycle: 16.0.15 (/opt/ros/humble/share/rclcpp_lifecycle/cmake)
-- Found image_transport: 3.1.12 (/opt/ros/humble/share/image_transport/cmake)
-- Found cv_bridge: 3.2.1 (/opt/ros/humble/share/cv_bridge/cmake)
-- Created yaml-cpp::yaml-cpp alias from yaml-cpp target
-- Created GeographicLib::GeographicLib target from legacy variables
-- Found Python3: /usr/bin/python3 (found version "3.10.12") found components: Interpreter Development Development.Module Development.Embed 
-- Found pybind11: /usr/include (found version "2.9.1")
-- Found ament_lint_auto: 0.12.14 (/opt/ros/humble/share/ament_lint_auto/cmake)
-- Found gtest sources under '/opt/ros/humble/src/gtest_vendor': C++ tests using 'Google Test' will be built
-- Added test 'copyright' to check source files copyright and LICENSE
-- Added test 'cppcheck' to perform static code analysis on C / C++ code
-- Configured cppcheck include dirs: $<BUILD_INTERFACE:/root/aerostack2_ws/src/aerostack2/as2_core/include>;/root/aerostack2_ws/src/aerostack2/as2_core/include/as2_core;/root/aerostack2_ws/src/aerostack2/as2_core/include
-- Configured cppcheck exclude dirs and/or files: 
-- Added test 'cpplint' to check C / C++ code against the Google style
-- Configured cpplint exclude dirs and/or files: 
-- Added test 'flake8' to check Python code syntax and style conventions
-- Added test 'lint_cmake' to check CMake code style
-- Added test 'pep257' to check Python code against some of the docstring style conventions in PEP 257
-- Added test 'uncrustify' to check C / C++ code style
-- Configured uncrustify additional arguments: 
-- Added test 'xmllint' to check XML markup files
-- Configuring done
-- Generating done
-- Build files have been written to: /root/aerostack2_ws/build/as2_core
[35m[1mConsolidate compiler generated dependencies of target gtest[0m
[35m[1mConsolidate compiler generated dependencies of target gtest_main[0m
[35m[1mConsolidate compiler generated dependencies of target as2_names[0m
[35m[1mConsolidate compiler generated dependencies of target as2_core[0m
[  6%] Built target gtest
[ 12%] Built target gtest_main
[ 19%] Built target as2_names
[ 19%] Built target ament_cmake_python_symlink_as2_core
[ 58%] Built target as2_core
[35m[1mConsolidate compiler generated dependencies of target platform_state_machine_test[0m
[35m[1mConsolidate compiler generated dependencies of target tf2_namespace_test[0m
[35m[1mConsolidate compiler generated dependencies of target frame_test[0m
[35m[1mConsolidate compiler generated dependencies of target mocks[0m
[35m[1mConsolidate compiler generated dependencies of target sensor_test[0m
[35m[1mConsolidate compiler generated dependencies of target tf_utils_gtest[0m
[ 64%] Built target platform_state_machine_test
[ 74%] Built target mocks
[ 80%] Built target tf2_namespace_test
[ 87%] Built target tf_utils_gtest
[ 93%] Built target frame_test
[100%] Built target sensor_test
running egg_info
writing as2_core.egg-info/PKG-INFO
writing dependency_links to as2_core.egg-info/dependency_links.txt
writing top-level names to as2_core.egg-info/top_level.txt
reading manifest file 'as2_core.egg-info/SOURCES.txt'
writing manifest file 'as2_core.egg-info/SOURCES.txt'
[100%] Built target ament_cmake_python_build_as2_core_egg
-- Install configuration: "Release"
-- Execute custom install script
-- Up-to-date symlink: /root/aerostack2_ws/install/as2_core/share/as2_core/environment/pythonpath.sh
-- Up-to-date symlink: /root/aerostack2_ws/install/as2_core/share/as2_core/environment/pythonpath.dsv
-- Up-to-date symlink: /root/aerostack2_ws/install/as2_core/local/lib/python3.10/dist-packages/as2_core-1.1.3-py3.10.egg-info/PKG-INFO
-- Up-to-date symlink: /root/aerostack2_ws/install/as2_core/local/lib/python3.10/dist-packages/as2_core-1.1.3-py3.10.egg-info/SOURCES.txt
-- Up-to-date symlink: /root/aerostack2_ws/install/as2_core/local/lib/python3.10/dist-packages/as2_core-1.1.3-py3.10.egg-info/dependency_links.txt
-- Up-to-date symlink: /root/aerostack2_ws/install/as2_core/local/lib/python3.10/dist-packages/as2_core-1.1.3-py3.10.egg-info/top_level.txt
-- Up-to-date symlink: /root/aerostack2_ws/install/as2_core/local/lib/python3.10/dist-packages/as2_core/__init__.py
-- Up-to-date symlink: /root/aerostack2_ws/install/as2_core/local/lib/python3.10/dist-packages/as2_core/declare_launch_arguments_from_config_file.py
-- Up-to-date symlink: /root/aerostack2_ws/install/as2_core/local/lib/python3.10/dist-packages/as2_core/launch_configuration_from_config_file.py
-- Up-to-date symlink: /root/aerostack2_ws/install/as2_core/local/lib/python3.10/dist-packages/as2_core/launch_param_utils.py
-- Up-to-date symlink: /root/aerostack2_ws/install/as2_core/local/lib/python3.10/dist-packages/as2_core/launch_plugin_utils.py
-- Up-to-date symlink: /root/aerostack2_ws/install/as2_core/share/as2_core/environment/library_path.sh
-- Up-to-date symlink: /root/aerostack2_ws/install/as2_core/share/as2_core/environment/library_path.dsv
-- Up-to-date symlink: /root/aerostack2_ws/install/as2_core/local/lib/python3.10/dist-packages/as2_core/as2_names.cpython-310-x86_64-linux-gnu.so
-- Up-to-date symlink: /root/aerostack2_ws/install/as2_core/include/as2_core/aerial_platform.hpp
-- Up-to-date symlink: /root/aerostack2_ws/install/as2_core/include/as2_core/as2_basic_behavior.hpp
-- Up-to-date symlink: /root/aerostack2_ws/install/as2_core/include/as2_core/core_functions.hpp
-- Up-to-date symlink: /root/aerostack2_ws/install/as2_core/include/as2_core/custom/cv_bridge.hpp
-- Up-to-date symlink: /root/aerostack2_ws/install/as2_core/include/as2_core/custom/cv_bridge.hpp.in
-- Up-to-date symlink: /root/aerostack2_ws/install/as2_core/include/as2_core/custom/tf2_geometry_msgs.hpp
-- Up-to-date symlink: /root/aerostack2_ws/install/as2_core/include/as2_core/custom/tf2_geometry_msgs.hpp.in
-- Up-to-date symlink: /root/aerostack2_ws/install/as2_core/include/as2_core/names/actions.hpp
-- Up-to-date symlink: /root/aerostack2_ws/install/as2_core/include/as2_core/names/services.hpp
-- Up-to-date symlink: /root/aerostack2_ws/install/as2_core/include/as2_core/names/topics.hpp
-- Up-to-date symlink: /root/aerostack2_ws/install/as2_core/include/as2_core/node.hpp
-- Up-to-date symlink: /root/aerostack2_ws/install/as2_core/include/as2_core/platform_state_machine.hpp
-- Up-to-date symlink: /root/aerostack2_ws/install/as2_core/include/as2_core/rate.hpp
-- Up-to-date symlink: /root/aerostack2_ws/install/as2_core/include/as2_core/sensor.hpp
-- Up-to-date symlink: /root/aerostack2_ws/install/as2_core/include/as2_core/synchronous_service_client.hpp
-- Up-to-date symlink: /root/aerostack2_ws/install/as2_core/include/as2_core/utils/control_mode_utils.hpp
-- Up-to-date symlink: /root/aerostack2_ws/install/as2_core/include/as2_core/utils/frame_utils.hpp
-- Up-to-date symlink: /root/aerostack2_ws/install/as2_core/include/as2_core/utils/gps_utils.hpp
-- Up-to-date symlink: /root/aerostack2_ws/install/as2_core/include/as2_core/utils/tf_utils.hpp
-- Up-to-date symlink: /root/aerostack2_ws/install/as2_core/include/as2_core/utils/yaml_utils.hpp
-- Up-to-date symlink: /root/aerostack2_ws/install/as2_core/share/ament_index/resource_index/package_run_dependencies/as2_core
-- Up-to-date symlink: /root/aerostack2_ws/install/as2_core/share/ament_index/resource_index/parent_prefix_path/as2_core
-- Up-to-date symlink: /root/aerostack2_ws/install/as2_core/share/as2_core/environment/ament_prefix_path.sh
-- Up-to-date symlink: /root/aerostack2_ws/install/as2_core/share/as2_core/environment/ament_prefix_path.dsv
-- Up-to-date symlink: /root/aerostack2_ws/install/as2_core/share/as2_core/environment/path.sh
-- Up-to-date symlink: /root/aerostack2_ws/install/as2_core/share/as2_core/environment/path.dsv
-- Up-to-date symlink: /root/aerostack2_ws/install/as2_core/share/as2_core/local_setup.bash
-- Up-to-date symlink: /root/aerostack2_ws/install/as2_core/share/as2_core/local_setup.sh
-- Up-to-date symlink: /root/aerostack2_ws/install/as2_core/share/as2_core/local_setup.zsh
-- Up-to-date symlink: /root/aerostack2_ws/install/as2_core/share/as2_core/local_setup.dsv
-- Symlinking: /root/aerostack2_ws/install/as2_core/share/as2_core/package.dsv
-- Up-to-date symlink: /root/aerostack2_ws/install/as2_core/share/ament_index/resource_index/packages/as2_core
-- Up-to-date symlink: /root/aerostack2_ws/install/as2_core/share/as2_core/cmake/yaml-cpp-extras.cmake
-- Up-to-date symlink: /root/aerostack2_ws/install/as2_core/share/as2_core/cmake/GeographicLib-extras.cmake
-- Up-to-date symlink: /root/aerostack2_ws/install/as2_core/share/as2_core/cmake/ament_cmake_export_targets-extras.cmake
-- Up-to-date symlink: /root/aerostack2_ws/install/as2_core/share/as2_core/cmake/ament_cmake_export_dependencies-extras.cmake
-- Up-to-date symlink: /root/aerostack2_ws/install/as2_core/share/as2_core/cmake/ament_cmake_export_include_directories-extras.cmake
-- Up-to-date symlink: /root/aerostack2_ws/install/as2_core/share/as2_core/cmake/ament_cmake_export_libraries-extras.cmake
-- Up-to-date symlink: /root/aerostack2_ws/install/as2_core/share/as2_core/cmake/as2_coreConfig.cmake
-- Up-to-date symlink: /root/aerostack2_ws/install/as2_core/share/as2_core/cmake/as2_coreConfig-version.cmake
-- Up-to-date symlink: /root/aerostack2_ws/install/as2_core/share/as2_core/package.xml
Listing '/root/aerostack2_ws/install/as2_core/local/lib/python3.10/dist-packages/as2_core'...
-- Up-to-date: /root/aerostack2_ws/install/as2_core/include/as2_core/mocks/
-- Up-to-date: /root/aerostack2_ws/install/as2_core/include/as2_core/mocks//executor_thread_util
-- Up-to-date: /root/aerostack2_ws/install/as2_core/include/as2_core/mocks//executor_thread_util/executor_thread_util.hpp
-- Up-to-date: /root/aerostack2_ws/install/as2_core/include/as2_core/mocks//aerial_platform
-- Up-to-date: /root/aerostack2_ws/install/as2_core/include/as2_core/mocks//aerial_platform/mock_aerial_platform.hpp
-- Up-to-date: /root/aerostack2_ws/install/as2_core/lib/libas2_core.a
-- Up-to-date: /root/aerostack2_ws/install/as2_core/lib/libmocks.so
-- Up-to-date: /root/aerostack2_ws/install/as2_core/share/as2_core/cmake/export_as2_coreExport.cmake
-- Up-to-date: /root/aerostack2_ws/install/as2_core/share/as2_core/cmake/export_as2_coreExport-release.cmake
