[ 18%] Built target gtest_main
[ 45%] Built target as2_geozones_node
[ 63%] Built target gtest
[ 81%] Built target as2_geozones
[100%] Built target as2_geozones_as2_geozones_gtest
-- Install configuration: "Release"
-- Execute custom install script
-- Up-to-date symlink: /root/aerostack2_ws/install/as2_geozones/include/as2_geozones/as2_geozones.hpp
-- Up-to-date symlink: /root/aerostack2_ws/install/as2_geozones/include/as2_geozones/pnpoly.hpp
-- Up-to-date symlink: /root/aerostack2_ws/install/as2_geozones/share/as2_geozones/launch/as2_geozones_launch.py
-- Up-to-date symlink: /root/aerostack2_ws/install/as2_geozones/share/as2_geozones/config/geozones.yaml
-- Up-to-date symlink: /root/aerostack2_ws/install/as2_geozones/lib/as2_geozones/as2_geozones_node
-- Up-to-date symlink: /root/aerostack2_ws/install/as2_geozones/share/ament_index/resource_index/package_run_dependencies/as2_geozones
-- Up-to-date symlink: /root/aerostack2_ws/install/as2_geozones/share/ament_index/resource_index/parent_prefix_path/as2_geozones
-- Up-to-date symlink: /root/aerostack2_ws/install/as2_geozones/share/as2_geozones/environment/ament_prefix_path.sh
-- Up-to-date symlink: /root/aerostack2_ws/install/as2_geozones/share/as2_geozones/environment/ament_prefix_path.dsv
-- Up-to-date symlink: /root/aerostack2_ws/install/as2_geozones/share/as2_geozones/environment/path.sh
-- Up-to-date symlink: /root/aerostack2_ws/install/as2_geozones/share/as2_geozones/environment/path.dsv
-- Up-to-date symlink: /root/aerostack2_ws/install/as2_geozones/share/as2_geozones/local_setup.bash
-- Up-to-date symlink: /root/aerostack2_ws/install/as2_geozones/share/as2_geozones/local_setup.sh
-- Up-to-date symlink: /root/aerostack2_ws/install/as2_geozones/share/as2_geozones/local_setup.zsh
-- Up-to-date symlink: /root/aerostack2_ws/install/as2_geozones/share/as2_geozones/local_setup.dsv
-- Symlinking: /root/aerostack2_ws/install/as2_geozones/share/as2_geozones/package.dsv
-- Up-to-date symlink: /root/aerostack2_ws/install/as2_geozones/share/ament_index/resource_index/packages/as2_geozones
-- Up-to-date symlink: /root/aerostack2_ws/install/as2_geozones/share/as2_geozones/cmake/ament_cmake_export_dependencies-extras.cmake
-- Up-to-date symlink: /root/aerostack2_ws/install/as2_geozones/share/as2_geozones/cmake/as2_geozonesConfig.cmake
-- Up-to-date symlink: /root/aerostack2_ws/install/as2_geozones/share/as2_geozones/cmake/as2_geozonesConfig-version.cmake
-- Up-to-date symlink: /root/aerostack2_ws/install/as2_geozones/share/as2_geozones/package.xml
-- Up-to-date: /root/aerostack2_ws/install/as2_geozones/lib/libas2_geozones.a
