-- The C compiler identification is GNU 11.4.0
-- The CXX compiler identification is GNU 11.4.0
-- Detecting C compiler ABI info
-- Detecting C compiler ABI info - done
-- Check for working C compiler: /usr/bin/cc - skipped
-- Detecting C compile features
-- Detecting C compile features - done
-- Detecting CXX compiler ABI info
-- Detecting CXX compiler ABI info - done
-- Check for working CXX compiler: /usr/bin/c++ - skipped
-- Detecting CXX compile features
-- Detecting CXX compile features - done
-- Found ament_cmake: 1.3.12 (/opt/ros/humble/share/ament_cmake/cmake)
-- Found Python3: /usr/bin/python3 (found version "3.10.12") found components: Interpreter 
-- Override CMake install command with custom implementation using symlinks instead of copying resources
-- Configuring done
-- Generating done
-- Build files have been written to: /root/aerostack2_ws/build/aerostack2
-- Install configuration: ""
-- Execute custom install script
-- Symlinking: /root/aerostack2_ws/install/aerostack2/share/ament_index/resource_index/package_run_dependencies/aerostack2
-- Symlinking: /root/aerostack2_ws/install/aerostack2/share/ament_index/resource_index/parent_prefix_path/aerostack2
-- Symlinking: /root/aerostack2_ws/install/aerostack2/share/aerostack2/environment/ament_prefix_path.sh
-- Symlinking: /root/aerostack2_ws/install/aerostack2/share/aerostack2/environment/ament_prefix_path.dsv
-- Symlinking: /root/aerostack2_ws/install/aerostack2/share/aerostack2/environment/path.sh
-- Symlinking: /root/aerostack2_ws/install/aerostack2/share/aerostack2/environment/path.dsv
-- Symlinking: /root/aerostack2_ws/install/aerostack2/share/aerostack2/local_setup.bash
-- Symlinking: /root/aerostack2_ws/install/aerostack2/share/aerostack2/local_setup.sh
-- Symlinking: /root/aerostack2_ws/install/aerostack2/share/aerostack2/local_setup.zsh
-- Symlinking: /root/aerostack2_ws/install/aerostack2/share/aerostack2/local_setup.dsv
-- Symlinking: /root/aerostack2_ws/install/aerostack2/share/aerostack2/package.dsv
-- Symlinking: /root/aerostack2_ws/install/aerostack2/share/ament_index/resource_index/packages/aerostack2
-- Symlinking: /root/aerostack2_ws/install/aerostack2/share/aerostack2/cmake/aerostack2Config.cmake
-- Symlinking: /root/aerostack2_ws/install/aerostack2/share/aerostack2/cmake/aerostack2Config-version.cmake
-- Symlinking: /root/aerostack2_ws/install/aerostack2/share/aerostack2/package.xml
