[0.308s] Invoking command in '/root/aerostack2_ws/build/as2_behaviors_motion': CMAKE_PREFIX_PATH=/root/aerostack2_ws/install/as2_motion_reference_handlers:/root/aerostack2_ws/install/as2_behavior:/root/aerostack2_ws/install/as2_core:/root/aerostack2_ws/install/as2_msgs:/root/aerostack2_ws/install/aerostack2:/root/aerostack2_ws/install/as2_usb_camera_interface:/root/aerostack2_ws/install/as2_state_estimator:/root/aerostack2_ws/install/as2_rviz_plugins:/root/aerostack2_ws/install/as2_realsense_interface:/root/aerostack2_ws/install/as2_platform_multirotor_simulator:/root/aerostack2_ws/install/as2_platform_gazebo:/root/aerostack2_ws/install/as2_motion_controller:/root/aerostack2_ws/install/as2_behaviors_trajectory_generation:/root/aerostack2_ws/install/as2_behaviors_swarm_flocking:/root/aerostack2_ws/install/as2_behaviors_motion:/root/aerostack2_ws/install/as2_map_server:/root/aerostack2_ws/install/as2_geozones:/root/aerostack2_ws/install/as2_gazebo_assets:/root/aerostack2_ws/install/as2_external_object_to_tf:/root/aerostack2_ws/install/as2_behaviors_platform:/root/aerostack2_ws/install/as2_behaviors_perception:/root/aerostack2_ws/install/as2_behaviors_path_planning:/root/aerostack2_ws/install/as2_behavior_tree:/root/aerostack2_ws/install/as2_alphanumeric_viewer:/root/aerostack2_ws/install/as2_cli:/root/aerostack2_ws/src/aerostack2/install/as2_motion_reference_handlers:/root/aerostack2_ws/src/aerostack2/install/as2_map_server:/root/aerostack2_ws/src/aerostack2/install/as2_geozones:/root/aerostack2_ws/src/aerostack2/install/as2_behavior:/root/aerostack2_ws/src/aerostack2/install/as2_core:/root/aerostack2_ws/src/aerostack2/install/as2_msgs:/root/aerostack2_ws/src/aerostack2/install/as2_cli:/root/aerostack2_ws/install/as2_visualization:/root/aerostack2_ws/install/as2_keyboard_teleoperation:/root/aerostack2_ws/install/as2_python_api:/root/aerostack2_ws/src/aerostack2/install/as2_python_api:/opt/ros/humble LD_LIBRARY_PATH=/root/aerostack2_ws/install/as2_behavior/lib:/root/aerostack2_ws/install/as2_core/lib:/root/aerostack2_ws/install/as2_msgs/lib:/root/aerostack2_ws/install/as2_state_estimator/lib:/root/aerostack2_ws/install/as2_python_api/lib:/root/aerostack2_ws/install/as2_motion_controller/lib:/root/aerostack2_ws/install/as2_behaviors_trajectory_generation/lib:/root/aerostack2_ws/install/as2_behaviors_swarm_flocking/lib:/root/aerostack2_ws/install/as2_behaviors_motion/lib:/root/aerostack2_ws/install/as2_motion_reference_handlers/lib:/root/aerostack2_ws/install/as2_map_server/lib:/root/aerostack2_ws/install/as2_gazebo_assets/lib:/root/aerostack2_ws/install/as2_behaviors_perception/lib:/root/aerostack2_ws/install/as2_behaviors_path_planning/lib:/root/aerostack2_ws/install/as2_behavior_tree/lib:/root/aerostack2_ws/src/aerostack2/install/as2_python_api/lib:/root/aerostack2_ws/src/aerostack2/install/as2_motion_reference_handlers/lib:/root/aerostack2_ws/src/aerostack2/install/as2_map_server/lib:/root/aerostack2_ws/src/aerostack2/install/as2_behavior/lib:/root/aerostack2_ws/src/aerostack2/install/as2_core/lib:/root/aerostack2_ws/src/aerostack2/install/as2_msgs/lib:/opt/ros/humble/opt/rviz_ogre_vendor/lib:/opt/ros/humble/lib/x86_64-linux-gnu:/opt/ros/humble/lib /usr/bin/cmake --build /root/aerostack2_ws/build/as2_behaviors_motion -- -j8 -l8
[0.639s] [ 32%] Built target as2_behaviors_motion
[0.837s] [ 37%] Built target land_component
[0.947s] [ 43%] Built target go_to_component
[1.103s] [ 48%] Built target follow_path_component
[1.231s] [ 54%] Built target follow_reference_component
[1.398s] [ 59%] Built target takeoff_component
[1.529s] [ 67%] Built target follow_reference_behavior_node
[1.699s] [ 75%] Built target takeoff_behavior_node
[1.833s] [ 83%] Built target land_behavior_node
[1.933s] [ 91%] Built target go_to_behavior_node
[2.025s] [100%] Built target follow_path_behavior_node
[3.284s] Invoked command in '/root/aerostack2_ws/build/as2_behaviors_motion' returned '0': CMAKE_PREFIX_PATH=/root/aerostack2_ws/install/as2_motion_reference_handlers:/root/aerostack2_ws/install/as2_behavior:/root/aerostack2_ws/install/as2_core:/root/aerostack2_ws/install/as2_msgs:/root/aerostack2_ws/install/aerostack2:/root/aerostack2_ws/install/as2_usb_camera_interface:/root/aerostack2_ws/install/as2_state_estimator:/root/aerostack2_ws/install/as2_rviz_plugins:/root/aerostack2_ws/install/as2_realsense_interface:/root/aerostack2_ws/install/as2_platform_multirotor_simulator:/root/aerostack2_ws/install/as2_platform_gazebo:/root/aerostack2_ws/install/as2_motion_controller:/root/aerostack2_ws/install/as2_behaviors_trajectory_generation:/root/aerostack2_ws/install/as2_behaviors_swarm_flocking:/root/aerostack2_ws/install/as2_behaviors_motion:/root/aerostack2_ws/install/as2_map_server:/root/aerostack2_ws/install/as2_geozones:/root/aerostack2_ws/install/as2_gazebo_assets:/root/aerostack2_ws/install/as2_external_object_to_tf:/root/aerostack2_ws/install/as2_behaviors_platform:/root/aerostack2_ws/install/as2_behaviors_perception:/root/aerostack2_ws/install/as2_behaviors_path_planning:/root/aerostack2_ws/install/as2_behavior_tree:/root/aerostack2_ws/install/as2_alphanumeric_viewer:/root/aerostack2_ws/install/as2_cli:/root/aerostack2_ws/src/aerostack2/install/as2_motion_reference_handlers:/root/aerostack2_ws/src/aerostack2/install/as2_map_server:/root/aerostack2_ws/src/aerostack2/install/as2_geozones:/root/aerostack2_ws/src/aerostack2/install/as2_behavior:/root/aerostack2_ws/src/aerostack2/install/as2_core:/root/aerostack2_ws/src/aerostack2/install/as2_msgs:/root/aerostack2_ws/src/aerostack2/install/as2_cli:/root/aerostack2_ws/install/as2_visualization:/root/aerostack2_ws/install/as2_keyboard_teleoperation:/root/aerostack2_ws/install/as2_python_api:/root/aerostack2_ws/src/aerostack2/install/as2_python_api:/opt/ros/humble LD_LIBRARY_PATH=/root/aerostack2_ws/install/as2_behavior/lib:/root/aerostack2_ws/install/as2_core/lib:/root/aerostack2_ws/install/as2_msgs/lib:/root/aerostack2_ws/install/as2_state_estimator/lib:/root/aerostack2_ws/install/as2_python_api/lib:/root/aerostack2_ws/install/as2_motion_controller/lib:/root/aerostack2_ws/install/as2_behaviors_trajectory_generation/lib:/root/aerostack2_ws/install/as2_behaviors_swarm_flocking/lib:/root/aerostack2_ws/install/as2_behaviors_motion/lib:/root/aerostack2_ws/install/as2_motion_reference_handlers/lib:/root/aerostack2_ws/install/as2_map_server/lib:/root/aerostack2_ws/install/as2_gazebo_assets/lib:/root/aerostack2_ws/install/as2_behaviors_perception/lib:/root/aerostack2_ws/install/as2_behaviors_path_planning/lib:/root/aerostack2_ws/install/as2_behavior_tree/lib:/root/aerostack2_ws/src/aerostack2/install/as2_python_api/lib:/root/aerostack2_ws/src/aerostack2/install/as2_motion_reference_handlers/lib:/root/aerostack2_ws/src/aerostack2/install/as2_map_server/lib:/root/aerostack2_ws/src/aerostack2/install/as2_behavior/lib:/root/aerostack2_ws/src/aerostack2/install/as2_core/lib:/root/aerostack2_ws/src/aerostack2/install/as2_msgs/lib:/opt/ros/humble/opt/rviz_ogre_vendor/lib:/opt/ros/humble/lib/x86_64-linux-gnu:/opt/ros/humble/lib /usr/bin/cmake --build /root/aerostack2_ws/build/as2_behaviors_motion -- -j8 -l8
[3.287s] Invoking command in '/root/aerostack2_ws/build/as2_behaviors_motion': CMAKE_PREFIX_PATH=/root/aerostack2_ws/install/as2_motion_reference_handlers:/root/aerostack2_ws/install/as2_behavior:/root/aerostack2_ws/install/as2_core:/root/aerostack2_ws/install/as2_msgs:/root/aerostack2_ws/install/aerostack2:/root/aerostack2_ws/install/as2_usb_camera_interface:/root/aerostack2_ws/install/as2_state_estimator:/root/aerostack2_ws/install/as2_rviz_plugins:/root/aerostack2_ws/install/as2_realsense_interface:/root/aerostack2_ws/install/as2_platform_multirotor_simulator:/root/aerostack2_ws/install/as2_platform_gazebo:/root/aerostack2_ws/install/as2_motion_controller:/root/aerostack2_ws/install/as2_behaviors_trajectory_generation:/root/aerostack2_ws/install/as2_behaviors_swarm_flocking:/root/aerostack2_ws/install/as2_behaviors_motion:/root/aerostack2_ws/install/as2_map_server:/root/aerostack2_ws/install/as2_geozones:/root/aerostack2_ws/install/as2_gazebo_assets:/root/aerostack2_ws/install/as2_external_object_to_tf:/root/aerostack2_ws/install/as2_behaviors_platform:/root/aerostack2_ws/install/as2_behaviors_perception:/root/aerostack2_ws/install/as2_behaviors_path_planning:/root/aerostack2_ws/install/as2_behavior_tree:/root/aerostack2_ws/install/as2_alphanumeric_viewer:/root/aerostack2_ws/install/as2_cli:/root/aerostack2_ws/src/aerostack2/install/as2_motion_reference_handlers:/root/aerostack2_ws/src/aerostack2/install/as2_map_server:/root/aerostack2_ws/src/aerostack2/install/as2_geozones:/root/aerostack2_ws/src/aerostack2/install/as2_behavior:/root/aerostack2_ws/src/aerostack2/install/as2_core:/root/aerostack2_ws/src/aerostack2/install/as2_msgs:/root/aerostack2_ws/src/aerostack2/install/as2_cli:/root/aerostack2_ws/install/as2_visualization:/root/aerostack2_ws/install/as2_keyboard_teleoperation:/root/aerostack2_ws/install/as2_python_api:/root/aerostack2_ws/src/aerostack2/install/as2_python_api:/opt/ros/humble LD_LIBRARY_PATH=/root/aerostack2_ws/install/as2_behavior/lib:/root/aerostack2_ws/install/as2_core/lib:/root/aerostack2_ws/install/as2_msgs/lib:/root/aerostack2_ws/install/as2_state_estimator/lib:/root/aerostack2_ws/install/as2_python_api/lib:/root/aerostack2_ws/install/as2_motion_controller/lib:/root/aerostack2_ws/install/as2_behaviors_trajectory_generation/lib:/root/aerostack2_ws/install/as2_behaviors_swarm_flocking/lib:/root/aerostack2_ws/install/as2_behaviors_motion/lib:/root/aerostack2_ws/install/as2_motion_reference_handlers/lib:/root/aerostack2_ws/install/as2_map_server/lib:/root/aerostack2_ws/install/as2_gazebo_assets/lib:/root/aerostack2_ws/install/as2_behaviors_perception/lib:/root/aerostack2_ws/install/as2_behaviors_path_planning/lib:/root/aerostack2_ws/install/as2_behavior_tree/lib:/root/aerostack2_ws/src/aerostack2/install/as2_python_api/lib:/root/aerostack2_ws/src/aerostack2/install/as2_motion_reference_handlers/lib:/root/aerostack2_ws/src/aerostack2/install/as2_map_server/lib:/root/aerostack2_ws/src/aerostack2/install/as2_behavior/lib:/root/aerostack2_ws/src/aerostack2/install/as2_core/lib:/root/aerostack2_ws/src/aerostack2/install/as2_msgs/lib:/opt/ros/humble/opt/rviz_ogre_vendor/lib:/opt/ros/humble/lib/x86_64-linux-gnu:/opt/ros/humble/lib /usr/bin/cmake --install /root/aerostack2_ws/build/as2_behaviors_motion
[3.319s] -- Install configuration: "Release"
[3.319s] -- Execute custom install script
[3.320s] -- Up-to-date symlink: /root/aerostack2_ws/install/as2_behaviors_motion/share/as2_behaviors_motion//plugins.xml
[3.320s] -- Up-to-date symlink: /root/aerostack2_ws/install/as2_behaviors_motion/share/as2_behaviors_motion/environment/library_path.sh
[3.320s] -- Up-to-date symlink: /root/aerostack2_ws/install/as2_behaviors_motion/share/as2_behaviors_motion/environment/library_path.dsv
[3.320s] -- Up-to-date symlink: /root/aerostack2_ws/install/as2_behaviors_motion/lib/as2_behaviors_motion/follow_path_behavior_node
[3.331s] -- Up-to-date symlink: /root/aerostack2_ws/install/as2_behaviors_motion/include/follow_path_behavior/follow_path_base.hpp
[3.331s] -- Up-to-date symlink: /root/aerostack2_ws/install/as2_behaviors_motion/include/follow_path_behavior/follow_path_behavior.hpp
[3.331s] -- Up-to-date symlink: /root/aerostack2_ws/install/as2_behaviors_motion/share/as2_behaviors_motion/follow_path_behavior/config//config_default.yaml
[3.331s] -- Up-to-date symlink: /root/aerostack2_ws/install/as2_behaviors_motion/lib/as2_behaviors_motion/go_to_behavior_node
[3.332s] -- Up-to-date symlink: /root/aerostack2_ws/install/as2_behaviors_motion/include/go_to_behavior/go_to_base.hpp
[3.332s] -- Up-to-date symlink: /root/aerostack2_ws/install/as2_behaviors_motion/include/go_to_behavior/go_to_behavior.hpp
[3.332s] -- Up-to-date symlink: /root/aerostack2_ws/install/as2_behaviors_motion/share/as2_behaviors_motion/go_to_behavior/config//config_default.yaml
[3.332s] -- Up-to-date symlink: /root/aerostack2_ws/install/as2_behaviors_motion/lib/as2_behaviors_motion/land_behavior_node
[3.332s] -- Up-to-date symlink: /root/aerostack2_ws/install/as2_behaviors_motion/include/land_behavior/land_base.hpp
[3.333s] -- Up-to-date symlink: /root/aerostack2_ws/install/as2_behaviors_motion/include/land_behavior/land_behavior.hpp
[3.333s] -- Up-to-date symlink: /root/aerostack2_ws/install/as2_behaviors_motion/share/as2_behaviors_motion/land_behavior/config//config_default.yaml
[3.338s] -- Up-to-date symlink: /root/aerostack2_ws/install/as2_behaviors_motion/lib/as2_behaviors_motion/takeoff_behavior_node
[3.338s] -- Up-to-date symlink: /root/aerostack2_ws/install/as2_behaviors_motion/include/takeoff_behavior/takeoff_base.hpp
[3.339s] -- Up-to-date symlink: /root/aerostack2_ws/install/as2_behaviors_motion/include/takeoff_behavior/takeoff_behavior.hpp
[3.339s] -- Up-to-date symlink: /root/aerostack2_ws/install/as2_behaviors_motion/share/as2_behaviors_motion/takeoff_behavior/config//config_default.yaml
[3.339s] -- Up-to-date symlink: /root/aerostack2_ws/install/as2_behaviors_motion/lib/as2_behaviors_motion/follow_reference_behavior_node
[3.339s] -- Up-to-date symlink: /root/aerostack2_ws/install/as2_behaviors_motion/include/follow_reference_behavior/follow_reference_behavior.hpp
[3.344s] -- Up-to-date symlink: /root/aerostack2_ws/install/as2_behaviors_motion/share/as2_behaviors_motion/follow_reference_behavior/config//config_default.yaml
[3.344s] -- Up-to-date symlink: /root/aerostack2_ws/install/as2_behaviors_motion/lib/libtakeoff_component.so
[3.344s] -- Up-to-date symlink: /root/aerostack2_ws/install/as2_behaviors_motion/lib/libland_component.so
[3.344s] -- Up-to-date symlink: /root/aerostack2_ws/install/as2_behaviors_motion/lib/libgo_to_component.so
[3.347s] -- Up-to-date symlink: /root/aerostack2_ws/install/as2_behaviors_motion/lib/libfollow_path_component.so
[3.349s] -- Up-to-date symlink: /root/aerostack2_ws/install/as2_behaviors_motion/lib/libfollow_reference_component.so
[3.350s] -- Up-to-date symlink: /root/aerostack2_ws/install/as2_behaviors_motion/share/as2_behaviors_motion/launch/composable_follow_reference.launch.py
[3.350s] -- Up-to-date symlink: /root/aerostack2_ws/install/as2_behaviors_motion/share/as2_behaviors_motion/launch/composable_motion_behaviors.launch.py
[3.350s] -- Up-to-date symlink: /root/aerostack2_ws/install/as2_behaviors_motion/share/as2_behaviors_motion/launch/follow_path_behavior_launch.py
[3.350s] -- Up-to-date symlink: /root/aerostack2_ws/install/as2_behaviors_motion/share/as2_behaviors_motion/launch/follow_reference_behavior_launch.py
[3.350s] -- Up-to-date symlink: /root/aerostack2_ws/install/as2_behaviors_motion/share/as2_behaviors_motion/launch/go_to_behavior_launch.py
[3.350s] -- Up-to-date symlink: /root/aerostack2_ws/install/as2_behaviors_motion/share/as2_behaviors_motion/launch/land_behavior_launch.py
[3.350s] -- Up-to-date symlink: /root/aerostack2_ws/install/as2_behaviors_motion/share/as2_behaviors_motion/launch/motion_behaviors_launch.py
[3.350s] -- Up-to-date symlink: /root/aerostack2_ws/install/as2_behaviors_motion/share/as2_behaviors_motion/launch/takeoff_behavior_launch.py
[3.350s] -- Up-to-date symlink: /root/aerostack2_ws/install/as2_behaviors_motion/share/ament_index/resource_index/package_run_dependencies/as2_behaviors_motion
[3.350s] -- Up-to-date symlink: /root/aerostack2_ws/install/as2_behaviors_motion/share/ament_index/resource_index/parent_prefix_path/as2_behaviors_motion
[3.350s] -- Up-to-date symlink: /root/aerostack2_ws/install/as2_behaviors_motion/share/as2_behaviors_motion/environment/ament_prefix_path.sh
[3.350s] -- Up-to-date symlink: /root/aerostack2_ws/install/as2_behaviors_motion/share/as2_behaviors_motion/environment/ament_prefix_path.dsv
[3.351s] -- Up-to-date symlink: /root/aerostack2_ws/install/as2_behaviors_motion/share/as2_behaviors_motion/environment/path.sh
[3.368s] -- Up-to-date symlink: /root/aerostack2_ws/install/as2_behaviors_motion/share/as2_behaviors_motion/environment/path.dsv
[3.382s] -- Up-to-date symlink: /root/aerostack2_ws/install/as2_behaviors_motion/share/as2_behaviors_motion/local_setup.bash
[3.383s] -- Up-to-date symlink: /root/aerostack2_ws/install/as2_behaviors_motion/share/as2_behaviors_motion/local_setup.sh
[3.383s] -- Up-to-date symlink: /root/aerostack2_ws/install/as2_behaviors_motion/share/as2_behaviors_motion/local_setup.zsh
[3.383s] -- Up-to-date symlink: /root/aerostack2_ws/install/as2_behaviors_motion/share/as2_behaviors_motion/local_setup.dsv
[3.383s] -- Symlinking: /root/aerostack2_ws/install/as2_behaviors_motion/share/as2_behaviors_motion/package.dsv
[3.437s] -- Up-to-date symlink: /root/aerostack2_ws/install/as2_behaviors_motion/share/ament_index/resource_index/packages/as2_behaviors_motion
[3.437s] -- Up-to-date symlink: /root/aerostack2_ws/install/as2_behaviors_motion/share/ament_index/resource_index/as2_behaviors_motion__pluginlib__plugin/as2_behaviors_motion
[3.437s] -- Up-to-date symlink: /root/aerostack2_ws/install/as2_behaviors_motion/share/ament_index/resource_index/rclcpp_components/as2_behaviors_motion
[3.437s] -- Up-to-date symlink: /root/aerostack2_ws/install/as2_behaviors_motion/share/as2_behaviors_motion/cmake/ament_cmake_export_libraries-extras.cmake
[3.437s] -- Up-to-date symlink: /root/aerostack2_ws/install/as2_behaviors_motion/share/as2_behaviors_motion/cmake/ament_cmake_export_targets-extras.cmake
[3.438s] -- Up-to-date symlink: /root/aerostack2_ws/install/as2_behaviors_motion/share/as2_behaviors_motion/cmake/ament_cmake_export_include_directories-extras.cmake
[3.438s] -- Up-to-date symlink: /root/aerostack2_ws/install/as2_behaviors_motion/share/as2_behaviors_motion/cmake/as2_behaviors_motionConfig.cmake
[3.438s] -- Up-to-date symlink: /root/aerostack2_ws/install/as2_behaviors_motion/share/as2_behaviors_motion/cmake/as2_behaviors_motionConfig-version.cmake
[3.438s] -- Up-to-date symlink: /root/aerostack2_ws/install/as2_behaviors_motion/share/as2_behaviors_motion/package.xml
[3.440s] -- Up-to-date: /root/aerostack2_ws/install/as2_behaviors_motion/lib/libas2_behaviors_motion.so
[3.440s] -- Up-to-date: /root/aerostack2_ws/install/as2_behaviors_motion/share/as2_behaviors_motion/cmake/export_as2_behaviors_motionExport.cmake
[3.440s] -- Up-to-date: /root/aerostack2_ws/install/as2_behaviors_motion/share/as2_behaviors_motion/cmake/export_as2_behaviors_motionExport-release.cmake
[3.531s] Invoked command in '/root/aerostack2_ws/build/as2_behaviors_motion' returned '0': CMAKE_PREFIX_PATH=/root/aerostack2_ws/install/as2_motion_reference_handlers:/root/aerostack2_ws/install/as2_behavior:/root/aerostack2_ws/install/as2_core:/root/aerostack2_ws/install/as2_msgs:/root/aerostack2_ws/install/aerostack2:/root/aerostack2_ws/install/as2_usb_camera_interface:/root/aerostack2_ws/install/as2_state_estimator:/root/aerostack2_ws/install/as2_rviz_plugins:/root/aerostack2_ws/install/as2_realsense_interface:/root/aerostack2_ws/install/as2_platform_multirotor_simulator:/root/aerostack2_ws/install/as2_platform_gazebo:/root/aerostack2_ws/install/as2_motion_controller:/root/aerostack2_ws/install/as2_behaviors_trajectory_generation:/root/aerostack2_ws/install/as2_behaviors_swarm_flocking:/root/aerostack2_ws/install/as2_behaviors_motion:/root/aerostack2_ws/install/as2_map_server:/root/aerostack2_ws/install/as2_geozones:/root/aerostack2_ws/install/as2_gazebo_assets:/root/aerostack2_ws/install/as2_external_object_to_tf:/root/aerostack2_ws/install/as2_behaviors_platform:/root/aerostack2_ws/install/as2_behaviors_perception:/root/aerostack2_ws/install/as2_behaviors_path_planning:/root/aerostack2_ws/install/as2_behavior_tree:/root/aerostack2_ws/install/as2_alphanumeric_viewer:/root/aerostack2_ws/install/as2_cli:/root/aerostack2_ws/src/aerostack2/install/as2_motion_reference_handlers:/root/aerostack2_ws/src/aerostack2/install/as2_map_server:/root/aerostack2_ws/src/aerostack2/install/as2_geozones:/root/aerostack2_ws/src/aerostack2/install/as2_behavior:/root/aerostack2_ws/src/aerostack2/install/as2_core:/root/aerostack2_ws/src/aerostack2/install/as2_msgs:/root/aerostack2_ws/src/aerostack2/install/as2_cli:/root/aerostack2_ws/install/as2_visualization:/root/aerostack2_ws/install/as2_keyboard_teleoperation:/root/aerostack2_ws/install/as2_python_api:/root/aerostack2_ws/src/aerostack2/install/as2_python_api:/opt/ros/humble LD_LIBRARY_PATH=/root/aerostack2_ws/install/as2_behavior/lib:/root/aerostack2_ws/install/as2_core/lib:/root/aerostack2_ws/install/as2_msgs/lib:/root/aerostack2_ws/install/as2_state_estimator/lib:/root/aerostack2_ws/install/as2_python_api/lib:/root/aerostack2_ws/install/as2_motion_controller/lib:/root/aerostack2_ws/install/as2_behaviors_trajectory_generation/lib:/root/aerostack2_ws/install/as2_behaviors_swarm_flocking/lib:/root/aerostack2_ws/install/as2_behaviors_motion/lib:/root/aerostack2_ws/install/as2_motion_reference_handlers/lib:/root/aerostack2_ws/install/as2_map_server/lib:/root/aerostack2_ws/install/as2_gazebo_assets/lib:/root/aerostack2_ws/install/as2_behaviors_perception/lib:/root/aerostack2_ws/install/as2_behaviors_path_planning/lib:/root/aerostack2_ws/install/as2_behavior_tree/lib:/root/aerostack2_ws/src/aerostack2/install/as2_python_api/lib:/root/aerostack2_ws/src/aerostack2/install/as2_motion_reference_handlers/lib:/root/aerostack2_ws/src/aerostack2/install/as2_map_server/lib:/root/aerostack2_ws/src/aerostack2/install/as2_behavior/lib:/root/aerostack2_ws/src/aerostack2/install/as2_core/lib:/root/aerostack2_ws/src/aerostack2/install/as2_msgs/lib:/opt/ros/humble/opt/rviz_ogre_vendor/lib:/opt/ros/humble/lib/x86_64-linux-gnu:/opt/ros/humble/lib /usr/bin/cmake --install /root/aerostack2_ws/build/as2_behaviors_motion
