[1.163s] Invoking command in '/root/aerostack2_ws/build/as2_keyboard_teleoperation': AMENT_PREFIX_PATH=/root/aerostack2_ws/install/as2_python_api:/root/aerostack2_ws/install/as2_motion_reference_handlers:/root/aerostack2_ws/install/as2_core:/root/aerostack2_ws/install/as2_msgs:${AMENT_PREFIX_PATH} AS2_MODULES_PATH=/root/aerostack2_ws/install/as2_python_api/share/as2_python_api/modules CMAKE_PREFIX_PATH=/root/aerostack2_ws/install/as2_motion_reference_handlers:/root/aerostack2_ws/install/as2_core:/root/aerostack2_ws/install/as2_msgs LD_LIBRARY_PATH=/root/aerostack2_ws/install/as2_python_api/lib:/root/aerostack2_ws/install/as2_motion_reference_handlers/lib:/root/aerostack2_ws/install/as2_core/lib:/root/aerostack2_ws/install/as2_msgs/lib:${LD_LIBRARY_PATH} PYTHONPATH=/root/aerostack2_ws/build/as2_keyboard_teleoperation/prefix_override:/usr/lib/python3/dist-packages/colcon_core/task/python/colcon_distutils_commands:/root/aerostack2_ws/install/as2_keyboard_teleoperation/lib/python3.10/site-packages:/root/aerostack2_ws/build/as2_python_api:/root/aerostack2_ws/install/as2_python_api/lib/python3.10/site-packages:/root/aerostack2_ws/install/as2_motion_reference_handlers/local/lib/python3.10/dist-packages:/root/aerostack2_ws/install/as2_core/local/lib/python3.10/dist-packages:/root/aerostack2_ws/install/as2_msgs/local/lib/python3.10/dist-packages:${PYTHONPATH} /usr/bin/python3 -W ignore:setup.py install is deprecated -W ignore:easy_install command is deprecated setup.py develop --editable --build-directory /root/aerostack2_ws/build/as2_keyboard_teleoperation/build --no-deps symlink_data
[16.400s] running develop
[16.400s] running egg_info
[16.400s] creating as2_keyboard_teleoperation.egg-info
[16.400s] writing as2_keyboard_teleoperation.egg-info/PKG-INFO
[16.400s] writing dependency_links to as2_keyboard_teleoperation.egg-info/dependency_links.txt
[16.400s] writing requirements to as2_keyboard_teleoperation.egg-info/requires.txt
[16.400s] writing top-level names to as2_keyboard_teleoperation.egg-info/top_level.txt
[16.400s] writing manifest file 'as2_keyboard_teleoperation.egg-info/SOURCES.txt'
[16.400s] reading manifest file 'as2_keyboard_teleoperation.egg-info/SOURCES.txt'
[16.400s] writing manifest file 'as2_keyboard_teleoperation.egg-info/SOURCES.txt'
[16.401s] running build_ext
[16.401s] Creating /root/aerostack2_ws/install/as2_keyboard_teleoperation/lib/python3.10/site-packages/as2-keyboard-teleoperation.egg-link (link to .)
[16.401s] 
[16.401s] Installed /root/aerostack2_ws/build/as2_keyboard_teleoperation
[16.401s] running symlink_data
[16.401s] creating /root/aerostack2_ws/install/as2_keyboard_teleoperation/share/ament_index
[16.401s] creating /root/aerostack2_ws/install/as2_keyboard_teleoperation/share/ament_index/resource_index
[16.401s] creating /root/aerostack2_ws/install/as2_keyboard_teleoperation/share/ament_index/resource_index/packages
[16.401s] symbolically linking /root/aerostack2_ws/build/as2_keyboard_teleoperation/resource/as2_keyboard_teleoperation -> /root/aerostack2_ws/install/as2_keyboard_teleoperation/share/ament_index/resource_index/packages
[16.401s] symbolically linking /root/aerostack2_ws/build/as2_keyboard_teleoperation/package.xml -> /root/aerostack2_ws/install/as2_keyboard_teleoperation/share/as2_keyboard_teleoperation
[16.401s] creating /root/aerostack2_ws/install/as2_keyboard_teleoperation/share/as2_keyboard_teleoperation/launch
[16.401s] symbolically linking /root/aerostack2_ws/build/as2_keyboard_teleoperation/launch/as2_keyboard_teleoperation_launch.py -> /root/aerostack2_ws/install/as2_keyboard_teleoperation/share/as2_keyboard_teleoperation/launch
[16.402s] symbolically linking /root/aerostack2_ws/build/as2_keyboard_teleoperation/as2_keyboard_teleoperation/keyboard_teleoperation.py -> /root/aerostack2_ws/install/as2_keyboard_teleoperation/share/as2_keyboard_teleoperation
[16.402s] symbolically linking /root/aerostack2_ws/build/as2_keyboard_teleoperation/as2_keyboard_teleoperation/drone_manager.py -> /root/aerostack2_ws/install/as2_keyboard_teleoperation/share/as2_keyboard_teleoperation
[16.402s] symbolically linking /root/aerostack2_ws/build/as2_keyboard_teleoperation/as2_keyboard_teleoperation/main_window.py -> /root/aerostack2_ws/install/as2_keyboard_teleoperation/share/as2_keyboard_teleoperation
[16.402s] symbolically linking /root/aerostack2_ws/build/as2_keyboard_teleoperation/as2_keyboard_teleoperation/settings_window.py -> /root/aerostack2_ws/install/as2_keyboard_teleoperation/share/as2_keyboard_teleoperation
[16.402s] symbolically linking /root/aerostack2_ws/build/as2_keyboard_teleoperation/as2_keyboard_teleoperation/localization_window.py -> /root/aerostack2_ws/install/as2_keyboard_teleoperation/share/as2_keyboard_teleoperation
[16.402s] symbolically linking /root/aerostack2_ws/build/as2_keyboard_teleoperation/as2_keyboard_teleoperation/config_values.py -> /root/aerostack2_ws/install/as2_keyboard_teleoperation/share/as2_keyboard_teleoperation
[16.402s] creating /root/aerostack2_ws/install/as2_keyboard_teleoperation/share/as2_keyboard_teleoperation/config
[16.402s] symbolically linking /root/aerostack2_ws/build/as2_keyboard_teleoperation/config/teleop_values_config.yaml -> /root/aerostack2_ws/install/as2_keyboard_teleoperation/share/as2_keyboard_teleoperation/config
[16.417s] Invoked command in '/root/aerostack2_ws/build/as2_keyboard_teleoperation' returned '0': AMENT_PREFIX_PATH=/root/aerostack2_ws/install/as2_python_api:/root/aerostack2_ws/install/as2_motion_reference_handlers:/root/aerostack2_ws/install/as2_core:/root/aerostack2_ws/install/as2_msgs:${AMENT_PREFIX_PATH} AS2_MODULES_PATH=/root/aerostack2_ws/install/as2_python_api/share/as2_python_api/modules CMAKE_PREFIX_PATH=/root/aerostack2_ws/install/as2_motion_reference_handlers:/root/aerostack2_ws/install/as2_core:/root/aerostack2_ws/install/as2_msgs LD_LIBRARY_PATH=/root/aerostack2_ws/install/as2_python_api/lib:/root/aerostack2_ws/install/as2_motion_reference_handlers/lib:/root/aerostack2_ws/install/as2_core/lib:/root/aerostack2_ws/install/as2_msgs/lib:${LD_LIBRARY_PATH} PYTHONPATH=/root/aerostack2_ws/build/as2_keyboard_teleoperation/prefix_override:/usr/lib/python3/dist-packages/colcon_core/task/python/colcon_distutils_commands:/root/aerostack2_ws/install/as2_keyboard_teleoperation/lib/python3.10/site-packages:/root/aerostack2_ws/build/as2_python_api:/root/aerostack2_ws/install/as2_python_api/lib/python3.10/site-packages:/root/aerostack2_ws/install/as2_motion_reference_handlers/local/lib/python3.10/dist-packages:/root/aerostack2_ws/install/as2_core/local/lib/python3.10/dist-packages:/root/aerostack2_ws/install/as2_msgs/local/lib/python3.10/dist-packages:${PYTHONPATH} /usr/bin/python3 -W ignore:setup.py install is deprecated -W ignore:easy_install command is deprecated setup.py develop --editable --build-directory /root/aerostack2_ws/build/as2_keyboard_teleoperation/build --no-deps symlink_data
