[0.032s] Invoking command in '/root/aerostack2_ws/build/as2_core': CMAKE_PREFIX_PATH=/root/aerostack2_ws/install/as2_msgs:/root/aerostack2_ws/install/aerostack2:/root/aerostack2_ws/install/as2_usb_camera_interface:/root/aerostack2_ws/install/as2_state_estimator:/root/aerostack2_ws/install/as2_rviz_plugins:/root/aerostack2_ws/install/as2_realsense_interface:/root/aerostack2_ws/install/as2_platform_multirotor_simulator:/root/aerostack2_ws/install/as2_platform_gazebo:/root/aerostack2_ws/install/as2_motion_controller:/root/aerostack2_ws/install/as2_behaviors_trajectory_generation:/root/aerostack2_ws/install/as2_behaviors_swarm_flocking:/root/aerostack2_ws/install/as2_behaviors_motion:/root/aerostack2_ws/install/as2_motion_reference_handlers:/root/aerostack2_ws/install/as2_map_server:/root/aerostack2_ws/install/as2_geozones:/root/aerostack2_ws/install/as2_gazebo_assets:/root/aerostack2_ws/install/as2_external_object_to_tf:/root/aerostack2_ws/install/as2_behaviors_platform:/root/aerostack2_ws/install/as2_behaviors_perception:/root/aerostack2_ws/install/as2_behaviors_path_planning:/root/aerostack2_ws/install/as2_behavior_tree:/root/aerostack2_ws/install/as2_behavior:/root/aerostack2_ws/install/as2_alphanumeric_viewer:/root/aerostack2_ws/install/as2_core:/root/aerostack2_ws/install/as2_cli:/root/aerostack2_ws/src/aerostack2/install/as2_motion_reference_handlers:/root/aerostack2_ws/src/aerostack2/install/as2_map_server:/root/aerostack2_ws/src/aerostack2/install/as2_geozones:/root/aerostack2_ws/src/aerostack2/install/as2_behavior:/root/aerostack2_ws/src/aerostack2/install/as2_core:/root/aerostack2_ws/src/aerostack2/install/as2_msgs:/root/aerostack2_ws/src/aerostack2/install/as2_cli:/root/aerostack2_ws/install/as2_visualization:/root/aerostack2_ws/install/as2_keyboard_teleoperation:/root/aerostack2_ws/install/as2_python_api:/root/aerostack2_ws/src/aerostack2/install/as2_python_api:/opt/ros/humble LD_LIBRARY_PATH=/root/aerostack2_ws/install/as2_msgs/lib:/root/aerostack2_ws/install/as2_state_estimator/lib:/root/aerostack2_ws/install/as2_python_api/lib:/root/aerostack2_ws/install/as2_motion_controller/lib:/root/aerostack2_ws/install/as2_behaviors_trajectory_generation/lib:/root/aerostack2_ws/install/as2_behaviors_swarm_flocking/lib:/root/aerostack2_ws/install/as2_behaviors_motion/lib:/root/aerostack2_ws/install/as2_motion_reference_handlers/lib:/root/aerostack2_ws/install/as2_map_server/lib:/root/aerostack2_ws/install/as2_gazebo_assets/lib:/root/aerostack2_ws/install/as2_behaviors_perception/lib:/root/aerostack2_ws/install/as2_behaviors_path_planning/lib:/root/aerostack2_ws/install/as2_behavior_tree/lib:/root/aerostack2_ws/install/as2_behavior/lib:/root/aerostack2_ws/install/as2_core/lib:/root/aerostack2_ws/src/aerostack2/install/as2_python_api/lib:/root/aerostack2_ws/src/aerostack2/install/as2_motion_reference_handlers/lib:/root/aerostack2_ws/src/aerostack2/install/as2_map_server/lib:/root/aerostack2_ws/src/aerostack2/install/as2_behavior/lib:/root/aerostack2_ws/src/aerostack2/install/as2_core/lib:/root/aerostack2_ws/src/aerostack2/install/as2_msgs/lib:/opt/ros/humble/opt/rviz_ogre_vendor/lib:/opt/ros/humble/lib/x86_64-linux-gnu:/opt/ros/humble/lib /usr/bin/cmake --build /root/aerostack2_ws/build/as2_core -- -j8 -l8
[0.196s] [  0%] Built target ament_cmake_python_symlink_as2_core
[0.300s] [  6%] Built target gtest
[0.877s] running egg_info
[0.879s] writing as2_core.egg-info/PKG-INFO
[0.879s] writing dependency_links to as2_core.egg-info/dependency_links.txt
[0.879s] writing top-level names to as2_core.egg-info/top_level.txt
[0.886s] reading manifest file 'as2_core.egg-info/SOURCES.txt'
[0.888s] writing manifest file 'as2_core.egg-info/SOURCES.txt'
[0.936s] [  6%] Built target ament_cmake_python_build_as2_core_egg
[0.998s] [ 12%] Built target gtest_main
[1.105s] [ 19%] Built target as2_names
[1.221s] [ 58%] Built target as2_core
[1.301s] [ 67%] Built target mocks
[1.389s] [ 74%] Built target tf_utils_gtest
[1.495s] [ 80%] Built target tf2_namespace_test
[1.560s] [ 87%] Built target sensor_test
[1.653s] [ 93%] Built target platform_state_machine_test
[1.746s] [100%] Built target frame_test
[1.797s] Invoked command in '/root/aerostack2_ws/build/as2_core' returned '0': CMAKE_PREFIX_PATH=/root/aerostack2_ws/install/as2_msgs:/root/aerostack2_ws/install/aerostack2:/root/aerostack2_ws/install/as2_usb_camera_interface:/root/aerostack2_ws/install/as2_state_estimator:/root/aerostack2_ws/install/as2_rviz_plugins:/root/aerostack2_ws/install/as2_realsense_interface:/root/aerostack2_ws/install/as2_platform_multirotor_simulator:/root/aerostack2_ws/install/as2_platform_gazebo:/root/aerostack2_ws/install/as2_motion_controller:/root/aerostack2_ws/install/as2_behaviors_trajectory_generation:/root/aerostack2_ws/install/as2_behaviors_swarm_flocking:/root/aerostack2_ws/install/as2_behaviors_motion:/root/aerostack2_ws/install/as2_motion_reference_handlers:/root/aerostack2_ws/install/as2_map_server:/root/aerostack2_ws/install/as2_geozones:/root/aerostack2_ws/install/as2_gazebo_assets:/root/aerostack2_ws/install/as2_external_object_to_tf:/root/aerostack2_ws/install/as2_behaviors_platform:/root/aerostack2_ws/install/as2_behaviors_perception:/root/aerostack2_ws/install/as2_behaviors_path_planning:/root/aerostack2_ws/install/as2_behavior_tree:/root/aerostack2_ws/install/as2_behavior:/root/aerostack2_ws/install/as2_alphanumeric_viewer:/root/aerostack2_ws/install/as2_core:/root/aerostack2_ws/install/as2_cli:/root/aerostack2_ws/src/aerostack2/install/as2_motion_reference_handlers:/root/aerostack2_ws/src/aerostack2/install/as2_map_server:/root/aerostack2_ws/src/aerostack2/install/as2_geozones:/root/aerostack2_ws/src/aerostack2/install/as2_behavior:/root/aerostack2_ws/src/aerostack2/install/as2_core:/root/aerostack2_ws/src/aerostack2/install/as2_msgs:/root/aerostack2_ws/src/aerostack2/install/as2_cli:/root/aerostack2_ws/install/as2_visualization:/root/aerostack2_ws/install/as2_keyboard_teleoperation:/root/aerostack2_ws/install/as2_python_api:/root/aerostack2_ws/src/aerostack2/install/as2_python_api:/opt/ros/humble LD_LIBRARY_PATH=/root/aerostack2_ws/install/as2_msgs/lib:/root/aerostack2_ws/install/as2_state_estimator/lib:/root/aerostack2_ws/install/as2_python_api/lib:/root/aerostack2_ws/install/as2_motion_controller/lib:/root/aerostack2_ws/install/as2_behaviors_trajectory_generation/lib:/root/aerostack2_ws/install/as2_behaviors_swarm_flocking/lib:/root/aerostack2_ws/install/as2_behaviors_motion/lib:/root/aerostack2_ws/install/as2_motion_reference_handlers/lib:/root/aerostack2_ws/install/as2_map_server/lib:/root/aerostack2_ws/install/as2_gazebo_assets/lib:/root/aerostack2_ws/install/as2_behaviors_perception/lib:/root/aerostack2_ws/install/as2_behaviors_path_planning/lib:/root/aerostack2_ws/install/as2_behavior_tree/lib:/root/aerostack2_ws/install/as2_behavior/lib:/root/aerostack2_ws/install/as2_core/lib:/root/aerostack2_ws/src/aerostack2/install/as2_python_api/lib:/root/aerostack2_ws/src/aerostack2/install/as2_motion_reference_handlers/lib:/root/aerostack2_ws/src/aerostack2/install/as2_map_server/lib:/root/aerostack2_ws/src/aerostack2/install/as2_behavior/lib:/root/aerostack2_ws/src/aerostack2/install/as2_core/lib:/root/aerostack2_ws/src/aerostack2/install/as2_msgs/lib:/opt/ros/humble/opt/rviz_ogre_vendor/lib:/opt/ros/humble/lib/x86_64-linux-gnu:/opt/ros/humble/lib /usr/bin/cmake --build /root/aerostack2_ws/build/as2_core -- -j8 -l8
[1.808s] Invoking command in '/root/aerostack2_ws/build/as2_core': CMAKE_PREFIX_PATH=/root/aerostack2_ws/install/as2_msgs:/root/aerostack2_ws/install/aerostack2:/root/aerostack2_ws/install/as2_usb_camera_interface:/root/aerostack2_ws/install/as2_state_estimator:/root/aerostack2_ws/install/as2_rviz_plugins:/root/aerostack2_ws/install/as2_realsense_interface:/root/aerostack2_ws/install/as2_platform_multirotor_simulator:/root/aerostack2_ws/install/as2_platform_gazebo:/root/aerostack2_ws/install/as2_motion_controller:/root/aerostack2_ws/install/as2_behaviors_trajectory_generation:/root/aerostack2_ws/install/as2_behaviors_swarm_flocking:/root/aerostack2_ws/install/as2_behaviors_motion:/root/aerostack2_ws/install/as2_motion_reference_handlers:/root/aerostack2_ws/install/as2_map_server:/root/aerostack2_ws/install/as2_geozones:/root/aerostack2_ws/install/as2_gazebo_assets:/root/aerostack2_ws/install/as2_external_object_to_tf:/root/aerostack2_ws/install/as2_behaviors_platform:/root/aerostack2_ws/install/as2_behaviors_perception:/root/aerostack2_ws/install/as2_behaviors_path_planning:/root/aerostack2_ws/install/as2_behavior_tree:/root/aerostack2_ws/install/as2_behavior:/root/aerostack2_ws/install/as2_alphanumeric_viewer:/root/aerostack2_ws/install/as2_core:/root/aerostack2_ws/install/as2_cli:/root/aerostack2_ws/src/aerostack2/install/as2_motion_reference_handlers:/root/aerostack2_ws/src/aerostack2/install/as2_map_server:/root/aerostack2_ws/src/aerostack2/install/as2_geozones:/root/aerostack2_ws/src/aerostack2/install/as2_behavior:/root/aerostack2_ws/src/aerostack2/install/as2_core:/root/aerostack2_ws/src/aerostack2/install/as2_msgs:/root/aerostack2_ws/src/aerostack2/install/as2_cli:/root/aerostack2_ws/install/as2_visualization:/root/aerostack2_ws/install/as2_keyboard_teleoperation:/root/aerostack2_ws/install/as2_python_api:/root/aerostack2_ws/src/aerostack2/install/as2_python_api:/opt/ros/humble LD_LIBRARY_PATH=/root/aerostack2_ws/install/as2_msgs/lib:/root/aerostack2_ws/install/as2_state_estimator/lib:/root/aerostack2_ws/install/as2_python_api/lib:/root/aerostack2_ws/install/as2_motion_controller/lib:/root/aerostack2_ws/install/as2_behaviors_trajectory_generation/lib:/root/aerostack2_ws/install/as2_behaviors_swarm_flocking/lib:/root/aerostack2_ws/install/as2_behaviors_motion/lib:/root/aerostack2_ws/install/as2_motion_reference_handlers/lib:/root/aerostack2_ws/install/as2_map_server/lib:/root/aerostack2_ws/install/as2_gazebo_assets/lib:/root/aerostack2_ws/install/as2_behaviors_perception/lib:/root/aerostack2_ws/install/as2_behaviors_path_planning/lib:/root/aerostack2_ws/install/as2_behavior_tree/lib:/root/aerostack2_ws/install/as2_behavior/lib:/root/aerostack2_ws/install/as2_core/lib:/root/aerostack2_ws/src/aerostack2/install/as2_python_api/lib:/root/aerostack2_ws/src/aerostack2/install/as2_motion_reference_handlers/lib:/root/aerostack2_ws/src/aerostack2/install/as2_map_server/lib:/root/aerostack2_ws/src/aerostack2/install/as2_behavior/lib:/root/aerostack2_ws/src/aerostack2/install/as2_core/lib:/root/aerostack2_ws/src/aerostack2/install/as2_msgs/lib:/opt/ros/humble/opt/rviz_ogre_vendor/lib:/opt/ros/humble/lib/x86_64-linux-gnu:/opt/ros/humble/lib /usr/bin/cmake --install /root/aerostack2_ws/build/as2_core
[1.810s] -- Install configuration: "Release"
[1.811s] -- Execute custom install script
[1.813s] -- Up-to-date symlink: /root/aerostack2_ws/install/as2_core/share/as2_core/environment/pythonpath.sh
[1.813s] -- Up-to-date symlink: /root/aerostack2_ws/install/as2_core/share/as2_core/environment/pythonpath.dsv
[1.813s] -- Up-to-date symlink: /root/aerostack2_ws/install/as2_core/local/lib/python3.10/dist-packages/as2_core-1.1.3-py3.10.egg-info/PKG-INFO
[1.813s] -- Up-to-date symlink: /root/aerostack2_ws/install/as2_core/local/lib/python3.10/dist-packages/as2_core-1.1.3-py3.10.egg-info/SOURCES.txt
[1.813s] -- Up-to-date symlink: /root/aerostack2_ws/install/as2_core/local/lib/python3.10/dist-packages/as2_core-1.1.3-py3.10.egg-info/dependency_links.txt
[1.813s] -- Up-to-date symlink: /root/aerostack2_ws/install/as2_core/local/lib/python3.10/dist-packages/as2_core-1.1.3-py3.10.egg-info/top_level.txt
[1.814s] -- Up-to-date symlink: /root/aerostack2_ws/install/as2_core/local/lib/python3.10/dist-packages/as2_core/__init__.py
[1.815s] -- Up-to-date symlink: /root/aerostack2_ws/install/as2_core/local/lib/python3.10/dist-packages/as2_core/declare_launch_arguments_from_config_file.py
[1.816s] -- Up-to-date symlink: /root/aerostack2_ws/install/as2_core/local/lib/python3.10/dist-packages/as2_core/launch_configuration_from_config_file.py
[1.816s] -- Up-to-date symlink: /root/aerostack2_ws/install/as2_core/local/lib/python3.10/dist-packages/as2_core/launch_param_utils.py
[1.816s] -- Up-to-date symlink: /root/aerostack2_ws/install/as2_core/local/lib/python3.10/dist-packages/as2_core/launch_plugin_utils.py
[1.816s] -- Up-to-date symlink: /root/aerostack2_ws/install/as2_core/share/as2_core/environment/library_path.sh
[1.816s] -- Up-to-date symlink: /root/aerostack2_ws/install/as2_core/share/as2_core/environment/library_path.dsv
[1.816s] -- Up-to-date symlink: /root/aerostack2_ws/install/as2_core/local/lib/python3.10/dist-packages/as2_core/as2_names.cpython-310-x86_64-linux-gnu.so
[1.820s] -- Up-to-date symlink: /root/aerostack2_ws/install/as2_core/include/as2_core/aerial_platform.hpp
[1.820s] -- Up-to-date symlink: /root/aerostack2_ws/install/as2_core/include/as2_core/as2_basic_behavior.hpp
[1.820s] -- Up-to-date symlink: /root/aerostack2_ws/install/as2_core/include/as2_core/core_functions.hpp
[1.820s] -- Up-to-date symlink: /root/aerostack2_ws/install/as2_core/include/as2_core/custom/cv_bridge.hpp
[1.821s] -- Up-to-date symlink: /root/aerostack2_ws/install/as2_core/include/as2_core/custom/cv_bridge.hpp.in
[1.821s] -- Up-to-date symlink: /root/aerostack2_ws/install/as2_core/include/as2_core/custom/tf2_geometry_msgs.hpp
[1.821s] -- Up-to-date symlink: /root/aerostack2_ws/install/as2_core/include/as2_core/custom/tf2_geometry_msgs.hpp.in
[1.821s] -- Up-to-date symlink: /root/aerostack2_ws/install/as2_core/include/as2_core/names/actions.hpp
[1.821s] -- Up-to-date symlink: /root/aerostack2_ws/install/as2_core/include/as2_core/names/services.hpp
[1.821s] -- Up-to-date symlink: /root/aerostack2_ws/install/as2_core/include/as2_core/names/topics.hpp
[1.821s] -- Up-to-date symlink: /root/aerostack2_ws/install/as2_core/include/as2_core/node.hpp
[1.821s] -- Up-to-date symlink: /root/aerostack2_ws/install/as2_core/include/as2_core/platform_state_machine.hpp
[1.821s] -- Up-to-date symlink: /root/aerostack2_ws/install/as2_core/include/as2_core/rate.hpp
[1.822s] -- Up-to-date symlink: /root/aerostack2_ws/install/as2_core/include/as2_core/sensor.hpp
[1.822s] -- Up-to-date symlink: /root/aerostack2_ws/install/as2_core/include/as2_core/synchronous_service_client.hpp
[1.822s] -- Up-to-date symlink: /root/aerostack2_ws/install/as2_core/include/as2_core/utils/control_mode_utils.hpp
[1.822s] -- Up-to-date symlink: /root/aerostack2_ws/install/as2_core/include/as2_core/utils/frame_utils.hpp
[1.822s] -- Up-to-date symlink: /root/aerostack2_ws/install/as2_core/include/as2_core/utils/gps_utils.hpp
[1.822s] -- Up-to-date symlink: /root/aerostack2_ws/install/as2_core/include/as2_core/utils/tf_utils.hpp
[1.822s] -- Up-to-date symlink: /root/aerostack2_ws/install/as2_core/include/as2_core/utils/yaml_utils.hpp
[1.822s] -- Up-to-date symlink: /root/aerostack2_ws/install/as2_core/share/ament_index/resource_index/package_run_dependencies/as2_core
[1.822s] -- Up-to-date symlink: /root/aerostack2_ws/install/as2_core/share/ament_index/resource_index/parent_prefix_path/as2_core
[1.822s] -- Up-to-date symlink: /root/aerostack2_ws/install/as2_core/share/as2_core/environment/ament_prefix_path.sh
[1.822s] -- Up-to-date symlink: /root/aerostack2_ws/install/as2_core/share/as2_core/environment/ament_prefix_path.dsv
[1.823s] -- Up-to-date symlink: /root/aerostack2_ws/install/as2_core/share/as2_core/environment/path.sh
[1.823s] -- Up-to-date symlink: /root/aerostack2_ws/install/as2_core/share/as2_core/environment/path.dsv
[1.823s] -- Up-to-date symlink: /root/aerostack2_ws/install/as2_core/share/as2_core/local_setup.bash
[1.823s] -- Up-to-date symlink: /root/aerostack2_ws/install/as2_core/share/as2_core/local_setup.sh
[1.823s] -- Up-to-date symlink: /root/aerostack2_ws/install/as2_core/share/as2_core/local_setup.zsh
[1.823s] -- Up-to-date symlink: /root/aerostack2_ws/install/as2_core/share/as2_core/local_setup.dsv
[1.823s] -- Symlinking: /root/aerostack2_ws/install/as2_core/share/as2_core/package.dsv
[1.845s] -- Up-to-date symlink: /root/aerostack2_ws/install/as2_core/share/ament_index/resource_index/packages/as2_core
[1.846s] -- Up-to-date symlink: /root/aerostack2_ws/install/as2_core/share/as2_core/cmake/yaml-cpp-extras.cmake
[1.846s] -- Up-to-date symlink: /root/aerostack2_ws/install/as2_core/share/as2_core/cmake/GeographicLib-extras.cmake
[1.846s] -- Up-to-date symlink: /root/aerostack2_ws/install/as2_core/share/as2_core/cmake/ament_cmake_export_targets-extras.cmake
[1.853s] -- Up-to-date symlink: /root/aerostack2_ws/install/as2_core/share/as2_core/cmake/ament_cmake_export_dependencies-extras.cmake
[1.853s] -- Up-to-date symlink: /root/aerostack2_ws/install/as2_core/share/as2_core/cmake/ament_cmake_export_include_directories-extras.cmake
[1.853s] -- Up-to-date symlink: /root/aerostack2_ws/install/as2_core/share/as2_core/cmake/ament_cmake_export_libraries-extras.cmake
[1.853s] -- Up-to-date symlink: /root/aerostack2_ws/install/as2_core/share/as2_core/cmake/as2_coreConfig.cmake
[1.853s] -- Up-to-date symlink: /root/aerostack2_ws/install/as2_core/share/as2_core/cmake/as2_coreConfig-version.cmake
[1.853s] -- Up-to-date symlink: /root/aerostack2_ws/install/as2_core/share/as2_core/package.xml
[1.937s] Listing '/root/aerostack2_ws/install/as2_core/local/lib/python3.10/dist-packages/as2_core'...
[1.944s] -- Up-to-date: /root/aerostack2_ws/install/as2_core/include/as2_core/mocks/
[1.946s] -- Up-to-date: /root/aerostack2_ws/install/as2_core/include/as2_core/mocks//executor_thread_util
[1.947s] -- Up-to-date: /root/aerostack2_ws/install/as2_core/include/as2_core/mocks//executor_thread_util/executor_thread_util.hpp
[1.948s] -- Up-to-date: /root/aerostack2_ws/install/as2_core/include/as2_core/mocks//aerial_platform
[1.948s] -- Up-to-date: /root/aerostack2_ws/install/as2_core/include/as2_core/mocks//aerial_platform/mock_aerial_platform.hpp
[1.949s] -- Up-to-date: /root/aerostack2_ws/install/as2_core/lib/libas2_core.a
[1.951s] -- Up-to-date: /root/aerostack2_ws/install/as2_core/lib/libmocks.so
[1.952s] -- Up-to-date: /root/aerostack2_ws/install/as2_core/share/as2_core/cmake/export_as2_coreExport.cmake
[1.953s] -- Up-to-date: /root/aerostack2_ws/install/as2_core/share/as2_core/cmake/export_as2_coreExport-release.cmake
[1.958s] Invoked command in '/root/aerostack2_ws/build/as2_core' returned '0': CMAKE_PREFIX_PATH=/root/aerostack2_ws/install/as2_msgs:/root/aerostack2_ws/install/aerostack2:/root/aerostack2_ws/install/as2_usb_camera_interface:/root/aerostack2_ws/install/as2_state_estimator:/root/aerostack2_ws/install/as2_rviz_plugins:/root/aerostack2_ws/install/as2_realsense_interface:/root/aerostack2_ws/install/as2_platform_multirotor_simulator:/root/aerostack2_ws/install/as2_platform_gazebo:/root/aerostack2_ws/install/as2_motion_controller:/root/aerostack2_ws/install/as2_behaviors_trajectory_generation:/root/aerostack2_ws/install/as2_behaviors_swarm_flocking:/root/aerostack2_ws/install/as2_behaviors_motion:/root/aerostack2_ws/install/as2_motion_reference_handlers:/root/aerostack2_ws/install/as2_map_server:/root/aerostack2_ws/install/as2_geozones:/root/aerostack2_ws/install/as2_gazebo_assets:/root/aerostack2_ws/install/as2_external_object_to_tf:/root/aerostack2_ws/install/as2_behaviors_platform:/root/aerostack2_ws/install/as2_behaviors_perception:/root/aerostack2_ws/install/as2_behaviors_path_planning:/root/aerostack2_ws/install/as2_behavior_tree:/root/aerostack2_ws/install/as2_behavior:/root/aerostack2_ws/install/as2_alphanumeric_viewer:/root/aerostack2_ws/install/as2_core:/root/aerostack2_ws/install/as2_cli:/root/aerostack2_ws/src/aerostack2/install/as2_motion_reference_handlers:/root/aerostack2_ws/src/aerostack2/install/as2_map_server:/root/aerostack2_ws/src/aerostack2/install/as2_geozones:/root/aerostack2_ws/src/aerostack2/install/as2_behavior:/root/aerostack2_ws/src/aerostack2/install/as2_core:/root/aerostack2_ws/src/aerostack2/install/as2_msgs:/root/aerostack2_ws/src/aerostack2/install/as2_cli:/root/aerostack2_ws/install/as2_visualization:/root/aerostack2_ws/install/as2_keyboard_teleoperation:/root/aerostack2_ws/install/as2_python_api:/root/aerostack2_ws/src/aerostack2/install/as2_python_api:/opt/ros/humble LD_LIBRARY_PATH=/root/aerostack2_ws/install/as2_msgs/lib:/root/aerostack2_ws/install/as2_state_estimator/lib:/root/aerostack2_ws/install/as2_python_api/lib:/root/aerostack2_ws/install/as2_motion_controller/lib:/root/aerostack2_ws/install/as2_behaviors_trajectory_generation/lib:/root/aerostack2_ws/install/as2_behaviors_swarm_flocking/lib:/root/aerostack2_ws/install/as2_behaviors_motion/lib:/root/aerostack2_ws/install/as2_motion_reference_handlers/lib:/root/aerostack2_ws/install/as2_map_server/lib:/root/aerostack2_ws/install/as2_gazebo_assets/lib:/root/aerostack2_ws/install/as2_behaviors_perception/lib:/root/aerostack2_ws/install/as2_behaviors_path_planning/lib:/root/aerostack2_ws/install/as2_behavior_tree/lib:/root/aerostack2_ws/install/as2_behavior/lib:/root/aerostack2_ws/install/as2_core/lib:/root/aerostack2_ws/src/aerostack2/install/as2_python_api/lib:/root/aerostack2_ws/src/aerostack2/install/as2_motion_reference_handlers/lib:/root/aerostack2_ws/src/aerostack2/install/as2_map_server/lib:/root/aerostack2_ws/src/aerostack2/install/as2_behavior/lib:/root/aerostack2_ws/src/aerostack2/install/as2_core/lib:/root/aerostack2_ws/src/aerostack2/install/as2_msgs/lib:/opt/ros/humble/opt/rviz_ogre_vendor/lib:/opt/ros/humble/lib/x86_64-linux-gnu:/opt/ros/humble/lib /usr/bin/cmake --install /root/aerostack2_ws/build/as2_core
