[0.008s] Invoking command in '/root/aerostack2_ws/build/as2_cli': CMAKE_PREFIX_PATH=${CMAKE_PREFIX_PATH}:/root/aerostack2_ws/install/as2_visualization:/root/aerostack2_ws/install/as2_keyboard_teleoperation:/root/aerostack2_ws/install/as2_python_api:/root/aerostack2_ws/src/aerostack2/install/as2_python_api:/opt/ros/humble /usr/bin/cmake /root/aerostack2_ws/src/aerostack2/as2_cli -DCMAKE_INSTALL_PREFIX=/root/aerostack2_ws/install/as2_cli
[0.017s] -- Found ament_cmake: 1.3.12 (/opt/ros/humble/share/ament_cmake/cmake)
[0.109s] -- Override CMake install command with custom implementation using symlinks instead of copying resources
[0.160s] -- Configuring done
[0.162s] -- Generating done
[0.163s] -- Build files have been written to: /root/aerostack2_ws/build/as2_cli
[0.164s] Invoked command in '/root/aerostack2_ws/build/as2_cli' returned '0': CMAKE_PREFIX_PATH=${CMAKE_PREFIX_PATH}:/root/aerostack2_ws/install/as2_visualization:/root/aerostack2_ws/install/as2_keyboard_teleoperation:/root/aerostack2_ws/install/as2_python_api:/root/aerostack2_ws/src/aerostack2/install/as2_python_api:/opt/ros/humble /usr/bin/cmake /root/aerostack2_ws/src/aerostack2/as2_cli -DCMAKE_INSTALL_PREFIX=/root/aerostack2_ws/install/as2_cli
[0.166s] Invoking command in '/root/aerostack2_ws/build/as2_cli': CMAKE_PREFIX_PATH=${CMAKE_PREFIX_PATH}:/root/aerostack2_ws/install/as2_visualization:/root/aerostack2_ws/install/as2_keyboard_teleoperation:/root/aerostack2_ws/install/as2_python_api:/root/aerostack2_ws/src/aerostack2/install/as2_python_api:/opt/ros/humble /usr/bin/cmake --build /root/aerostack2_ws/build/as2_cli -- -j8 -l8
[0.196s] Invoked command in '/root/aerostack2_ws/build/as2_cli' returned '0': CMAKE_PREFIX_PATH=${CMAKE_PREFIX_PATH}:/root/aerostack2_ws/install/as2_visualization:/root/aerostack2_ws/install/as2_keyboard_teleoperation:/root/aerostack2_ws/install/as2_python_api:/root/aerostack2_ws/src/aerostack2/install/as2_python_api:/opt/ros/humble /usr/bin/cmake --build /root/aerostack2_ws/build/as2_cli -- -j8 -l8
[0.203s] Invoking command in '/root/aerostack2_ws/build/as2_cli': CMAKE_PREFIX_PATH=${CMAKE_PREFIX_PATH}:/root/aerostack2_ws/install/as2_visualization:/root/aerostack2_ws/install/as2_keyboard_teleoperation:/root/aerostack2_ws/install/as2_python_api:/root/aerostack2_ws/src/aerostack2/install/as2_python_api:/opt/ros/humble /usr/bin/cmake --install /root/aerostack2_ws/build/as2_cli
[0.209s] -- Install configuration: "Release"
[0.209s] -- Execute custom install script
[0.209s] -- Up-to-date symlink: /root/aerostack2_ws/install/as2_cli/share/ament_index/resource_index/package_run_dependencies/as2_cli
[0.209s] -- Up-to-date symlink: /root/aerostack2_ws/install/as2_cli/share/ament_index/resource_index/parent_prefix_path/as2_cli
[0.209s] -- Up-to-date symlink: /root/aerostack2_ws/install/as2_cli/share/as2_cli/environment/ament_prefix_path.sh
[0.210s] -- Up-to-date symlink: /root/aerostack2_ws/install/as2_cli/share/as2_cli/environment/ament_prefix_path.dsv
[0.210s] -- Up-to-date symlink: /root/aerostack2_ws/install/as2_cli/share/as2_cli/environment/path.sh
[0.210s] -- Up-to-date symlink: /root/aerostack2_ws/install/as2_cli/share/as2_cli/environment/path.dsv
[0.210s] -- Up-to-date symlink: /root/aerostack2_ws/install/as2_cli/share/as2_cli/local_setup.bash
[0.210s] -- Up-to-date symlink: /root/aerostack2_ws/install/as2_cli/share/as2_cli/local_setup.sh
[0.210s] -- Up-to-date symlink: /root/aerostack2_ws/install/as2_cli/share/as2_cli/local_setup.zsh
[0.210s] -- Up-to-date symlink: /root/aerostack2_ws/install/as2_cli/share/as2_cli/local_setup.dsv
[0.210s] -- Symlinking: /root/aerostack2_ws/install/as2_cli/share/as2_cli/package.dsv
[0.217s] -- Up-to-date symlink: /root/aerostack2_ws/install/as2_cli/share/ament_index/resource_index/packages/as2_cli
[0.217s] -- Up-to-date symlink: /root/aerostack2_ws/install/as2_cli/share/as2_cli/cmake/as2_cliConfig.cmake
[0.217s] -- Up-to-date symlink: /root/aerostack2_ws/install/as2_cli/share/as2_cli/cmake/as2_cliConfig-version.cmake
[0.217s] -- Up-to-date symlink: /root/aerostack2_ws/install/as2_cli/share/as2_cli/package.xml
[0.219s] Invoked command in '/root/aerostack2_ws/build/as2_cli' returned '0': CMAKE_PREFIX_PATH=${CMAKE_PREFIX_PATH}:/root/aerostack2_ws/install/as2_visualization:/root/aerostack2_ws/install/as2_keyboard_teleoperation:/root/aerostack2_ws/install/as2_python_api:/root/aerostack2_ws/src/aerostack2/install/as2_python_api:/opt/ros/humble /usr/bin/cmake --install /root/aerostack2_ws/build/as2_cli
