-- Found ament_cmake: 1.3.12 (/opt/ros/humble/share/ament_cmake/cmake)
-- Override CMake install command with custom implementation using symlinks instead of copying resources
-- Found rclcpp: 16.0.15 (/opt/ros/humble/share/rclcpp/cmake)
-- Found rosidl_generator_c: 3.1.7 (/opt/ros/humble/share/rosidl_generator_c/cmake)
-- Found rosidl_adapter: 3.1.7 (/opt/ros/humble/share/rosidl_adapter/cmake)
-- Found rosidl_generator_cpp: 3.1.7 (/opt/ros/humble/share/rosidl_generator_cpp/cmake)
-- Using all available rosidl_typesupport_c: rosidl_typesupport_fastrtps_c;rosidl_typesupport_introspection_c
-- Using all available rosidl_typesupport_cpp: rosidl_typesupport_fastrtps_cpp;rosidl_typesupport_introspection_cpp
-- Found rmw_implementation_cmake: 6.1.2 (/opt/ros/humble/share/rmw_implementation_cmake/cmake)
-- Found rmw_fastrtps_cpp: 6.2.9 (/opt/ros/humble/share/rmw_fastrtps_cpp/cmake)
-- Using RMW implementation 'rmw_fastrtps_cpp' as default
-- Found pluginlib: 5.1.2 (/opt/ros/humble/share/pluginlib/cmake)
-- Found as2_core: 1.1.3 (/root/aerostack2_ws/install/as2_core/share/as2_core/cmake)
-- Created yaml-cpp::yaml-cpp alias from yaml-cpp target
-- Created GeographicLib::GeographicLib target from legacy variables
-- Found eigen3_cmake_module: 0.1.1 (/opt/ros/humble/share/eigen3_cmake_module/cmake)
-- Ensuring Eigen3 include directory is part of orocos-kdl CMake target
-- Found mocap4r2_msgs: 0.0.5 (/opt/ros/humble/share/mocap4r2_msgs/cmake)
-- Found ament_cmake_gtest: 1.3.12 (/opt/ros/humble/share/ament_cmake_gtest/cmake)
-- Found gtest sources under '/opt/ros/humble/src/gtest_vendor': C++ tests using 'Google Test' will be built
-- Found mocap4r2_msgs: 0.0.5 (/opt/ros/humble/share/mocap4r2_msgs/cmake)
-- Found ament_cmake_gtest: 1.3.12 (/opt/ros/humble/share/ament_cmake_gtest/cmake)
-- Found gtest sources under '/opt/ros/humble/src/gtest_vendor': C++ tests using 'Google Test' will be built
-- Found ament_lint_auto: 0.12.14 (/opt/ros/humble/share/ament_lint_auto/cmake)
-- Found gtest sources under '/opt/ros/humble/src/gtest_vendor': C++ tests using 'Google Test' will be built
-- Added test 'copyright' to check source files copyright and LICENSE
-- Added test 'cppcheck' to perform static code analysis on C / C++ code
-- Configured cppcheck include dirs: /root/aerostack2_ws/src/aerostack2/as2_state_estimator/include;/root/aerostack2_ws/src/aerostack2/as2_state_estimator/include/as2_state_estimator;$<BUILD_INTERFACE:/root/aerostack2_ws/src/aerostack2/as2_state_estimator/include>
-- Configured cppcheck exclude dirs and/or files: 
-- Added test 'cpplint' to check C / C++ code against the Google style
-- Configured cpplint exclude dirs and/or files: 
-- Added test 'flake8' to check Python code syntax and style conventions
-- Added test 'lint_cmake' to check CMake code style
-- Added test 'pep257' to check Python code against some of the docstring style conventions in PEP 257
-- Added test 'uncrustify' to check C / C++ code style
-- Configured uncrustify additional arguments: 
-- Added test 'xmllint' to check XML markup files
-- Configuring done
-- Generating done
-- Build files have been written to: /root/aerostack2_ws/build/as2_state_estimator
[35m[1mConsolidate compiler generated dependencies of target as2_state_estimator[0m
[35m[1mConsolidate compiler generated dependencies of target gtest_main[0m
[35m[1mConsolidate compiler generated dependencies of target gtest[0m
[  4%] Built target as2_state_estimator_plugin_base
[ 13%] Built target gtest_main
[ 21%] Built target gtest
[ 30%] Built target as2_state_estimator
[35m[1mConsolidate compiler generated dependencies of target ground_truth[0m
[35m[1mConsolidate compiler generated dependencies of target raw_odometry[0m
[35m[1mConsolidate compiler generated dependencies of target as2_state_estimator_node[0m
[35m[1mConsolidate compiler generated dependencies of target as2_state_estimator_as2_state_estimator_gtest[0m
[35m[1mConsolidate compiler generated dependencies of target ground_truth_odometry_fuse[0m
[35m[1mConsolidate compiler generated dependencies of target mocap_pose[0m
[ 39%] Built target ground_truth_odometry_fuse
[ 47%] Built target mocap_pose
[ 56%] Built target ground_truth
[ 65%] Built target raw_odometry
[ 73%] Built target as2_state_estimator_as2_state_estimator_gtest
[35m[1mConsolidate compiler generated dependencies of target as2_state_estimator_mocap_gtest[0m
[35m[1mConsolidate compiler generated dependencies of target as2_state_estimator_ground_truth_odometry_fuse_gtest[0m
[ 82%] Built target as2_state_estimator_node
[ 91%] Built target as2_state_estimator_mocap_gtest
[100%] Built target as2_state_estimator_ground_truth_odometry_fuse_gtest
-- Install configuration: "Release"
-- Execute custom install script
-- Up-to-date symlink: /root/aerostack2_ws/install/as2_state_estimator/lib/as2_state_estimator/as2_state_estimator_node
-- Up-to-date symlink: /root/aerostack2_ws/install/as2_state_estimator/include/as2_state_estimator/as2_state_estimator.hpp
-- Up-to-date symlink: /root/aerostack2_ws/install/as2_state_estimator/include/as2_state_estimator/plugin_base.hpp
-- Up-to-date symlink: /root/aerostack2_ws/install/as2_state_estimator/include/raw_odometry.hpp
-- Up-to-date symlink: /root/aerostack2_ws/install/as2_state_estimator/share/as2_state_estimator/environment/library_path.sh
-- Up-to-date symlink: /root/aerostack2_ws/install/as2_state_estimator/share/as2_state_estimator/environment/library_path.dsv
-- Up-to-date symlink: /root/aerostack2_ws/install/as2_state_estimator/include/ground_truth.hpp
-- Up-to-date symlink: /root/aerostack2_ws/install/as2_state_estimator/share/as2_state_estimator/environment/library_path.sh
-- Up-to-date symlink: /root/aerostack2_ws/install/as2_state_estimator/share/as2_state_estimator/environment/library_path.dsv
-- Up-to-date symlink: /root/aerostack2_ws/install/as2_state_estimator/include/mocap_pose.hpp
-- Up-to-date symlink: /root/aerostack2_ws/install/as2_state_estimator/share/as2_state_estimator/environment/library_path.sh
-- Up-to-date symlink: /root/aerostack2_ws/install/as2_state_estimator/share/as2_state_estimator/environment/library_path.dsv
-- Up-to-date symlink: /root/aerostack2_ws/install/as2_state_estimator/include/ground_truth_odometry_fuse.hpp
-- Up-to-date symlink: /root/aerostack2_ws/install/as2_state_estimator/share/as2_state_estimator/environment/library_path.sh
-- Up-to-date symlink: /root/aerostack2_ws/install/as2_state_estimator/share/as2_state_estimator/environment/library_path.dsv
-- Up-to-date symlink: /root/aerostack2_ws/install/as2_state_estimator/share/as2_state_estimator//plugins.xml
-- Up-to-date symlink: /root/aerostack2_ws/install/as2_state_estimator/share/as2_state_estimator/plugins/raw_odometry/config/plugin_default.yaml
-- Up-to-date symlink: /root/aerostack2_ws/install/as2_state_estimator/share/as2_state_estimator/plugins/ground_truth/config/plugin_default.yaml
-- Up-to-date symlink: /root/aerostack2_ws/install/as2_state_estimator/share/as2_state_estimator/plugins/mocap_pose/config/plugin_default.yaml
-- Up-to-date symlink: /root/aerostack2_ws/install/as2_state_estimator/share/as2_state_estimator/plugins/ground_truth_odometry_fuse/config/plugin_default.yaml
-- Up-to-date symlink: /root/aerostack2_ws/install/as2_state_estimator/share/as2_state_estimator/launch/ground_truth_odometry_fuse_state_estimator.launch.py
-- Up-to-date symlink: /root/aerostack2_ws/install/as2_state_estimator/share/as2_state_estimator/launch/ground_truth_state_estimator.launch.py
-- Up-to-date symlink: /root/aerostack2_ws/install/as2_state_estimator/share/as2_state_estimator/launch/mocap_pose_state_estimator.launch.py
-- Up-to-date symlink: /root/aerostack2_ws/install/as2_state_estimator/share/as2_state_estimator/launch/raw_odometry_state_estimator.launch.py
-- Up-to-date symlink: /root/aerostack2_ws/install/as2_state_estimator/share/as2_state_estimator/launch/state_estimator_launch.py
-- Up-to-date symlink: /root/aerostack2_ws/install/as2_state_estimator/share/as2_state_estimator/config/state_estimator_default.yaml
-- Up-to-date symlink: /root/aerostack2_ws/install/as2_state_estimator/share/ament_index/resource_index/package_run_dependencies/as2_state_estimator
-- Up-to-date symlink: /root/aerostack2_ws/install/as2_state_estimator/share/ament_index/resource_index/parent_prefix_path/as2_state_estimator
-- Up-to-date symlink: /root/aerostack2_ws/install/as2_state_estimator/share/as2_state_estimator/environment/ament_prefix_path.sh
-- Up-to-date symlink: /root/aerostack2_ws/install/as2_state_estimator/share/as2_state_estimator/environment/ament_prefix_path.dsv
-- Up-to-date symlink: /root/aerostack2_ws/install/as2_state_estimator/share/as2_state_estimator/environment/path.sh
-- Up-to-date symlink: /root/aerostack2_ws/install/as2_state_estimator/share/as2_state_estimator/environment/path.dsv
-- Up-to-date symlink: /root/aerostack2_ws/install/as2_state_estimator/share/as2_state_estimator/local_setup.bash
-- Up-to-date symlink: /root/aerostack2_ws/install/as2_state_estimator/share/as2_state_estimator/local_setup.sh
-- Up-to-date symlink: /root/aerostack2_ws/install/as2_state_estimator/share/as2_state_estimator/local_setup.zsh
-- Up-to-date symlink: /root/aerostack2_ws/install/as2_state_estimator/share/as2_state_estimator/local_setup.dsv
-- Symlinking: /root/aerostack2_ws/install/as2_state_estimator/share/as2_state_estimator/package.dsv
-- Up-to-date symlink: /root/aerostack2_ws/install/as2_state_estimator/share/ament_index/resource_index/packages/as2_state_estimator
-- Up-to-date symlink: /root/aerostack2_ws/install/as2_state_estimator/share/ament_index/resource_index/as2_state_estimator__pluginlib__plugin/as2_state_estimator
-- Up-to-date symlink: /root/aerostack2_ws/install/as2_state_estimator/share/as2_state_estimator/cmake/as2_state_estimatorConfig.cmake
-- Up-to-date symlink: /root/aerostack2_ws/install/as2_state_estimator/share/as2_state_estimator/cmake/as2_state_estimatorConfig-version.cmake
-- Up-to-date symlink: /root/aerostack2_ws/install/as2_state_estimator/share/as2_state_estimator/package.xml
-- Up-to-date: /root/aerostack2_ws/install/as2_state_estimator/lib/libas2_state_estimator.so
-- Up-to-date: /root/aerostack2_ws/install/as2_state_estimator/lib/libas2_state_estimator_plugin_base.so
-- Up-to-date: /root/aerostack2_ws/install/as2_state_estimator/lib/libraw_odometry.so
-- Up-to-date: /root/aerostack2_ws/install/as2_state_estimator/lib/libground_truth.so
-- Up-to-date: /root/aerostack2_ws/install/as2_state_estimator/lib/libmocap_pose.so
-- Up-to-date: /root/aerostack2_ws/install/as2_state_estimator/lib/libground_truth_odometry_fuse.so
