[0.108s] Invoking command in '/root/aerostack2_ws/build/as2_state_estimator': CMAKE_PREFIX_PATH=/root/aerostack2_ws/install/as2_core:/root/aerostack2_ws/install/as2_msgs:/root/aerostack2_ws/install/aerostack2:/root/aerostack2_ws/install/as2_usb_camera_interface:/root/aerostack2_ws/install/as2_state_estimator:/root/aerostack2_ws/install/as2_rviz_plugins:/root/aerostack2_ws/install/as2_realsense_interface:/root/aerostack2_ws/install/as2_platform_multirotor_simulator:/root/aerostack2_ws/install/as2_platform_gazebo:/root/aerostack2_ws/install/as2_motion_controller:/root/aerostack2_ws/install/as2_behaviors_trajectory_generation:/root/aerostack2_ws/install/as2_behaviors_swarm_flocking:/root/aerostack2_ws/install/as2_behaviors_motion:/root/aerostack2_ws/install/as2_motion_reference_handlers:/root/aerostack2_ws/install/as2_map_server:/root/aerostack2_ws/install/as2_geozones:/root/aerostack2_ws/install/as2_gazebo_assets:/root/aerostack2_ws/install/as2_external_object_to_tf:/root/aerostack2_ws/install/as2_behaviors_platform:/root/aerostack2_ws/install/as2_behaviors_perception:/root/aerostack2_ws/install/as2_behaviors_path_planning:/root/aerostack2_ws/install/as2_behavior_tree:/root/aerostack2_ws/install/as2_behavior:/root/aerostack2_ws/install/as2_alphanumeric_viewer:/root/aerostack2_ws/install/as2_cli:/root/aerostack2_ws/src/aerostack2/install/as2_motion_reference_handlers:/root/aerostack2_ws/src/aerostack2/install/as2_map_server:/root/aerostack2_ws/src/aerostack2/install/as2_geozones:/root/aerostack2_ws/src/aerostack2/install/as2_behavior:/root/aerostack2_ws/src/aerostack2/install/as2_core:/root/aerostack2_ws/src/aerostack2/install/as2_msgs:/root/aerostack2_ws/src/aerostack2/install/as2_cli:/root/aerostack2_ws/install/as2_visualization:/root/aerostack2_ws/install/as2_keyboard_teleoperation:/root/aerostack2_ws/install/as2_python_api:/root/aerostack2_ws/src/aerostack2/install/as2_python_api:/opt/ros/humble LD_LIBRARY_PATH=/root/aerostack2_ws/install/as2_core/lib:/root/aerostack2_ws/install/as2_msgs/lib:/root/aerostack2_ws/install/as2_state_estimator/lib:/root/aerostack2_ws/install/as2_python_api/lib:/root/aerostack2_ws/install/as2_motion_controller/lib:/root/aerostack2_ws/install/as2_behaviors_trajectory_generation/lib:/root/aerostack2_ws/install/as2_behaviors_swarm_flocking/lib:/root/aerostack2_ws/install/as2_behaviors_motion/lib:/root/aerostack2_ws/install/as2_motion_reference_handlers/lib:/root/aerostack2_ws/install/as2_map_server/lib:/root/aerostack2_ws/install/as2_gazebo_assets/lib:/root/aerostack2_ws/install/as2_behaviors_perception/lib:/root/aerostack2_ws/install/as2_behaviors_path_planning/lib:/root/aerostack2_ws/install/as2_behavior_tree/lib:/root/aerostack2_ws/install/as2_behavior/lib:/root/aerostack2_ws/src/aerostack2/install/as2_python_api/lib:/root/aerostack2_ws/src/aerostack2/install/as2_motion_reference_handlers/lib:/root/aerostack2_ws/src/aerostack2/install/as2_map_server/lib:/root/aerostack2_ws/src/aerostack2/install/as2_behavior/lib:/root/aerostack2_ws/src/aerostack2/install/as2_core/lib:/root/aerostack2_ws/src/aerostack2/install/as2_msgs/lib:/opt/ros/humble/opt/rviz_ogre_vendor/lib:/opt/ros/humble/lib/x86_64-linux-gnu:/opt/ros/humble/lib /usr/bin/cmake /root/aerostack2_ws/src/aerostack2/as2_state_estimator -DCMAKE_INSTALL_PREFIX=/root/aerostack2_ws/install/as2_state_estimator
[0.123s] -- Found ament_cmake: 1.3.12 (/opt/ros/humble/share/ament_cmake/cmake)
[0.318s] -- Override CMake install command with custom implementation using symlinks instead of copying resources
[0.332s] -- Found rclcpp: 16.0.15 (/opt/ros/humble/share/rclcpp/cmake)
[0.394s] -- Found rosidl_generator_c: 3.1.7 (/opt/ros/humble/share/rosidl_generator_c/cmake)
[0.406s] -- Found rosidl_adapter: 3.1.7 (/opt/ros/humble/share/rosidl_adapter/cmake)
[0.418s] -- Found rosidl_generator_cpp: 3.1.7 (/opt/ros/humble/share/rosidl_generator_cpp/cmake)
[0.442s] -- Using all available rosidl_typesupport_c: rosidl_typesupport_fastrtps_c;rosidl_typesupport_introspection_c
[0.461s] -- Using all available rosidl_typesupport_cpp: rosidl_typesupport_fastrtps_cpp;rosidl_typesupport_introspection_cpp
[0.507s] -- Found rmw_implementation_cmake: 6.1.2 (/opt/ros/humble/share/rmw_implementation_cmake/cmake)
[0.511s] -- Found rmw_fastrtps_cpp: 6.2.9 (/opt/ros/humble/share/rmw_fastrtps_cpp/cmake)
[0.729s] -- Using RMW implementation 'rmw_fastrtps_cpp' as default
[0.805s] -- Found pluginlib: 5.1.2 (/opt/ros/humble/share/pluginlib/cmake)
[0.840s] -- Found as2_core: 1.1.3 (/root/aerostack2_ws/install/as2_core/share/as2_core/cmake)
[0.841s] -- Created yaml-cpp::yaml-cpp alias from yaml-cpp target
[0.844s] -- Created GeographicLib::GeographicLib target from legacy variables
[1.031s] -- Found eigen3_cmake_module: 0.1.1 (/opt/ros/humble/share/eigen3_cmake_module/cmake)
[1.032s] -- Ensuring Eigen3 include directory is part of orocos-kdl CMake target
[1.234s] -- Found mocap4r2_msgs: 0.0.5 (/opt/ros/humble/share/mocap4r2_msgs/cmake)
[1.288s] -- Found ament_cmake_gtest: 1.3.12 (/opt/ros/humble/share/ament_cmake_gtest/cmake)
[1.288s] -- Found gtest sources under '/opt/ros/humble/src/gtest_vendor': C++ tests using 'Google Test' will be built
[1.305s] -- Found mocap4r2_msgs: 0.0.5 (/opt/ros/humble/share/mocap4r2_msgs/cmake)
[2.254s] -- Found ament_cmake_gtest: 1.3.12 (/opt/ros/humble/share/ament_cmake_gtest/cmake)
[2.264s] -- Found gtest sources under '/opt/ros/humble/src/gtest_vendor': C++ tests using 'Google Test' will be built
[2.523s] -- Found ament_lint_auto: 0.12.14 (/opt/ros/humble/share/ament_lint_auto/cmake)
[2.637s] -- Found gtest sources under '/opt/ros/humble/src/gtest_vendor': C++ tests using 'Google Test' will be built
[2.655s] -- Added test 'copyright' to check source files copyright and LICENSE
[2.655s] -- Added test 'cppcheck' to perform static code analysis on C / C++ code
[2.656s] -- Configured cppcheck include dirs: /root/aerostack2_ws/src/aerostack2/as2_state_estimator/include;/root/aerostack2_ws/src/aerostack2/as2_state_estimator/include/as2_state_estimator;$<BUILD_INTERFACE:/root/aerostack2_ws/src/aerostack2/as2_state_estimator/include>
[2.656s] -- Configured cppcheck exclude dirs and/or files: 
[2.675s] -- Added test 'cpplint' to check C / C++ code against the Google style
[2.675s] -- Configured cpplint exclude dirs and/or files: 
[2.675s] -- Added test 'flake8' to check Python code syntax and style conventions
[2.675s] -- Added test 'lint_cmake' to check CMake code style
[2.675s] -- Added test 'pep257' to check Python code against some of the docstring style conventions in PEP 257
[2.686s] -- Added test 'uncrustify' to check C / C++ code style
[2.686s] -- Configured uncrustify additional arguments: 
[2.693s] -- Added test 'xmllint' to check XML markup files
[2.693s] -- Configuring done
[2.911s] -- Generating done
[2.942s] -- Build files have been written to: /root/aerostack2_ws/build/as2_state_estimator
[3.074s] Invoked command in '/root/aerostack2_ws/build/as2_state_estimator' returned '0': CMAKE_PREFIX_PATH=/root/aerostack2_ws/install/as2_core:/root/aerostack2_ws/install/as2_msgs:/root/aerostack2_ws/install/aerostack2:/root/aerostack2_ws/install/as2_usb_camera_interface:/root/aerostack2_ws/install/as2_state_estimator:/root/aerostack2_ws/install/as2_rviz_plugins:/root/aerostack2_ws/install/as2_realsense_interface:/root/aerostack2_ws/install/as2_platform_multirotor_simulator:/root/aerostack2_ws/install/as2_platform_gazebo:/root/aerostack2_ws/install/as2_motion_controller:/root/aerostack2_ws/install/as2_behaviors_trajectory_generation:/root/aerostack2_ws/install/as2_behaviors_swarm_flocking:/root/aerostack2_ws/install/as2_behaviors_motion:/root/aerostack2_ws/install/as2_motion_reference_handlers:/root/aerostack2_ws/install/as2_map_server:/root/aerostack2_ws/install/as2_geozones:/root/aerostack2_ws/install/as2_gazebo_assets:/root/aerostack2_ws/install/as2_external_object_to_tf:/root/aerostack2_ws/install/as2_behaviors_platform:/root/aerostack2_ws/install/as2_behaviors_perception:/root/aerostack2_ws/install/as2_behaviors_path_planning:/root/aerostack2_ws/install/as2_behavior_tree:/root/aerostack2_ws/install/as2_behavior:/root/aerostack2_ws/install/as2_alphanumeric_viewer:/root/aerostack2_ws/install/as2_cli:/root/aerostack2_ws/src/aerostack2/install/as2_motion_reference_handlers:/root/aerostack2_ws/src/aerostack2/install/as2_map_server:/root/aerostack2_ws/src/aerostack2/install/as2_geozones:/root/aerostack2_ws/src/aerostack2/install/as2_behavior:/root/aerostack2_ws/src/aerostack2/install/as2_core:/root/aerostack2_ws/src/aerostack2/install/as2_msgs:/root/aerostack2_ws/src/aerostack2/install/as2_cli:/root/aerostack2_ws/install/as2_visualization:/root/aerostack2_ws/install/as2_keyboard_teleoperation:/root/aerostack2_ws/install/as2_python_api:/root/aerostack2_ws/src/aerostack2/install/as2_python_api:/opt/ros/humble LD_LIBRARY_PATH=/root/aerostack2_ws/install/as2_core/lib:/root/aerostack2_ws/install/as2_msgs/lib:/root/aerostack2_ws/install/as2_state_estimator/lib:/root/aerostack2_ws/install/as2_python_api/lib:/root/aerostack2_ws/install/as2_motion_controller/lib:/root/aerostack2_ws/install/as2_behaviors_trajectory_generation/lib:/root/aerostack2_ws/install/as2_behaviors_swarm_flocking/lib:/root/aerostack2_ws/install/as2_behaviors_motion/lib:/root/aerostack2_ws/install/as2_motion_reference_handlers/lib:/root/aerostack2_ws/install/as2_map_server/lib:/root/aerostack2_ws/install/as2_gazebo_assets/lib:/root/aerostack2_ws/install/as2_behaviors_perception/lib:/root/aerostack2_ws/install/as2_behaviors_path_planning/lib:/root/aerostack2_ws/install/as2_behavior_tree/lib:/root/aerostack2_ws/install/as2_behavior/lib:/root/aerostack2_ws/src/aerostack2/install/as2_python_api/lib:/root/aerostack2_ws/src/aerostack2/install/as2_motion_reference_handlers/lib:/root/aerostack2_ws/src/aerostack2/install/as2_map_server/lib:/root/aerostack2_ws/src/aerostack2/install/as2_behavior/lib:/root/aerostack2_ws/src/aerostack2/install/as2_core/lib:/root/aerostack2_ws/src/aerostack2/install/as2_msgs/lib:/opt/ros/humble/opt/rviz_ogre_vendor/lib:/opt/ros/humble/lib/x86_64-linux-gnu:/opt/ros/humble/lib /usr/bin/cmake /root/aerostack2_ws/src/aerostack2/as2_state_estimator -DCMAKE_INSTALL_PREFIX=/root/aerostack2_ws/install/as2_state_estimator
[3.074s] Invoking command in '/root/aerostack2_ws/build/as2_state_estimator': CMAKE_PREFIX_PATH=/root/aerostack2_ws/install/as2_core:/root/aerostack2_ws/install/as2_msgs:/root/aerostack2_ws/install/aerostack2:/root/aerostack2_ws/install/as2_usb_camera_interface:/root/aerostack2_ws/install/as2_state_estimator:/root/aerostack2_ws/install/as2_rviz_plugins:/root/aerostack2_ws/install/as2_realsense_interface:/root/aerostack2_ws/install/as2_platform_multirotor_simulator:/root/aerostack2_ws/install/as2_platform_gazebo:/root/aerostack2_ws/install/as2_motion_controller:/root/aerostack2_ws/install/as2_behaviors_trajectory_generation:/root/aerostack2_ws/install/as2_behaviors_swarm_flocking:/root/aerostack2_ws/install/as2_behaviors_motion:/root/aerostack2_ws/install/as2_motion_reference_handlers:/root/aerostack2_ws/install/as2_map_server:/root/aerostack2_ws/install/as2_geozones:/root/aerostack2_ws/install/as2_gazebo_assets:/root/aerostack2_ws/install/as2_external_object_to_tf:/root/aerostack2_ws/install/as2_behaviors_platform:/root/aerostack2_ws/install/as2_behaviors_perception:/root/aerostack2_ws/install/as2_behaviors_path_planning:/root/aerostack2_ws/install/as2_behavior_tree:/root/aerostack2_ws/install/as2_behavior:/root/aerostack2_ws/install/as2_alphanumeric_viewer:/root/aerostack2_ws/install/as2_cli:/root/aerostack2_ws/src/aerostack2/install/as2_motion_reference_handlers:/root/aerostack2_ws/src/aerostack2/install/as2_map_server:/root/aerostack2_ws/src/aerostack2/install/as2_geozones:/root/aerostack2_ws/src/aerostack2/install/as2_behavior:/root/aerostack2_ws/src/aerostack2/install/as2_core:/root/aerostack2_ws/src/aerostack2/install/as2_msgs:/root/aerostack2_ws/src/aerostack2/install/as2_cli:/root/aerostack2_ws/install/as2_visualization:/root/aerostack2_ws/install/as2_keyboard_teleoperation:/root/aerostack2_ws/install/as2_python_api:/root/aerostack2_ws/src/aerostack2/install/as2_python_api:/opt/ros/humble LD_LIBRARY_PATH=/root/aerostack2_ws/install/as2_core/lib:/root/aerostack2_ws/install/as2_msgs/lib:/root/aerostack2_ws/install/as2_state_estimator/lib:/root/aerostack2_ws/install/as2_python_api/lib:/root/aerostack2_ws/install/as2_motion_controller/lib:/root/aerostack2_ws/install/as2_behaviors_trajectory_generation/lib:/root/aerostack2_ws/install/as2_behaviors_swarm_flocking/lib:/root/aerostack2_ws/install/as2_behaviors_motion/lib:/root/aerostack2_ws/install/as2_motion_reference_handlers/lib:/root/aerostack2_ws/install/as2_map_server/lib:/root/aerostack2_ws/install/as2_gazebo_assets/lib:/root/aerostack2_ws/install/as2_behaviors_perception/lib:/root/aerostack2_ws/install/as2_behaviors_path_planning/lib:/root/aerostack2_ws/install/as2_behavior_tree/lib:/root/aerostack2_ws/install/as2_behavior/lib:/root/aerostack2_ws/src/aerostack2/install/as2_python_api/lib:/root/aerostack2_ws/src/aerostack2/install/as2_motion_reference_handlers/lib:/root/aerostack2_ws/src/aerostack2/install/as2_map_server/lib:/root/aerostack2_ws/src/aerostack2/install/as2_behavior/lib:/root/aerostack2_ws/src/aerostack2/install/as2_core/lib:/root/aerostack2_ws/src/aerostack2/install/as2_msgs/lib:/opt/ros/humble/opt/rviz_ogre_vendor/lib:/opt/ros/humble/lib/x86_64-linux-gnu:/opt/ros/humble/lib /usr/bin/cmake --build /root/aerostack2_ws/build/as2_state_estimator -- -j8 -l8
[3.154s] [35m[1mConsolidate compiler generated dependencies of target as2_state_estimator[0m
[3.155s] [35m[1mConsolidate compiler generated dependencies of target gtest_main[0m
[3.167s] [35m[1mConsolidate compiler generated dependencies of target gtest[0m
[3.174s] [  4%] Built target as2_state_estimator_plugin_base
[3.204s] [ 13%] Built target gtest_main
[3.222s] [ 21%] Built target gtest
[3.222s] [ 30%] Built target as2_state_estimator
[3.281s] [35m[1mConsolidate compiler generated dependencies of target ground_truth[0m
[3.286s] [35m[1mConsolidate compiler generated dependencies of target raw_odometry[0m
[3.286s] [35m[1mConsolidate compiler generated dependencies of target as2_state_estimator_node[0m
[3.287s] [35m[1mConsolidate compiler generated dependencies of target as2_state_estimator_as2_state_estimator_gtest[0m
[3.295s] [35m[1mConsolidate compiler generated dependencies of target ground_truth_odometry_fuse[0m
[3.305s] [35m[1mConsolidate compiler generated dependencies of target mocap_pose[0m
[3.372s] [ 39%] Built target ground_truth_odometry_fuse
[3.375s] [ 47%] Built target mocap_pose
[3.382s] [ 56%] Built target ground_truth
[3.386s] [ 65%] Built target raw_odometry
[3.395s] [ 73%] Built target as2_state_estimator_as2_state_estimator_gtest
[3.408s] [35m[1mConsolidate compiler generated dependencies of target as2_state_estimator_mocap_gtest[0m
[3.416s] [35m[1mConsolidate compiler generated dependencies of target as2_state_estimator_ground_truth_odometry_fuse_gtest[0m
[3.418s] [ 82%] Built target as2_state_estimator_node
[3.472s] [ 91%] Built target as2_state_estimator_mocap_gtest
[3.490s] [100%] Built target as2_state_estimator_ground_truth_odometry_fuse_gtest
[3.518s] Invoked command in '/root/aerostack2_ws/build/as2_state_estimator' returned '0': CMAKE_PREFIX_PATH=/root/aerostack2_ws/install/as2_core:/root/aerostack2_ws/install/as2_msgs:/root/aerostack2_ws/install/aerostack2:/root/aerostack2_ws/install/as2_usb_camera_interface:/root/aerostack2_ws/install/as2_state_estimator:/root/aerostack2_ws/install/as2_rviz_plugins:/root/aerostack2_ws/install/as2_realsense_interface:/root/aerostack2_ws/install/as2_platform_multirotor_simulator:/root/aerostack2_ws/install/as2_platform_gazebo:/root/aerostack2_ws/install/as2_motion_controller:/root/aerostack2_ws/install/as2_behaviors_trajectory_generation:/root/aerostack2_ws/install/as2_behaviors_swarm_flocking:/root/aerostack2_ws/install/as2_behaviors_motion:/root/aerostack2_ws/install/as2_motion_reference_handlers:/root/aerostack2_ws/install/as2_map_server:/root/aerostack2_ws/install/as2_geozones:/root/aerostack2_ws/install/as2_gazebo_assets:/root/aerostack2_ws/install/as2_external_object_to_tf:/root/aerostack2_ws/install/as2_behaviors_platform:/root/aerostack2_ws/install/as2_behaviors_perception:/root/aerostack2_ws/install/as2_behaviors_path_planning:/root/aerostack2_ws/install/as2_behavior_tree:/root/aerostack2_ws/install/as2_behavior:/root/aerostack2_ws/install/as2_alphanumeric_viewer:/root/aerostack2_ws/install/as2_cli:/root/aerostack2_ws/src/aerostack2/install/as2_motion_reference_handlers:/root/aerostack2_ws/src/aerostack2/install/as2_map_server:/root/aerostack2_ws/src/aerostack2/install/as2_geozones:/root/aerostack2_ws/src/aerostack2/install/as2_behavior:/root/aerostack2_ws/src/aerostack2/install/as2_core:/root/aerostack2_ws/src/aerostack2/install/as2_msgs:/root/aerostack2_ws/src/aerostack2/install/as2_cli:/root/aerostack2_ws/install/as2_visualization:/root/aerostack2_ws/install/as2_keyboard_teleoperation:/root/aerostack2_ws/install/as2_python_api:/root/aerostack2_ws/src/aerostack2/install/as2_python_api:/opt/ros/humble LD_LIBRARY_PATH=/root/aerostack2_ws/install/as2_core/lib:/root/aerostack2_ws/install/as2_msgs/lib:/root/aerostack2_ws/install/as2_state_estimator/lib:/root/aerostack2_ws/install/as2_python_api/lib:/root/aerostack2_ws/install/as2_motion_controller/lib:/root/aerostack2_ws/install/as2_behaviors_trajectory_generation/lib:/root/aerostack2_ws/install/as2_behaviors_swarm_flocking/lib:/root/aerostack2_ws/install/as2_behaviors_motion/lib:/root/aerostack2_ws/install/as2_motion_reference_handlers/lib:/root/aerostack2_ws/install/as2_map_server/lib:/root/aerostack2_ws/install/as2_gazebo_assets/lib:/root/aerostack2_ws/install/as2_behaviors_perception/lib:/root/aerostack2_ws/install/as2_behaviors_path_planning/lib:/root/aerostack2_ws/install/as2_behavior_tree/lib:/root/aerostack2_ws/install/as2_behavior/lib:/root/aerostack2_ws/src/aerostack2/install/as2_python_api/lib:/root/aerostack2_ws/src/aerostack2/install/as2_motion_reference_handlers/lib:/root/aerostack2_ws/src/aerostack2/install/as2_map_server/lib:/root/aerostack2_ws/src/aerostack2/install/as2_behavior/lib:/root/aerostack2_ws/src/aerostack2/install/as2_core/lib:/root/aerostack2_ws/src/aerostack2/install/as2_msgs/lib:/opt/ros/humble/opt/rviz_ogre_vendor/lib:/opt/ros/humble/lib/x86_64-linux-gnu:/opt/ros/humble/lib /usr/bin/cmake --build /root/aerostack2_ws/build/as2_state_estimator -- -j8 -l8
[3.519s] Invoking command in '/root/aerostack2_ws/build/as2_state_estimator': CMAKE_PREFIX_PATH=/root/aerostack2_ws/install/as2_core:/root/aerostack2_ws/install/as2_msgs:/root/aerostack2_ws/install/aerostack2:/root/aerostack2_ws/install/as2_usb_camera_interface:/root/aerostack2_ws/install/as2_state_estimator:/root/aerostack2_ws/install/as2_rviz_plugins:/root/aerostack2_ws/install/as2_realsense_interface:/root/aerostack2_ws/install/as2_platform_multirotor_simulator:/root/aerostack2_ws/install/as2_platform_gazebo:/root/aerostack2_ws/install/as2_motion_controller:/root/aerostack2_ws/install/as2_behaviors_trajectory_generation:/root/aerostack2_ws/install/as2_behaviors_swarm_flocking:/root/aerostack2_ws/install/as2_behaviors_motion:/root/aerostack2_ws/install/as2_motion_reference_handlers:/root/aerostack2_ws/install/as2_map_server:/root/aerostack2_ws/install/as2_geozones:/root/aerostack2_ws/install/as2_gazebo_assets:/root/aerostack2_ws/install/as2_external_object_to_tf:/root/aerostack2_ws/install/as2_behaviors_platform:/root/aerostack2_ws/install/as2_behaviors_perception:/root/aerostack2_ws/install/as2_behaviors_path_planning:/root/aerostack2_ws/install/as2_behavior_tree:/root/aerostack2_ws/install/as2_behavior:/root/aerostack2_ws/install/as2_alphanumeric_viewer:/root/aerostack2_ws/install/as2_cli:/root/aerostack2_ws/src/aerostack2/install/as2_motion_reference_handlers:/root/aerostack2_ws/src/aerostack2/install/as2_map_server:/root/aerostack2_ws/src/aerostack2/install/as2_geozones:/root/aerostack2_ws/src/aerostack2/install/as2_behavior:/root/aerostack2_ws/src/aerostack2/install/as2_core:/root/aerostack2_ws/src/aerostack2/install/as2_msgs:/root/aerostack2_ws/src/aerostack2/install/as2_cli:/root/aerostack2_ws/install/as2_visualization:/root/aerostack2_ws/install/as2_keyboard_teleoperation:/root/aerostack2_ws/install/as2_python_api:/root/aerostack2_ws/src/aerostack2/install/as2_python_api:/opt/ros/humble LD_LIBRARY_PATH=/root/aerostack2_ws/install/as2_core/lib:/root/aerostack2_ws/install/as2_msgs/lib:/root/aerostack2_ws/install/as2_state_estimator/lib:/root/aerostack2_ws/install/as2_python_api/lib:/root/aerostack2_ws/install/as2_motion_controller/lib:/root/aerostack2_ws/install/as2_behaviors_trajectory_generation/lib:/root/aerostack2_ws/install/as2_behaviors_swarm_flocking/lib:/root/aerostack2_ws/install/as2_behaviors_motion/lib:/root/aerostack2_ws/install/as2_motion_reference_handlers/lib:/root/aerostack2_ws/install/as2_map_server/lib:/root/aerostack2_ws/install/as2_gazebo_assets/lib:/root/aerostack2_ws/install/as2_behaviors_perception/lib:/root/aerostack2_ws/install/as2_behaviors_path_planning/lib:/root/aerostack2_ws/install/as2_behavior_tree/lib:/root/aerostack2_ws/install/as2_behavior/lib:/root/aerostack2_ws/src/aerostack2/install/as2_python_api/lib:/root/aerostack2_ws/src/aerostack2/install/as2_motion_reference_handlers/lib:/root/aerostack2_ws/src/aerostack2/install/as2_map_server/lib:/root/aerostack2_ws/src/aerostack2/install/as2_behavior/lib:/root/aerostack2_ws/src/aerostack2/install/as2_core/lib:/root/aerostack2_ws/src/aerostack2/install/as2_msgs/lib:/opt/ros/humble/opt/rviz_ogre_vendor/lib:/opt/ros/humble/lib/x86_64-linux-gnu:/opt/ros/humble/lib /usr/bin/cmake --install /root/aerostack2_ws/build/as2_state_estimator
[3.576s] -- Install configuration: "Release"
[3.576s] -- Execute custom install script
[3.576s] -- Up-to-date symlink: /root/aerostack2_ws/install/as2_state_estimator/lib/as2_state_estimator/as2_state_estimator_node
[3.576s] -- Up-to-date symlink: /root/aerostack2_ws/install/as2_state_estimator/include/as2_state_estimator/as2_state_estimator.hpp
[3.576s] -- Up-to-date symlink: /root/aerostack2_ws/install/as2_state_estimator/include/as2_state_estimator/plugin_base.hpp
[3.576s] -- Up-to-date symlink: /root/aerostack2_ws/install/as2_state_estimator/include/raw_odometry.hpp
[3.576s] -- Up-to-date symlink: /root/aerostack2_ws/install/as2_state_estimator/share/as2_state_estimator/environment/library_path.sh
[3.577s] -- Up-to-date symlink: /root/aerostack2_ws/install/as2_state_estimator/share/as2_state_estimator/environment/library_path.dsv
[3.577s] -- Up-to-date symlink: /root/aerostack2_ws/install/as2_state_estimator/include/ground_truth.hpp
[3.577s] -- Up-to-date symlink: /root/aerostack2_ws/install/as2_state_estimator/share/as2_state_estimator/environment/library_path.sh
[3.577s] -- Up-to-date symlink: /root/aerostack2_ws/install/as2_state_estimator/share/as2_state_estimator/environment/library_path.dsv
[3.577s] -- Up-to-date symlink: /root/aerostack2_ws/install/as2_state_estimator/include/mocap_pose.hpp
[3.577s] -- Up-to-date symlink: /root/aerostack2_ws/install/as2_state_estimator/share/as2_state_estimator/environment/library_path.sh
[3.577s] -- Up-to-date symlink: /root/aerostack2_ws/install/as2_state_estimator/share/as2_state_estimator/environment/library_path.dsv
[3.577s] -- Up-to-date symlink: /root/aerostack2_ws/install/as2_state_estimator/include/ground_truth_odometry_fuse.hpp
[3.577s] -- Up-to-date symlink: /root/aerostack2_ws/install/as2_state_estimator/share/as2_state_estimator/environment/library_path.sh
[3.577s] -- Up-to-date symlink: /root/aerostack2_ws/install/as2_state_estimator/share/as2_state_estimator/environment/library_path.dsv
[3.577s] -- Up-to-date symlink: /root/aerostack2_ws/install/as2_state_estimator/share/as2_state_estimator//plugins.xml
[3.577s] -- Up-to-date symlink: /root/aerostack2_ws/install/as2_state_estimator/share/as2_state_estimator/plugins/raw_odometry/config/plugin_default.yaml
[3.577s] -- Up-to-date symlink: /root/aerostack2_ws/install/as2_state_estimator/share/as2_state_estimator/plugins/ground_truth/config/plugin_default.yaml
[3.578s] -- Up-to-date symlink: /root/aerostack2_ws/install/as2_state_estimator/share/as2_state_estimator/plugins/mocap_pose/config/plugin_default.yaml
[3.578s] -- Up-to-date symlink: /root/aerostack2_ws/install/as2_state_estimator/share/as2_state_estimator/plugins/ground_truth_odometry_fuse/config/plugin_default.yaml
[3.578s] -- Up-to-date symlink: /root/aerostack2_ws/install/as2_state_estimator/share/as2_state_estimator/launch/ground_truth_odometry_fuse_state_estimator.launch.py
[3.578s] -- Up-to-date symlink: /root/aerostack2_ws/install/as2_state_estimator/share/as2_state_estimator/launch/ground_truth_state_estimator.launch.py
[3.578s] -- Up-to-date symlink: /root/aerostack2_ws/install/as2_state_estimator/share/as2_state_estimator/launch/mocap_pose_state_estimator.launch.py
[3.578s] -- Up-to-date symlink: /root/aerostack2_ws/install/as2_state_estimator/share/as2_state_estimator/launch/raw_odometry_state_estimator.launch.py
[3.578s] -- Up-to-date symlink: /root/aerostack2_ws/install/as2_state_estimator/share/as2_state_estimator/launch/state_estimator_launch.py
[3.578s] -- Up-to-date symlink: /root/aerostack2_ws/install/as2_state_estimator/share/as2_state_estimator/config/state_estimator_default.yaml
[3.578s] -- Up-to-date symlink: /root/aerostack2_ws/install/as2_state_estimator/share/ament_index/resource_index/package_run_dependencies/as2_state_estimator
[3.578s] -- Up-to-date symlink: /root/aerostack2_ws/install/as2_state_estimator/share/ament_index/resource_index/parent_prefix_path/as2_state_estimator
[3.578s] -- Up-to-date symlink: /root/aerostack2_ws/install/as2_state_estimator/share/as2_state_estimator/environment/ament_prefix_path.sh
[3.578s] -- Up-to-date symlink: /root/aerostack2_ws/install/as2_state_estimator/share/as2_state_estimator/environment/ament_prefix_path.dsv
[3.578s] -- Up-to-date symlink: /root/aerostack2_ws/install/as2_state_estimator/share/as2_state_estimator/environment/path.sh
[3.579s] -- Up-to-date symlink: /root/aerostack2_ws/install/as2_state_estimator/share/as2_state_estimator/environment/path.dsv
[3.579s] -- Up-to-date symlink: /root/aerostack2_ws/install/as2_state_estimator/share/as2_state_estimator/local_setup.bash
[3.579s] -- Up-to-date symlink: /root/aerostack2_ws/install/as2_state_estimator/share/as2_state_estimator/local_setup.sh
[3.579s] -- Up-to-date symlink: /root/aerostack2_ws/install/as2_state_estimator/share/as2_state_estimator/local_setup.zsh
[3.579s] -- Up-to-date symlink: /root/aerostack2_ws/install/as2_state_estimator/share/as2_state_estimator/local_setup.dsv
[3.579s] -- Symlinking: /root/aerostack2_ws/install/as2_state_estimator/share/as2_state_estimator/package.dsv
[3.583s] -- Up-to-date symlink: /root/aerostack2_ws/install/as2_state_estimator/share/ament_index/resource_index/packages/as2_state_estimator
[3.584s] -- Up-to-date symlink: /root/aerostack2_ws/install/as2_state_estimator/share/ament_index/resource_index/as2_state_estimator__pluginlib__plugin/as2_state_estimator
[3.584s] -- Up-to-date symlink: /root/aerostack2_ws/install/as2_state_estimator/share/as2_state_estimator/cmake/as2_state_estimatorConfig.cmake
[3.584s] -- Up-to-date symlink: /root/aerostack2_ws/install/as2_state_estimator/share/as2_state_estimator/cmake/as2_state_estimatorConfig-version.cmake
[3.584s] -- Up-to-date symlink: /root/aerostack2_ws/install/as2_state_estimator/share/as2_state_estimator/package.xml
[3.584s] -- Up-to-date: /root/aerostack2_ws/install/as2_state_estimator/lib/libas2_state_estimator.so
[3.585s] -- Up-to-date: /root/aerostack2_ws/install/as2_state_estimator/lib/libas2_state_estimator_plugin_base.so
[3.589s] -- Up-to-date: /root/aerostack2_ws/install/as2_state_estimator/lib/libraw_odometry.so
[3.594s] -- Up-to-date: /root/aerostack2_ws/install/as2_state_estimator/lib/libground_truth.so
[3.595s] -- Up-to-date: /root/aerostack2_ws/install/as2_state_estimator/lib/libmocap_pose.so
[3.604s] -- Up-to-date: /root/aerostack2_ws/install/as2_state_estimator/lib/libground_truth_odometry_fuse.so
[3.628s] Invoked command in '/root/aerostack2_ws/build/as2_state_estimator' returned '0': CMAKE_PREFIX_PATH=/root/aerostack2_ws/install/as2_core:/root/aerostack2_ws/install/as2_msgs:/root/aerostack2_ws/install/aerostack2:/root/aerostack2_ws/install/as2_usb_camera_interface:/root/aerostack2_ws/install/as2_state_estimator:/root/aerostack2_ws/install/as2_rviz_plugins:/root/aerostack2_ws/install/as2_realsense_interface:/root/aerostack2_ws/install/as2_platform_multirotor_simulator:/root/aerostack2_ws/install/as2_platform_gazebo:/root/aerostack2_ws/install/as2_motion_controller:/root/aerostack2_ws/install/as2_behaviors_trajectory_generation:/root/aerostack2_ws/install/as2_behaviors_swarm_flocking:/root/aerostack2_ws/install/as2_behaviors_motion:/root/aerostack2_ws/install/as2_motion_reference_handlers:/root/aerostack2_ws/install/as2_map_server:/root/aerostack2_ws/install/as2_geozones:/root/aerostack2_ws/install/as2_gazebo_assets:/root/aerostack2_ws/install/as2_external_object_to_tf:/root/aerostack2_ws/install/as2_behaviors_platform:/root/aerostack2_ws/install/as2_behaviors_perception:/root/aerostack2_ws/install/as2_behaviors_path_planning:/root/aerostack2_ws/install/as2_behavior_tree:/root/aerostack2_ws/install/as2_behavior:/root/aerostack2_ws/install/as2_alphanumeric_viewer:/root/aerostack2_ws/install/as2_cli:/root/aerostack2_ws/src/aerostack2/install/as2_motion_reference_handlers:/root/aerostack2_ws/src/aerostack2/install/as2_map_server:/root/aerostack2_ws/src/aerostack2/install/as2_geozones:/root/aerostack2_ws/src/aerostack2/install/as2_behavior:/root/aerostack2_ws/src/aerostack2/install/as2_core:/root/aerostack2_ws/src/aerostack2/install/as2_msgs:/root/aerostack2_ws/src/aerostack2/install/as2_cli:/root/aerostack2_ws/install/as2_visualization:/root/aerostack2_ws/install/as2_keyboard_teleoperation:/root/aerostack2_ws/install/as2_python_api:/root/aerostack2_ws/src/aerostack2/install/as2_python_api:/opt/ros/humble LD_LIBRARY_PATH=/root/aerostack2_ws/install/as2_core/lib:/root/aerostack2_ws/install/as2_msgs/lib:/root/aerostack2_ws/install/as2_state_estimator/lib:/root/aerostack2_ws/install/as2_python_api/lib:/root/aerostack2_ws/install/as2_motion_controller/lib:/root/aerostack2_ws/install/as2_behaviors_trajectory_generation/lib:/root/aerostack2_ws/install/as2_behaviors_swarm_flocking/lib:/root/aerostack2_ws/install/as2_behaviors_motion/lib:/root/aerostack2_ws/install/as2_motion_reference_handlers/lib:/root/aerostack2_ws/install/as2_map_server/lib:/root/aerostack2_ws/install/as2_gazebo_assets/lib:/root/aerostack2_ws/install/as2_behaviors_perception/lib:/root/aerostack2_ws/install/as2_behaviors_path_planning/lib:/root/aerostack2_ws/install/as2_behavior_tree/lib:/root/aerostack2_ws/install/as2_behavior/lib:/root/aerostack2_ws/src/aerostack2/install/as2_python_api/lib:/root/aerostack2_ws/src/aerostack2/install/as2_motion_reference_handlers/lib:/root/aerostack2_ws/src/aerostack2/install/as2_map_server/lib:/root/aerostack2_ws/src/aerostack2/install/as2_behavior/lib:/root/aerostack2_ws/src/aerostack2/install/as2_core/lib:/root/aerostack2_ws/src/aerostack2/install/as2_msgs/lib:/opt/ros/humble/opt/rviz_ogre_vendor/lib:/opt/ros/humble/lib/x86_64-linux-gnu:/opt/ros/humble/lib /usr/bin/cmake --install /root/aerostack2_ws/build/as2_state_estimator
