[0.060s] Invoking command in '/root/aerostack2_ws/build/as2_behaviors_path_planning': CMAKE_PREFIX_PATH=/root/aerostack2_ws/install/as2_behavior:/root/aerostack2_ws/install/as2_core:/root/aerostack2_ws/install/as2_msgs:/root/aerostack2_ws/install/aerostack2:/root/aerostack2_ws/install/as2_usb_camera_interface:/root/aerostack2_ws/install/as2_state_estimator:/root/aerostack2_ws/install/as2_rviz_plugins:/root/aerostack2_ws/install/as2_realsense_interface:/root/aerostack2_ws/install/as2_platform_multirotor_simulator:/root/aerostack2_ws/install/as2_platform_gazebo:/root/aerostack2_ws/install/as2_motion_controller:/root/aerostack2_ws/install/as2_behaviors_trajectory_generation:/root/aerostack2_ws/install/as2_behaviors_swarm_flocking:/root/aerostack2_ws/install/as2_behaviors_motion:/root/aerostack2_ws/install/as2_motion_reference_handlers:/root/aerostack2_ws/install/as2_map_server:/root/aerostack2_ws/install/as2_geozones:/root/aerostack2_ws/install/as2_gazebo_assets:/root/aerostack2_ws/install/as2_external_object_to_tf:/root/aerostack2_ws/install/as2_behaviors_platform:/root/aerostack2_ws/install/as2_behaviors_perception:/root/aerostack2_ws/install/as2_behaviors_path_planning:/root/aerostack2_ws/install/as2_behavior_tree:/root/aerostack2_ws/install/as2_alphanumeric_viewer:/root/aerostack2_ws/install/as2_cli:/root/aerostack2_ws/install/as2_visualization:/root/aerostack2_ws/install/as2_keyboard_teleoperation:/root/aerostack2_ws/install/as2_python_api:/opt/ros/humble LD_LIBRARY_PATH=/root/aerostack2_ws/install/as2_behavior/lib:/root/aerostack2_ws/install/as2_core/lib:/root/aerostack2_ws/install/as2_msgs/lib:/root/aerostack2_ws/install/as2_state_estimator/lib:/root/aerostack2_ws/install/as2_python_api/lib:/root/aerostack2_ws/install/as2_motion_controller/lib:/root/aerostack2_ws/install/as2_behaviors_trajectory_generation/lib:/root/aerostack2_ws/install/as2_behaviors_swarm_flocking/lib:/root/aerostack2_ws/install/as2_behaviors_motion/lib:/root/aerostack2_ws/install/as2_motion_reference_handlers/lib:/root/aerostack2_ws/install/as2_map_server/lib:/root/aerostack2_ws/install/as2_gazebo_assets/lib:/root/aerostack2_ws/install/as2_behaviors_perception/lib:/root/aerostack2_ws/install/as2_behaviors_path_planning/lib:/root/aerostack2_ws/install/as2_behavior_tree/lib:/opt/ros/humble/opt/rviz_ogre_vendor/lib:/opt/ros/humble/lib/x86_64-linux-gnu:/opt/ros/humble/lib /usr/bin/cmake /root/aerostack2_ws/src/aerostack2/as2_behaviors/as2_behaviors_path_planning -DCMAKE_BUILD_TYPE=Release -DAMENT_CMAKE_SYMLINK_INSTALL=1 -DCMAKE_INSTALL_PREFIX=/root/aerostack2_ws/install/as2_behaviors_path_planning
[0.431s] -- Found ament_cmake: 1.3.12 (/opt/ros/humble/share/ament_cmake/cmake)
[0.581s] -- Override CMake install command with custom implementation using symlinks instead of copying resources
[0.607s] -- Found ament_cmake_ros: 0.10.0 (/opt/ros/humble/share/ament_cmake_ros/cmake)
[0.614s] -- Found rclcpp: 16.0.15 (/opt/ros/humble/share/rclcpp/cmake)
[0.699s] -- Found rosidl_generator_c: 3.1.7 (/opt/ros/humble/share/rosidl_generator_c/cmake)
[0.709s] -- Found rosidl_adapter: 3.1.7 (/opt/ros/humble/share/rosidl_adapter/cmake)
[0.735s] -- Found rosidl_generator_cpp: 3.1.7 (/opt/ros/humble/share/rosidl_generator_cpp/cmake)
[0.777s] -- Using all available rosidl_typesupport_c: rosidl_typesupport_fastrtps_c;rosidl_typesupport_introspection_c
[0.851s] -- Using all available rosidl_typesupport_cpp: rosidl_typesupport_fastrtps_cpp;rosidl_typesupport_introspection_cpp
[1.057s] -- Found rmw_implementation_cmake: 6.1.2 (/opt/ros/humble/share/rmw_implementation_cmake/cmake)
[1.077s] -- Found rmw_fastrtps_cpp: 6.2.9 (/opt/ros/humble/share/rmw_fastrtps_cpp/cmake)
[1.693s] -- Using RMW implementation 'rmw_fastrtps_cpp' as default
[2.040s] -- Found rclcpp_components: 16.0.15 (/opt/ros/humble/share/rclcpp_components/cmake)
[2.145s] -- Found pluginlib: 5.1.2 (/opt/ros/humble/share/pluginlib/cmake)
[2.258s] -- Found as2_core: 1.1.3 (/root/aerostack2_ws/install/as2_core/share/as2_core/cmake)
[2.258s] -- Created yaml-cpp::yaml-cpp alias from yaml-cpp target
[2.269s] -- Created GeographicLib::GeographicLib target from legacy variables
[2.988s] -- Found eigen3_cmake_module: 0.1.1 (/opt/ros/humble/share/eigen3_cmake_module/cmake)
[2.990s] -- Ensuring Eigen3 include directory is part of orocos-kdl CMake target
[3.228s] -- Found as2_behavior: 1.1.3 (/root/aerostack2_ws/install/as2_behavior/share/as2_behavior/cmake)
[3.244s] -- Found visualization_msgs: 4.9.0 (/opt/ros/humble/share/visualization_msgs/cmake)
[3.636s] -- Found ament_lint_auto: 0.12.14 (/opt/ros/humble/share/ament_lint_auto/cmake)
[3.753s] -- Added test 'copyright' to check source files copyright and LICENSE
[3.761s] -- Added test 'cppcheck' to perform static code analysis on C / C++ code
[3.763s] -- Configured cppcheck include dirs: /root/aerostack2_ws/src/aerostack2/as2_behaviors/as2_behaviors_path_planning/include;/root/aerostack2_ws/src/aerostack2/as2_behaviors/as2_behaviors_path_planning/include/as2_behaviors_path_planning;/root/aerostack2_ws/src/aerostack2/as2_behaviors/as2_behaviors_path_planning/common/include;$<BUILD_INTERFACE:/root/aerostack2_ws/src/aerostack2/as2_behaviors/as2_behaviors_path_planning/include>
[3.763s] -- Configured cppcheck exclude dirs and/or files: /root/aerostack2_ws/src/aerostack2/as2_behaviors/as2_behaviors_path_planning/./plugins/voronoi/thirdparty/dynamicvoronoi/README.md;/root/aerostack2_ws/src/aerostack2/as2_behaviors/as2_behaviors_path_planning/./plugins/voronoi/thirdparty/dynamicvoronoi/bucketedqueue.h;/root/aerostack2_ws/src/aerostack2/as2_behaviors/as2_behaviors_path_planning/./plugins/voronoi/thirdparty/dynamicvoronoi/bucketedqueue.hxx;/root/aerostack2_ws/src/aerostack2/as2_behaviors/as2_behaviors_path_planning/./plugins/voronoi/thirdparty/dynamicvoronoi/dynamicvoronoi.cpp;/root/aerostack2_ws/src/aerostack2/as2_behaviors/as2_behaviors_path_planning/./plugins/voronoi/thirdparty/dynamicvoronoi/dynamicvoronoi.h;/root/aerostack2_ws/src/aerostack2/as2_behaviors/as2_behaviors_path_planning/./plugins/voronoi/thirdparty/dynamicvoronoi/point.h
[3.773s] -- Added test 'cpplint' to check C / C++ code against the Google style
[3.773s] -- Configured cpplint exclude dirs and/or files: /root/aerostack2_ws/src/aerostack2/as2_behaviors/as2_behaviors_path_planning/./plugins/voronoi/thirdparty/dynamicvoronoi/README.md;/root/aerostack2_ws/src/aerostack2/as2_behaviors/as2_behaviors_path_planning/./plugins/voronoi/thirdparty/dynamicvoronoi/bucketedqueue.h;/root/aerostack2_ws/src/aerostack2/as2_behaviors/as2_behaviors_path_planning/./plugins/voronoi/thirdparty/dynamicvoronoi/bucketedqueue.hxx;/root/aerostack2_ws/src/aerostack2/as2_behaviors/as2_behaviors_path_planning/./plugins/voronoi/thirdparty/dynamicvoronoi/dynamicvoronoi.cpp;/root/aerostack2_ws/src/aerostack2/as2_behaviors/as2_behaviors_path_planning/./plugins/voronoi/thirdparty/dynamicvoronoi/dynamicvoronoi.h;/root/aerostack2_ws/src/aerostack2/as2_behaviors/as2_behaviors_path_planning/./plugins/voronoi/thirdparty/dynamicvoronoi/point.h
[3.773s] -- Added test 'flake8' to check Python code syntax and style conventions
[3.774s] -- Added test 'lint_cmake' to check CMake code style
[3.774s] -- Added test 'pep257' to check Python code against some of the docstring style conventions in PEP 257
[3.778s] -- Added test 'uncrustify' to check C / C++ code style
[3.778s] -- Configured uncrustify additional arguments: 
[3.779s] -- Added test 'xmllint' to check XML markup files
[3.781s] -- Configuring done
[3.877s] -- Generating done
[3.906s] -- Build files have been written to: /root/aerostack2_ws/build/as2_behaviors_path_planning
[3.926s] Invoked command in '/root/aerostack2_ws/build/as2_behaviors_path_planning' returned '0': CMAKE_PREFIX_PATH=/root/aerostack2_ws/install/as2_behavior:/root/aerostack2_ws/install/as2_core:/root/aerostack2_ws/install/as2_msgs:/root/aerostack2_ws/install/aerostack2:/root/aerostack2_ws/install/as2_usb_camera_interface:/root/aerostack2_ws/install/as2_state_estimator:/root/aerostack2_ws/install/as2_rviz_plugins:/root/aerostack2_ws/install/as2_realsense_interface:/root/aerostack2_ws/install/as2_platform_multirotor_simulator:/root/aerostack2_ws/install/as2_platform_gazebo:/root/aerostack2_ws/install/as2_motion_controller:/root/aerostack2_ws/install/as2_behaviors_trajectory_generation:/root/aerostack2_ws/install/as2_behaviors_swarm_flocking:/root/aerostack2_ws/install/as2_behaviors_motion:/root/aerostack2_ws/install/as2_motion_reference_handlers:/root/aerostack2_ws/install/as2_map_server:/root/aerostack2_ws/install/as2_geozones:/root/aerostack2_ws/install/as2_gazebo_assets:/root/aerostack2_ws/install/as2_external_object_to_tf:/root/aerostack2_ws/install/as2_behaviors_platform:/root/aerostack2_ws/install/as2_behaviors_perception:/root/aerostack2_ws/install/as2_behaviors_path_planning:/root/aerostack2_ws/install/as2_behavior_tree:/root/aerostack2_ws/install/as2_alphanumeric_viewer:/root/aerostack2_ws/install/as2_cli:/root/aerostack2_ws/install/as2_visualization:/root/aerostack2_ws/install/as2_keyboard_teleoperation:/root/aerostack2_ws/install/as2_python_api:/opt/ros/humble LD_LIBRARY_PATH=/root/aerostack2_ws/install/as2_behavior/lib:/root/aerostack2_ws/install/as2_core/lib:/root/aerostack2_ws/install/as2_msgs/lib:/root/aerostack2_ws/install/as2_state_estimator/lib:/root/aerostack2_ws/install/as2_python_api/lib:/root/aerostack2_ws/install/as2_motion_controller/lib:/root/aerostack2_ws/install/as2_behaviors_trajectory_generation/lib:/root/aerostack2_ws/install/as2_behaviors_swarm_flocking/lib:/root/aerostack2_ws/install/as2_behaviors_motion/lib:/root/aerostack2_ws/install/as2_motion_reference_handlers/lib:/root/aerostack2_ws/install/as2_map_server/lib:/root/aerostack2_ws/install/as2_gazebo_assets/lib:/root/aerostack2_ws/install/as2_behaviors_perception/lib:/root/aerostack2_ws/install/as2_behaviors_path_planning/lib:/root/aerostack2_ws/install/as2_behavior_tree/lib:/opt/ros/humble/opt/rviz_ogre_vendor/lib:/opt/ros/humble/lib/x86_64-linux-gnu:/opt/ros/humble/lib /usr/bin/cmake /root/aerostack2_ws/src/aerostack2/as2_behaviors/as2_behaviors_path_planning -DCMAKE_BUILD_TYPE=Release -DAMENT_CMAKE_SYMLINK_INSTALL=1 -DCMAKE_INSTALL_PREFIX=/root/aerostack2_ws/install/as2_behaviors_path_planning
[3.928s] Invoking command in '/root/aerostack2_ws/build/as2_behaviors_path_planning': CMAKE_PREFIX_PATH=/root/aerostack2_ws/install/as2_behavior:/root/aerostack2_ws/install/as2_core:/root/aerostack2_ws/install/as2_msgs:/root/aerostack2_ws/install/aerostack2:/root/aerostack2_ws/install/as2_usb_camera_interface:/root/aerostack2_ws/install/as2_state_estimator:/root/aerostack2_ws/install/as2_rviz_plugins:/root/aerostack2_ws/install/as2_realsense_interface:/root/aerostack2_ws/install/as2_platform_multirotor_simulator:/root/aerostack2_ws/install/as2_platform_gazebo:/root/aerostack2_ws/install/as2_motion_controller:/root/aerostack2_ws/install/as2_behaviors_trajectory_generation:/root/aerostack2_ws/install/as2_behaviors_swarm_flocking:/root/aerostack2_ws/install/as2_behaviors_motion:/root/aerostack2_ws/install/as2_motion_reference_handlers:/root/aerostack2_ws/install/as2_map_server:/root/aerostack2_ws/install/as2_geozones:/root/aerostack2_ws/install/as2_gazebo_assets:/root/aerostack2_ws/install/as2_external_object_to_tf:/root/aerostack2_ws/install/as2_behaviors_platform:/root/aerostack2_ws/install/as2_behaviors_perception:/root/aerostack2_ws/install/as2_behaviors_path_planning:/root/aerostack2_ws/install/as2_behavior_tree:/root/aerostack2_ws/install/as2_alphanumeric_viewer:/root/aerostack2_ws/install/as2_cli:/root/aerostack2_ws/install/as2_visualization:/root/aerostack2_ws/install/as2_keyboard_teleoperation:/root/aerostack2_ws/install/as2_python_api:/opt/ros/humble LD_LIBRARY_PATH=/root/aerostack2_ws/install/as2_behavior/lib:/root/aerostack2_ws/install/as2_core/lib:/root/aerostack2_ws/install/as2_msgs/lib:/root/aerostack2_ws/install/as2_state_estimator/lib:/root/aerostack2_ws/install/as2_python_api/lib:/root/aerostack2_ws/install/as2_motion_controller/lib:/root/aerostack2_ws/install/as2_behaviors_trajectory_generation/lib:/root/aerostack2_ws/install/as2_behaviors_swarm_flocking/lib:/root/aerostack2_ws/install/as2_behaviors_motion/lib:/root/aerostack2_ws/install/as2_motion_reference_handlers/lib:/root/aerostack2_ws/install/as2_map_server/lib:/root/aerostack2_ws/install/as2_gazebo_assets/lib:/root/aerostack2_ws/install/as2_behaviors_perception/lib:/root/aerostack2_ws/install/as2_behaviors_path_planning/lib:/root/aerostack2_ws/install/as2_behavior_tree/lib:/opt/ros/humble/opt/rviz_ogre_vendor/lib:/opt/ros/humble/lib/x86_64-linux-gnu:/opt/ros/humble/lib /usr/bin/cmake --build /root/aerostack2_ws/build/as2_behaviors_path_planning -- -j8 -l8
[4.076s] [35m[1mConsolidate compiler generated dependencies of target path_planner_component[0m
[4.095s] [  7%] [32m[1mLinking CXX shared library libas2_behaviors_path_planning_plugin_base.so[0m
[4.112s] [ 14%] [32m[1mLinking CXX shared library libpath_planner_common.so[0m
[4.173s] [ 21%] [32m[1mLinking CXX shared library libpath_planner_component.so[0m
[4.357s] [ 21%] Built target path_planner_common
[4.385s] [ 21%] Built target as2_behaviors_path_planning_plugin_base
[4.440s] [35m[1mConsolidate compiler generated dependencies of target voronoi[0m
[4.450s] [35m[1mConsolidate compiler generated dependencies of target as2_behaviors_path_planning_node[0m
[4.481s] [35m[1mConsolidate compiler generated dependencies of target a_star[0m
[4.530s] [ 28%] [32m[1mLinking CXX shared library libvoronoi.so[0m
[4.532s] [ 35%] [32m[1mLinking CXX executable as2_behaviors_path_planning_node[0m
[4.626s] [ 42%] [32m[1mLinking CXX shared library liba_star.so[0m
[5.150s] [ 57%] Built target as2_behaviors_path_planning_node
[5.297s] [ 78%] Built target voronoi
[5.349s] [ 92%] Built target a_star
[5.656s] [100%] Built target path_planner_component
[6.858s] Invoked command in '/root/aerostack2_ws/build/as2_behaviors_path_planning' returned '0': CMAKE_PREFIX_PATH=/root/aerostack2_ws/install/as2_behavior:/root/aerostack2_ws/install/as2_core:/root/aerostack2_ws/install/as2_msgs:/root/aerostack2_ws/install/aerostack2:/root/aerostack2_ws/install/as2_usb_camera_interface:/root/aerostack2_ws/install/as2_state_estimator:/root/aerostack2_ws/install/as2_rviz_plugins:/root/aerostack2_ws/install/as2_realsense_interface:/root/aerostack2_ws/install/as2_platform_multirotor_simulator:/root/aerostack2_ws/install/as2_platform_gazebo:/root/aerostack2_ws/install/as2_motion_controller:/root/aerostack2_ws/install/as2_behaviors_trajectory_generation:/root/aerostack2_ws/install/as2_behaviors_swarm_flocking:/root/aerostack2_ws/install/as2_behaviors_motion:/root/aerostack2_ws/install/as2_motion_reference_handlers:/root/aerostack2_ws/install/as2_map_server:/root/aerostack2_ws/install/as2_geozones:/root/aerostack2_ws/install/as2_gazebo_assets:/root/aerostack2_ws/install/as2_external_object_to_tf:/root/aerostack2_ws/install/as2_behaviors_platform:/root/aerostack2_ws/install/as2_behaviors_perception:/root/aerostack2_ws/install/as2_behaviors_path_planning:/root/aerostack2_ws/install/as2_behavior_tree:/root/aerostack2_ws/install/as2_alphanumeric_viewer:/root/aerostack2_ws/install/as2_cli:/root/aerostack2_ws/install/as2_visualization:/root/aerostack2_ws/install/as2_keyboard_teleoperation:/root/aerostack2_ws/install/as2_python_api:/opt/ros/humble LD_LIBRARY_PATH=/root/aerostack2_ws/install/as2_behavior/lib:/root/aerostack2_ws/install/as2_core/lib:/root/aerostack2_ws/install/as2_msgs/lib:/root/aerostack2_ws/install/as2_state_estimator/lib:/root/aerostack2_ws/install/as2_python_api/lib:/root/aerostack2_ws/install/as2_motion_controller/lib:/root/aerostack2_ws/install/as2_behaviors_trajectory_generation/lib:/root/aerostack2_ws/install/as2_behaviors_swarm_flocking/lib:/root/aerostack2_ws/install/as2_behaviors_motion/lib:/root/aerostack2_ws/install/as2_motion_reference_handlers/lib:/root/aerostack2_ws/install/as2_map_server/lib:/root/aerostack2_ws/install/as2_gazebo_assets/lib:/root/aerostack2_ws/install/as2_behaviors_perception/lib:/root/aerostack2_ws/install/as2_behaviors_path_planning/lib:/root/aerostack2_ws/install/as2_behavior_tree/lib:/opt/ros/humble/opt/rviz_ogre_vendor/lib:/opt/ros/humble/lib/x86_64-linux-gnu:/opt/ros/humble/lib /usr/bin/cmake --build /root/aerostack2_ws/build/as2_behaviors_path_planning -- -j8 -l8
[6.859s] Invoking command in '/root/aerostack2_ws/build/as2_behaviors_path_planning': CMAKE_PREFIX_PATH=/root/aerostack2_ws/install/as2_behavior:/root/aerostack2_ws/install/as2_core:/root/aerostack2_ws/install/as2_msgs:/root/aerostack2_ws/install/aerostack2:/root/aerostack2_ws/install/as2_usb_camera_interface:/root/aerostack2_ws/install/as2_state_estimator:/root/aerostack2_ws/install/as2_rviz_plugins:/root/aerostack2_ws/install/as2_realsense_interface:/root/aerostack2_ws/install/as2_platform_multirotor_simulator:/root/aerostack2_ws/install/as2_platform_gazebo:/root/aerostack2_ws/install/as2_motion_controller:/root/aerostack2_ws/install/as2_behaviors_trajectory_generation:/root/aerostack2_ws/install/as2_behaviors_swarm_flocking:/root/aerostack2_ws/install/as2_behaviors_motion:/root/aerostack2_ws/install/as2_motion_reference_handlers:/root/aerostack2_ws/install/as2_map_server:/root/aerostack2_ws/install/as2_geozones:/root/aerostack2_ws/install/as2_gazebo_assets:/root/aerostack2_ws/install/as2_external_object_to_tf:/root/aerostack2_ws/install/as2_behaviors_platform:/root/aerostack2_ws/install/as2_behaviors_perception:/root/aerostack2_ws/install/as2_behaviors_path_planning:/root/aerostack2_ws/install/as2_behavior_tree:/root/aerostack2_ws/install/as2_alphanumeric_viewer:/root/aerostack2_ws/install/as2_cli:/root/aerostack2_ws/install/as2_visualization:/root/aerostack2_ws/install/as2_keyboard_teleoperation:/root/aerostack2_ws/install/as2_python_api:/opt/ros/humble LD_LIBRARY_PATH=/root/aerostack2_ws/install/as2_behavior/lib:/root/aerostack2_ws/install/as2_core/lib:/root/aerostack2_ws/install/as2_msgs/lib:/root/aerostack2_ws/install/as2_state_estimator/lib:/root/aerostack2_ws/install/as2_python_api/lib:/root/aerostack2_ws/install/as2_motion_controller/lib:/root/aerostack2_ws/install/as2_behaviors_trajectory_generation/lib:/root/aerostack2_ws/install/as2_behaviors_swarm_flocking/lib:/root/aerostack2_ws/install/as2_behaviors_motion/lib:/root/aerostack2_ws/install/as2_motion_reference_handlers/lib:/root/aerostack2_ws/install/as2_map_server/lib:/root/aerostack2_ws/install/as2_gazebo_assets/lib:/root/aerostack2_ws/install/as2_behaviors_perception/lib:/root/aerostack2_ws/install/as2_behaviors_path_planning/lib:/root/aerostack2_ws/install/as2_behavior_tree/lib:/opt/ros/humble/opt/rviz_ogre_vendor/lib:/opt/ros/humble/lib/x86_64-linux-gnu:/opt/ros/humble/lib /usr/bin/cmake --install /root/aerostack2_ws/build/as2_behaviors_path_planning
[6.884s] -- Install configuration: "Release"
[6.884s] -- Execute custom install script
[6.884s] -- Up-to-date symlink: /root/aerostack2_ws/install/as2_behaviors_path_planning/include/as2_behaviors_path_planning/path_planner_behavior.hpp
[6.884s] -- Up-to-date symlink: /root/aerostack2_ws/install/as2_behaviors_path_planning/include/as2_behaviors_path_planning/path_planner_plugin_base.hpp
[6.884s] -- Up-to-date symlink: /root/aerostack2_ws/install/as2_behaviors_path_planning/share/as2_behaviors_path_planning/environment/library_path.sh
[6.884s] -- Up-to-date symlink: /root/aerostack2_ws/install/as2_behaviors_path_planning/share/as2_behaviors_path_planning/environment/library_path.dsv
[6.884s] -- Up-to-date symlink: /root/aerostack2_ws/install/as2_behaviors_path_planning/include/include/cell_node.hpp
[6.885s] -- Up-to-date symlink: /root/aerostack2_ws/install/as2_behaviors_path_planning/include/include/graph_searcher.hpp
[6.888s] -- Up-to-date symlink: /root/aerostack2_ws/install/as2_behaviors_path_planning/include/include/utils.hpp
[6.892s] -- Up-to-date symlink: /root/aerostack2_ws/install/as2_behaviors_path_planning/include/a_star.hpp
[6.892s] -- Up-to-date symlink: /root/aerostack2_ws/install/as2_behaviors_path_planning/include/a_star_algorithm.hpp
[6.893s] -- Up-to-date symlink: /root/aerostack2_ws/install/as2_behaviors_path_planning/include/a_star_searcher.hpp
[6.893s] -- Up-to-date symlink: /root/aerostack2_ws/install/as2_behaviors_path_planning/include/voronoi.hpp
[6.893s] -- Up-to-date symlink: /root/aerostack2_ws/install/as2_behaviors_path_planning/include/voronoi_searcher.hpp
[6.893s] -- Up-to-date symlink: /root/aerostack2_ws/install/as2_behaviors_path_planning/share/as2_behaviors_path_planning//plugins.xml
[6.893s] -- Up-to-date symlink: /root/aerostack2_ws/install/as2_behaviors_path_planning/share/as2_behaviors_path_planning/launch/a_star-path_planner_behavior.launch.py
[6.893s] -- Up-to-date symlink: /root/aerostack2_ws/install/as2_behaviors_path_planning/share/as2_behaviors_path_planning/launch/voronoi-path_planner_behavior.launch.py
[6.894s] -- Up-to-date symlink: /root/aerostack2_ws/install/as2_behaviors_path_planning/lib/as2_behaviors_path_planning/as2_behaviors_path_planning_node
[6.894s] -- Up-to-date symlink: /root/aerostack2_ws/install/as2_behaviors_path_planning/share/as2_behaviors_path_planning/launch/composable_path_planner_behavior.launch.py
[6.894s] -- Up-to-date symlink: /root/aerostack2_ws/install/as2_behaviors_path_planning/share/as2_behaviors_path_planning/launch/path_planner_behavior_launch.py
[6.894s] -- Up-to-date symlink: /root/aerostack2_ws/install/as2_behaviors_path_planning/share/as2_behaviors_path_planning/config/behavior_default.yaml
[6.894s] -- Up-to-date symlink: /root/aerostack2_ws/install/as2_behaviors_path_planning/share/ament_index/resource_index/package_run_dependencies/as2_behaviors_path_planning
[6.894s] -- Up-to-date symlink: /root/aerostack2_ws/install/as2_behaviors_path_planning/share/ament_index/resource_index/parent_prefix_path/as2_behaviors_path_planning
[6.895s] -- Up-to-date symlink: /root/aerostack2_ws/install/as2_behaviors_path_planning/share/as2_behaviors_path_planning/environment/ament_prefix_path.sh
[6.895s] -- Up-to-date symlink: /root/aerostack2_ws/install/as2_behaviors_path_planning/share/as2_behaviors_path_planning/environment/ament_prefix_path.dsv
[6.895s] -- Up-to-date symlink: /root/aerostack2_ws/install/as2_behaviors_path_planning/share/as2_behaviors_path_planning/environment/path.sh
[6.901s] -- Up-to-date symlink: /root/aerostack2_ws/install/as2_behaviors_path_planning/share/as2_behaviors_path_planning/environment/path.dsv
[6.901s] -- Up-to-date symlink: /root/aerostack2_ws/install/as2_behaviors_path_planning/share/as2_behaviors_path_planning/local_setup.bash
[6.901s] -- Up-to-date symlink: /root/aerostack2_ws/install/as2_behaviors_path_planning/share/as2_behaviors_path_planning/local_setup.sh
[6.901s] -- Up-to-date symlink: /root/aerostack2_ws/install/as2_behaviors_path_planning/share/as2_behaviors_path_planning/local_setup.zsh
[6.902s] -- Up-to-date symlink: /root/aerostack2_ws/install/as2_behaviors_path_planning/share/as2_behaviors_path_planning/local_setup.dsv
[6.902s] -- Symlinking: /root/aerostack2_ws/install/as2_behaviors_path_planning/share/as2_behaviors_path_planning/package.dsv
[6.931s] -- Up-to-date symlink: /root/aerostack2_ws/install/as2_behaviors_path_planning/share/ament_index/resource_index/packages/as2_behaviors_path_planning
[6.934s] -- Up-to-date symlink: /root/aerostack2_ws/install/as2_behaviors_path_planning/share/ament_index/resource_index/as2_behaviors_path_planning__pluginlib__plugin/as2_behaviors_path_planning
[6.936s] -- Up-to-date symlink: /root/aerostack2_ws/install/as2_behaviors_path_planning/share/ament_index/resource_index/rclcpp_components/as2_behaviors_path_planning
[6.941s] -- Up-to-date symlink: /root/aerostack2_ws/install/as2_behaviors_path_planning/share/as2_behaviors_path_planning/cmake/ament_cmake_export_include_directories-extras.cmake
[6.951s] -- Up-to-date symlink: /root/aerostack2_ws/install/as2_behaviors_path_planning/share/as2_behaviors_path_planning/cmake/ament_cmake_export_libraries-extras.cmake
[6.951s] -- Up-to-date symlink: /root/aerostack2_ws/install/as2_behaviors_path_planning/share/as2_behaviors_path_planning/cmake/ament_cmake_export_targets-extras.cmake
[6.951s] -- Up-to-date symlink: /root/aerostack2_ws/install/as2_behaviors_path_planning/share/as2_behaviors_path_planning/cmake/as2_behaviors_path_planningConfig.cmake
[6.952s] -- Up-to-date symlink: /root/aerostack2_ws/install/as2_behaviors_path_planning/share/as2_behaviors_path_planning/cmake/as2_behaviors_path_planningConfig-version.cmake
[6.952s] -- Up-to-date symlink: /root/aerostack2_ws/install/as2_behaviors_path_planning/share/as2_behaviors_path_planning/package.xml
[6.961s] -- Installing: /root/aerostack2_ws/install/as2_behaviors_path_planning/lib/libas2_behaviors_path_planning_plugin_base.so
[6.965s] -- Set runtime path of "/root/aerostack2_ws/install/as2_behaviors_path_planning/lib/libas2_behaviors_path_planning_plugin_base.so" to ""
[6.965s] -- Installing: /root/aerostack2_ws/install/as2_behaviors_path_planning/lib/libpath_planner_component.so
[7.026s] -- Set runtime path of "/root/aerostack2_ws/install/as2_behaviors_path_planning/lib/libpath_planner_component.so" to ""
[7.027s] -- Up-to-date: /root/aerostack2_ws/install/as2_behaviors_path_planning/share/as2_behaviors_path_planning/cmake/as2_behaviors_path_planning_plugin_baseExport.cmake
[7.027s] -- Up-to-date: /root/aerostack2_ws/install/as2_behaviors_path_planning/share/as2_behaviors_path_planning/cmake/as2_behaviors_path_planning_plugin_baseExport-release.cmake
[7.027s] -- Installing: /root/aerostack2_ws/install/as2_behaviors_path_planning/lib/liba_star.so
[7.027s] -- Set runtime path of "/root/aerostack2_ws/install/as2_behaviors_path_planning/lib/liba_star.so" to ""
[7.051s] -- Installing: /root/aerostack2_ws/install/as2_behaviors_path_planning/lib/libvoronoi.so
[7.052s] -- Set runtime path of "/root/aerostack2_ws/install/as2_behaviors_path_planning/lib/libvoronoi.so" to ""
[7.126s] Invoked command in '/root/aerostack2_ws/build/as2_behaviors_path_planning' returned '0': CMAKE_PREFIX_PATH=/root/aerostack2_ws/install/as2_behavior:/root/aerostack2_ws/install/as2_core:/root/aerostack2_ws/install/as2_msgs:/root/aerostack2_ws/install/aerostack2:/root/aerostack2_ws/install/as2_usb_camera_interface:/root/aerostack2_ws/install/as2_state_estimator:/root/aerostack2_ws/install/as2_rviz_plugins:/root/aerostack2_ws/install/as2_realsense_interface:/root/aerostack2_ws/install/as2_platform_multirotor_simulator:/root/aerostack2_ws/install/as2_platform_gazebo:/root/aerostack2_ws/install/as2_motion_controller:/root/aerostack2_ws/install/as2_behaviors_trajectory_generation:/root/aerostack2_ws/install/as2_behaviors_swarm_flocking:/root/aerostack2_ws/install/as2_behaviors_motion:/root/aerostack2_ws/install/as2_motion_reference_handlers:/root/aerostack2_ws/install/as2_map_server:/root/aerostack2_ws/install/as2_geozones:/root/aerostack2_ws/install/as2_gazebo_assets:/root/aerostack2_ws/install/as2_external_object_to_tf:/root/aerostack2_ws/install/as2_behaviors_platform:/root/aerostack2_ws/install/as2_behaviors_perception:/root/aerostack2_ws/install/as2_behaviors_path_planning:/root/aerostack2_ws/install/as2_behavior_tree:/root/aerostack2_ws/install/as2_alphanumeric_viewer:/root/aerostack2_ws/install/as2_cli:/root/aerostack2_ws/install/as2_visualization:/root/aerostack2_ws/install/as2_keyboard_teleoperation:/root/aerostack2_ws/install/as2_python_api:/opt/ros/humble LD_LIBRARY_PATH=/root/aerostack2_ws/install/as2_behavior/lib:/root/aerostack2_ws/install/as2_core/lib:/root/aerostack2_ws/install/as2_msgs/lib:/root/aerostack2_ws/install/as2_state_estimator/lib:/root/aerostack2_ws/install/as2_python_api/lib:/root/aerostack2_ws/install/as2_motion_controller/lib:/root/aerostack2_ws/install/as2_behaviors_trajectory_generation/lib:/root/aerostack2_ws/install/as2_behaviors_swarm_flocking/lib:/root/aerostack2_ws/install/as2_behaviors_motion/lib:/root/aerostack2_ws/install/as2_motion_reference_handlers/lib:/root/aerostack2_ws/install/as2_map_server/lib:/root/aerostack2_ws/install/as2_gazebo_assets/lib:/root/aerostack2_ws/install/as2_behaviors_perception/lib:/root/aerostack2_ws/install/as2_behaviors_path_planning/lib:/root/aerostack2_ws/install/as2_behavior_tree/lib:/opt/ros/humble/opt/rviz_ogre_vendor/lib:/opt/ros/humble/lib/x86_64-linux-gnu:/opt/ros/humble/lib /usr/bin/cmake --install /root/aerostack2_ws/build/as2_behaviors_path_planning
