[0.036s] Invoking command in '/root/aerostack2_ws/build/as2_rviz_plugins': AMENT_PREFIX_PATH=/root/aerostack2_ws/install/as2_motion_reference_handlers:/root/aerostack2_ws/install/as2_core:/root/aerostack2_ws/install/as2_msgs:${AMENT_PREFIX_PATH} CMAKE_PREFIX_PATH=/root/aerostack2_ws/install/as2_motion_reference_handlers:/root/aerostack2_ws/install/as2_core:/root/aerostack2_ws/install/as2_msgs:/opt/ros/humble LD_LIBRARY_PATH=/root/aerostack2_ws/install/as2_motion_reference_handlers/lib:/root/aerostack2_ws/install/as2_core/lib:/root/aerostack2_ws/install/as2_msgs/lib:${LD_LIBRARY_PATH} PYTHONPATH=/root/aerostack2_ws/install/as2_motion_reference_handlers/local/lib/python3.10/dist-packages:/root/aerostack2_ws/install/as2_core/local/lib/python3.10/dist-packages:/root/aerostack2_ws/install/as2_msgs/local/lib/python3.10/dist-packages:${PYTHONPATH} /usr/bin/cmake /root/aerostack2_ws/src/aerostack2/as2_user_interfaces/as2_visualization/as2_rviz_plugins -DAMENT_CMAKE_SYMLINK_INSTALL=1 -DCMAKE_INSTALL_PREFIX=/root/aerostack2_ws/install/as2_rviz_plugins
[6.439s] -- The C compiler identification is GNU 11.4.0
[6.439s] -- The CXX compiler identification is GNU 11.4.0
[6.439s] -- Detecting C compiler ABI info
[6.440s] -- Detecting C compiler ABI info - done
[6.440s] -- Check for working C compiler: /usr/bin/cc - skipped
[6.440s] -- Detecting C compile features
[6.440s] -- Detecting C compile features - done
[6.440s] -- Detecting CXX compiler ABI info
[6.440s] -- Detecting CXX compiler ABI info - done
[6.440s] -- Check for working CXX compiler: /usr/bin/c++ - skipped
[6.442s] -- Detecting CXX compile features
[6.442s] -- Detecting CXX compile features - done
[6.442s] -- Found ament_cmake: 1.3.12 (/opt/ros/humble/share/ament_cmake/cmake)
[6.442s] -- Found Python3: /usr/bin/python3 (found version "3.10.12") found components: Interpreter 
[6.442s] -- Override CMake install command with custom implementation using symlinks instead of copying resources
[6.443s] -- Found ament_cmake_ros: 0.10.0 (/opt/ros/humble/share/ament_cmake_ros/cmake)
[6.443s] -- Found geometry_msgs: 4.9.0 (/opt/ros/humble/share/geometry_msgs/cmake)
[6.443s] -- Found rosidl_generator_c: 3.1.7 (/opt/ros/humble/share/rosidl_generator_c/cmake)
[6.443s] -- Found rosidl_adapter: 3.1.7 (/opt/ros/humble/share/rosidl_adapter/cmake)
[6.443s] -- Found rosidl_generator_cpp: 3.1.7 (/opt/ros/humble/share/rosidl_generator_cpp/cmake)
[6.443s] -- Using all available rosidl_typesupport_c: rosidl_typesupport_fastrtps_c;rosidl_typesupport_introspection_c
[6.443s] -- Using all available rosidl_typesupport_cpp: rosidl_typesupport_fastrtps_cpp;rosidl_typesupport_introspection_cpp
[6.443s] -- Found pluginlib: 5.1.2 (/opt/ros/humble/share/pluginlib/cmake)
[6.443s] -- Found rclcpp: 16.0.15 (/opt/ros/humble/share/rclcpp/cmake)
[6.443s] -- Found rmw_implementation_cmake: 6.1.2 (/opt/ros/humble/share/rmw_implementation_cmake/cmake)
[6.443s] -- Found rmw_fastrtps_cpp: 6.2.9 (/opt/ros/humble/share/rmw_fastrtps_cpp/cmake)
[6.443s] -- Found TinyXML2 via Config file: TinyXML2_DIR-NOTFOUND
[6.444s] -- Found OpenSSL: /usr/lib/x86_64-linux-gnu/libcrypto.so (found version "3.0.2")  
[6.444s] -- Found TinyXML2 via Config file: TinyXML2_DIR-NOTFOUND
[6.444s] -- Found FastRTPS: /opt/ros/humble/include  
[6.444s] -- Found TinyXML2 via Config file: TinyXML2_DIR-NOTFOUND
[6.447s] -- Found TinyXML2 via Config file: TinyXML2_DIR-NOTFOUND
[6.448s] -- Using RMW implementation 'rmw_fastrtps_cpp' as default
[6.448s] -- Looking for pthread.h
[6.448s] -- Looking for pthread.h - found
[6.448s] -- Performing Test CMAKE_HAVE_LIBC_PTHREAD
[6.448s] -- Performing Test CMAKE_HAVE_LIBC_PTHREAD - Success
[6.448s] -- Found Threads: TRUE  
[6.448s] -- Found rclcpp_action: 16.0.15 (/opt/ros/humble/share/rclcpp_action/cmake)
[6.448s] -- Found rviz_common: 11.2.22 (/opt/ros/humble/share/rviz_common/cmake)
[6.448s] -- Setting assimp_DIR to: '/opt/ros/humble/share/rviz_assimp_vendor/cmake/../../../opt/rviz_assimp_vendor/lib/cmake/assimp-4.1'
[6.448s] -- Setting OGRE_DIR to: '/opt/ros/humble/share/rviz_ogre_vendor/cmake/../../../opt/rviz_ogre_vendor/lib/OGRE/cmake'
[6.448s] -- Found OGRE
[6.449s] --   static     : OFF
[6.449s] --   components : HLMS;MeshLodGenerator;Overlay;Paging;Property;RTShaderSystem;Terrain;Volume
[6.449s] --   plugins    : Plugin_BSPSceneManager;Plugin_OctreeSceneManager;Plugin_PCZSceneManager;Plugin_ParticleFX;RenderSystem_GL;RenderSystem_GL3Plus;Codec_STBI
[6.449s] --   media      : /opt/ros/humble/opt/rviz_ogre_vendor/share/OGRE/Media
[6.449s] -- OGRE_LIBRARIES: OgreHLMS;OgreMeshLodGenerator;OgreOverlay;OgrePaging;OgreProperty;OgreRTShaderSystem;OgreTerrain;OgreVolume;OgreMain
[6.449s] -- OGRE_LIBRARY_DIRS: /opt/ros/humble/opt/rviz_ogre_vendor/lib
[6.449s] -- OGRE_PLUGINS: Plugin_BSPSceneManager;Plugin_OctreeSceneManager;Plugin_PCZSceneManager;Plugin_ParticleFX;RenderSystem_GL;RenderSystem_GL3Plus;Codec_STBI
[6.449s] -- OGRE_PLUGIN_DIR: /opt/ros/humble/opt/rviz_ogre_vendor/lib/OGRE
[6.449s] -- rviz_ogre_vendor::OgreOverlay for IMPORTED_LOCATION_RELEASE: /opt/ros/humble/opt/rviz_ogre_vendor/lib/libOgreOverlay.so
[6.449s] -- rviz_ogre_vendor::OgreOverlay for IMPORTED_LOCATION_DEBUG: /opt/ros/humble/opt/rviz_ogre_vendor/lib/libOgreOverlay.so
[6.449s] -- rviz_ogre_vendor::OgreMain for IMPORTED_LOCATION_RELEASE: /opt/ros/humble/opt/rviz_ogre_vendor/lib/libOgreMain.so
[6.449s] -- rviz_ogre_vendor::OgreMain for IMPORTED_LOCATION_DEBUG: /opt/ros/humble/opt/rviz_ogre_vendor/lib/libOgreMain.so
[6.449s] -- Could not find freeimage library
[6.450s] -- Found ZLIB: /usr/lib/x86_64-linux-gnu/libz.so (found version "1.2.11") 
[6.450s] -- Found OpenGL: /usr/lib/x86_64-linux-gnu/libOpenGL.so   
[6.450s] -- Found X11: /usr/include   
[6.450s] -- Looking for XOpenDisplay in /usr/lib/x86_64-linux-gnu/libX11.so;/usr/lib/x86_64-linux-gnu/libXext.so
[6.450s] -- Looking for XOpenDisplay in /usr/lib/x86_64-linux-gnu/libX11.so;/usr/lib/x86_64-linux-gnu/libXext.so - found
[6.451s] -- Looking for gethostbyname
[6.451s] -- Looking for gethostbyname - found
[6.451s] -- Looking for connect
[6.451s] -- Looking for connect - found
[6.451s] -- Looking for remove
[6.451s] -- Looking for remove - found
[6.451s] -- Looking for shmat
[6.451s] -- Looking for shmat - found
[6.451s] -- Looking for IceConnectionNumber in ICE
[6.451s] -- Looking for IceConnectionNumber in ICE - found
[6.451s] -- library: /usr/lib/x86_64-linux-gnu/libcurl.so
[6.451s] -- Found Eigen3: TRUE (found version "3.4.0") 
[6.452s] -- Ensuring Eigen3 include directory is part of orocos-kdl CMake target
[6.452s] -- Found as2_core: 1.1.3 (/root/aerostack2_ws/install/as2_core/share/as2_core/cmake)
[6.452s] -- Created yaml-cpp::yaml-cpp alias from yaml-cpp target
[6.452s] -- Created GeographicLib::GeographicLib target from legacy variables
[6.452s] -- Found as2_motion_reference_handlers: 1.1.3 (/root/aerostack2_ws/install/as2_motion_reference_handlers/share/as2_motion_reference_handlers/cmake)
[6.452s] -- Found ament_lint_auto: 0.12.14 (/opt/ros/humble/share/ament_lint_auto/cmake)
[6.456s] -- Added test 'copyright' to check source files copyright and LICENSE
[6.456s] -- Added test 'cppcheck' to perform static code analysis on C / C++ code
[6.456s] -- Configured cppcheck include dirs: 
[6.456s] -- Configured cppcheck exclude dirs and/or files: 
[6.456s] -- Added test 'cpplint' to check C / C++ code against the Google style
[6.456s] -- Configured cpplint exclude dirs and/or files: 
[6.456s] -- Added test 'lint_cmake' to check CMake code style
[6.456s] -- Added test 'uncrustify' to check C / C++ code style
[6.456s] -- Configured uncrustify additional arguments: 
[6.457s] -- Added test 'xmllint' to check XML markup files
[6.457s] -- Configuring done
[6.457s] -- Generating done
[6.457s] -- Build files have been written to: /root/aerostack2_ws/build/as2_rviz_plugins
[6.490s] Invoked command in '/root/aerostack2_ws/build/as2_rviz_plugins' returned '0': AMENT_PREFIX_PATH=/root/aerostack2_ws/install/as2_motion_reference_handlers:/root/aerostack2_ws/install/as2_core:/root/aerostack2_ws/install/as2_msgs:${AMENT_PREFIX_PATH} CMAKE_PREFIX_PATH=/root/aerostack2_ws/install/as2_motion_reference_handlers:/root/aerostack2_ws/install/as2_core:/root/aerostack2_ws/install/as2_msgs:/opt/ros/humble LD_LIBRARY_PATH=/root/aerostack2_ws/install/as2_motion_reference_handlers/lib:/root/aerostack2_ws/install/as2_core/lib:/root/aerostack2_ws/install/as2_msgs/lib:${LD_LIBRARY_PATH} PYTHONPATH=/root/aerostack2_ws/install/as2_motion_reference_handlers/local/lib/python3.10/dist-packages:/root/aerostack2_ws/install/as2_core/local/lib/python3.10/dist-packages:/root/aerostack2_ws/install/as2_msgs/local/lib/python3.10/dist-packages:${PYTHONPATH} /usr/bin/cmake /root/aerostack2_ws/src/aerostack2/as2_user_interfaces/as2_visualization/as2_rviz_plugins -DAMENT_CMAKE_SYMLINK_INSTALL=1 -DCMAKE_INSTALL_PREFIX=/root/aerostack2_ws/install/as2_rviz_plugins
[6.491s] Invoking command in '/root/aerostack2_ws/build/as2_rviz_plugins': AMENT_PREFIX_PATH=/root/aerostack2_ws/install/as2_motion_reference_handlers:/root/aerostack2_ws/install/as2_core:/root/aerostack2_ws/install/as2_msgs:${AMENT_PREFIX_PATH} CMAKE_PREFIX_PATH=/root/aerostack2_ws/install/as2_motion_reference_handlers:/root/aerostack2_ws/install/as2_core:/root/aerostack2_ws/install/as2_msgs:/opt/ros/humble LD_LIBRARY_PATH=/root/aerostack2_ws/install/as2_motion_reference_handlers/lib:/root/aerostack2_ws/install/as2_core/lib:/root/aerostack2_ws/install/as2_msgs/lib:${LD_LIBRARY_PATH} PYTHONPATH=/root/aerostack2_ws/install/as2_motion_reference_handlers/local/lib/python3.10/dist-packages:/root/aerostack2_ws/install/as2_core/local/lib/python3.10/dist-packages:/root/aerostack2_ws/install/as2_msgs/local/lib/python3.10/dist-packages:${PYTHONPATH} /usr/bin/cmake --build /root/aerostack2_ws/build/as2_rviz_plugins -- -j8 -l8
[9.834s] [ 25%] [34m[1mAutomatic MOC for target as2_rviz_plugins[0m
[9.834s] [ 25%] Built target as2_rviz_plugins_autogen
[9.834s] [ 50%] [32mBuilding CXX object CMakeFiles/as2_rviz_plugins.dir/as2_rviz_plugins_autogen/mocs_compilation.cpp.o[0m
[12.584s] [ 75%] [32mBuilding CXX object CMakeFiles/as2_rviz_plugins.dir/src/teleop_panel.cpp.o[0m
[23.293s] [100%] [32m[1mLinking CXX shared library libas2_rviz_plugins.so[0m
[25.985s] [100%] Built target as2_rviz_plugins
[26.006s] Invoked command in '/root/aerostack2_ws/build/as2_rviz_plugins' returned '0': AMENT_PREFIX_PATH=/root/aerostack2_ws/install/as2_motion_reference_handlers:/root/aerostack2_ws/install/as2_core:/root/aerostack2_ws/install/as2_msgs:${AMENT_PREFIX_PATH} CMAKE_PREFIX_PATH=/root/aerostack2_ws/install/as2_motion_reference_handlers:/root/aerostack2_ws/install/as2_core:/root/aerostack2_ws/install/as2_msgs:/opt/ros/humble LD_LIBRARY_PATH=/root/aerostack2_ws/install/as2_motion_reference_handlers/lib:/root/aerostack2_ws/install/as2_core/lib:/root/aerostack2_ws/install/as2_msgs/lib:${LD_LIBRARY_PATH} PYTHONPATH=/root/aerostack2_ws/install/as2_motion_reference_handlers/local/lib/python3.10/dist-packages:/root/aerostack2_ws/install/as2_core/local/lib/python3.10/dist-packages:/root/aerostack2_ws/install/as2_msgs/local/lib/python3.10/dist-packages:${PYTHONPATH} /usr/bin/cmake --build /root/aerostack2_ws/build/as2_rviz_plugins -- -j8 -l8
[26.007s] Invoking command in '/root/aerostack2_ws/build/as2_rviz_plugins': AMENT_PREFIX_PATH=/root/aerostack2_ws/install/as2_motion_reference_handlers:/root/aerostack2_ws/install/as2_core:/root/aerostack2_ws/install/as2_msgs:${AMENT_PREFIX_PATH} CMAKE_PREFIX_PATH=/root/aerostack2_ws/install/as2_motion_reference_handlers:/root/aerostack2_ws/install/as2_core:/root/aerostack2_ws/install/as2_msgs:/opt/ros/humble LD_LIBRARY_PATH=/root/aerostack2_ws/install/as2_motion_reference_handlers/lib:/root/aerostack2_ws/install/as2_core/lib:/root/aerostack2_ws/install/as2_msgs/lib:${LD_LIBRARY_PATH} PYTHONPATH=/root/aerostack2_ws/install/as2_motion_reference_handlers/local/lib/python3.10/dist-packages:/root/aerostack2_ws/install/as2_core/local/lib/python3.10/dist-packages:/root/aerostack2_ws/install/as2_msgs/local/lib/python3.10/dist-packages:${PYTHONPATH} /usr/bin/cmake --install /root/aerostack2_ws/build/as2_rviz_plugins
[52.962s] -- Install configuration: ""
[52.962s] -- Execute custom install script
[52.962s] -- Symlinking: /root/aerostack2_ws/install/as2_rviz_plugins/share/as2_rviz_plugins//plugin_description.xml
[52.962s] -- Symlinking: /root/aerostack2_ws/install/as2_rviz_plugins/lib/as2_rviz_plugins/libas2_rviz_plugins.so
[52.962s] -- Symlinking: /root/aerostack2_ws/install/as2_rviz_plugins/share/as2_rviz_plugins/icons/classes/Imu.png
[52.962s] -- Symlinking: /root/aerostack2_ws/install/as2_rviz_plugins/share/as2_rviz_plugins/icons/classes/PlantFlag.png
[52.962s] -- Symlinking: /root/aerostack2_ws/install/as2_rviz_plugins/share/as2_rviz_plugins/icons/classes/Teleop.png
[52.962s] -- Symlinking: /root/aerostack2_ws/install/as2_rviz_plugins/share/ament_index/resource_index/package_run_dependencies/as2_rviz_plugins
[52.962s] -- Symlinking: /root/aerostack2_ws/install/as2_rviz_plugins/share/ament_index/resource_index/parent_prefix_path/as2_rviz_plugins
[52.963s] -- Symlinking: /root/aerostack2_ws/install/as2_rviz_plugins/share/as2_rviz_plugins/environment/ament_prefix_path.sh
[52.963s] -- Symlinking: /root/aerostack2_ws/install/as2_rviz_plugins/share/as2_rviz_plugins/environment/ament_prefix_path.dsv
[52.963s] -- Symlinking: /root/aerostack2_ws/install/as2_rviz_plugins/share/as2_rviz_plugins/environment/path.sh
[52.963s] -- Symlinking: /root/aerostack2_ws/install/as2_rviz_plugins/share/as2_rviz_plugins/environment/path.dsv
[52.963s] -- Symlinking: /root/aerostack2_ws/install/as2_rviz_plugins/share/as2_rviz_plugins/local_setup.bash
[52.963s] -- Symlinking: /root/aerostack2_ws/install/as2_rviz_plugins/share/as2_rviz_plugins/local_setup.sh
[52.963s] -- Symlinking: /root/aerostack2_ws/install/as2_rviz_plugins/share/as2_rviz_plugins/local_setup.zsh
[52.963s] -- Symlinking: /root/aerostack2_ws/install/as2_rviz_plugins/share/as2_rviz_plugins/local_setup.dsv
[52.963s] -- Symlinking: /root/aerostack2_ws/install/as2_rviz_plugins/share/as2_rviz_plugins/package.dsv
[52.963s] -- Symlinking: /root/aerostack2_ws/install/as2_rviz_plugins/share/ament_index/resource_index/packages/as2_rviz_plugins
[52.963s] -- Symlinking: /root/aerostack2_ws/install/as2_rviz_plugins/share/ament_index/resource_index/rviz_common__pluginlib__plugin/as2_rviz_plugins
[52.963s] -- Symlinking: /root/aerostack2_ws/install/as2_rviz_plugins/share/as2_rviz_plugins/cmake/ament_cmake_export_dependencies-extras.cmake
[52.964s] -- Symlinking: /root/aerostack2_ws/install/as2_rviz_plugins/share/as2_rviz_plugins/cmake/as2_rviz_pluginsConfig.cmake
[52.964s] -- Symlinking: /root/aerostack2_ws/install/as2_rviz_plugins/share/as2_rviz_plugins/cmake/as2_rviz_pluginsConfig-version.cmake
[52.964s] -- Symlinking: /root/aerostack2_ws/install/as2_rviz_plugins/share/as2_rviz_plugins/package.xml
[53.001s] Invoked command in '/root/aerostack2_ws/build/as2_rviz_plugins' returned '0': AMENT_PREFIX_PATH=/root/aerostack2_ws/install/as2_motion_reference_handlers:/root/aerostack2_ws/install/as2_core:/root/aerostack2_ws/install/as2_msgs:${AMENT_PREFIX_PATH} CMAKE_PREFIX_PATH=/root/aerostack2_ws/install/as2_motion_reference_handlers:/root/aerostack2_ws/install/as2_core:/root/aerostack2_ws/install/as2_msgs:/opt/ros/humble LD_LIBRARY_PATH=/root/aerostack2_ws/install/as2_motion_reference_handlers/lib:/root/aerostack2_ws/install/as2_core/lib:/root/aerostack2_ws/install/as2_msgs/lib:${LD_LIBRARY_PATH} PYTHONPATH=/root/aerostack2_ws/install/as2_motion_reference_handlers/local/lib/python3.10/dist-packages:/root/aerostack2_ws/install/as2_core/local/lib/python3.10/dist-packages:/root/aerostack2_ws/install/as2_msgs/local/lib/python3.10/dist-packages:${PYTHONPATH} /usr/bin/cmake --install /root/aerostack2_ws/build/as2_rviz_plugins
