-- Found ament_cmake: 1.3.12 (/opt/ros/humble/share/ament_cmake/cmake)
-- Override CMake install command with custom implementation using symlinks instead of copying resources
-- Found rclcpp: 16.0.15 (/opt/ros/humble/share/rclcpp/cmake)
-- Found rosidl_generator_c: 3.1.7 (/opt/ros/humble/share/rosidl_generator_c/cmake)
-- Found rosidl_adapter: 3.1.7 (/opt/ros/humble/share/rosidl_adapter/cmake)
-- Found rosidl_generator_cpp: 3.1.7 (/opt/ros/humble/share/rosidl_generator_cpp/cmake)
-- Using all available rosidl_typesupport_c: rosidl_typesupport_fastrtps_c;rosidl_typesupport_introspection_c
-- Using all available rosidl_typesupport_cpp: rosidl_typesupport_fastrtps_cpp;rosidl_typesupport_introspection_cpp
-- Found rmw_implementation_cmake: 6.1.2 (/opt/ros/humble/share/rmw_implementation_cmake/cmake)
-- Found rmw_fastrtps_cpp: 6.2.9 (/opt/ros/humble/share/rmw_fastrtps_cpp/cmake)
-- Using RMW implementation 'rmw_fastrtps_cpp' as default
-- Found pluginlib: 5.1.2 (/opt/ros/humble/share/pluginlib/cmake)
-- Found as2_core: 1.1.3 (/root/aerostack2_ws/install/as2_core/share/as2_core/cmake)
-- Created yaml-cpp::yaml-cpp alias from yaml-cpp target
-- Created GeographicLib::GeographicLib target from legacy variables
-- Found eigen3_cmake_module: 0.1.1 (/opt/ros/humble/share/eigen3_cmake_module/cmake)
-- Ensuring Eigen3 include directory is part of orocos-kdl CMake target
-- Found as2_motion_reference_handlers: 1.1.3 (/root/aerostack2_ws/install/as2_motion_reference_handlers/share/as2_motion_reference_handlers/cmake)
-- Found ament_cmake_gtest: 1.3.12 (/opt/ros/humble/share/ament_cmake_gtest/cmake)
-- Found gtest sources under '/opt/ros/humble/src/gtest_vendor': C++ tests using 'Google Test' will be built
-- pid_controller not found
-- Found ament_cmake_gtest: 1.3.12 (/opt/ros/humble/share/ament_cmake_gtest/cmake)
-- Found gtest sources under '/opt/ros/humble/src/gtest_vendor': C++ tests using 'Google Test' will be built
-- Found ament_lint_auto: 0.12.14 (/opt/ros/humble/share/ament_lint_auto/cmake)
-- Found gtest sources under '/opt/ros/humble/src/gtest_vendor': C++ tests using 'Google Test' will be built
-- Added test 'copyright' to check source files copyright and LICENSE
-- Added test 'cppcheck' to perform static code analysis on C / C++ code
-- Configured cppcheck include dirs: /root/aerostack2_ws/src/aerostack2/as2_motion_controller/include;/root/aerostack2_ws/src/aerostack2/as2_motion_controller/include/as2_motion_controller;$<BUILD_INTERFACE:/root/aerostack2_ws/src/aerostack2/as2_motion_controller/include>
-- Configured cppcheck exclude dirs and/or files: 
-- Added test 'cpplint' to check C / C++ code against the Google style
-- Configured cpplint exclude dirs and/or files: 
-- Added test 'flake8' to check Python code syntax and style conventions
-- Added test 'lint_cmake' to check CMake code style
-- Added test 'pep257' to check Python code against some of the docstring style conventions in PEP 257
-- Added test 'uncrustify' to check C / C++ code style
-- Configured uncrustify additional arguments: 
-- Added test 'xmllint' to check XML markup files
-- Configuring done
-- Generating done
-- Build files have been written to: /root/aerostack2_ws/build/as2_motion_controller
[35m[1mConsolidate compiler generated dependencies of target gtest[0m
[35m[1mConsolidate compiler generated dependencies of target as2_motion_controller[0m
[35m[1mConsolidate compiler generated dependencies of target gtest_main[0m
[  3%] [32m[1mLinking CXX shared library libas2_motion_controller_plugin_base.so[0m
[  6%] Built target pid_controller
[ 13%] Built target gtest_main
[ 20%] Built target gtest
[35m[1mConsolidate compiler generated dependencies of target pid_controller_saturate_output_gtest[0m
[35m[1mConsolidate compiler generated dependencies of target pid_controller_pid_gtest[0m
[35m[1mConsolidate compiler generated dependencies of target pid_controller_pid_1d_gtest[0m
[ 24%] [32m[1mLinking CXX shared library libas2_motion_controller.so[0m
[ 31%] Built target pid_controller_saturate_output_gtest
[ 37%] Built target pid_controller_pid_1d_gtest
[ 44%] Built target pid_controller_pid_gtest
[ 44%] Built target as2_motion_controller_plugin_base
[ 51%] Built target as2_motion_controller
[35m[1mConsolidate compiler generated dependencies of target differential_flatness_controller[0m
[35m[1mConsolidate compiler generated dependencies of target as2_motion_controller_node[0m
[35m[1mConsolidate compiler generated dependencies of target pid_speed_controller[0m
[35m[1mConsolidate compiler generated dependencies of target as2_motion_controller_find_mode_match_test[0m
[35m[1mConsolidate compiler generated dependencies of target as2_motion_controller_as2_motion_controller_gtest[0m
[ 55%] [32m[1mLinking CXX executable as2_motion_controller_node[0m
[ 58%] [32m[1mLinking CXX executable as2_motion_controller_as2_motion_controller_gtest[0m
[ 62%] [32m[1mLinking CXX shared library libdifferential_flatness_controller.so[0m
[ 65%] [32m[1mLinking CXX shared library libpid_speed_controller.so[0m
[ 68%] [32m[1mLinking CXX executable as2_motion_controller_find_mode_match_test[0m
[ 72%] Built target as2_motion_controller_find_mode_match_test
[ 75%] Built target as2_motion_controller_node
[ 79%] Built target differential_flatness_controller
[35m[1mConsolidate compiler generated dependencies of target as2_motion_controller_differential_flatness_controller_gtest[0m
[ 82%] Built target pid_speed_controller
[ 86%] [32m[1mLinking CXX executable as2_motion_controller_differential_flatness_controller_gtest[0m
[35m[1mConsolidate compiler generated dependencies of target as2_motion_controller_pid_speed_controller_gtest[0m
[ 89%] [32m[1mLinking CXX executable as2_motion_controller_pid_speed_controller_gtest[0m
[ 93%] Built target as2_motion_controller_as2_motion_controller_gtest
[ 96%] Built target as2_motion_controller_differential_flatness_controller_gtest
[100%] Built target as2_motion_controller_pid_speed_controller_gtest
-- Install configuration: "Release"
-- Execute custom install script
-- Up-to-date symlink: /root/aerostack2_ws/install/as2_motion_controller/lib/as2_motion_controller/as2_motion_controller_node
-- Up-to-date symlink: /root/aerostack2_ws/install/as2_motion_controller/include/as2_motion_controller/controller_base.hpp
-- Up-to-date symlink: /root/aerostack2_ws/install/as2_motion_controller/include/as2_motion_controller/controller_handler.hpp
-- Up-to-date symlink: /root/aerostack2_ws/install/as2_motion_controller/include/as2_motion_controller/controller_manager.hpp
-- Up-to-date symlink: /root/aerostack2_ws/install/as2_motion_controller/share/as2_motion_controller/environment/library_path.sh
-- Up-to-date symlink: /root/aerostack2_ws/install/as2_motion_controller/share/as2_motion_controller/environment/library_path.dsv
-- Up-to-date symlink: /root/aerostack2_ws/install/as2_motion_controller/include/differential_flatness_controller/differential_flatness_controller.hpp
-- Up-to-date symlink: /root/aerostack2_ws/install/as2_motion_controller/include/pid_speed_controller/pid_speed_controller.hpp
-- Up-to-date symlink: /root/aerostack2_ws/install/as2_motion_controller/share/as2_motion_controller//plugins.xml
-- Up-to-date symlink: /root/aerostack2_ws/install/as2_motion_controller/share/as2_motion_controller/plugins/differential_flatness_controller/config/available_modes.yaml
-- Up-to-date symlink: /root/aerostack2_ws/install/as2_motion_controller/share/as2_motion_controller/plugins/differential_flatness_controller/config/controller_default.yaml
-- Up-to-date symlink: /root/aerostack2_ws/install/as2_motion_controller/share/as2_motion_controller/plugins/pid_speed_controller/config/available_modes.yaml
-- Up-to-date symlink: /root/aerostack2_ws/install/as2_motion_controller/share/as2_motion_controller/plugins/pid_speed_controller/config/controller_default.yaml
-- Up-to-date symlink: /root/aerostack2_ws/install/as2_motion_controller/share/as2_motion_controller/launch/controller_launch.py
-- Up-to-date symlink: /root/aerostack2_ws/install/as2_motion_controller/share/as2_motion_controller/launch/differential_flatness_controller.launch.py
-- Up-to-date symlink: /root/aerostack2_ws/install/as2_motion_controller/share/as2_motion_controller/launch/pid_speed_controller.launch.py
-- Up-to-date symlink: /root/aerostack2_ws/install/as2_motion_controller/share/as2_motion_controller/config/motion_controller_default.yaml
-- Up-to-date symlink: /root/aerostack2_ws/install/as2_motion_controller/share/ament_index/resource_index/package_run_dependencies/as2_motion_controller
-- Up-to-date symlink: /root/aerostack2_ws/install/as2_motion_controller/share/ament_index/resource_index/parent_prefix_path/as2_motion_controller
-- Up-to-date symlink: /root/aerostack2_ws/install/as2_motion_controller/share/as2_motion_controller/environment/ament_prefix_path.sh
-- Up-to-date symlink: /root/aerostack2_ws/install/as2_motion_controller/share/as2_motion_controller/environment/ament_prefix_path.dsv
-- Up-to-date symlink: /root/aerostack2_ws/install/as2_motion_controller/share/as2_motion_controller/environment/path.sh
-- Up-to-date symlink: /root/aerostack2_ws/install/as2_motion_controller/share/as2_motion_controller/environment/path.dsv
-- Up-to-date symlink: /root/aerostack2_ws/install/as2_motion_controller/share/as2_motion_controller/local_setup.bash
-- Up-to-date symlink: /root/aerostack2_ws/install/as2_motion_controller/share/as2_motion_controller/local_setup.sh
-- Up-to-date symlink: /root/aerostack2_ws/install/as2_motion_controller/share/as2_motion_controller/local_setup.zsh
-- Up-to-date symlink: /root/aerostack2_ws/install/as2_motion_controller/share/as2_motion_controller/local_setup.dsv
-- Symlinking: /root/aerostack2_ws/install/as2_motion_controller/share/as2_motion_controller/package.dsv
-- Up-to-date symlink: /root/aerostack2_ws/install/as2_motion_controller/share/ament_index/resource_index/packages/as2_motion_controller
-- Up-to-date symlink: /root/aerostack2_ws/install/as2_motion_controller/share/ament_index/resource_index/as2_motion_controller__pluginlib__plugin/as2_motion_controller
-- Up-to-date symlink: /root/aerostack2_ws/install/as2_motion_controller/share/as2_motion_controller/cmake/ament_cmake_export_include_directories-extras.cmake
-- Up-to-date symlink: /root/aerostack2_ws/install/as2_motion_controller/share/as2_motion_controller/cmake/ament_cmake_export_libraries-extras.cmake
-- Up-to-date symlink: /root/aerostack2_ws/install/as2_motion_controller/share/as2_motion_controller/cmake/as2_motion_controllerConfig.cmake
-- Up-to-date symlink: /root/aerostack2_ws/install/as2_motion_controller/share/as2_motion_controller/cmake/as2_motion_controllerConfig-version.cmake
-- Up-to-date symlink: /root/aerostack2_ws/install/as2_motion_controller/share/as2_motion_controller/package.xml
-- Installing: /root/aerostack2_ws/install/as2_motion_controller/lib/libas2_motion_controller.so
-- Set runtime path of "/root/aerostack2_ws/install/as2_motion_controller/lib/libas2_motion_controller.so" to ""
-- Installing: /root/aerostack2_ws/install/as2_motion_controller/lib/libas2_motion_controller_plugin_base.so
-- Set runtime path of "/root/aerostack2_ws/install/as2_motion_controller/lib/libas2_motion_controller_plugin_base.so" to ""
-- Installing: /root/aerostack2_ws/install/as2_motion_controller/lib/libdifferential_flatness_controller.so
-- Set runtime path of "/root/aerostack2_ws/install/as2_motion_controller/lib/libdifferential_flatness_controller.so" to ""
-- Installing: /root/aerostack2_ws/install/as2_motion_controller/lib/libpid_speed_controller.so
-- Set runtime path of "/root/aerostack2_ws/install/as2_motion_controller/lib/libpid_speed_controller.so" to ""
