[0.116s] Invoking command in '/root/aerostack2_ws/build/as2_motion_controller': CMAKE_PREFIX_PATH=/root/aerostack2_ws/install/as2_motion_reference_handlers:/root/aerostack2_ws/install/as2_core:/root/aerostack2_ws/install/as2_msgs:/root/aerostack2_ws/src/aerostack2/install/as2_motion_reference_handlers:/root/aerostack2_ws/src/aerostack2/install/as2_map_server:/root/aerostack2_ws/src/aerostack2/install/as2_geozones:/root/aerostack2_ws/src/aerostack2/install/as2_behavior:/root/aerostack2_ws/src/aerostack2/install/as2_core:/root/aerostack2_ws/src/aerostack2/install/as2_msgs:/root/aerostack2_ws/src/aerostack2/install/as2_cli:/root/aerostack2_ws/install/aerostack2:/root/aerostack2_ws/install/as2_usb_camera_interface:/root/aerostack2_ws/install/as2_state_estimator:/root/aerostack2_ws/install/as2_rviz_plugins:/root/aerostack2_ws/install/as2_realsense_interface:/root/aerostack2_ws/install/as2_platform_multirotor_simulator:/root/aerostack2_ws/install/as2_platform_gazebo:/root/aerostack2_ws/install/as2_motion_controller:/root/aerostack2_ws/install/as2_behaviors_trajectory_generation:/root/aerostack2_ws/install/as2_behaviors_swarm_flocking:/root/aerostack2_ws/install/as2_behaviors_motion:/root/aerostack2_ws/install/as2_map_server:/root/aerostack2_ws/install/as2_geozones:/root/aerostack2_ws/install/as2_gazebo_assets:/root/aerostack2_ws/install/as2_external_object_to_tf:/root/aerostack2_ws/install/as2_behaviors_platform:/root/aerostack2_ws/install/as2_behaviors_perception:/root/aerostack2_ws/install/as2_behaviors_path_planning:/root/aerostack2_ws/install/as2_behavior_tree:/root/aerostack2_ws/install/as2_behavior:/root/aerostack2_ws/install/as2_alphanumeric_viewer:/root/aerostack2_ws/install/as2_cli:/root/aerostack2_ws/src/aerostack2/install/as2_python_api:/root/aerostack2_ws/install/as2_visualization:/root/aerostack2_ws/install/as2_keyboard_teleoperation:/root/aerostack2_ws/install/as2_python_api:/opt/ros/humble LD_LIBRARY_PATH=/root/aerostack2_ws/install/as2_core/lib:/root/aerostack2_ws/install/as2_msgs/lib:/root/aerostack2_ws/src/aerostack2/install/as2_python_api/lib:/root/aerostack2_ws/src/aerostack2/install/as2_motion_reference_handlers/lib:/root/aerostack2_ws/src/aerostack2/install/as2_map_server/lib:/root/aerostack2_ws/src/aerostack2/install/as2_behavior/lib:/root/aerostack2_ws/src/aerostack2/install/as2_core/lib:/root/aerostack2_ws/src/aerostack2/install/as2_msgs/lib:/root/aerostack2_ws/install/as2_state_estimator/lib:/root/aerostack2_ws/install/as2_python_api/lib:/root/aerostack2_ws/install/as2_motion_controller/lib:/root/aerostack2_ws/install/as2_behaviors_trajectory_generation/lib:/root/aerostack2_ws/install/as2_behaviors_swarm_flocking/lib:/root/aerostack2_ws/install/as2_behaviors_motion/lib:/root/aerostack2_ws/install/as2_motion_reference_handlers/lib:/root/aerostack2_ws/install/as2_map_server/lib:/root/aerostack2_ws/install/as2_gazebo_assets/lib:/root/aerostack2_ws/install/as2_behaviors_perception/lib:/root/aerostack2_ws/install/as2_behaviors_path_planning/lib:/root/aerostack2_ws/install/as2_behavior_tree/lib:/root/aerostack2_ws/install/as2_behavior/lib:/opt/ros/humble/opt/rviz_ogre_vendor/lib:/opt/ros/humble/lib/x86_64-linux-gnu:/opt/ros/humble/lib /usr/bin/cmake /root/aerostack2_ws/src/aerostack2/as2_motion_controller -DAMENT_CMAKE_SYMLINK_INSTALL=1 -DCMAKE_INSTALL_PREFIX=/root/aerostack2_ws/install/as2_motion_controller
[0.199s] -- Found ament_cmake: 1.3.12 (/opt/ros/humble/share/ament_cmake/cmake)
[0.397s] -- Override CMake install command with custom implementation using symlinks instead of copying resources
[0.408s] -- Found rclcpp: 16.0.15 (/opt/ros/humble/share/rclcpp/cmake)
[0.439s] -- Found rosidl_generator_c: 3.1.7 (/opt/ros/humble/share/rosidl_generator_c/cmake)
[0.441s] -- Found rosidl_adapter: 3.1.7 (/opt/ros/humble/share/rosidl_adapter/cmake)
[0.447s] -- Found rosidl_generator_cpp: 3.1.7 (/opt/ros/humble/share/rosidl_generator_cpp/cmake)
[0.456s] -- Using all available rosidl_typesupport_c: rosidl_typesupport_fastrtps_c;rosidl_typesupport_introspection_c
[0.468s] -- Using all available rosidl_typesupport_cpp: rosidl_typesupport_fastrtps_cpp;rosidl_typesupport_introspection_cpp
[0.497s] -- Found rmw_implementation_cmake: 6.1.2 (/opt/ros/humble/share/rmw_implementation_cmake/cmake)
[0.499s] -- Found rmw_fastrtps_cpp: 6.2.9 (/opt/ros/humble/share/rmw_fastrtps_cpp/cmake)
[0.652s] -- Using RMW implementation 'rmw_fastrtps_cpp' as default
[0.714s] -- Found pluginlib: 5.1.2 (/opt/ros/humble/share/pluginlib/cmake)
[0.747s] -- Found as2_core: 1.1.3 (/root/aerostack2_ws/install/as2_core/share/as2_core/cmake)
[0.747s] -- Created yaml-cpp::yaml-cpp alias from yaml-cpp target
[0.751s] -- Created GeographicLib::GeographicLib target from legacy variables
[0.993s] -- Found eigen3_cmake_module: 0.1.1 (/opt/ros/humble/share/eigen3_cmake_module/cmake)
[0.993s] -- Ensuring Eigen3 include directory is part of orocos-kdl CMake target
[1.243s] -- Found as2_motion_reference_handlers: 1.1.3 (/root/aerostack2_ws/install/as2_motion_reference_handlers/share/as2_motion_reference_handlers/cmake)
[1.361s] -- Found ament_cmake_gtest: 1.3.12 (/opt/ros/humble/share/ament_cmake_gtest/cmake)
[1.362s] -- Found gtest sources under '/opt/ros/humble/src/gtest_vendor': C++ tests using 'Google Test' will be built
[1.380s] -- pid_controller not found
[1.850s] -- Found ament_cmake_gtest: 1.3.12 (/opt/ros/humble/share/ament_cmake_gtest/cmake)
[1.851s] -- Found gtest sources under '/opt/ros/humble/src/gtest_vendor': C++ tests using 'Google Test' will be built
[1.866s] -- Found ament_lint_auto: 0.12.14 (/opt/ros/humble/share/ament_lint_auto/cmake)
[2.001s] -- Found gtest sources under '/opt/ros/humble/src/gtest_vendor': C++ tests using 'Google Test' will be built
[2.020s] -- Added test 'copyright' to check source files copyright and LICENSE
[2.028s] -- Added test 'cppcheck' to perform static code analysis on C / C++ code
[2.028s] -- Configured cppcheck include dirs: /root/aerostack2_ws/src/aerostack2/as2_motion_controller/include;/root/aerostack2_ws/src/aerostack2/as2_motion_controller/include/as2_motion_controller;$<BUILD_INTERFACE:/root/aerostack2_ws/src/aerostack2/as2_motion_controller/include>
[2.028s] -- Configured cppcheck exclude dirs and/or files: 
[2.038s] -- Added test 'cpplint' to check C / C++ code against the Google style
[2.038s] -- Configured cpplint exclude dirs and/or files: 
[2.038s] -- Added test 'flake8' to check Python code syntax and style conventions
[2.038s] -- Added test 'lint_cmake' to check CMake code style
[2.038s] -- Added test 'pep257' to check Python code against some of the docstring style conventions in PEP 257
[2.041s] -- Added test 'uncrustify' to check C / C++ code style
[2.041s] -- Configured uncrustify additional arguments: 
[2.043s] -- Added test 'xmllint' to check XML markup files
[2.046s] -- Configuring done
[2.238s] -- Generating done
[2.306s] -- Build files have been written to: /root/aerostack2_ws/build/as2_motion_controller
[2.345s] Invoked command in '/root/aerostack2_ws/build/as2_motion_controller' returned '0': CMAKE_PREFIX_PATH=/root/aerostack2_ws/install/as2_motion_reference_handlers:/root/aerostack2_ws/install/as2_core:/root/aerostack2_ws/install/as2_msgs:/root/aerostack2_ws/src/aerostack2/install/as2_motion_reference_handlers:/root/aerostack2_ws/src/aerostack2/install/as2_map_server:/root/aerostack2_ws/src/aerostack2/install/as2_geozones:/root/aerostack2_ws/src/aerostack2/install/as2_behavior:/root/aerostack2_ws/src/aerostack2/install/as2_core:/root/aerostack2_ws/src/aerostack2/install/as2_msgs:/root/aerostack2_ws/src/aerostack2/install/as2_cli:/root/aerostack2_ws/install/aerostack2:/root/aerostack2_ws/install/as2_usb_camera_interface:/root/aerostack2_ws/install/as2_state_estimator:/root/aerostack2_ws/install/as2_rviz_plugins:/root/aerostack2_ws/install/as2_realsense_interface:/root/aerostack2_ws/install/as2_platform_multirotor_simulator:/root/aerostack2_ws/install/as2_platform_gazebo:/root/aerostack2_ws/install/as2_motion_controller:/root/aerostack2_ws/install/as2_behaviors_trajectory_generation:/root/aerostack2_ws/install/as2_behaviors_swarm_flocking:/root/aerostack2_ws/install/as2_behaviors_motion:/root/aerostack2_ws/install/as2_map_server:/root/aerostack2_ws/install/as2_geozones:/root/aerostack2_ws/install/as2_gazebo_assets:/root/aerostack2_ws/install/as2_external_object_to_tf:/root/aerostack2_ws/install/as2_behaviors_platform:/root/aerostack2_ws/install/as2_behaviors_perception:/root/aerostack2_ws/install/as2_behaviors_path_planning:/root/aerostack2_ws/install/as2_behavior_tree:/root/aerostack2_ws/install/as2_behavior:/root/aerostack2_ws/install/as2_alphanumeric_viewer:/root/aerostack2_ws/install/as2_cli:/root/aerostack2_ws/src/aerostack2/install/as2_python_api:/root/aerostack2_ws/install/as2_visualization:/root/aerostack2_ws/install/as2_keyboard_teleoperation:/root/aerostack2_ws/install/as2_python_api:/opt/ros/humble LD_LIBRARY_PATH=/root/aerostack2_ws/install/as2_core/lib:/root/aerostack2_ws/install/as2_msgs/lib:/root/aerostack2_ws/src/aerostack2/install/as2_python_api/lib:/root/aerostack2_ws/src/aerostack2/install/as2_motion_reference_handlers/lib:/root/aerostack2_ws/src/aerostack2/install/as2_map_server/lib:/root/aerostack2_ws/src/aerostack2/install/as2_behavior/lib:/root/aerostack2_ws/src/aerostack2/install/as2_core/lib:/root/aerostack2_ws/src/aerostack2/install/as2_msgs/lib:/root/aerostack2_ws/install/as2_state_estimator/lib:/root/aerostack2_ws/install/as2_python_api/lib:/root/aerostack2_ws/install/as2_motion_controller/lib:/root/aerostack2_ws/install/as2_behaviors_trajectory_generation/lib:/root/aerostack2_ws/install/as2_behaviors_swarm_flocking/lib:/root/aerostack2_ws/install/as2_behaviors_motion/lib:/root/aerostack2_ws/install/as2_motion_reference_handlers/lib:/root/aerostack2_ws/install/as2_map_server/lib:/root/aerostack2_ws/install/as2_gazebo_assets/lib:/root/aerostack2_ws/install/as2_behaviors_perception/lib:/root/aerostack2_ws/install/as2_behaviors_path_planning/lib:/root/aerostack2_ws/install/as2_behavior_tree/lib:/root/aerostack2_ws/install/as2_behavior/lib:/opt/ros/humble/opt/rviz_ogre_vendor/lib:/opt/ros/humble/lib/x86_64-linux-gnu:/opt/ros/humble/lib /usr/bin/cmake /root/aerostack2_ws/src/aerostack2/as2_motion_controller -DAMENT_CMAKE_SYMLINK_INSTALL=1 -DCMAKE_INSTALL_PREFIX=/root/aerostack2_ws/install/as2_motion_controller
[2.345s] Invoking command in '/root/aerostack2_ws/build/as2_motion_controller': CMAKE_PREFIX_PATH=/root/aerostack2_ws/install/as2_motion_reference_handlers:/root/aerostack2_ws/install/as2_core:/root/aerostack2_ws/install/as2_msgs:/root/aerostack2_ws/src/aerostack2/install/as2_motion_reference_handlers:/root/aerostack2_ws/src/aerostack2/install/as2_map_server:/root/aerostack2_ws/src/aerostack2/install/as2_geozones:/root/aerostack2_ws/src/aerostack2/install/as2_behavior:/root/aerostack2_ws/src/aerostack2/install/as2_core:/root/aerostack2_ws/src/aerostack2/install/as2_msgs:/root/aerostack2_ws/src/aerostack2/install/as2_cli:/root/aerostack2_ws/install/aerostack2:/root/aerostack2_ws/install/as2_usb_camera_interface:/root/aerostack2_ws/install/as2_state_estimator:/root/aerostack2_ws/install/as2_rviz_plugins:/root/aerostack2_ws/install/as2_realsense_interface:/root/aerostack2_ws/install/as2_platform_multirotor_simulator:/root/aerostack2_ws/install/as2_platform_gazebo:/root/aerostack2_ws/install/as2_motion_controller:/root/aerostack2_ws/install/as2_behaviors_trajectory_generation:/root/aerostack2_ws/install/as2_behaviors_swarm_flocking:/root/aerostack2_ws/install/as2_behaviors_motion:/root/aerostack2_ws/install/as2_map_server:/root/aerostack2_ws/install/as2_geozones:/root/aerostack2_ws/install/as2_gazebo_assets:/root/aerostack2_ws/install/as2_external_object_to_tf:/root/aerostack2_ws/install/as2_behaviors_platform:/root/aerostack2_ws/install/as2_behaviors_perception:/root/aerostack2_ws/install/as2_behaviors_path_planning:/root/aerostack2_ws/install/as2_behavior_tree:/root/aerostack2_ws/install/as2_behavior:/root/aerostack2_ws/install/as2_alphanumeric_viewer:/root/aerostack2_ws/install/as2_cli:/root/aerostack2_ws/src/aerostack2/install/as2_python_api:/root/aerostack2_ws/install/as2_visualization:/root/aerostack2_ws/install/as2_keyboard_teleoperation:/root/aerostack2_ws/install/as2_python_api:/opt/ros/humble LD_LIBRARY_PATH=/root/aerostack2_ws/install/as2_core/lib:/root/aerostack2_ws/install/as2_msgs/lib:/root/aerostack2_ws/src/aerostack2/install/as2_python_api/lib:/root/aerostack2_ws/src/aerostack2/install/as2_motion_reference_handlers/lib:/root/aerostack2_ws/src/aerostack2/install/as2_map_server/lib:/root/aerostack2_ws/src/aerostack2/install/as2_behavior/lib:/root/aerostack2_ws/src/aerostack2/install/as2_core/lib:/root/aerostack2_ws/src/aerostack2/install/as2_msgs/lib:/root/aerostack2_ws/install/as2_state_estimator/lib:/root/aerostack2_ws/install/as2_python_api/lib:/root/aerostack2_ws/install/as2_motion_controller/lib:/root/aerostack2_ws/install/as2_behaviors_trajectory_generation/lib:/root/aerostack2_ws/install/as2_behaviors_swarm_flocking/lib:/root/aerostack2_ws/install/as2_behaviors_motion/lib:/root/aerostack2_ws/install/as2_motion_reference_handlers/lib:/root/aerostack2_ws/install/as2_map_server/lib:/root/aerostack2_ws/install/as2_gazebo_assets/lib:/root/aerostack2_ws/install/as2_behaviors_perception/lib:/root/aerostack2_ws/install/as2_behaviors_path_planning/lib:/root/aerostack2_ws/install/as2_behavior_tree/lib:/root/aerostack2_ws/install/as2_behavior/lib:/opt/ros/humble/opt/rviz_ogre_vendor/lib:/opt/ros/humble/lib/x86_64-linux-gnu:/opt/ros/humble/lib /usr/bin/cmake --build /root/aerostack2_ws/build/as2_motion_controller -- -j8 -l8
[2.461s] [35m[1mConsolidate compiler generated dependencies of target gtest[0m
[2.465s] [35m[1mConsolidate compiler generated dependencies of target as2_motion_controller[0m
[2.477s] [35m[1mConsolidate compiler generated dependencies of target gtest_main[0m
[2.496s] [  3%] [32m[1mLinking CXX shared library libas2_motion_controller_plugin_base.so[0m
[2.498s] [  6%] Built target pid_controller
[2.531s] [ 13%] Built target gtest_main
[2.536s] [ 20%] Built target gtest
[2.536s] [35m[1mConsolidate compiler generated dependencies of target pid_controller_saturate_output_gtest[0m
[2.545s] [35m[1mConsolidate compiler generated dependencies of target pid_controller_pid_gtest[0m
[2.549s] [35m[1mConsolidate compiler generated dependencies of target pid_controller_pid_1d_gtest[0m
[2.560s] [ 24%] [32m[1mLinking CXX shared library libas2_motion_controller.so[0m
[2.587s] [ 31%] Built target pid_controller_saturate_output_gtest
[2.596s] [ 37%] Built target pid_controller_pid_1d_gtest
[2.599s] [ 44%] Built target pid_controller_pid_gtest
[2.681s] [ 44%] Built target as2_motion_controller_plugin_base
[3.227s] [ 51%] Built target as2_motion_controller
[3.259s] [35m[1mConsolidate compiler generated dependencies of target differential_flatness_controller[0m
[3.265s] [35m[1mConsolidate compiler generated dependencies of target as2_motion_controller_node[0m
[3.274s] [35m[1mConsolidate compiler generated dependencies of target pid_speed_controller[0m
[3.275s] [35m[1mConsolidate compiler generated dependencies of target as2_motion_controller_find_mode_match_test[0m
[3.280s] [35m[1mConsolidate compiler generated dependencies of target as2_motion_controller_as2_motion_controller_gtest[0m
[3.329s] [ 55%] [32m[1mLinking CXX executable as2_motion_controller_node[0m
[3.329s] [ 58%] [32m[1mLinking CXX executable as2_motion_controller_as2_motion_controller_gtest[0m
[3.332s] [ 62%] [32m[1mLinking CXX shared library libdifferential_flatness_controller.so[0m
[3.332s] [ 65%] [32m[1mLinking CXX shared library libpid_speed_controller.so[0m
[3.333s] [ 68%] [32m[1mLinking CXX executable as2_motion_controller_find_mode_match_test[0m
[3.670s] [ 72%] Built target as2_motion_controller_find_mode_match_test
[3.776s] [ 75%] Built target as2_motion_controller_node
[3.782s] [ 79%] Built target differential_flatness_controller
[3.812s] [35m[1mConsolidate compiler generated dependencies of target as2_motion_controller_differential_flatness_controller_gtest[0m
[3.849s] [ 82%] Built target pid_speed_controller
[3.855s] [ 86%] [32m[1mLinking CXX executable as2_motion_controller_differential_flatness_controller_gtest[0m
[3.874s] [35m[1mConsolidate compiler generated dependencies of target as2_motion_controller_pid_speed_controller_gtest[0m
[3.928s] [ 89%] [32m[1mLinking CXX executable as2_motion_controller_pid_speed_controller_gtest[0m
[3.937s] [ 93%] Built target as2_motion_controller_as2_motion_controller_gtest
[4.193s] [ 96%] Built target as2_motion_controller_differential_flatness_controller_gtest
[4.285s] [100%] Built target as2_motion_controller_pid_speed_controller_gtest
[4.300s] Invoked command in '/root/aerostack2_ws/build/as2_motion_controller' returned '0': CMAKE_PREFIX_PATH=/root/aerostack2_ws/install/as2_motion_reference_handlers:/root/aerostack2_ws/install/as2_core:/root/aerostack2_ws/install/as2_msgs:/root/aerostack2_ws/src/aerostack2/install/as2_motion_reference_handlers:/root/aerostack2_ws/src/aerostack2/install/as2_map_server:/root/aerostack2_ws/src/aerostack2/install/as2_geozones:/root/aerostack2_ws/src/aerostack2/install/as2_behavior:/root/aerostack2_ws/src/aerostack2/install/as2_core:/root/aerostack2_ws/src/aerostack2/install/as2_msgs:/root/aerostack2_ws/src/aerostack2/install/as2_cli:/root/aerostack2_ws/install/aerostack2:/root/aerostack2_ws/install/as2_usb_camera_interface:/root/aerostack2_ws/install/as2_state_estimator:/root/aerostack2_ws/install/as2_rviz_plugins:/root/aerostack2_ws/install/as2_realsense_interface:/root/aerostack2_ws/install/as2_platform_multirotor_simulator:/root/aerostack2_ws/install/as2_platform_gazebo:/root/aerostack2_ws/install/as2_motion_controller:/root/aerostack2_ws/install/as2_behaviors_trajectory_generation:/root/aerostack2_ws/install/as2_behaviors_swarm_flocking:/root/aerostack2_ws/install/as2_behaviors_motion:/root/aerostack2_ws/install/as2_map_server:/root/aerostack2_ws/install/as2_geozones:/root/aerostack2_ws/install/as2_gazebo_assets:/root/aerostack2_ws/install/as2_external_object_to_tf:/root/aerostack2_ws/install/as2_behaviors_platform:/root/aerostack2_ws/install/as2_behaviors_perception:/root/aerostack2_ws/install/as2_behaviors_path_planning:/root/aerostack2_ws/install/as2_behavior_tree:/root/aerostack2_ws/install/as2_behavior:/root/aerostack2_ws/install/as2_alphanumeric_viewer:/root/aerostack2_ws/install/as2_cli:/root/aerostack2_ws/src/aerostack2/install/as2_python_api:/root/aerostack2_ws/install/as2_visualization:/root/aerostack2_ws/install/as2_keyboard_teleoperation:/root/aerostack2_ws/install/as2_python_api:/opt/ros/humble LD_LIBRARY_PATH=/root/aerostack2_ws/install/as2_core/lib:/root/aerostack2_ws/install/as2_msgs/lib:/root/aerostack2_ws/src/aerostack2/install/as2_python_api/lib:/root/aerostack2_ws/src/aerostack2/install/as2_motion_reference_handlers/lib:/root/aerostack2_ws/src/aerostack2/install/as2_map_server/lib:/root/aerostack2_ws/src/aerostack2/install/as2_behavior/lib:/root/aerostack2_ws/src/aerostack2/install/as2_core/lib:/root/aerostack2_ws/src/aerostack2/install/as2_msgs/lib:/root/aerostack2_ws/install/as2_state_estimator/lib:/root/aerostack2_ws/install/as2_python_api/lib:/root/aerostack2_ws/install/as2_motion_controller/lib:/root/aerostack2_ws/install/as2_behaviors_trajectory_generation/lib:/root/aerostack2_ws/install/as2_behaviors_swarm_flocking/lib:/root/aerostack2_ws/install/as2_behaviors_motion/lib:/root/aerostack2_ws/install/as2_motion_reference_handlers/lib:/root/aerostack2_ws/install/as2_map_server/lib:/root/aerostack2_ws/install/as2_gazebo_assets/lib:/root/aerostack2_ws/install/as2_behaviors_perception/lib:/root/aerostack2_ws/install/as2_behaviors_path_planning/lib:/root/aerostack2_ws/install/as2_behavior_tree/lib:/root/aerostack2_ws/install/as2_behavior/lib:/opt/ros/humble/opt/rviz_ogre_vendor/lib:/opt/ros/humble/lib/x86_64-linux-gnu:/opt/ros/humble/lib /usr/bin/cmake --build /root/aerostack2_ws/build/as2_motion_controller -- -j8 -l8
[4.303s] Invoking command in '/root/aerostack2_ws/build/as2_motion_controller': CMAKE_PREFIX_PATH=/root/aerostack2_ws/install/as2_motion_reference_handlers:/root/aerostack2_ws/install/as2_core:/root/aerostack2_ws/install/as2_msgs:/root/aerostack2_ws/src/aerostack2/install/as2_motion_reference_handlers:/root/aerostack2_ws/src/aerostack2/install/as2_map_server:/root/aerostack2_ws/src/aerostack2/install/as2_geozones:/root/aerostack2_ws/src/aerostack2/install/as2_behavior:/root/aerostack2_ws/src/aerostack2/install/as2_core:/root/aerostack2_ws/src/aerostack2/install/as2_msgs:/root/aerostack2_ws/src/aerostack2/install/as2_cli:/root/aerostack2_ws/install/aerostack2:/root/aerostack2_ws/install/as2_usb_camera_interface:/root/aerostack2_ws/install/as2_state_estimator:/root/aerostack2_ws/install/as2_rviz_plugins:/root/aerostack2_ws/install/as2_realsense_interface:/root/aerostack2_ws/install/as2_platform_multirotor_simulator:/root/aerostack2_ws/install/as2_platform_gazebo:/root/aerostack2_ws/install/as2_motion_controller:/root/aerostack2_ws/install/as2_behaviors_trajectory_generation:/root/aerostack2_ws/install/as2_behaviors_swarm_flocking:/root/aerostack2_ws/install/as2_behaviors_motion:/root/aerostack2_ws/install/as2_map_server:/root/aerostack2_ws/install/as2_geozones:/root/aerostack2_ws/install/as2_gazebo_assets:/root/aerostack2_ws/install/as2_external_object_to_tf:/root/aerostack2_ws/install/as2_behaviors_platform:/root/aerostack2_ws/install/as2_behaviors_perception:/root/aerostack2_ws/install/as2_behaviors_path_planning:/root/aerostack2_ws/install/as2_behavior_tree:/root/aerostack2_ws/install/as2_behavior:/root/aerostack2_ws/install/as2_alphanumeric_viewer:/root/aerostack2_ws/install/as2_cli:/root/aerostack2_ws/src/aerostack2/install/as2_python_api:/root/aerostack2_ws/install/as2_visualization:/root/aerostack2_ws/install/as2_keyboard_teleoperation:/root/aerostack2_ws/install/as2_python_api:/opt/ros/humble LD_LIBRARY_PATH=/root/aerostack2_ws/install/as2_core/lib:/root/aerostack2_ws/install/as2_msgs/lib:/root/aerostack2_ws/src/aerostack2/install/as2_python_api/lib:/root/aerostack2_ws/src/aerostack2/install/as2_motion_reference_handlers/lib:/root/aerostack2_ws/src/aerostack2/install/as2_map_server/lib:/root/aerostack2_ws/src/aerostack2/install/as2_behavior/lib:/root/aerostack2_ws/src/aerostack2/install/as2_core/lib:/root/aerostack2_ws/src/aerostack2/install/as2_msgs/lib:/root/aerostack2_ws/install/as2_state_estimator/lib:/root/aerostack2_ws/install/as2_python_api/lib:/root/aerostack2_ws/install/as2_motion_controller/lib:/root/aerostack2_ws/install/as2_behaviors_trajectory_generation/lib:/root/aerostack2_ws/install/as2_behaviors_swarm_flocking/lib:/root/aerostack2_ws/install/as2_behaviors_motion/lib:/root/aerostack2_ws/install/as2_motion_reference_handlers/lib:/root/aerostack2_ws/install/as2_map_server/lib:/root/aerostack2_ws/install/as2_gazebo_assets/lib:/root/aerostack2_ws/install/as2_behaviors_perception/lib:/root/aerostack2_ws/install/as2_behaviors_path_planning/lib:/root/aerostack2_ws/install/as2_behavior_tree/lib:/root/aerostack2_ws/install/as2_behavior/lib:/opt/ros/humble/opt/rviz_ogre_vendor/lib:/opt/ros/humble/lib/x86_64-linux-gnu:/opt/ros/humble/lib /usr/bin/cmake --install /root/aerostack2_ws/build/as2_motion_controller
[4.315s] -- Install configuration: "Release"
[4.316s] -- Execute custom install script
[4.316s] -- Up-to-date symlink: /root/aerostack2_ws/install/as2_motion_controller/lib/as2_motion_controller/as2_motion_controller_node
[4.318s] -- Up-to-date symlink: /root/aerostack2_ws/install/as2_motion_controller/include/as2_motion_controller/controller_base.hpp
[4.319s] -- Up-to-date symlink: /root/aerostack2_ws/install/as2_motion_controller/include/as2_motion_controller/controller_handler.hpp
[4.319s] -- Up-to-date symlink: /root/aerostack2_ws/install/as2_motion_controller/include/as2_motion_controller/controller_manager.hpp
[4.319s] -- Up-to-date symlink: /root/aerostack2_ws/install/as2_motion_controller/share/as2_motion_controller/environment/library_path.sh
[4.319s] -- Up-to-date symlink: /root/aerostack2_ws/install/as2_motion_controller/share/as2_motion_controller/environment/library_path.dsv
[4.319s] -- Up-to-date symlink: /root/aerostack2_ws/install/as2_motion_controller/include/differential_flatness_controller/differential_flatness_controller.hpp
[4.319s] -- Up-to-date symlink: /root/aerostack2_ws/install/as2_motion_controller/include/pid_speed_controller/pid_speed_controller.hpp
[4.319s] -- Up-to-date symlink: /root/aerostack2_ws/install/as2_motion_controller/share/as2_motion_controller//plugins.xml
[4.320s] -- Up-to-date symlink: /root/aerostack2_ws/install/as2_motion_controller/share/as2_motion_controller/plugins/differential_flatness_controller/config/available_modes.yaml
[4.320s] -- Up-to-date symlink: /root/aerostack2_ws/install/as2_motion_controller/share/as2_motion_controller/plugins/differential_flatness_controller/config/controller_default.yaml
[4.320s] -- Up-to-date symlink: /root/aerostack2_ws/install/as2_motion_controller/share/as2_motion_controller/plugins/pid_speed_controller/config/available_modes.yaml
[4.320s] -- Up-to-date symlink: /root/aerostack2_ws/install/as2_motion_controller/share/as2_motion_controller/plugins/pid_speed_controller/config/controller_default.yaml
[4.320s] -- Up-to-date symlink: /root/aerostack2_ws/install/as2_motion_controller/share/as2_motion_controller/launch/controller_launch.py
[4.320s] -- Up-to-date symlink: /root/aerostack2_ws/install/as2_motion_controller/share/as2_motion_controller/launch/differential_flatness_controller.launch.py
[4.320s] -- Up-to-date symlink: /root/aerostack2_ws/install/as2_motion_controller/share/as2_motion_controller/launch/pid_speed_controller.launch.py
[4.321s] -- Up-to-date symlink: /root/aerostack2_ws/install/as2_motion_controller/share/as2_motion_controller/config/motion_controller_default.yaml
[4.321s] -- Up-to-date symlink: /root/aerostack2_ws/install/as2_motion_controller/share/ament_index/resource_index/package_run_dependencies/as2_motion_controller
[4.321s] -- Up-to-date symlink: /root/aerostack2_ws/install/as2_motion_controller/share/ament_index/resource_index/parent_prefix_path/as2_motion_controller
[4.321s] -- Up-to-date symlink: /root/aerostack2_ws/install/as2_motion_controller/share/as2_motion_controller/environment/ament_prefix_path.sh
[4.321s] -- Up-to-date symlink: /root/aerostack2_ws/install/as2_motion_controller/share/as2_motion_controller/environment/ament_prefix_path.dsv
[4.322s] -- Up-to-date symlink: /root/aerostack2_ws/install/as2_motion_controller/share/as2_motion_controller/environment/path.sh
[4.322s] -- Up-to-date symlink: /root/aerostack2_ws/install/as2_motion_controller/share/as2_motion_controller/environment/path.dsv
[4.322s] -- Up-to-date symlink: /root/aerostack2_ws/install/as2_motion_controller/share/as2_motion_controller/local_setup.bash
[4.322s] -- Up-to-date symlink: /root/aerostack2_ws/install/as2_motion_controller/share/as2_motion_controller/local_setup.sh
[4.322s] -- Up-to-date symlink: /root/aerostack2_ws/install/as2_motion_controller/share/as2_motion_controller/local_setup.zsh
[4.323s] -- Up-to-date symlink: /root/aerostack2_ws/install/as2_motion_controller/share/as2_motion_controller/local_setup.dsv
[4.323s] -- Symlinking: /root/aerostack2_ws/install/as2_motion_controller/share/as2_motion_controller/package.dsv
[4.341s] -- Up-to-date symlink: /root/aerostack2_ws/install/as2_motion_controller/share/ament_index/resource_index/packages/as2_motion_controller
[4.341s] -- Up-to-date symlink: /root/aerostack2_ws/install/as2_motion_controller/share/ament_index/resource_index/as2_motion_controller__pluginlib__plugin/as2_motion_controller
[4.341s] -- Up-to-date symlink: /root/aerostack2_ws/install/as2_motion_controller/share/as2_motion_controller/cmake/ament_cmake_export_include_directories-extras.cmake
[4.341s] -- Up-to-date symlink: /root/aerostack2_ws/install/as2_motion_controller/share/as2_motion_controller/cmake/ament_cmake_export_libraries-extras.cmake
[4.341s] -- Up-to-date symlink: /root/aerostack2_ws/install/as2_motion_controller/share/as2_motion_controller/cmake/as2_motion_controllerConfig.cmake
[4.342s] -- Up-to-date symlink: /root/aerostack2_ws/install/as2_motion_controller/share/as2_motion_controller/cmake/as2_motion_controllerConfig-version.cmake
[4.342s] -- Up-to-date symlink: /root/aerostack2_ws/install/as2_motion_controller/share/as2_motion_controller/package.xml
[4.342s] -- Installing: /root/aerostack2_ws/install/as2_motion_controller/lib/libas2_motion_controller.so
[4.349s] -- Set runtime path of "/root/aerostack2_ws/install/as2_motion_controller/lib/libas2_motion_controller.so" to ""
[4.349s] -- Installing: /root/aerostack2_ws/install/as2_motion_controller/lib/libas2_motion_controller_plugin_base.so
[4.349s] -- Set runtime path of "/root/aerostack2_ws/install/as2_motion_controller/lib/libas2_motion_controller_plugin_base.so" to ""
[4.350s] -- Installing: /root/aerostack2_ws/install/as2_motion_controller/lib/libdifferential_flatness_controller.so
[4.350s] -- Set runtime path of "/root/aerostack2_ws/install/as2_motion_controller/lib/libdifferential_flatness_controller.so" to ""
[4.351s] -- Installing: /root/aerostack2_ws/install/as2_motion_controller/lib/libpid_speed_controller.so
[4.352s] -- Set runtime path of "/root/aerostack2_ws/install/as2_motion_controller/lib/libpid_speed_controller.so" to ""
[4.356s] Invoked command in '/root/aerostack2_ws/build/as2_motion_controller' returned '0': CMAKE_PREFIX_PATH=/root/aerostack2_ws/install/as2_motion_reference_handlers:/root/aerostack2_ws/install/as2_core:/root/aerostack2_ws/install/as2_msgs:/root/aerostack2_ws/src/aerostack2/install/as2_motion_reference_handlers:/root/aerostack2_ws/src/aerostack2/install/as2_map_server:/root/aerostack2_ws/src/aerostack2/install/as2_geozones:/root/aerostack2_ws/src/aerostack2/install/as2_behavior:/root/aerostack2_ws/src/aerostack2/install/as2_core:/root/aerostack2_ws/src/aerostack2/install/as2_msgs:/root/aerostack2_ws/src/aerostack2/install/as2_cli:/root/aerostack2_ws/install/aerostack2:/root/aerostack2_ws/install/as2_usb_camera_interface:/root/aerostack2_ws/install/as2_state_estimator:/root/aerostack2_ws/install/as2_rviz_plugins:/root/aerostack2_ws/install/as2_realsense_interface:/root/aerostack2_ws/install/as2_platform_multirotor_simulator:/root/aerostack2_ws/install/as2_platform_gazebo:/root/aerostack2_ws/install/as2_motion_controller:/root/aerostack2_ws/install/as2_behaviors_trajectory_generation:/root/aerostack2_ws/install/as2_behaviors_swarm_flocking:/root/aerostack2_ws/install/as2_behaviors_motion:/root/aerostack2_ws/install/as2_map_server:/root/aerostack2_ws/install/as2_geozones:/root/aerostack2_ws/install/as2_gazebo_assets:/root/aerostack2_ws/install/as2_external_object_to_tf:/root/aerostack2_ws/install/as2_behaviors_platform:/root/aerostack2_ws/install/as2_behaviors_perception:/root/aerostack2_ws/install/as2_behaviors_path_planning:/root/aerostack2_ws/install/as2_behavior_tree:/root/aerostack2_ws/install/as2_behavior:/root/aerostack2_ws/install/as2_alphanumeric_viewer:/root/aerostack2_ws/install/as2_cli:/root/aerostack2_ws/src/aerostack2/install/as2_python_api:/root/aerostack2_ws/install/as2_visualization:/root/aerostack2_ws/install/as2_keyboard_teleoperation:/root/aerostack2_ws/install/as2_python_api:/opt/ros/humble LD_LIBRARY_PATH=/root/aerostack2_ws/install/as2_core/lib:/root/aerostack2_ws/install/as2_msgs/lib:/root/aerostack2_ws/src/aerostack2/install/as2_python_api/lib:/root/aerostack2_ws/src/aerostack2/install/as2_motion_reference_handlers/lib:/root/aerostack2_ws/src/aerostack2/install/as2_map_server/lib:/root/aerostack2_ws/src/aerostack2/install/as2_behavior/lib:/root/aerostack2_ws/src/aerostack2/install/as2_core/lib:/root/aerostack2_ws/src/aerostack2/install/as2_msgs/lib:/root/aerostack2_ws/install/as2_state_estimator/lib:/root/aerostack2_ws/install/as2_python_api/lib:/root/aerostack2_ws/install/as2_motion_controller/lib:/root/aerostack2_ws/install/as2_behaviors_trajectory_generation/lib:/root/aerostack2_ws/install/as2_behaviors_swarm_flocking/lib:/root/aerostack2_ws/install/as2_behaviors_motion/lib:/root/aerostack2_ws/install/as2_motion_reference_handlers/lib:/root/aerostack2_ws/install/as2_map_server/lib:/root/aerostack2_ws/install/as2_gazebo_assets/lib:/root/aerostack2_ws/install/as2_behaviors_perception/lib:/root/aerostack2_ws/install/as2_behaviors_path_planning/lib:/root/aerostack2_ws/install/as2_behavior_tree/lib:/root/aerostack2_ws/install/as2_behavior/lib:/opt/ros/humble/opt/rviz_ogre_vendor/lib:/opt/ros/humble/lib/x86_64-linux-gnu:/opt/ros/humble/lib /usr/bin/cmake --install /root/aerostack2_ws/build/as2_motion_controller
