[1.896s] Invoking command in '/root/aerostack2_ws/build/as2_python_api': AMENT_PREFIX_PATH=/root/aerostack2_ws/install/as2_motion_reference_handlers:/root/aerostack2_ws/install/as2_core:/root/aerostack2_ws/install/as2_msgs:${AMENT_PREFIX_PATH} CMAKE_PREFIX_PATH=/root/aerostack2_ws/install/as2_motion_reference_handlers:/root/aerostack2_ws/install/as2_core:/root/aerostack2_ws/install/as2_msgs LD_LIBRARY_PATH=/root/aerostack2_ws/install/as2_motion_reference_handlers/lib:/root/aerostack2_ws/install/as2_core/lib:/root/aerostack2_ws/install/as2_msgs/lib:${LD_LIBRARY_PATH} PYTHONPATH=/root/aerostack2_ws/build/as2_python_api/prefix_override:/usr/lib/python3/dist-packages/colcon_core/task/python/colcon_distutils_commands:/root/aerostack2_ws/install/as2_python_api/lib/python3.10/site-packages:/root/aerostack2_ws/install/as2_motion_reference_handlers/local/lib/python3.10/dist-packages:/root/aerostack2_ws/install/as2_core/local/lib/python3.10/dist-packages:/root/aerostack2_ws/install/as2_msgs/local/lib/python3.10/dist-packages:${PYTHONPATH} /usr/bin/python3 -W ignore:setup.py install is deprecated -W ignore:easy_install command is deprecated setup.py develop --editable --build-directory /root/aerostack2_ws/build/as2_python_api/build --no-deps symlink_data
[4.726s] running develop
[4.726s] running egg_info
[4.726s] creating as2_python_api.egg-info
[4.726s] writing as2_python_api.egg-info/PKG-INFO
[4.726s] writing dependency_links to as2_python_api.egg-info/dependency_links.txt
[4.726s] writing entry points to as2_python_api.egg-info/entry_points.txt
[4.726s] writing requirements to as2_python_api.egg-info/requires.txt
[4.727s] writing top-level names to as2_python_api.egg-info/top_level.txt
[4.727s] writing manifest file 'as2_python_api.egg-info/SOURCES.txt'
[4.727s] reading manifest file 'as2_python_api.egg-info/SOURCES.txt'
[4.727s] writing manifest file 'as2_python_api.egg-info/SOURCES.txt'
[4.727s] running build_ext
[4.727s] Creating /root/aerostack2_ws/install/as2_python_api/lib/python3.10/site-packages/as2-python-api.egg-link (link to .)
[4.727s] Installing mission_executor script to /root/aerostack2_ws/install/as2_python_api/lib/as2_python_api
[4.727s] 
[4.727s] Installed /root/aerostack2_ws/build/as2_python_api
[4.727s] running symlink_data
[4.727s] creating /root/aerostack2_ws/install/as2_python_api/share/ament_index
[4.728s] creating /root/aerostack2_ws/install/as2_python_api/share/ament_index/resource_index
[4.728s] creating /root/aerostack2_ws/install/as2_python_api/share/ament_index/resource_index/packages
[4.728s] symbolically linking /root/aerostack2_ws/build/as2_python_api/resource/as2_python_api -> /root/aerostack2_ws/install/as2_python_api/share/ament_index/resource_index/packages
[4.728s] creating /root/aerostack2_ws/install/as2_python_api/share/as2_python_api/hooks
[4.728s] symbolically linking /root/aerostack2_ws/build/as2_python_api/hooks/resource_paths.sh -> /root/aerostack2_ws/install/as2_python_api/share/as2_python_api/hooks
[4.728s] symbolically linking /root/aerostack2_ws/build/as2_python_api/package.xml -> /root/aerostack2_ws/install/as2_python_api/share/as2_python_api
[4.729s] Invoked command in '/root/aerostack2_ws/build/as2_python_api' returned '0': AMENT_PREFIX_PATH=/root/aerostack2_ws/install/as2_motion_reference_handlers:/root/aerostack2_ws/install/as2_core:/root/aerostack2_ws/install/as2_msgs:${AMENT_PREFIX_PATH} CMAKE_PREFIX_PATH=/root/aerostack2_ws/install/as2_motion_reference_handlers:/root/aerostack2_ws/install/as2_core:/root/aerostack2_ws/install/as2_msgs LD_LIBRARY_PATH=/root/aerostack2_ws/install/as2_motion_reference_handlers/lib:/root/aerostack2_ws/install/as2_core/lib:/root/aerostack2_ws/install/as2_msgs/lib:${LD_LIBRARY_PATH} PYTHONPATH=/root/aerostack2_ws/build/as2_python_api/prefix_override:/usr/lib/python3/dist-packages/colcon_core/task/python/colcon_distutils_commands:/root/aerostack2_ws/install/as2_python_api/lib/python3.10/site-packages:/root/aerostack2_ws/install/as2_motion_reference_handlers/local/lib/python3.10/dist-packages:/root/aerostack2_ws/install/as2_core/local/lib/python3.10/dist-packages:/root/aerostack2_ws/install/as2_msgs/local/lib/python3.10/dist-packages:${PYTHONPATH} /usr/bin/python3 -W ignore:setup.py install is deprecated -W ignore:easy_install command is deprecated setup.py develop --editable --build-directory /root/aerostack2_ws/build/as2_python_api/build --no-deps symlink_data
