/root/aerostack2_ws/install/as2_visualization/lib/python3.10/site-packages/as2_visualization/__init__.py
/root/aerostack2_ws/install/as2_visualization/lib/python3.10/site-packages/as2_visualization/viz_params.py
/root/aerostack2_ws/install/as2_visualization/lib/python3.10/site-packages/as2_visualization/viz_parsing.py
/root/aerostack2_ws/install/as2_visualization/lib/python3.10/site-packages/as2_visualization/drone_viz.py
/root/aerostack2_ws/install/as2_visualization/lib/python3.10/site-packages/as2_visualization/geozones_marker_publisher.py
/root/aerostack2_ws/install/as2_visualization/lib/python3.10/site-packages/as2_visualization/launch_viz_nodes.py
/root/aerostack2_ws/install/as2_visualization/lib/python3.10/site-packages/as2_visualization/generate_rviz_config.py
/root/aerostack2_ws/install/as2_visualization/lib/python3.10/site-packages/as2_visualization/rviz_adapter.py
/root/aerostack2_ws/install/as2_visualization/lib/python3.10/site-packages/as2_visualization/gate_publisher.py
/root/aerostack2_ws/install/as2_visualization/lib/python3.10/site-packages/as2_visualization/marker_publisher.py
/root/aerostack2_ws/install/as2_visualization/lib/python3.10/site-packages/as2_visualization/__pycache__/__init__.cpython-310.pyc
/root/aerostack2_ws/install/as2_visualization/lib/python3.10/site-packages/as2_visualization/__pycache__/viz_params.cpython-310.pyc
/root/aerostack2_ws/install/as2_visualization/lib/python3.10/site-packages/as2_visualization/__pycache__/viz_parsing.cpython-310.pyc
/root/aerostack2_ws/install/as2_visualization/lib/python3.10/site-packages/as2_visualization/__pycache__/drone_viz.cpython-310.pyc
/root/aerostack2_ws/install/as2_visualization/lib/python3.10/site-packages/as2_visualization/__pycache__/geozones_marker_publisher.cpython-310.pyc
/root/aerostack2_ws/install/as2_visualization/lib/python3.10/site-packages/as2_visualization/__pycache__/launch_viz_nodes.cpython-310.pyc
/root/aerostack2_ws/install/as2_visualization/lib/python3.10/site-packages/as2_visualization/__pycache__/generate_rviz_config.cpython-310.pyc
/root/aerostack2_ws/install/as2_visualization/lib/python3.10/site-packages/as2_visualization/__pycache__/rviz_adapter.cpython-310.pyc
/root/aerostack2_ws/install/as2_visualization/lib/python3.10/site-packages/as2_visualization/__pycache__/gate_publisher.cpython-310.pyc
/root/aerostack2_ws/install/as2_visualization/lib/python3.10/site-packages/as2_visualization/__pycache__/marker_publisher.cpython-310.pyc
/root/aerostack2_ws/install/as2_visualization/share/ament_index/resource_index/packages/as2_visualization
/root/aerostack2_ws/install/as2_visualization/share/as2_visualization/package.xml
/root/aerostack2_ws/install/as2_visualization/share/as2_visualization/launch/swarm_viz.launch.py
/root/aerostack2_ws/install/as2_visualization/share/as2_visualization/launch/as2_visualization.launch.py
/root/aerostack2_ws/install/as2_visualization/share/as2_visualization/config/as2_default.rviz
/root/aerostack2_ws/install/as2_visualization/lib/python3.10/site-packages/as2_visualization-1.1.3-py3.10.egg-info/entry_points.txt
/root/aerostack2_ws/install/as2_visualization/lib/python3.10/site-packages/as2_visualization-1.1.3-py3.10.egg-info/SOURCES.txt
/root/aerostack2_ws/install/as2_visualization/lib/python3.10/site-packages/as2_visualization-1.1.3-py3.10.egg-info/requires.txt
/root/aerostack2_ws/install/as2_visualization/lib/python3.10/site-packages/as2_visualization-1.1.3-py3.10.egg-info/dependency_links.txt
/root/aerostack2_ws/install/as2_visualization/lib/python3.10/site-packages/as2_visualization-1.1.3-py3.10.egg-info/PKG-INFO
/root/aerostack2_ws/install/as2_visualization/lib/python3.10/site-packages/as2_visualization-1.1.3-py3.10.egg-info/top_level.txt
/root/aerostack2_ws/install/as2_visualization/lib/python3.10/site-packages/as2_visualization-1.1.3-py3.10.egg-info/zip-safe
/root/aerostack2_ws/install/as2_visualization/lib/as2_visualization/cfg_generator
/root/aerostack2_ws/install/as2_visualization/lib/as2_visualization/gate_publisher
/root/aerostack2_ws/install/as2_visualization/lib/as2_visualization/marker_publisher
/root/aerostack2_ws/install/as2_visualization/lib/as2_visualization/viz_launcher
