[0.010s] Invoking command in '/root/aerostack2_ws/build/as2_cli': CMAKE_PREFIX_PATH=/opt/ros/humble /usr/bin/cmake --build /root/aerostack2_ws/build/as2_cli -- -j8 -l8
[0.092s] Invoked command in '/root/aerostack2_ws/build/as2_cli' returned '0': CMAKE_PREFIX_PATH=/opt/ros/humble /usr/bin/cmake --build /root/aerostack2_ws/build/as2_cli -- -j8 -l8
[0.098s] Invoking command in '/root/aerostack2_ws/build/as2_cli': CMAKE_PREFIX_PATH=/opt/ros/humble /usr/bin/cmake --install /root/aerostack2_ws/build/as2_cli
[0.102s] -- Install configuration: ""
[0.103s] -- Execute custom install script
[0.103s] -- Up-to-date symlink: /root/aerostack2_ws/install/as2_cli/share/ament_index/resource_index/package_run_dependencies/as2_cli
[0.103s] -- Up-to-date symlink: /root/aerostack2_ws/install/as2_cli/share/ament_index/resource_index/parent_prefix_path/as2_cli
[0.103s] -- Up-to-date symlink: /root/aerostack2_ws/install/as2_cli/share/as2_cli/environment/ament_prefix_path.sh
[0.104s] -- Up-to-date symlink: /root/aerostack2_ws/install/as2_cli/share/as2_cli/environment/ament_prefix_path.dsv
[0.104s] -- Up-to-date symlink: /root/aerostack2_ws/install/as2_cli/share/as2_cli/environment/path.sh
[0.104s] -- Up-to-date symlink: /root/aerostack2_ws/install/as2_cli/share/as2_cli/environment/path.dsv
[0.104s] -- Up-to-date symlink: /root/aerostack2_ws/install/as2_cli/share/as2_cli/local_setup.bash
[0.105s] -- Up-to-date symlink: /root/aerostack2_ws/install/as2_cli/share/as2_cli/local_setup.sh
[0.105s] -- Up-to-date symlink: /root/aerostack2_ws/install/as2_cli/share/as2_cli/local_setup.zsh
[0.105s] -- Up-to-date symlink: /root/aerostack2_ws/install/as2_cli/share/as2_cli/local_setup.dsv
[0.105s] -- Symlinking: /root/aerostack2_ws/install/as2_cli/share/as2_cli/package.dsv
[0.111s] -- Up-to-date symlink: /root/aerostack2_ws/install/as2_cli/share/ament_index/resource_index/packages/as2_cli
[0.111s] -- Up-to-date symlink: /root/aerostack2_ws/install/as2_cli/share/as2_cli/cmake/as2_cliConfig.cmake
[0.111s] -- Up-to-date symlink: /root/aerostack2_ws/install/as2_cli/share/as2_cli/cmake/as2_cliConfig-version.cmake
[0.111s] -- Up-to-date symlink: /root/aerostack2_ws/install/as2_cli/share/as2_cli/package.xml
[0.113s] Invoked command in '/root/aerostack2_ws/build/as2_cli' returned '0': CMAKE_PREFIX_PATH=/opt/ros/humble /usr/bin/cmake --install /root/aerostack2_ws/build/as2_cli
